Building DAG of jobs...
Using shell: /usr/bin/bash
Provided cores: 36
Rules claiming more threads will be scaled down.
Job stats:
job               count    min threads    max threads
--------------  -------  -------------  -------------
all                   1              1              1
mergeTrackData        1              1              1
total                 2              1              1

Select jobs to execute...

[Fri May 12 08:18:11 2023]
rule mergeTrackData:
    input: /scratch/indikar_root/indikar1/cstansbu/pf-test/tracks/test.tracks.raw.csv, /scratch/indikar_root/indikar1/cstansbu/pf-test/segmentation/test.celldata.csv, /scratch/indikar_root/indikar1/cstansbu/pf-test/segmentation/test.intensities.csv, /scratch/indikar_root/indikar1/cstansbu/pf-test/segmentation/test.intensity_scores.csv
    output: /scratch/indikar_root/indikar1/cstansbu/pf-test/tracks/test.tracks.full.csv
    jobid: 262
    reason: Missing output files: /scratch/indikar_root/indikar1/cstansbu/pf-test/tracks/test.tracks.full.csv
    wildcards: iid=test
    resources: tmpdir=/tmp

Waiting at most 5 seconds for missing files.
MissingOutputException in rule mergeTrackData in file /home/cstansbu/git_repositories/pip-fucci/Snakefile, line 52:
Job 262  completed successfully, but some output files are missing. Missing files after 5 seconds. This might be due to filesystem latency. If that is the case, consider to increase the wait time with --latency-wait:
/scratch/indikar_root/indikar1/cstansbu/pf-test/tracks/test.tracks.full.csv
Shutting down, this might take some time.
Exiting because a job execution failed. Look above for error message
Complete log: .snakemake/log/2023-05-12T081810.199071.snakemake.log
