Building DAG of jobs...
Using shell: /usr/bin/bash
Provided cores: 36
Rules claiming more threads will be scaled down.
Job stats:
job           count    min threads    max threads
----------  -------  -------------  -------------
all               1              1              1
getImages         1              1              1
preprocess      252              1              1
segment         252              1              1
total           506              1              1

Select jobs to execute...

[Tue May  9 15:41:49 2023]
rule getImages:
    input: /nfs/turbo/umms-indikar/shared/projects/wound_healing/data/sync-unsync/20230502-BJPF-sync-A3-20m.ome.tiff, /home/cstansbu/git_repositories/pip-fucci/config/config.yaml
    output: /scratch/indikar_root/indikar1/cstansbu/pf-test/images/test_1.raw.tiff, /scratch/indikar_root/indikar1/cstansbu/pf-test/images/test_2.raw.tiff, /scratch/indikar_root/indikar1/cstansbu/pf-test/images/test_3.raw.tiff, /scratch/indikar_root/indikar1/cstansbu/pf-test/images/test_4.raw.tiff, /scratch/indikar_root/indikar1/cstansbu/pf-test/images/test_5.raw.tiff, /scratch/indikar_root/indikar1/cstansbu/pf-test/images/test_6.raw.tiff, /scratch/indikar_root/indikar1/cstansbu/pf-test/images/test_7.raw.tiff, /scratch/indikar_root/indikar1/cstansbu/pf-test/images/test_8.raw.tiff, /scratch/indikar_root/indikar1/cstansbu/pf-test/images/test_9.raw.tiff, /scratch/indikar_root/indikar1/cstansbu/pf-test/images/test_10.raw.tiff, /scratch/indikar_root/indikar1/cstansbu/pf-test/images/test_11.raw.tiff, /scratch/indikar_root/indikar1/cstansbu/pf-test/images/test_12.raw.tiff, /scratch/indikar_root/indikar1/cstansbu/pf-test/images/test_13.raw.tiff, /scratch/indikar_root/indikar1/cstansbu/pf-test/images/test_14.raw.tiff, /scratch/indikar_root/indikar1/cstansbu/pf-test/images/test_15.raw.tiff, /scratch/indikar_root/indikar1/cstansbu/pf-test/images/test_16.raw.tiff, /scratch/indikar_root/indikar1/cstansbu/pf-test/images/test_17.raw.tiff, /scratch/indikar_root/indikar1/cstansbu/pf-test/images/test_18.raw.tiff, /scratch/indikar_root/indikar1/cstansbu/pf-test/images/test_19.raw.tiff, /scratch/indikar_root/indikar1/cstansbu/pf-test/images/test_20.raw.tiff, /scratch/indikar_root/indikar1/cstansbu/pf-test/images/test_21.raw.tiff, /scratch/indikar_root/indikar1/cstansbu/pf-test/images/test_22.raw.tiff, /scratch/indikar_root/indikar1/cstansbu/pf-test/images/test_23.raw.tiff, /scratch/indikar_root/indikar1/cstansbu/pf-test/images/test_24.raw.tiff, /scratch/indikar_root/indikar1/cstansbu/pf-test/images/test_25.raw.tiff, /scratch/indikar_root/indikar1/cstansbu/pf-test/images/test_26.raw.tiff, /scratch/indikar_root/indikar1/cstansbu/pf-test/images/test_27.raw.tiff, /scratch/indikar_root/indikar1/cstansbu/pf-test/images/test_28.raw.tiff, /scratch/indikar_root/indikar1/cstansbu/pf-test/images/test_29.raw.tiff, /scratch/indikar_root/indikar1/cstansbu/pf-test/images/test_30.raw.tiff, /scratch/indikar_root/indikar1/cstansbu/pf-test/images/test_31.raw.tiff, /scratch/indikar_root/indikar1/cstansbu/pf-test/images/test_32.raw.tiff, /scratch/indikar_root/indikar1/cstansbu/pf-test/images/test_33.raw.tiff, /scratch/indikar_root/indikar1/cstansbu/pf-test/images/test_34.raw.tiff, /scratch/indikar_root/indikar1/cstansbu/pf-test/images/test_35.raw.tiff, /scratch/indikar_root/indikar1/cstansbu/pf-test/images/test_36.raw.tiff, /scratch/indikar_root/indikar1/cstansbu/pf-test/images/test_37.raw.tiff, /scratch/indikar_root/indikar1/cstansbu/pf-test/images/test_38.raw.tiff, /scratch/indikar_root/indikar1/cstansbu/pf-test/images/test_39.raw.tiff, /scratch/indikar_root/indikar1/cstansbu/pf-test/images/test_40.raw.tiff, /scratch/indikar_root/indikar1/cstansbu/pf-test/images/test_41.raw.tiff, /scratch/indikar_root/indikar1/cstansbu/pf-test/images/test_42.raw.tiff, /scratch/indikar_root/indikar1/cstansbu/pf-test/images/test_43.raw.tiff, /scratch/indikar_root/indikar1/cstansbu/pf-test/images/test_44.raw.tiff, /scratch/indikar_root/indikar1/cstansbu/pf-test/images/test_45.raw.tiff, /scratch/indikar_root/indikar1/cstansbu/pf-test/images/test_46.raw.tiff, /scratch/indikar_root/indikar1/cstansbu/pf-test/images/test_47.raw.tiff, /scratch/indikar_root/indikar1/cstansbu/pf-test/images/test_48.raw.tiff, /scratch/indikar_root/indikar1/cstansbu/pf-test/images/test_49.raw.tiff, /scratch/indikar_root/indikar1/cstansbu/pf-test/images/test_50.raw.tiff, /scratch/indikar_root/indikar1/cstansbu/pf-test/images/test_51.raw.tiff, /scratch/indikar_root/indikar1/cstansbu/pf-test/images/test_52.raw.tiff, /scratch/indikar_root/indikar1/cstansbu/pf-test/images/test_53.raw.tiff, /scratch/indikar_root/indikar1/cstansbu/pf-test/images/test_54.raw.tiff, /scratch/indikar_root/indikar1/cstansbu/pf-test/images/test_55.raw.tiff, /scratch/indikar_root/indikar1/cstansbu/pf-test/images/test_56.raw.tiff, /scratch/indikar_root/indikar1/cstansbu/pf-test/images/test_57.raw.tiff, /scratch/indikar_root/indikar1/cstansbu/pf-test/images/test_58.raw.tiff, /scratch/indikar_root/indikar1/cstansbu/pf-test/images/test_59.raw.tiff, /scratch/indikar_root/indikar1/cstansbu/pf-test/images/test_60.raw.tiff, /scratch/indikar_root/indikar1/cstansbu/pf-test/images/test_61.raw.tiff, /scratch/indikar_root/indikar1/cstansbu/pf-test/images/test_62.raw.tiff, /scratch/indikar_root/indikar1/cstansbu/pf-test/images/test_63.raw.tiff, /scratch/indikar_root/indikar1/cstansbu/pf-test/images/test_64.raw.tiff, /scratch/indikar_root/indikar1/cstansbu/pf-test/images/test_65.raw.tiff, /scratch/indikar_root/indikar1/cstansbu/pf-test/images/test_66.raw.tiff, /scratch/indikar_root/indikar1/cstansbu/pf-test/images/test_67.raw.tiff, /scratch/indikar_root/indikar1/cstansbu/pf-test/images/test_68.raw.tiff, /scratch/indikar_root/indikar1/cstansbu/pf-test/images/test_69.raw.tiff, /scratch/indikar_root/indikar1/cstansbu/pf-test/images/test_70.raw.tiff, /scratch/indikar_root/indikar1/cstansbu/pf-test/images/test_71.raw.tiff, /scratch/indikar_root/indikar1/cstansbu/pf-test/images/test_72.raw.tiff, /scratch/indikar_root/indikar1/cstansbu/pf-test/images/test_73.raw.tiff, /scratch/indikar_root/indikar1/cstansbu/pf-test/images/test_74.raw.tiff, /scratch/indikar_root/indikar1/cstansbu/pf-test/images/test_75.raw.tiff, /scratch/indikar_root/indikar1/cstansbu/pf-test/images/test_76.raw.tiff, /scratch/indikar_root/indikar1/cstansbu/pf-test/images/test_77.raw.tiff, /scratch/indikar_root/indikar1/cstansbu/pf-test/images/test_78.raw.tiff, /scratch/indikar_root/indikar1/cstansbu/pf-test/images/test_79.raw.tiff, /scratch/indikar_root/indikar1/cstansbu/pf-test/images/test_80.raw.tiff, /scratch/indikar_root/indikar1/cstansbu/pf-test/images/test_81.raw.tiff, /scratch/indikar_root/indikar1/cstansbu/pf-test/images/test_82.raw.tiff, /scratch/indikar_root/indikar1/cstansbu/pf-test/images/test_83.raw.tiff, /scratch/indikar_root/indikar1/cstansbu/pf-test/images/test_84.raw.tiff, /scratch/indikar_root/indikar1/cstansbu/pf-test/images/test_85.raw.tiff, /scratch/indikar_root/indikar1/cstansbu/pf-test/images/test_86.raw.tiff, /scratch/indikar_root/indikar1/cstansbu/pf-test/images/test_87.raw.tiff, /scratch/indikar_root/indikar1/cstansbu/pf-test/images/test_88.raw.tiff, /scratch/indikar_root/indikar1/cstansbu/pf-test/images/test_89.raw.tiff, /scratch/indikar_root/indikar1/cstansbu/pf-test/images/test_90.raw.tiff, /scratch/indikar_root/indikar1/cstansbu/pf-test/images/test_91.raw.tiff, /scratch/indikar_root/indikar1/cstansbu/pf-test/images/test_92.raw.tiff, /scratch/indikar_root/indikar1/cstansbu/pf-test/images/test_93.raw.tiff, /scratch/indikar_root/indikar1/cstansbu/pf-test/images/test_94.raw.tiff, /scratch/indikar_root/indikar1/cstansbu/pf-test/images/test_95.raw.tiff, /scratch/indikar_root/indikar1/cstansbu/pf-test/images/test_96.raw.tiff, /scratch/indikar_root/indikar1/cstansbu/pf-test/images/test_97.raw.tiff, /scratch/indikar_root/indikar1/cstansbu/pf-test/images/test_98.raw.tiff, /scratch/indikar_root/indikar1/cstansbu/pf-test/images/test_99.raw.tiff, /scratch/indikar_root/indikar1/cstansbu/pf-test/images/test_100.raw.tiff, /scratch/indikar_root/indikar1/cstansbu/pf-test/images/test_101.raw.tiff, /scratch/indikar_root/indikar1/cstansbu/pf-test/images/test_102.raw.tiff, /scratch/indikar_root/indikar1/cstansbu/pf-test/images/test_103.raw.tiff, /scratch/indikar_root/indikar1/cstansbu/pf-test/images/test_104.raw.tiff, /scratch/indikar_root/indikar1/cstansbu/pf-test/images/test_105.raw.tiff, /scratch/indikar_root/indikar1/cstansbu/pf-test/images/test_106.raw.tiff, /scratch/indikar_root/indikar1/cstansbu/pf-test/images/test_107.raw.tiff, /scratch/indikar_root/indikar1/cstansbu/pf-test/images/test_108.raw.tiff, /scratch/indikar_root/indikar1/cstansbu/pf-test/images/test_109.raw.tiff, /scratch/indikar_root/indikar1/cstansbu/pf-test/images/test_110.raw.tiff, /scratch/indikar_root/indikar1/cstansbu/pf-test/images/test_111.raw.tiff, /scratch/indikar_root/indikar1/cstansbu/pf-test/images/test_112.raw.tiff, /scratch/indikar_root/indikar1/cstansbu/pf-test/images/test_113.raw.tiff, /scratch/indikar_root/indikar1/cstansbu/pf-test/images/test_114.raw.tiff, /scratch/indikar_root/indikar1/cstansbu/pf-test/images/test_115.raw.tiff, /scratch/indikar_root/indikar1/cstansbu/pf-test/images/test_116.raw.tiff, /scratch/indikar_root/indikar1/cstansbu/pf-test/images/test_117.raw.tiff, /scratch/indikar_root/indikar1/cstansbu/pf-test/images/test_118.raw.tiff, /scratch/indikar_root/indikar1/cstansbu/pf-test/images/test_119.raw.tiff, /scratch/indikar_root/indikar1/cstansbu/pf-test/images/test_120.raw.tiff, /scratch/indikar_root/indikar1/cstansbu/pf-test/images/test_121.raw.tiff, /scratch/indikar_root/indikar1/cstansbu/pf-test/images/test_122.raw.tiff, /scratch/indikar_root/indikar1/cstansbu/pf-test/images/test_123.raw.tiff, /scratch/indikar_root/indikar1/cstansbu/pf-test/images/test_124.raw.tiff, /scratch/indikar_root/indikar1/cstansbu/pf-test/images/test_125.raw.tiff, /scratch/indikar_root/indikar1/cstansbu/pf-test/images/test_126.raw.tiff, /scratch/indikar_root/indikar1/cstansbu/pf-test/images/test_127.raw.tiff, /scratch/indikar_root/indikar1/cstansbu/pf-test/images/test_128.raw.tiff, /scratch/indikar_root/indikar1/cstansbu/pf-test/images/test_129.raw.tiff, /scratch/indikar_root/indikar1/cstansbu/pf-test/images/test_130.raw.tiff, /scratch/indikar_root/indikar1/cstansbu/pf-test/images/test_131.raw.tiff, /scratch/indikar_root/indikar1/cstansbu/pf-test/images/test_132.raw.tiff, /scratch/indikar_root/indikar1/cstansbu/pf-test/images/test_133.raw.tiff, /scratch/indikar_root/indikar1/cstansbu/pf-test/images/test_134.raw.tiff, /scratch/indikar_root/indikar1/cstansbu/pf-test/images/test_135.raw.tiff, /scratch/indikar_root/indikar1/cstansbu/pf-test/images/test_136.raw.tiff, /scratch/indikar_root/indikar1/cstansbu/pf-test/images/test_137.raw.tiff, /scratch/indikar_root/indikar1/cstansbu/pf-test/images/test_138.raw.tiff, /scratch/indikar_root/indikar1/cstansbu/pf-test/images/test_139.raw.tiff, /scratch/indikar_root/indikar1/cstansbu/pf-test/images/test_140.raw.tiff, /scratch/indikar_root/indikar1/cstansbu/pf-test/images/test_141.raw.tiff, /scratch/indikar_root/indikar1/cstansbu/pf-test/images/test_142.raw.tiff, /scratch/indikar_root/indikar1/cstansbu/pf-test/images/test_143.raw.tiff, /scratch/indikar_root/indikar1/cstansbu/pf-test/images/test_144.raw.tiff, /scratch/indikar_root/indikar1/cstansbu/pf-test/images/test_145.raw.tiff, /scratch/indikar_root/indikar1/cstansbu/pf-test/images/test_146.raw.tiff, /scratch/indikar_root/indikar1/cstansbu/pf-test/images/test_147.raw.tiff, /scratch/indikar_root/indikar1/cstansbu/pf-test/images/test_148.raw.tiff, /scratch/indikar_root/indikar1/cstansbu/pf-test/images/test_149.raw.tiff, /scratch/indikar_root/indikar1/cstansbu/pf-test/images/test_150.raw.tiff, /scratch/indikar_root/indikar1/cstansbu/pf-test/images/test_151.raw.tiff, /scratch/indikar_root/indikar1/cstansbu/pf-test/images/test_152.raw.tiff, /scratch/indikar_root/indikar1/cstansbu/pf-test/images/test_153.raw.tiff, /scratch/indikar_root/indikar1/cstansbu/pf-test/images/test_154.raw.tiff, /scratch/indikar_root/indikar1/cstansbu/pf-test/images/test_155.raw.tiff, /scratch/indikar_root/indikar1/cstansbu/pf-test/images/test_156.raw.tiff, /scratch/indikar_root/indikar1/cstansbu/pf-test/images/test_157.raw.tiff, /scratch/indikar_root/indikar1/cstansbu/pf-test/images/test_158.raw.tiff, /scratch/indikar_root/indikar1/cstansbu/pf-test/images/test_159.raw.tiff, /scratch/indikar_root/indikar1/cstansbu/pf-test/images/test_160.raw.tiff, /scratch/indikar_root/indikar1/cstansbu/pf-test/images/test_161.raw.tiff, /scratch/indikar_root/indikar1/cstansbu/pf-test/images/test_162.raw.tiff, /scratch/indikar_root/indikar1/cstansbu/pf-test/images/test_163.raw.tiff, /scratch/indikar_root/indikar1/cstansbu/pf-test/images/test_164.raw.tiff, /scratch/indikar_root/indikar1/cstansbu/pf-test/images/test_165.raw.tiff, /scratch/indikar_root/indikar1/cstansbu/pf-test/images/test_166.raw.tiff, /scratch/indikar_root/indikar1/cstansbu/pf-test/images/test_167.raw.tiff, /scratch/indikar_root/indikar1/cstansbu/pf-test/images/test_168.raw.tiff, /scratch/indikar_root/indikar1/cstansbu/pf-test/images/test_169.raw.tiff, /scratch/indikar_root/indikar1/cstansbu/pf-test/images/test_170.raw.tiff, /scratch/indikar_root/indikar1/cstansbu/pf-test/images/test_171.raw.tiff, /scratch/indikar_root/indikar1/cstansbu/pf-test/images/test_172.raw.tiff, /scratch/indikar_root/indikar1/cstansbu/pf-test/images/test_173.raw.tiff, /scratch/indikar_root/indikar1/cstansbu/pf-test/images/test_174.raw.tiff, /scratch/indikar_root/indikar1/cstansbu/pf-test/images/test_175.raw.tiff, /scratch/indikar_root/indikar1/cstansbu/pf-test/images/test_176.raw.tiff, /scratch/indikar_root/indikar1/cstansbu/pf-test/images/test_177.raw.tiff, /scratch/indikar_root/indikar1/cstansbu/pf-test/images/test_178.raw.tiff, /scratch/indikar_root/indikar1/cstansbu/pf-test/images/test_179.raw.tiff, /scratch/indikar_root/indikar1/cstansbu/pf-test/images/test_180.raw.tiff, /scratch/indikar_root/indikar1/cstansbu/pf-test/images/test_181.raw.tiff, /scratch/indikar_root/indikar1/cstansbu/pf-test/images/test_182.raw.tiff, /scratch/indikar_root/indikar1/cstansbu/pf-test/images/test_183.raw.tiff, /scratch/indikar_root/indikar1/cstansbu/pf-test/images/test_184.raw.tiff, /scratch/indikar_root/indikar1/cstansbu/pf-test/images/test_185.raw.tiff, /scratch/indikar_root/indikar1/cstansbu/pf-test/images/test_186.raw.tiff, /scratch/indikar_root/indikar1/cstansbu/pf-test/images/test_187.raw.tiff, /scratch/indikar_root/indikar1/cstansbu/pf-test/images/test_188.raw.tiff, /scratch/indikar_root/indikar1/cstansbu/pf-test/images/test_189.raw.tiff, /scratch/indikar_root/indikar1/cstansbu/pf-test/images/test_190.raw.tiff, /scratch/indikar_root/indikar1/cstansbu/pf-test/images/test_191.raw.tiff, /scratch/indikar_root/indikar1/cstansbu/pf-test/images/test_192.raw.tiff, /scratch/indikar_root/indikar1/cstansbu/pf-test/images/test_193.raw.tiff, /scratch/indikar_root/indikar1/cstansbu/pf-test/images/test_194.raw.tiff, /scratch/indikar_root/indikar1/cstansbu/pf-test/images/test_195.raw.tiff, /scratch/indikar_root/indikar1/cstansbu/pf-test/images/test_196.raw.tiff, /scratch/indikar_root/indikar1/cstansbu/pf-test/images/test_197.raw.tiff, /scratch/indikar_root/indikar1/cstansbu/pf-test/images/test_198.raw.tiff, /scratch/indikar_root/indikar1/cstansbu/pf-test/images/test_199.raw.tiff, /scratch/indikar_root/indikar1/cstansbu/pf-test/images/test_200.raw.tiff, /scratch/indikar_root/indikar1/cstansbu/pf-test/images/test_201.raw.tiff, /scratch/indikar_root/indikar1/cstansbu/pf-test/images/test_202.raw.tiff, /scratch/indikar_root/indikar1/cstansbu/pf-test/images/test_203.raw.tiff, /scratch/indikar_root/indikar1/cstansbu/pf-test/images/test_204.raw.tiff, /scratch/indikar_root/indikar1/cstansbu/pf-test/images/test_205.raw.tiff, /scratch/indikar_root/indikar1/cstansbu/pf-test/images/test_206.raw.tiff, /scratch/indikar_root/indikar1/cstansbu/pf-test/images/test_207.raw.tiff, /scratch/indikar_root/indikar1/cstansbu/pf-test/images/test_208.raw.tiff, /scratch/indikar_root/indikar1/cstansbu/pf-test/images/test_209.raw.tiff, /scratch/indikar_root/indikar1/cstansbu/pf-test/images/test_210.raw.tiff, /scratch/indikar_root/indikar1/cstansbu/pf-test/images/test_211.raw.tiff, /scratch/indikar_root/indikar1/cstansbu/pf-test/images/test_212.raw.tiff, /scratch/indikar_root/indikar1/cstansbu/pf-test/images/test_213.raw.tiff, /scratch/indikar_root/indikar1/cstansbu/pf-test/images/test_214.raw.tiff, /scratch/indikar_root/indikar1/cstansbu/pf-test/images/test_215.raw.tiff, /scratch/indikar_root/indikar1/cstansbu/pf-test/images/test_216.raw.tiff, /scratch/indikar_root/indikar1/cstansbu/pf-test/images/test_217.raw.tiff, /scratch/indikar_root/indikar1/cstansbu/pf-test/images/test_218.raw.tiff, /scratch/indikar_root/indikar1/cstansbu/pf-test/images/test_219.raw.tiff, /scratch/indikar_root/indikar1/cstansbu/pf-test/images/test_220.raw.tiff, /scratch/indikar_root/indikar1/cstansbu/pf-test/images/test_221.raw.tiff, /scratch/indikar_root/indikar1/cstansbu/pf-test/images/test_222.raw.tiff, /scratch/indikar_root/indikar1/cstansbu/pf-test/images/test_223.raw.tiff, /scratch/indikar_root/indikar1/cstansbu/pf-test/images/test_224.raw.tiff, /scratch/indikar_root/indikar1/cstansbu/pf-test/images/test_225.raw.tiff, /scratch/indikar_root/indikar1/cstansbu/pf-test/images/test_226.raw.tiff, /scratch/indikar_root/indikar1/cstansbu/pf-test/images/test_227.raw.tiff, /scratch/indikar_root/indikar1/cstansbu/pf-test/images/test_228.raw.tiff, /scratch/indikar_root/indikar1/cstansbu/pf-test/images/test_229.raw.tiff, /scratch/indikar_root/indikar1/cstansbu/pf-test/images/test_230.raw.tiff, /scratch/indikar_root/indikar1/cstansbu/pf-test/images/test_231.raw.tiff, /scratch/indikar_root/indikar1/cstansbu/pf-test/images/test_232.raw.tiff, /scratch/indikar_root/indikar1/cstansbu/pf-test/images/test_233.raw.tiff, /scratch/indikar_root/indikar1/cstansbu/pf-test/images/test_234.raw.tiff, /scratch/indikar_root/indikar1/cstansbu/pf-test/images/test_235.raw.tiff, /scratch/indikar_root/indikar1/cstansbu/pf-test/images/test_236.raw.tiff, /scratch/indikar_root/indikar1/cstansbu/pf-test/images/test_237.raw.tiff, /scratch/indikar_root/indikar1/cstansbu/pf-test/images/test_238.raw.tiff, /scratch/indikar_root/indikar1/cstansbu/pf-test/images/test_239.raw.tiff, /scratch/indikar_root/indikar1/cstansbu/pf-test/images/test_240.raw.tiff, /scratch/indikar_root/indikar1/cstansbu/pf-test/images/test_241.raw.tiff, /scratch/indikar_root/indikar1/cstansbu/pf-test/images/test_242.raw.tiff, /scratch/indikar_root/indikar1/cstansbu/pf-test/images/test_243.raw.tiff, /scratch/indikar_root/indikar1/cstansbu/pf-test/images/test_244.raw.tiff, /scratch/indikar_root/indikar1/cstansbu/pf-test/images/test_245.raw.tiff, /scratch/indikar_root/indikar1/cstansbu/pf-test/images/test_246.raw.tiff, /scratch/indikar_root/indikar1/cstansbu/pf-test/images/test_247.raw.tiff, /scratch/indikar_root/indikar1/cstansbu/pf-test/images/test_248.raw.tiff, /scratch/indikar_root/indikar1/cstansbu/pf-test/images/test_249.raw.tiff, /scratch/indikar_root/indikar1/cstansbu/pf-test/images/test_250.raw.tiff, /scratch/indikar_root/indikar1/cstansbu/pf-test/images/test_251.raw.tiff, /scratch/indikar_root/indikar1/cstansbu/pf-test/images/test_252.raw.tiff
    jobid: 2
    reason: Updated input files: /home/cstansbu/git_repositories/pip-fucci/config/config.yaml
    resources: tmpdir=/tmp

[Tue May  9 15:44:37 2023]
Finished job 2.
1 of 506 steps (0.2%) done
Select jobs to execute...

[Tue May  9 15:44:37 2023]
rule preprocess:
    input: /scratch/indikar_root/indikar1/cstansbu/pf-test/images/test_225.raw.tiff, /home/cstansbu/git_repositories/pip-fucci/config/config.yaml
    output: /scratch/indikar_root/indikar1/cstansbu/pf-test/images/test_225.processed.tiff
    jobid: 227
    reason: Input files updated by another job: /scratch/indikar_root/indikar1/cstansbu/pf-test/images/test_225.raw.tiff
    wildcards: iid=test, tid=225
    resources: tmpdir=/tmp


[Tue May  9 15:44:37 2023]
rule preprocess:
    input: /scratch/indikar_root/indikar1/cstansbu/pf-test/images/test_169.raw.tiff, /home/cstansbu/git_repositories/pip-fucci/config/config.yaml
    output: /scratch/indikar_root/indikar1/cstansbu/pf-test/images/test_169.processed.tiff
    jobid: 171
    reason: Input files updated by another job: /scratch/indikar_root/indikar1/cstansbu/pf-test/images/test_169.raw.tiff
    wildcards: iid=test, tid=169
    resources: tmpdir=/tmp


[Tue May  9 15:44:37 2023]
rule preprocess:
    input: /scratch/indikar_root/indikar1/cstansbu/pf-test/images/test_192.raw.tiff, /home/cstansbu/git_repositories/pip-fucci/config/config.yaml
    output: /scratch/indikar_root/indikar1/cstansbu/pf-test/images/test_192.processed.tiff
    jobid: 194
    reason: Input files updated by another job: /scratch/indikar_root/indikar1/cstansbu/pf-test/images/test_192.raw.tiff
    wildcards: iid=test, tid=192
    resources: tmpdir=/tmp


[Tue May  9 15:44:37 2023]
rule preprocess:
    input: /scratch/indikar_root/indikar1/cstansbu/pf-test/images/test_248.raw.tiff, /home/cstansbu/git_repositories/pip-fucci/config/config.yaml
    output: /scratch/indikar_root/indikar1/cstansbu/pf-test/images/test_248.processed.tiff
    jobid: 250
    reason: Input files updated by another job: /scratch/indikar_root/indikar1/cstansbu/pf-test/images/test_248.raw.tiff
    wildcards: iid=test, tid=248
    resources: tmpdir=/tmp


[Tue May  9 15:44:37 2023]
rule preprocess:
    input: /scratch/indikar_root/indikar1/cstansbu/pf-test/images/test_53.raw.tiff, /home/cstansbu/git_repositories/pip-fucci/config/config.yaml
    output: /scratch/indikar_root/indikar1/cstansbu/pf-test/images/test_53.processed.tiff
    jobid: 55
    reason: Input files updated by another job: /scratch/indikar_root/indikar1/cstansbu/pf-test/images/test_53.raw.tiff
    wildcards: iid=test, tid=53
    resources: tmpdir=/tmp


[Tue May  9 15:44:37 2023]
rule preprocess:
    input: /scratch/indikar_root/indikar1/cstansbu/pf-test/images/test_200.raw.tiff, /home/cstansbu/git_repositories/pip-fucci/config/config.yaml
    output: /scratch/indikar_root/indikar1/cstansbu/pf-test/images/test_200.processed.tiff
    jobid: 202
    reason: Input files updated by another job: /scratch/indikar_root/indikar1/cstansbu/pf-test/images/test_200.raw.tiff
    wildcards: iid=test, tid=200
    resources: tmpdir=/tmp


[Tue May  9 15:44:37 2023]
rule preprocess:
    input: /scratch/indikar_root/indikar1/cstansbu/pf-test/images/test_144.raw.tiff, /home/cstansbu/git_repositories/pip-fucci/config/config.yaml
    output: /scratch/indikar_root/indikar1/cstansbu/pf-test/images/test_144.processed.tiff
    jobid: 146
    reason: Input files updated by another job: /scratch/indikar_root/indikar1/cstansbu/pf-test/images/test_144.raw.tiff
    wildcards: iid=test, tid=144
    resources: tmpdir=/tmp


[Tue May  9 15:44:37 2023]
rule preprocess:
    input: /scratch/indikar_root/indikar1/cstansbu/pf-test/images/test_60.raw.tiff, /home/cstansbu/git_repositories/pip-fucci/config/config.yaml
    output: /scratch/indikar_root/indikar1/cstansbu/pf-test/images/test_60.processed.tiff
    jobid: 62
    reason: Input files updated by another job: /scratch/indikar_root/indikar1/cstansbu/pf-test/images/test_60.raw.tiff
    wildcards: iid=test, tid=60
    resources: tmpdir=/tmp


[Tue May  9 15:44:37 2023]
rule preprocess:
    input: /scratch/indikar_root/indikar1/cstansbu/pf-test/images/test_116.raw.tiff, /home/cstansbu/git_repositories/pip-fucci/config/config.yaml
    output: /scratch/indikar_root/indikar1/cstansbu/pf-test/images/test_116.processed.tiff
    jobid: 118
    reason: Input files updated by another job: /scratch/indikar_root/indikar1/cstansbu/pf-test/images/test_116.raw.tiff
    wildcards: iid=test, tid=116
    resources: tmpdir=/tmp


[Tue May  9 15:44:37 2023]
rule preprocess:
    input: /scratch/indikar_root/indikar1/cstansbu/pf-test/images/test_172.raw.tiff, /home/cstansbu/git_repositories/pip-fucci/config/config.yaml
    output: /scratch/indikar_root/indikar1/cstansbu/pf-test/images/test_172.processed.tiff
    jobid: 174
    reason: Input files updated by another job: /scratch/indikar_root/indikar1/cstansbu/pf-test/images/test_172.raw.tiff
    wildcards: iid=test, tid=172
    resources: tmpdir=/tmp


[Tue May  9 15:44:37 2023]
rule preprocess:
    input: /scratch/indikar_root/indikar1/cstansbu/pf-test/images/test_228.raw.tiff, /home/cstansbu/git_repositories/pip-fucci/config/config.yaml
    output: /scratch/indikar_root/indikar1/cstansbu/pf-test/images/test_228.processed.tiff
    jobid: 230
    reason: Input files updated by another job: /scratch/indikar_root/indikar1/cstansbu/pf-test/images/test_228.raw.tiff
    wildcards: iid=test, tid=228
    resources: tmpdir=/tmp


[Tue May  9 15:44:37 2023]
rule preprocess:
    input: /scratch/indikar_root/indikar1/cstansbu/pf-test/images/test_10.raw.tiff, /home/cstansbu/git_repositories/pip-fucci/config/config.yaml
    output: /scratch/indikar_root/indikar1/cstansbu/pf-test/images/test_10.processed.tiff
    jobid: 12
    reason: Input files updated by another job: /scratch/indikar_root/indikar1/cstansbu/pf-test/images/test_10.raw.tiff
    wildcards: iid=test, tid=10
    resources: tmpdir=/tmp


[Tue May  9 15:44:37 2023]
rule preprocess:
    input: /scratch/indikar_root/indikar1/cstansbu/pf-test/images/test_222.raw.tiff, /home/cstansbu/git_repositories/pip-fucci/config/config.yaml
    output: /scratch/indikar_root/indikar1/cstansbu/pf-test/images/test_222.processed.tiff
    jobid: 224
    reason: Input files updated by another job: /scratch/indikar_root/indikar1/cstansbu/pf-test/images/test_222.raw.tiff
    wildcards: iid=test, tid=222
    resources: tmpdir=/tmp


[Tue May  9 15:44:37 2023]
rule preprocess:
    input: /scratch/indikar_root/indikar1/cstansbu/pf-test/images/test_33.raw.tiff, /home/cstansbu/git_repositories/pip-fucci/config/config.yaml
    output: /scratch/indikar_root/indikar1/cstansbu/pf-test/images/test_33.processed.tiff
    jobid: 35
    reason: Input files updated by another job: /scratch/indikar_root/indikar1/cstansbu/pf-test/images/test_33.raw.tiff
    wildcards: iid=test, tid=33
    resources: tmpdir=/tmp


[Tue May  9 15:44:37 2023]
rule preprocess:
    input: /scratch/indikar_root/indikar1/cstansbu/pf-test/images/test_89.raw.tiff, /home/cstansbu/git_repositories/pip-fucci/config/config.yaml
    output: /scratch/indikar_root/indikar1/cstansbu/pf-test/images/test_89.processed.tiff
    jobid: 91
    reason: Input files updated by another job: /scratch/indikar_root/indikar1/cstansbu/pf-test/images/test_89.raw.tiff
    wildcards: iid=test, tid=89
    resources: tmpdir=/tmp


[Tue May  9 15:44:37 2023]
rule preprocess:
    input: /scratch/indikar_root/indikar1/cstansbu/pf-test/images/test_145.raw.tiff, /home/cstansbu/git_repositories/pip-fucci/config/config.yaml
    output: /scratch/indikar_root/indikar1/cstansbu/pf-test/images/test_145.processed.tiff
    jobid: 147
    reason: Input files updated by another job: /scratch/indikar_root/indikar1/cstansbu/pf-test/images/test_145.raw.tiff
    wildcards: iid=test, tid=145
    resources: tmpdir=/tmp


[Tue May  9 15:44:37 2023]
rule preprocess:
    input: /scratch/indikar_root/indikar1/cstansbu/pf-test/images/test_201.raw.tiff, /home/cstansbu/git_repositories/pip-fucci/config/config.yaml
    output: /scratch/indikar_root/indikar1/cstansbu/pf-test/images/test_201.processed.tiff
    jobid: 203
    reason: Input files updated by another job: /scratch/indikar_root/indikar1/cstansbu/pf-test/images/test_201.raw.tiff
    wildcards: iid=test, tid=201
    resources: tmpdir=/tmp


[Tue May  9 15:44:37 2023]
rule preprocess:
    input: /scratch/indikar_root/indikar1/cstansbu/pf-test/images/test_12.raw.tiff, /home/cstansbu/git_repositories/pip-fucci/config/config.yaml
    output: /scratch/indikar_root/indikar1/cstansbu/pf-test/images/test_12.processed.tiff
    jobid: 14
    reason: Input files updated by another job: /scratch/indikar_root/indikar1/cstansbu/pf-test/images/test_12.raw.tiff
    wildcards: iid=test, tid=12
    resources: tmpdir=/tmp


[Tue May  9 15:44:37 2023]
rule preprocess:
    input: /scratch/indikar_root/indikar1/cstansbu/pf-test/images/test_61.raw.tiff, /home/cstansbu/git_repositories/pip-fucci/config/config.yaml
    output: /scratch/indikar_root/indikar1/cstansbu/pf-test/images/test_61.processed.tiff
    jobid: 63
    reason: Input files updated by another job: /scratch/indikar_root/indikar1/cstansbu/pf-test/images/test_61.raw.tiff
    wildcards: iid=test, tid=61
    resources: tmpdir=/tmp


[Tue May  9 15:44:37 2023]
rule preprocess:
    input: /scratch/indikar_root/indikar1/cstansbu/pf-test/images/test_117.raw.tiff, /home/cstansbu/git_repositories/pip-fucci/config/config.yaml
    output: /scratch/indikar_root/indikar1/cstansbu/pf-test/images/test_117.processed.tiff
    jobid: 119
    reason: Input files updated by another job: /scratch/indikar_root/indikar1/cstansbu/pf-test/images/test_117.raw.tiff
    wildcards: iid=test, tid=117
    resources: tmpdir=/tmp


[Tue May  9 15:44:37 2023]
rule preprocess:
    input: /scratch/indikar_root/indikar1/cstansbu/pf-test/images/test_173.raw.tiff, /home/cstansbu/git_repositories/pip-fucci/config/config.yaml
    output: /scratch/indikar_root/indikar1/cstansbu/pf-test/images/test_173.processed.tiff
    jobid: 175
    reason: Input files updated by another job: /scratch/indikar_root/indikar1/cstansbu/pf-test/images/test_173.raw.tiff
    wildcards: iid=test, tid=173
    resources: tmpdir=/tmp


[Tue May  9 15:44:37 2023]
rule preprocess:
    input: /scratch/indikar_root/indikar1/cstansbu/pf-test/images/test_229.raw.tiff, /home/cstansbu/git_repositories/pip-fucci/config/config.yaml
    output: /scratch/indikar_root/indikar1/cstansbu/pf-test/images/test_229.processed.tiff
    jobid: 231
    reason: Input files updated by another job: /scratch/indikar_root/indikar1/cstansbu/pf-test/images/test_229.raw.tiff
    wildcards: iid=test, tid=229
    resources: tmpdir=/tmp


[Tue May  9 15:44:37 2023]
rule preprocess:
    input: /scratch/indikar_root/indikar1/cstansbu/pf-test/images/test_34.raw.tiff, /home/cstansbu/git_repositories/pip-fucci/config/config.yaml
    output: /scratch/indikar_root/indikar1/cstansbu/pf-test/images/test_34.processed.tiff
    jobid: 36
    reason: Input files updated by another job: /scratch/indikar_root/indikar1/cstansbu/pf-test/images/test_34.raw.tiff
    wildcards: iid=test, tid=34
    resources: tmpdir=/tmp


[Tue May  9 15:44:37 2023]
rule preprocess:
    input: /scratch/indikar_root/indikar1/cstansbu/pf-test/images/test_90.raw.tiff, /home/cstansbu/git_repositories/pip-fucci/config/config.yaml
    output: /scratch/indikar_root/indikar1/cstansbu/pf-test/images/test_90.processed.tiff
    jobid: 92
    reason: Input files updated by another job: /scratch/indikar_root/indikar1/cstansbu/pf-test/images/test_90.raw.tiff
    wildcards: iid=test, tid=90
    resources: tmpdir=/tmp


[Tue May  9 15:44:37 2023]
rule preprocess:
    input: /scratch/indikar_root/indikar1/cstansbu/pf-test/images/test_251.raw.tiff, /home/cstansbu/git_repositories/pip-fucci/config/config.yaml
    output: /scratch/indikar_root/indikar1/cstansbu/pf-test/images/test_251.processed.tiff
    jobid: 253
    reason: Input files updated by another job: /scratch/indikar_root/indikar1/cstansbu/pf-test/images/test_251.raw.tiff
    wildcards: iid=test, tid=251
    resources: tmpdir=/tmp


[Tue May  9 15:44:37 2023]
rule preprocess:
    input: /scratch/indikar_root/indikar1/cstansbu/pf-test/images/test_2.raw.tiff, /home/cstansbu/git_repositories/pip-fucci/config/config.yaml
    output: /scratch/indikar_root/indikar1/cstansbu/pf-test/images/test_2.processed.tiff
    jobid: 4
    reason: Input files updated by another job: /scratch/indikar_root/indikar1/cstansbu/pf-test/images/test_2.raw.tiff
    wildcards: iid=test, tid=2
    resources: tmpdir=/tmp


[Tue May  9 15:44:37 2023]
rule preprocess:
    input: /scratch/indikar_root/indikar1/cstansbu/pf-test/images/test_56.raw.tiff, /home/cstansbu/git_repositories/pip-fucci/config/config.yaml
    output: /scratch/indikar_root/indikar1/cstansbu/pf-test/images/test_56.processed.tiff
    jobid: 58
    reason: Input files updated by another job: /scratch/indikar_root/indikar1/cstansbu/pf-test/images/test_56.raw.tiff
    wildcards: iid=test, tid=56
    resources: tmpdir=/tmp


[Tue May  9 15:44:37 2023]
rule preprocess:
    input: /scratch/indikar_root/indikar1/cstansbu/pf-test/images/test_112.raw.tiff, /home/cstansbu/git_repositories/pip-fucci/config/config.yaml
    output: /scratch/indikar_root/indikar1/cstansbu/pf-test/images/test_112.processed.tiff
    jobid: 114
    reason: Input files updated by another job: /scratch/indikar_root/indikar1/cstansbu/pf-test/images/test_112.raw.tiff
    wildcards: iid=test, tid=112
    resources: tmpdir=/tmp


[Tue May  9 15:44:37 2023]
rule preprocess:
    input: /scratch/indikar_root/indikar1/cstansbu/pf-test/images/test_168.raw.tiff, /home/cstansbu/git_repositories/pip-fucci/config/config.yaml
    output: /scratch/indikar_root/indikar1/cstansbu/pf-test/images/test_168.processed.tiff
    jobid: 170
    reason: Input files updated by another job: /scratch/indikar_root/indikar1/cstansbu/pf-test/images/test_168.raw.tiff
    wildcards: iid=test, tid=168
    resources: tmpdir=/tmp


[Tue May  9 15:44:37 2023]
rule preprocess:
    input: /scratch/indikar_root/indikar1/cstansbu/pf-test/images/test_224.raw.tiff, /home/cstansbu/git_repositories/pip-fucci/config/config.yaml
    output: /scratch/indikar_root/indikar1/cstansbu/pf-test/images/test_224.processed.tiff
    jobid: 226
    reason: Input files updated by another job: /scratch/indikar_root/indikar1/cstansbu/pf-test/images/test_224.raw.tiff
    wildcards: iid=test, tid=224
    resources: tmpdir=/tmp


[Tue May  9 15:44:37 2023]
rule preprocess:
    input: /scratch/indikar_root/indikar1/cstansbu/pf-test/images/test_28.raw.tiff, /home/cstansbu/git_repositories/pip-fucci/config/config.yaml
    output: /scratch/indikar_root/indikar1/cstansbu/pf-test/images/test_28.processed.tiff
    jobid: 30
    reason: Input files updated by another job: /scratch/indikar_root/indikar1/cstansbu/pf-test/images/test_28.raw.tiff
    wildcards: iid=test, tid=28
    resources: tmpdir=/tmp


[Tue May  9 15:44:37 2023]
rule preprocess:
    input: /scratch/indikar_root/indikar1/cstansbu/pf-test/images/test_84.raw.tiff, /home/cstansbu/git_repositories/pip-fucci/config/config.yaml
    output: /scratch/indikar_root/indikar1/cstansbu/pf-test/images/test_84.processed.tiff
    jobid: 86
    reason: Input files updated by another job: /scratch/indikar_root/indikar1/cstansbu/pf-test/images/test_84.raw.tiff
    wildcards: iid=test, tid=84
    resources: tmpdir=/tmp


[Tue May  9 15:44:37 2023]
rule preprocess:
    input: /scratch/indikar_root/indikar1/cstansbu/pf-test/images/test_140.raw.tiff, /home/cstansbu/git_repositories/pip-fucci/config/config.yaml
    output: /scratch/indikar_root/indikar1/cstansbu/pf-test/images/test_140.processed.tiff
    jobid: 142
    reason: Input files updated by another job: /scratch/indikar_root/indikar1/cstansbu/pf-test/images/test_140.raw.tiff
    wildcards: iid=test, tid=140
    resources: tmpdir=/tmp


[Tue May  9 15:44:37 2023]
rule preprocess:
    input: /scratch/indikar_root/indikar1/cstansbu/pf-test/images/test_196.raw.tiff, /home/cstansbu/git_repositories/pip-fucci/config/config.yaml
    output: /scratch/indikar_root/indikar1/cstansbu/pf-test/images/test_196.processed.tiff
    jobid: 198
    reason: Input files updated by another job: /scratch/indikar_root/indikar1/cstansbu/pf-test/images/test_196.raw.tiff
    wildcards: iid=test, tid=196
    resources: tmpdir=/tmp


[Tue May  9 15:44:37 2023]
rule preprocess:
    input: /scratch/indikar_root/indikar1/cstansbu/pf-test/images/test_252.raw.tiff, /home/cstansbu/git_repositories/pip-fucci/config/config.yaml
    output: /scratch/indikar_root/indikar1/cstansbu/pf-test/images/test_252.processed.tiff
    jobid: 254
    reason: Input files updated by another job: /scratch/indikar_root/indikar1/cstansbu/pf-test/images/test_252.raw.tiff
    wildcards: iid=test, tid=252
    resources: tmpdir=/tmp


[Tue May  9 15:44:37 2023]
rule preprocess:
    input: /scratch/indikar_root/indikar1/cstansbu/pf-test/images/test_85.raw.tiff, /home/cstansbu/git_repositories/pip-fucci/config/config.yaml
    output: /scratch/indikar_root/indikar1/cstansbu/pf-test/images/test_85.processed.tiff
    jobid: 87
    reason: Input files updated by another job: /scratch/indikar_root/indikar1/cstansbu/pf-test/images/test_85.raw.tiff
    wildcards: iid=test, tid=85
    resources: tmpdir=/tmp

[Tue May  9 15:44:43 2023]
Finished job 198.
2 of 506 steps (0.4%) done
Select jobs to execute...

[Tue May  9 15:44:43 2023]
rule preprocess:
    input: /scratch/indikar_root/indikar1/cstansbu/pf-test/images/test_78.raw.tiff, /home/cstansbu/git_repositories/pip-fucci/config/config.yaml
    output: /scratch/indikar_root/indikar1/cstansbu/pf-test/images/test_78.processed.tiff
    jobid: 80
    reason: Input files updated by another job: /scratch/indikar_root/indikar1/cstansbu/pf-test/images/test_78.raw.tiff
    wildcards: iid=test, tid=78
    resources: tmpdir=/tmp

[Tue May  9 15:44:43 2023]
Finished job 227.
3 of 506 steps (1%) done
[Tue May  9 15:44:43 2023]
Finished job 224.
4 of 506 steps (1%) done
[Tue May  9 15:44:43 2023]
Finished job 170.
5 of 506 steps (1%) done
Select jobs to execute...

[Tue May  9 15:44:43 2023]
rule preprocess:
    input: /scratch/indikar_root/indikar1/cstansbu/pf-test/images/test_231.raw.tiff, /home/cstansbu/git_repositories/pip-fucci/config/config.yaml
    output: /scratch/indikar_root/indikar1/cstansbu/pf-test/images/test_231.processed.tiff
    jobid: 233
    reason: Input files updated by another job: /scratch/indikar_root/indikar1/cstansbu/pf-test/images/test_231.raw.tiff
    wildcards: iid=test, tid=231
    resources: tmpdir=/tmp


[Tue May  9 15:44:43 2023]
rule preprocess:
    input: /scratch/indikar_root/indikar1/cstansbu/pf-test/images/test_118.raw.tiff, /home/cstansbu/git_repositories/pip-fucci/config/config.yaml
    output: /scratch/indikar_root/indikar1/cstansbu/pf-test/images/test_118.processed.tiff
    jobid: 120
    reason: Input files updated by another job: /scratch/indikar_root/indikar1/cstansbu/pf-test/images/test_118.raw.tiff
    wildcards: iid=test, tid=118
    resources: tmpdir=/tmp


[Tue May  9 15:44:43 2023]
rule preprocess:
    input: /scratch/indikar_root/indikar1/cstansbu/pf-test/images/test_62.raw.tiff, /home/cstansbu/git_repositories/pip-fucci/config/config.yaml
    output: /scratch/indikar_root/indikar1/cstansbu/pf-test/images/test_62.processed.tiff
    jobid: 64
    reason: Input files updated by another job: /scratch/indikar_root/indikar1/cstansbu/pf-test/images/test_62.raw.tiff
    wildcards: iid=test, tid=62
    resources: tmpdir=/tmp

[Tue May  9 15:44:43 2023]
Finished job 175.
6 of 506 steps (1%) done
[Tue May  9 15:44:43 2023]
Finished job 35.
7 of 506 steps (1%) done
[Tue May  9 15:44:43 2023]
Finished job 250.
8 of 506 steps (2%) done
[Tue May  9 15:44:43 2023]
Finished job 230.
9 of 506 steps (2%) done
[Tue May  9 15:44:43 2023]
Finished job 226.
10 of 506 steps (2%) done
[Tue May  9 15:44:43 2023]
Finished job 171.
11 of 506 steps (2%) done
[Tue May  9 15:44:43 2023]
Finished job 14.
12 of 506 steps (2%) done
Select jobs to execute...

[Tue May  9 15:44:43 2023]
rule preprocess:
    input: /scratch/indikar_root/indikar1/cstansbu/pf-test/images/test_230.raw.tiff, /home/cstansbu/git_repositories/pip-fucci/config/config.yaml
    output: /scratch/indikar_root/indikar1/cstansbu/pf-test/images/test_230.processed.tiff
    jobid: 232
    reason: Input files updated by another job: /scratch/indikar_root/indikar1/cstansbu/pf-test/images/test_230.raw.tiff
    wildcards: iid=test, tid=230
    resources: tmpdir=/tmp


[Tue May  9 15:44:43 2023]
rule preprocess:
    input: /scratch/indikar_root/indikar1/cstansbu/pf-test/images/test_146.raw.tiff, /home/cstansbu/git_repositories/pip-fucci/config/config.yaml
    output: /scratch/indikar_root/indikar1/cstansbu/pf-test/images/test_146.processed.tiff
    jobid: 148
    reason: Input files updated by another job: /scratch/indikar_root/indikar1/cstansbu/pf-test/images/test_146.raw.tiff
    wildcards: iid=test, tid=146
    resources: tmpdir=/tmp


[Tue May  9 15:44:43 2023]
rule segment:
    input: /scratch/indikar_root/indikar1/cstansbu/pf-test/images/test_33.processed.tiff, /home/cstansbu/git_repositories/pip-fucci/config/config.yaml
    output: /scratch/indikar_root/indikar1/cstansbu/pf-test/segments/test_33.segmented.tiff, /scratch/indikar_root/indikar1/cstansbu/pf-test/segmentation_results/test_33.csv
    jobid: 287
    reason: Input files updated by another job: /scratch/indikar_root/indikar1/cstansbu/pf-test/images/test_33.processed.tiff
    wildcards: iid=test, tid=33
    resources: tmpdir=/tmp


[Tue May  9 15:44:43 2023]
rule preprocess:
    input: /scratch/indikar_root/indikar1/cstansbu/pf-test/images/test_119.raw.tiff, /home/cstansbu/git_repositories/pip-fucci/config/config.yaml
    output: /scratch/indikar_root/indikar1/cstansbu/pf-test/images/test_119.processed.tiff
    jobid: 121
    reason: Input files updated by another job: /scratch/indikar_root/indikar1/cstansbu/pf-test/images/test_119.raw.tiff
    wildcards: iid=test, tid=119
    resources: tmpdir=/tmp


[Tue May  9 15:44:43 2023]
rule preprocess:
    input: /scratch/indikar_root/indikar1/cstansbu/pf-test/images/test_202.raw.tiff, /home/cstansbu/git_repositories/pip-fucci/config/config.yaml
    output: /scratch/indikar_root/indikar1/cstansbu/pf-test/images/test_202.processed.tiff
    jobid: 204
    reason: Input files updated by another job: /scratch/indikar_root/indikar1/cstansbu/pf-test/images/test_202.raw.tiff
    wildcards: iid=test, tid=202
    resources: tmpdir=/tmp


[Tue May  9 15:44:43 2023]
rule preprocess:
    input: /scratch/indikar_root/indikar1/cstansbu/pf-test/images/test_174.raw.tiff, /home/cstansbu/git_repositories/pip-fucci/config/config.yaml
    output: /scratch/indikar_root/indikar1/cstansbu/pf-test/images/test_174.processed.tiff
    jobid: 176
    reason: Input files updated by another job: /scratch/indikar_root/indikar1/cstansbu/pf-test/images/test_174.raw.tiff
    wildcards: iid=test, tid=174
    resources: tmpdir=/tmp


[Tue May  9 15:44:43 2023]
rule preprocess:
    input: /scratch/indikar_root/indikar1/cstansbu/pf-test/images/test_4.raw.tiff, /home/cstansbu/git_repositories/pip-fucci/config/config.yaml
    output: /scratch/indikar_root/indikar1/cstansbu/pf-test/images/test_4.processed.tiff
    jobid: 6
    reason: Input files updated by another job: /scratch/indikar_root/indikar1/cstansbu/pf-test/images/test_4.raw.tiff
    wildcards: iid=test, tid=4
    resources: tmpdir=/tmp

[Tue May  9 15:44:43 2023]
Finished job 146.
13 of 506 steps (3%) done
[Tue May  9 15:44:43 2023]
Finished job 92.
14 of 506 steps (3%) done
[Tue May  9 15:44:43 2023]
Finished job 203.
15 of 506 steps (3%) done
[Tue May  9 15:44:43 2023]
Finished job 194.
16 of 506 steps (3%) done
[Tue May  9 15:44:43 2023]
Finished job 147.
17 of 506 steps (3%) done
[Tue May  9 15:44:43 2023]
Finished job 86.
18 of 506 steps (4%) done
[Tue May  9 15:44:43 2023]
Finished job 58.
19 of 506 steps (4%) done
Select jobs to execute...

[Tue May  9 15:44:43 2023]
rule segment:
    input: /scratch/indikar_root/indikar1/cstansbu/pf-test/images/test_173.processed.tiff, /home/cstansbu/git_repositories/pip-fucci/config/config.yaml
    output: /scratch/indikar_root/indikar1/cstansbu/pf-test/segments/test_173.segmented.tiff, /scratch/indikar_root/indikar1/cstansbu/pf-test/segmentation_results/test_173.csv
    jobid: 427
    reason: Missing output files: /scratch/indikar_root/indikar1/cstansbu/pf-test/segments/test_173.segmented.tiff; Input files updated by another job: /scratch/indikar_root/indikar1/cstansbu/pf-test/images/test_173.processed.tiff
    wildcards: iid=test, tid=173
    resources: tmpdir=/tmp


[Tue May  9 15:44:43 2023]
rule preprocess:
    input: /scratch/indikar_root/indikar1/cstansbu/pf-test/images/test_35.raw.tiff, /home/cstansbu/git_repositories/pip-fucci/config/config.yaml
    output: /scratch/indikar_root/indikar1/cstansbu/pf-test/images/test_35.processed.tiff
    jobid: 37
    reason: Input files updated by another job: /scratch/indikar_root/indikar1/cstansbu/pf-test/images/test_35.raw.tiff
    wildcards: iid=test, tid=35
    resources: tmpdir=/tmp


[Tue May  9 15:44:43 2023]
rule preprocess:
    input: /scratch/indikar_root/indikar1/cstansbu/pf-test/images/test_91.raw.tiff, /home/cstansbu/git_repositories/pip-fucci/config/config.yaml
    output: /scratch/indikar_root/indikar1/cstansbu/pf-test/images/test_91.processed.tiff
    jobid: 93
    reason: Input files updated by another job: /scratch/indikar_root/indikar1/cstansbu/pf-test/images/test_91.raw.tiff
    wildcards: iid=test, tid=91
    resources: tmpdir=/tmp


[Tue May  9 15:44:43 2023]
rule segment:
    input: /scratch/indikar_root/indikar1/cstansbu/pf-test/images/test_201.processed.tiff, /home/cstansbu/git_repositories/pip-fucci/config/config.yaml
    output: /scratch/indikar_root/indikar1/cstansbu/pf-test/segments/test_201.segmented.tiff, /scratch/indikar_root/indikar1/cstansbu/pf-test/segmentation_results/test_201.csv
    jobid: 455
    reason: Input files updated by another job: /scratch/indikar_root/indikar1/cstansbu/pf-test/images/test_201.processed.tiff
    wildcards: iid=test, tid=201
    resources: tmpdir=/tmp


[Tue May  9 15:44:43 2023]
rule segment:
    input: /scratch/indikar_root/indikar1/cstansbu/pf-test/images/test_145.processed.tiff, /home/cstansbu/git_repositories/pip-fucci/config/config.yaml
    output: /scratch/indikar_root/indikar1/cstansbu/pf-test/segments/test_145.segmented.tiff, /scratch/indikar_root/indikar1/cstansbu/pf-test/segmentation_results/test_145.csv
    jobid: 399
    reason: Input files updated by another job: /scratch/indikar_root/indikar1/cstansbu/pf-test/images/test_145.processed.tiff
    wildcards: iid=test, tid=145
    resources: tmpdir=/tmp


[Tue May  9 15:44:43 2023]
rule preprocess:
    input: /scratch/indikar_root/indikar1/cstansbu/pf-test/images/test_148.raw.tiff, /home/cstansbu/git_repositories/pip-fucci/config/config.yaml
    output: /scratch/indikar_root/indikar1/cstansbu/pf-test/images/test_148.processed.tiff
    jobid: 150
    reason: Input files updated by another job: /scratch/indikar_root/indikar1/cstansbu/pf-test/images/test_148.raw.tiff
    wildcards: iid=test, tid=148
    resources: tmpdir=/tmp


[Tue May  9 15:44:43 2023]
rule segment:
    input: /scratch/indikar_root/indikar1/cstansbu/pf-test/images/test_90.processed.tiff, /home/cstansbu/git_repositories/pip-fucci/config/config.yaml
    output: /scratch/indikar_root/indikar1/cstansbu/pf-test/segments/test_90.segmented.tiff, /scratch/indikar_root/indikar1/cstansbu/pf-test/segmentation_results/test_90.csv
    jobid: 344
    reason: Missing output files: /scratch/indikar_root/indikar1/cstansbu/pf-test/segments/test_90.segmented.tiff; Input files updated by another job: /scratch/indikar_root/indikar1/cstansbu/pf-test/images/test_90.processed.tiff
    wildcards: iid=test, tid=90
    resources: tmpdir=/tmp

[Tue May  9 15:44:43 2023]
Finished job 118.
20 of 506 steps (4%) done
[Tue May  9 15:44:43 2023]
Finished job 12.
21 of 506 steps (4%) done
[Tue May  9 15:44:43 2023]
Finished job 63.
22 of 506 steps (4%) done
[Tue May  9 15:44:43 2023]
Finished job 253.
23 of 506 steps (5%) done
[Tue May  9 15:44:43 2023]
Finished job 36.
24 of 506 steps (5%) done
[Tue May  9 15:44:43 2023]
Finished job 4.
25 of 506 steps (5%) done
Select jobs to execute...

[Tue May  9 15:44:43 2023]
rule preprocess:
    input: /scratch/indikar_root/indikar1/cstansbu/pf-test/images/test_64.raw.tiff, /home/cstansbu/git_repositories/pip-fucci/config/config.yaml
    output: /scratch/indikar_root/indikar1/cstansbu/pf-test/images/test_64.processed.tiff
    jobid: 66
    reason: Input files updated by another job: /scratch/indikar_root/indikar1/cstansbu/pf-test/images/test_64.raw.tiff
    wildcards: iid=test, tid=64
    resources: tmpdir=/tmp


[Tue May  9 15:44:43 2023]
rule segment:
    input: /scratch/indikar_root/indikar1/cstansbu/pf-test/images/test_61.processed.tiff, /home/cstansbu/git_repositories/pip-fucci/config/config.yaml
    output: /scratch/indikar_root/indikar1/cstansbu/pf-test/segments/test_61.segmented.tiff, /scratch/indikar_root/indikar1/cstansbu/pf-test/segmentation_results/test_61.csv
    jobid: 315
    reason: Missing output files: /scratch/indikar_root/indikar1/cstansbu/pf-test/segments/test_61.segmented.tiff; Input files updated by another job: /scratch/indikar_root/indikar1/cstansbu/pf-test/images/test_61.processed.tiff
    wildcards: iid=test, tid=61
    resources: tmpdir=/tmp


[Tue May  9 15:44:43 2023]
rule preprocess:
    input: /scratch/indikar_root/indikar1/cstansbu/pf-test/images/test_147.raw.tiff, /home/cstansbu/git_repositories/pip-fucci/config/config.yaml
    output: /scratch/indikar_root/indikar1/cstansbu/pf-test/images/test_147.processed.tiff
    jobid: 149
    reason: Input files updated by another job: /scratch/indikar_root/indikar1/cstansbu/pf-test/images/test_147.raw.tiff
    wildcards: iid=test, tid=147
    resources: tmpdir=/tmp


[Tue May  9 15:44:43 2023]
rule preprocess:
    input: /scratch/indikar_root/indikar1/cstansbu/pf-test/images/test_203.raw.tiff, /home/cstansbu/git_repositories/pip-fucci/config/config.yaml
    output: /scratch/indikar_root/indikar1/cstansbu/pf-test/images/test_203.processed.tiff
    jobid: 205
    reason: Input files updated by another job: /scratch/indikar_root/indikar1/cstansbu/pf-test/images/test_203.raw.tiff
    wildcards: iid=test, tid=203
    resources: tmpdir=/tmp


[Tue May  9 15:44:43 2023]
rule segment:
    input: /scratch/indikar_root/indikar1/cstansbu/pf-test/images/test_144.processed.tiff, /home/cstansbu/git_repositories/pip-fucci/config/config.yaml
    output: /scratch/indikar_root/indikar1/cstansbu/pf-test/segments/test_144.segmented.tiff, /scratch/indikar_root/indikar1/cstansbu/pf-test/segmentation_results/test_144.csv
    jobid: 398
    reason: Missing output files: /scratch/indikar_root/indikar1/cstansbu/pf-test/segments/test_144.segmented.tiff; Input files updated by another job: /scratch/indikar_root/indikar1/cstansbu/pf-test/images/test_144.processed.tiff
    wildcards: iid=test, tid=144
    resources: tmpdir=/tmp


[Tue May  9 15:44:43 2023]
rule segment:
    input: /scratch/indikar_root/indikar1/cstansbu/pf-test/images/test_34.processed.tiff, /home/cstansbu/git_repositories/pip-fucci/config/config.yaml
    output: /scratch/indikar_root/indikar1/cstansbu/pf-test/segments/test_34.segmented.tiff, /scratch/indikar_root/indikar1/cstansbu/pf-test/segmentation_results/test_34.csv
    jobid: 288
    reason: Missing output files: /scratch/indikar_root/indikar1/cstansbu/pf-test/segments/test_34.segmented.tiff; Input files updated by another job: /scratch/indikar_root/indikar1/cstansbu/pf-test/images/test_34.processed.tiff
    wildcards: iid=test, tid=34
    resources: tmpdir=/tmp

[Tue May  9 15:44:43 2023]
Finished job 87.
26 of 506 steps (5%) done
[Tue May  9 15:44:44 2023]
Finished job 174.
27 of 506 steps (5%) done
[Tue May  9 15:44:44 2023]
Finished job 91.
28 of 506 steps (6%) done
[Tue May  9 15:44:44 2023]
Finished job 202.
29 of 506 steps (6%) done
[Tue May  9 15:44:44 2023]
Finished job 119.
30 of 506 steps (6%) done
[Tue May  9 15:44:44 2023]
Finished job 114.
31 of 506 steps (6%) done
[Tue May  9 15:44:44 2023]
Finished job 62.
32 of 506 steps (6%) done
[Tue May  9 15:44:44 2023]
Finished job 142.
33 of 506 steps (7%) done
[Tue May  9 15:44:44 2023]
Finished job 55.
34 of 506 steps (7%) done
[Tue May  9 15:44:44 2023]
Finished job 254.
35 of 506 steps (7%) done
Select jobs to execute...

[Tue May  9 15:44:44 2023]
rule preprocess:
    input: /scratch/indikar_root/indikar1/cstansbu/pf-test/images/test_57.raw.tiff, /home/cstansbu/git_repositories/pip-fucci/config/config.yaml
    output: /scratch/indikar_root/indikar1/cstansbu/pf-test/images/test_57.processed.tiff
    jobid: 59
    reason: Input files updated by another job: /scratch/indikar_root/indikar1/cstansbu/pf-test/images/test_57.raw.tiff
    wildcards: iid=test, tid=57
    resources: tmpdir=/tmp


[Tue May  9 15:44:44 2023]
rule segment:
    input: /scratch/indikar_root/indikar1/cstansbu/pf-test/images/test_117.processed.tiff, /home/cstansbu/git_repositories/pip-fucci/config/config.yaml
    output: /scratch/indikar_root/indikar1/cstansbu/pf-test/segments/test_117.segmented.tiff, /scratch/indikar_root/indikar1/cstansbu/pf-test/segmentation_results/test_117.csv
    jobid: 371
    reason: Missing output files: /scratch/indikar_root/indikar1/cstansbu/pf-test/segments/test_117.segmented.tiff; Input files updated by another job: /scratch/indikar_root/indikar1/cstansbu/pf-test/images/test_117.processed.tiff
    wildcards: iid=test, tid=117
    resources: tmpdir=/tmp


[Tue May  9 15:44:44 2023]
rule segment:
    input: /scratch/indikar_root/indikar1/cstansbu/pf-test/images/test_89.processed.tiff, /home/cstansbu/git_repositories/pip-fucci/config/config.yaml
    output: /scratch/indikar_root/indikar1/cstansbu/pf-test/segments/test_89.segmented.tiff, /scratch/indikar_root/indikar1/cstansbu/pf-test/segmentation_results/test_89.csv
    jobid: 343
    reason: Missing output files: /scratch/indikar_root/indikar1/cstansbu/pf-test/segments/test_89.segmented.tiff; Input files updated by another job: /scratch/indikar_root/indikar1/cstansbu/pf-test/images/test_89.processed.tiff
    wildcards: iid=test, tid=89
    resources: tmpdir=/tmp


[Tue May  9 15:44:44 2023]
rule segment:
    input: /scratch/indikar_root/indikar1/cstansbu/pf-test/images/test_116.processed.tiff, /home/cstansbu/git_repositories/pip-fucci/config/config.yaml
    output: /scratch/indikar_root/indikar1/cstansbu/pf-test/segments/test_116.segmented.tiff, /scratch/indikar_root/indikar1/cstansbu/pf-test/segmentation_results/test_116.csv
    jobid: 370
    reason: Input files updated by another job: /scratch/indikar_root/indikar1/cstansbu/pf-test/images/test_116.processed.tiff
    wildcards: iid=test, tid=116
    resources: tmpdir=/tmp


[Tue May  9 15:44:44 2023]
rule segment:
    input: /scratch/indikar_root/indikar1/cstansbu/pf-test/images/test_172.processed.tiff, /home/cstansbu/git_repositories/pip-fucci/config/config.yaml
    output: /scratch/indikar_root/indikar1/cstansbu/pf-test/segments/test_172.segmented.tiff, /scratch/indikar_root/indikar1/cstansbu/pf-test/segmentation_results/test_172.csv
    jobid: 426
    reason: Input files updated by another job: /scratch/indikar_root/indikar1/cstansbu/pf-test/images/test_172.processed.tiff
    wildcards: iid=test, tid=172
    resources: tmpdir=/tmp


[Tue May  9 15:44:44 2023]
rule preprocess:
    input: /scratch/indikar_root/indikar1/cstansbu/pf-test/images/test_88.raw.tiff, /home/cstansbu/git_repositories/pip-fucci/config/config.yaml
    output: /scratch/indikar_root/indikar1/cstansbu/pf-test/images/test_88.processed.tiff
    jobid: 90
    reason: Input files updated by another job: /scratch/indikar_root/indikar1/cstansbu/pf-test/images/test_88.raw.tiff
    wildcards: iid=test, tid=88
    resources: tmpdir=/tmp


[Tue May  9 15:44:44 2023]
rule segment:
    input: /scratch/indikar_root/indikar1/cstansbu/pf-test/images/test_228.processed.tiff, /home/cstansbu/git_repositories/pip-fucci/config/config.yaml
    output: /scratch/indikar_root/indikar1/cstansbu/pf-test/segments/test_228.segmented.tiff, /scratch/indikar_root/indikar1/cstansbu/pf-test/segmentation_results/test_228.csv
    jobid: 482
    reason: Input files updated by another job: /scratch/indikar_root/indikar1/cstansbu/pf-test/images/test_228.processed.tiff
    wildcards: iid=test, tid=228
    resources: tmpdir=/tmp


[Tue May  9 15:44:44 2023]
rule segment:
    input: /scratch/indikar_root/indikar1/cstansbu/pf-test/images/test_60.processed.tiff, /home/cstansbu/git_repositories/pip-fucci/config/config.yaml
    output: /scratch/indikar_root/indikar1/cstansbu/pf-test/segments/test_60.segmented.tiff, /scratch/indikar_root/indikar1/cstansbu/pf-test/segmentation_results/test_60.csv
    jobid: 314
    reason: Missing output files: /scratch/indikar_root/indikar1/cstansbu/pf-test/segments/test_60.segmented.tiff; Input files updated by another job: /scratch/indikar_root/indikar1/cstansbu/pf-test/images/test_60.processed.tiff
    wildcards: iid=test, tid=60
    resources: tmpdir=/tmp


[Tue May  9 15:44:44 2023]
rule preprocess:
    input: /scratch/indikar_root/indikar1/cstansbu/pf-test/images/test_36.raw.tiff, /home/cstansbu/git_repositories/pip-fucci/config/config.yaml
    output: /scratch/indikar_root/indikar1/cstansbu/pf-test/images/test_36.processed.tiff
    jobid: 38
    reason: Input files updated by another job: /scratch/indikar_root/indikar1/cstansbu/pf-test/images/test_36.raw.tiff
    wildcards: iid=test, tid=36
    resources: tmpdir=/tmp


[Tue May  9 15:44:44 2023]
rule segment:
    input: /scratch/indikar_root/indikar1/cstansbu/pf-test/images/test_200.processed.tiff, /home/cstansbu/git_repositories/pip-fucci/config/config.yaml
    output: /scratch/indikar_root/indikar1/cstansbu/pf-test/segments/test_200.segmented.tiff, /scratch/indikar_root/indikar1/cstansbu/pf-test/segmentation_results/test_200.csv
    jobid: 454
    reason: Input files updated by another job: /scratch/indikar_root/indikar1/cstansbu/pf-test/images/test_200.processed.tiff
    wildcards: iid=test, tid=200
    resources: tmpdir=/tmp

[Tue May  9 15:44:44 2023]
Finished job 231.
36 of 506 steps (7%) done
[Tue May  9 15:44:44 2023]
Finished job 30.
37 of 506 steps (7%) done
Select jobs to execute...

[Tue May  9 15:44:44 2023]
rule preprocess:
    input: /scratch/indikar_root/indikar1/cstansbu/pf-test/images/test_204.raw.tiff, /home/cstansbu/git_repositories/pip-fucci/config/config.yaml
    output: /scratch/indikar_root/indikar1/cstansbu/pf-test/images/test_204.processed.tiff
    jobid: 206
    reason: Input files updated by another job: /scratch/indikar_root/indikar1/cstansbu/pf-test/images/test_204.raw.tiff
    wildcards: iid=test, tid=204
    resources: tmpdir=/tmp


[Tue May  9 15:44:44 2023]
rule preprocess:
    input: /scratch/indikar_root/indikar1/cstansbu/pf-test/images/test_121.raw.tiff, /home/cstansbu/git_repositories/pip-fucci/config/config.yaml
    output: /scratch/indikar_root/indikar1/cstansbu/pf-test/images/test_121.processed.tiff
    jobid: 123
    reason: Input files updated by another job: /scratch/indikar_root/indikar1/cstansbu/pf-test/images/test_121.raw.tiff
    wildcards: iid=test, tid=121
    resources: tmpdir=/tmp

Select jobs to execute...
[Tue May  9 15:44:48 2023]
Finished job 233.
38 of 506 steps (8%) done

[Tue May  9 15:44:48 2023]
rule preprocess:
    input: /scratch/indikar_root/indikar1/cstansbu/pf-test/images/test_108.raw.tiff, /home/cstansbu/git_repositories/pip-fucci/config/config.yaml
    output: /scratch/indikar_root/indikar1/cstansbu/pf-test/images/test_108.processed.tiff
    jobid: 110
    reason: Input files updated by another job: /scratch/indikar_root/indikar1/cstansbu/pf-test/images/test_108.raw.tiff
    wildcards: iid=test, tid=108
    resources: tmpdir=/tmp

[Tue May  9 15:44:48 2023]
Finished job 64.
39 of 506 steps (8%) done
Select jobs to execute...

[Tue May  9 15:44:48 2023]
rule preprocess:
    input: /scratch/indikar_root/indikar1/cstansbu/pf-test/images/test_52.raw.tiff, /home/cstansbu/git_repositories/pip-fucci/config/config.yaml
    output: /scratch/indikar_root/indikar1/cstansbu/pf-test/images/test_52.processed.tiff
    jobid: 54
    reason: Input files updated by another job: /scratch/indikar_root/indikar1/cstansbu/pf-test/images/test_52.raw.tiff
    wildcards: iid=test, tid=52
    resources: tmpdir=/tmp

[Tue May  9 15:44:48 2023]
Finished job 232.
40 of 506 steps (8%) done
Select jobs to execute...

[Tue May  9 15:44:48 2023]
rule preprocess:
    input: /scratch/indikar_root/indikar1/cstansbu/pf-test/images/test_247.raw.tiff, /home/cstansbu/git_repositories/pip-fucci/config/config.yaml
    output: /scratch/indikar_root/indikar1/cstansbu/pf-test/images/test_247.processed.tiff
    jobid: 249
    reason: Input files updated by another job: /scratch/indikar_root/indikar1/cstansbu/pf-test/images/test_247.raw.tiff
    wildcards: iid=test, tid=247
    resources: tmpdir=/tmp

[Tue May  9 15:44:48 2023]
Finished job 80.
41 of 506 steps (8%) done
Select jobs to execute...

[Tue May  9 15:44:48 2023]
rule preprocess:
    input: /scratch/indikar_root/indikar1/cstansbu/pf-test/images/test_191.raw.tiff, /home/cstansbu/git_repositories/pip-fucci/config/config.yaml
    output: /scratch/indikar_root/indikar1/cstansbu/pf-test/images/test_191.processed.tiff
    jobid: 193
    reason: Input files updated by another job: /scratch/indikar_root/indikar1/cstansbu/pf-test/images/test_191.raw.tiff
    wildcards: iid=test, tid=191
    resources: tmpdir=/tmp

[Tue May  9 15:44:48 2023]
Finished job 176.
42 of 506 steps (8%) done
Select jobs to execute...

[Tue May  9 15:44:49 2023]
rule preprocess:
    input: /scratch/indikar_root/indikar1/cstansbu/pf-test/images/test_135.raw.tiff, /home/cstansbu/git_repositories/pip-fucci/config/config.yaml
    output: /scratch/indikar_root/indikar1/cstansbu/pf-test/images/test_135.processed.tiff
    jobid: 137
    reason: Input files updated by another job: /scratch/indikar_root/indikar1/cstansbu/pf-test/images/test_135.raw.tiff
    wildcards: iid=test, tid=135
    resources: tmpdir=/tmp

[Tue May  9 15:44:49 2023]
Finished job 150.
43 of 506 steps (8%) done
Select jobs to execute...

[Tue May  9 15:44:49 2023]
rule preprocess:
    input: /scratch/indikar_root/indikar1/cstansbu/pf-test/images/test_79.raw.tiff, /home/cstansbu/git_repositories/pip-fucci/config/config.yaml
    output: /scratch/indikar_root/indikar1/cstansbu/pf-test/images/test_79.processed.tiff
    jobid: 81
    reason: Input files updated by another job: /scratch/indikar_root/indikar1/cstansbu/pf-test/images/test_79.raw.tiff
    wildcards: iid=test, tid=79
    resources: tmpdir=/tmp

[Tue May  9 15:44:49 2023]
Finished job 148.
44 of 506 steps (9%) done
[Tue May  9 15:44:49 2023]
Finished job 120.
45 of 506 steps (9%) done
Select jobs to execute...

[Tue May  9 15:44:49 2023]
rule preprocess:
    input: /scratch/indikar_root/indikar1/cstansbu/pf-test/images/test_37.raw.tiff, /home/cstansbu/git_repositories/pip-fucci/config/config.yaml
    output: /scratch/indikar_root/indikar1/cstansbu/pf-test/images/test_37.processed.tiff
    jobid: 39
    reason: Input files updated by another job: /scratch/indikar_root/indikar1/cstansbu/pf-test/images/test_37.raw.tiff
    wildcards: iid=test, tid=37
    resources: tmpdir=/tmp


[Tue May  9 15:44:49 2023]
rule segment:
    input: /scratch/indikar_root/indikar1/cstansbu/pf-test/images/test_62.processed.tiff, /home/cstansbu/git_repositories/pip-fucci/config/config.yaml
    output: /scratch/indikar_root/indikar1/cstansbu/pf-test/segments/test_62.segmented.tiff, /scratch/indikar_root/indikar1/cstansbu/pf-test/segmentation_results/test_62.csv
    jobid: 316
    reason: Missing output files: /scratch/indikar_root/indikar1/cstansbu/pf-test/segments/test_62.segmented.tiff; Input files updated by another job: /scratch/indikar_root/indikar1/cstansbu/pf-test/images/test_62.processed.tiff
    wildcards: iid=test, tid=62
    resources: tmpdir=/tmp

[Tue May  9 15:44:49 2023]
Finished job 93.
46 of 506 steps (9%) done
[Tue May  9 15:44:49 2023]
Finished job 121.
47 of 506 steps (9%) done
[Tue May  9 15:44:49 2023]
Finished job 205.
48 of 506 steps (9%) done
Select jobs to execute...

[Tue May  9 15:44:49 2023]
rule preprocess:
    input: /scratch/indikar_root/indikar1/cstansbu/pf-test/images/test_120.raw.tiff, /home/cstansbu/git_repositories/pip-fucci/config/config.yaml
    output: /scratch/indikar_root/indikar1/cstansbu/pf-test/images/test_120.processed.tiff
    jobid: 122
    reason: Input files updated by another job: /scratch/indikar_root/indikar1/cstansbu/pf-test/images/test_120.raw.tiff
    wildcards: iid=test, tid=120
    resources: tmpdir=/tmp


[Tue May  9 15:44:49 2023]
rule segment:
    input: /scratch/indikar_root/indikar1/cstansbu/pf-test/images/test_146.processed.tiff, /home/cstansbu/git_repositories/pip-fucci/config/config.yaml
    output: /scratch/indikar_root/indikar1/cstansbu/pf-test/segments/test_146.segmented.tiff, /scratch/indikar_root/indikar1/cstansbu/pf-test/segmentation_results/test_146.csv
    jobid: 400
    reason: Input files updated by another job: /scratch/indikar_root/indikar1/cstansbu/pf-test/images/test_146.processed.tiff
    wildcards: iid=test, tid=146
    resources: tmpdir=/tmp


[Tue May  9 15:44:49 2023]
rule segment:
    input: /scratch/indikar_root/indikar1/cstansbu/pf-test/images/test_230.processed.tiff, /home/cstansbu/git_repositories/pip-fucci/config/config.yaml
    output: /scratch/indikar_root/indikar1/cstansbu/pf-test/segments/test_230.segmented.tiff, /scratch/indikar_root/indikar1/cstansbu/pf-test/segmentation_results/test_230.csv
    jobid: 484
    reason: Input files updated by another job: /scratch/indikar_root/indikar1/cstansbu/pf-test/images/test_230.processed.tiff
    wildcards: iid=test, tid=230
    resources: tmpdir=/tmp

[Tue May  9 15:44:49 2023]
Finished job 37.
49 of 506 steps (10%) done
[Tue May  9 15:44:49 2023]
Finished job 6.
50 of 506 steps (10%) done
[Tue May  9 15:44:49 2023]
Finished job 204.
51 of 506 steps (10%) done
[Tue May  9 15:44:49 2023]
Finished job 149.
52 of 506 steps (10%) done
Select jobs to execute...

[Tue May  9 15:44:49 2023]
rule segment:
    input: /scratch/indikar_root/indikar1/cstansbu/pf-test/images/test_119.processed.tiff, /home/cstansbu/git_repositories/pip-fucci/config/config.yaml
    output: /scratch/indikar_root/indikar1/cstansbu/pf-test/segments/test_119.segmented.tiff, /scratch/indikar_root/indikar1/cstansbu/pf-test/segmentation_results/test_119.csv
    jobid: 373
    reason: Missing output files: /scratch/indikar_root/indikar1/cstansbu/pf-test/segments/test_119.segmented.tiff; Input files updated by another job: /scratch/indikar_root/indikar1/cstansbu/pf-test/images/test_119.processed.tiff
    wildcards: iid=test, tid=119
    resources: tmpdir=/tmp


[Tue May  9 15:44:49 2023]
rule preprocess:
    input: /scratch/indikar_root/indikar1/cstansbu/pf-test/images/test_6.raw.tiff, /home/cstansbu/git_repositories/pip-fucci/config/config.yaml
    output: /scratch/indikar_root/indikar1/cstansbu/pf-test/images/test_6.processed.tiff
    jobid: 8
    reason: Input files updated by another job: /scratch/indikar_root/indikar1/cstansbu/pf-test/images/test_6.raw.tiff
    wildcards: iid=test, tid=6
    resources: tmpdir=/tmp


[Tue May  9 15:44:49 2023]
rule segment:
    input: /scratch/indikar_root/indikar1/cstansbu/pf-test/images/test_202.processed.tiff, /home/cstansbu/git_repositories/pip-fucci/config/config.yaml
    output: /scratch/indikar_root/indikar1/cstansbu/pf-test/segments/test_202.segmented.tiff, /scratch/indikar_root/indikar1/cstansbu/pf-test/segmentation_results/test_202.csv
    jobid: 456
    reason: Missing output files: /scratch/indikar_root/indikar1/cstansbu/pf-test/segments/test_202.segmented.tiff; Input files updated by another job: /scratch/indikar_root/indikar1/cstansbu/pf-test/images/test_202.processed.tiff
    wildcards: iid=test, tid=202
    resources: tmpdir=/tmp


[Tue May  9 15:44:49 2023]
rule segment:
    input: /scratch/indikar_root/indikar1/cstansbu/pf-test/images/test_174.processed.tiff, /home/cstansbu/git_repositories/pip-fucci/config/config.yaml
    output: /scratch/indikar_root/indikar1/cstansbu/pf-test/segments/test_174.segmented.tiff, /scratch/indikar_root/indikar1/cstansbu/pf-test/segmentation_results/test_174.csv
    jobid: 428
    reason: Input files updated by another job: /scratch/indikar_root/indikar1/cstansbu/pf-test/images/test_174.processed.tiff
    wildcards: iid=test, tid=174
    resources: tmpdir=/tmp

[Tue May  9 15:44:49 2023]
Finished job 59.
53 of 506 steps (10%) done
[Tue May  9 15:44:49 2023]
Finished job 90.
54 of 506 steps (11%) done
Select jobs to execute...

[Tue May  9 15:44:49 2023]
rule preprocess:
    input: /scratch/indikar_root/indikar1/cstansbu/pf-test/images/test_232.raw.tiff, /home/cstansbu/git_repositories/pip-fucci/config/config.yaml
    output: /scratch/indikar_root/indikar1/cstansbu/pf-test/images/test_232.processed.tiff
    jobid: 234
    reason: Input files updated by another job: /scratch/indikar_root/indikar1/cstansbu/pf-test/images/test_232.raw.tiff
    wildcards: iid=test, tid=232
    resources: tmpdir=/tmp


[Tue May  9 15:44:49 2023]
rule segment:
    input: /scratch/indikar_root/indikar1/cstansbu/pf-test/images/test_118.processed.tiff, /home/cstansbu/git_repositories/pip-fucci/config/config.yaml
    output: /scratch/indikar_root/indikar1/cstansbu/pf-test/segments/test_118.segmented.tiff, /scratch/indikar_root/indikar1/cstansbu/pf-test/segmentation_results/test_118.csv
    jobid: 372
    reason: Input files updated by another job: /scratch/indikar_root/indikar1/cstansbu/pf-test/images/test_118.processed.tiff
    wildcards: iid=test, tid=118
    resources: tmpdir=/tmp

[Tue May  9 15:44:49 2023]
Finished job 123.
55 of 506 steps (11%) done
[Tue May  9 15:44:49 2023]
Finished job 206.
56 of 506 steps (11%) done
[Tue May  9 15:44:49 2023]
Finished job 38.
57 of 506 steps (11%) done
Select jobs to execute...

[Tue May  9 15:44:49 2023]
rule segment:
    input: /scratch/indikar_root/indikar1/cstansbu/pf-test/images/test_231.processed.tiff, /home/cstansbu/git_repositories/pip-fucci/config/config.yaml
    output: /scratch/indikar_root/indikar1/cstansbu/pf-test/segments/test_231.segmented.tiff, /scratch/indikar_root/indikar1/cstansbu/pf-test/segmentation_results/test_231.csv
    jobid: 485
    reason: Missing output files: /scratch/indikar_root/indikar1/cstansbu/pf-test/segments/test_231.segmented.tiff; Input files updated by another job: /scratch/indikar_root/indikar1/cstansbu/pf-test/images/test_231.processed.tiff
    wildcards: iid=test, tid=231
    resources: tmpdir=/tmp


[Tue May  9 15:44:49 2023]
rule preprocess:
    input: /scratch/indikar_root/indikar1/cstansbu/pf-test/images/test_176.raw.tiff, /home/cstansbu/git_repositories/pip-fucci/config/config.yaml
    output: /scratch/indikar_root/indikar1/cstansbu/pf-test/images/test_176.processed.tiff
    jobid: 178
    reason: Input files updated by another job: /scratch/indikar_root/indikar1/cstansbu/pf-test/images/test_176.raw.tiff
    wildcards: iid=test, tid=176
    resources: tmpdir=/tmp


[Tue May  9 15:44:49 2023]
rule segment:
    input: /scratch/indikar_root/indikar1/cstansbu/pf-test/images/test_229.processed.tiff, /home/cstansbu/git_repositories/pip-fucci/config/config.yaml
    output: /scratch/indikar_root/indikar1/cstansbu/pf-test/segments/test_229.segmented.tiff, /scratch/indikar_root/indikar1/cstansbu/pf-test/segmentation_results/test_229.csv
    jobid: 483
    reason: Missing output files: /scratch/indikar_root/indikar1/cstansbu/pf-test/segments/test_229.segmented.tiff; Input files updated by another job: /scratch/indikar_root/indikar1/cstansbu/pf-test/images/test_229.processed.tiff
    wildcards: iid=test, tid=229
    resources: tmpdir=/tmp

Select jobs to execute...
[Tue May  9 15:44:49 2023]
Finished job 66.
58 of 506 steps (11%) done

[Tue May  9 15:44:49 2023]
rule preprocess:
    input: /scratch/indikar_root/indikar1/cstansbu/pf-test/images/test_23.raw.tiff, /home/cstansbu/git_repositories/pip-fucci/config/config.yaml
    output: /scratch/indikar_root/indikar1/cstansbu/pf-test/images/test_23.processed.tiff
    jobid: 25
    reason: Input files updated by another job: /scratch/indikar_root/indikar1/cstansbu/pf-test/images/test_23.raw.tiff
    wildcards: iid=test, tid=23
    resources: tmpdir=/tmp

[Tue May  9 15:44:50 2023]
Finished job 315.
59 of 506 steps (12%) done
Select jobs to execute...

[Tue May  9 15:44:50 2023]
rule preprocess:
    input: /scratch/indikar_root/indikar1/cstansbu/pf-test/images/test_219.raw.tiff, /home/cstansbu/git_repositories/pip-fucci/config/config.yaml
    output: /scratch/indikar_root/indikar1/cstansbu/pf-test/images/test_219.processed.tiff
    jobid: 221
    reason: Input files updated by another job: /scratch/indikar_root/indikar1/cstansbu/pf-test/images/test_219.raw.tiff
    wildcards: iid=test, tid=219
    resources: tmpdir=/tmp

[Tue May  9 15:44:50 2023]
Finished job 399.
60 of 506 steps (12%) done
[Tue May  9 15:44:50 2023]
Finished job 287.
61 of 506 steps (12%) done
Select jobs to execute...

[Tue May  9 15:44:50 2023]
rule segment:
    input: /scratch/indikar_root/indikar1/cstansbu/pf-test/images/test_203.processed.tiff, /home/cstansbu/git_repositories/pip-fucci/config/config.yaml
    output: /scratch/indikar_root/indikar1/cstansbu/pf-test/segments/test_203.segmented.tiff, /scratch/indikar_root/indikar1/cstansbu/pf-test/segmentation_results/test_203.csv
    jobid: 457
    reason: Input files updated by another job: /scratch/indikar_root/indikar1/cstansbu/pf-test/images/test_203.processed.tiff
    wildcards: iid=test, tid=203
    resources: tmpdir=/tmp


[Tue May  9 15:44:50 2023]
rule preprocess:
    input: /scratch/indikar_root/indikar1/cstansbu/pf-test/images/test_149.raw.tiff, /home/cstansbu/git_repositories/pip-fucci/config/config.yaml
    output: /scratch/indikar_root/indikar1/cstansbu/pf-test/images/test_149.processed.tiff
    jobid: 151
    reason: Input files updated by another job: /scratch/indikar_root/indikar1/cstansbu/pf-test/images/test_149.raw.tiff
    wildcards: iid=test, tid=149
    resources: tmpdir=/tmp

[Tue May  9 15:44:50 2023]
Finished job 455.
62 of 506 steps (12%) done
[Tue May  9 15:44:50 2023]
Finished job 343.
63 of 506 steps (12%) done
Select jobs to execute...

[Tue May  9 15:44:50 2023]
rule segment:
    input: /scratch/indikar_root/indikar1/cstansbu/pf-test/images/test_91.processed.tiff, /home/cstansbu/git_repositories/pip-fucci/config/config.yaml
    output: /scratch/indikar_root/indikar1/cstansbu/pf-test/segments/test_91.segmented.tiff, /scratch/indikar_root/indikar1/cstansbu/pf-test/segmentation_results/test_91.csv
    jobid: 345
    reason: Missing output files: /scratch/indikar_root/indikar1/cstansbu/pf-test/segments/test_91.segmented.tiff; Input files updated by another job: /scratch/indikar_root/indikar1/cstansbu/pf-test/images/test_91.processed.tiff
    wildcards: iid=test, tid=91
    resources: tmpdir=/tmp


[Tue May  9 15:44:50 2023]
rule preprocess:
    input: /scratch/indikar_root/indikar1/cstansbu/pf-test/images/test_142.raw.tiff, /home/cstansbu/git_repositories/pip-fucci/config/config.yaml
    output: /scratch/indikar_root/indikar1/cstansbu/pf-test/images/test_142.processed.tiff
    jobid: 144
    reason: Input files updated by another job: /scratch/indikar_root/indikar1/cstansbu/pf-test/images/test_142.raw.tiff
    wildcards: iid=test, tid=142
    resources: tmpdir=/tmp

[Tue May  9 15:44:50 2023]
Finished job 426.
64 of 506 steps (13%) done
Select jobs to execute...

[Tue May  9 15:44:50 2023]
rule segment:
    input: /scratch/indikar_root/indikar1/cstansbu/pf-test/images/test_192.processed.tiff, /home/cstansbu/git_repositories/pip-fucci/config/config.yaml
    output: /scratch/indikar_root/indikar1/cstansbu/pf-test/segments/test_192.segmented.tiff, /scratch/indikar_root/indikar1/cstansbu/pf-test/segmentation_results/test_192.csv
    jobid: 446
    reason: Missing output files: /scratch/indikar_root/indikar1/cstansbu/pf-test/segments/test_192.segmented.tiff; Input files updated by another job: /scratch/indikar_root/indikar1/cstansbu/pf-test/images/test_192.processed.tiff
    wildcards: iid=test, tid=192
    resources: tmpdir=/tmp

[Tue May  9 15:44:50 2023]
Finished job 344.
65 of 506 steps (13%) done
Select jobs to execute...

[Tue May  9 15:44:50 2023]
rule preprocess:
    input: /scratch/indikar_root/indikar1/cstansbu/pf-test/images/test_24.raw.tiff, /home/cstansbu/git_repositories/pip-fucci/config/config.yaml
    output: /scratch/indikar_root/indikar1/cstansbu/pf-test/images/test_24.processed.tiff
    jobid: 26
    reason: Input files updated by another job: /scratch/indikar_root/indikar1/cstansbu/pf-test/images/test_24.raw.tiff
    wildcards: iid=test, tid=24
    resources: tmpdir=/tmp

Select jobs to execute...
[Tue May  9 15:44:50 2023]
Finished job 454.
66 of 506 steps (13%) done

[Tue May  9 15:44:50 2023]
rule preprocess:
    input: /scratch/indikar_root/indikar1/cstansbu/pf-test/images/test_80.raw.tiff, /home/cstansbu/git_repositories/pip-fucci/config/config.yaml
    output: /scratch/indikar_root/indikar1/cstansbu/pf-test/images/test_80.processed.tiff
    jobid: 82
    reason: Input files updated by another job: /scratch/indikar_root/indikar1/cstansbu/pf-test/images/test_80.raw.tiff
    wildcards: iid=test, tid=80
    resources: tmpdir=/tmp

[Tue May  9 15:44:50 2023]
Finished job 371.
67 of 506 steps (13%) done
Select jobs to execute...

[Tue May  9 15:44:51 2023]
rule segment:
    input: /scratch/indikar_root/indikar1/cstansbu/pf-test/images/test_248.processed.tiff, /home/cstansbu/git_repositories/pip-fucci/config/config.yaml
    output: /scratch/indikar_root/indikar1/cstansbu/pf-test/segments/test_248.segmented.tiff, /scratch/indikar_root/indikar1/cstansbu/pf-test/segmentation_results/test_248.csv
    jobid: 502
    reason: Missing output files: /scratch/indikar_root/indikar1/cstansbu/pf-test/segments/test_248.segmented.tiff; Input files updated by another job: /scratch/indikar_root/indikar1/cstansbu/pf-test/images/test_248.processed.tiff
    wildcards: iid=test, tid=248
    resources: tmpdir=/tmp

[Tue May  9 15:44:51 2023]
Finished job 427.
68 of 506 steps (13%) done
Select jobs to execute...

[Tue May  9 15:44:51 2023]
rule preprocess:
    input: /scratch/indikar_root/indikar1/cstansbu/pf-test/images/test_136.raw.tiff, /home/cstansbu/git_repositories/pip-fucci/config/config.yaml
    output: /scratch/indikar_root/indikar1/cstansbu/pf-test/images/test_136.processed.tiff
    jobid: 138
    reason: Input files updated by another job: /scratch/indikar_root/indikar1/cstansbu/pf-test/images/test_136.raw.tiff
    wildcards: iid=test, tid=136
    resources: tmpdir=/tmp

[Tue May  9 15:44:51 2023]
Finished job 482.
69 of 506 steps (14%) done
[Tue May  9 15:44:51 2023]
Finished job 288.
70 of 506 steps (14%) done
[Tue May  9 15:44:51 2023]
Finished job 370.
71 of 506 steps (14%) done
Select jobs to execute...

[Tue May  9 15:44:51 2023]
rule preprocess:
    input: /scratch/indikar_root/indikar1/cstansbu/pf-test/images/test_92.raw.tiff, /home/cstansbu/git_repositories/pip-fucci/config/config.yaml
    output: /scratch/indikar_root/indikar1/cstansbu/pf-test/images/test_92.processed.tiff
    jobid: 94
    reason: Input files updated by another job: /scratch/indikar_root/indikar1/cstansbu/pf-test/images/test_92.raw.tiff
    wildcards: iid=test, tid=92
    resources: tmpdir=/tmp


[Tue May  9 15:44:51 2023]
rule segment:
    input: /scratch/indikar_root/indikar1/cstansbu/pf-test/images/test_148.processed.tiff, /home/cstansbu/git_repositories/pip-fucci/config/config.yaml
    output: /scratch/indikar_root/indikar1/cstansbu/pf-test/segments/test_148.segmented.tiff, /scratch/indikar_root/indikar1/cstansbu/pf-test/segmentation_results/test_148.csv
    jobid: 402
    reason: Missing output files: /scratch/indikar_root/indikar1/cstansbu/pf-test/segments/test_148.segmented.tiff; Input files updated by another job: /scratch/indikar_root/indikar1/cstansbu/pf-test/images/test_148.processed.tiff
    wildcards: iid=test, tid=148
    resources: tmpdir=/tmp


[Tue May  9 15:44:51 2023]
rule preprocess:
    input: /scratch/indikar_root/indikar1/cstansbu/pf-test/images/test_38.raw.tiff, /home/cstansbu/git_repositories/pip-fucci/config/config.yaml
    output: /scratch/indikar_root/indikar1/cstansbu/pf-test/images/test_38.processed.tiff
    jobid: 40
    reason: Input files updated by another job: /scratch/indikar_root/indikar1/cstansbu/pf-test/images/test_38.raw.tiff
    wildcards: iid=test, tid=38
    resources: tmpdir=/tmp

[Tue May  9 15:44:51 2023]
Finished job 398.
72 of 506 steps (14%) done
[Tue May  9 15:44:51 2023]
Finished job 314.
73 of 506 steps (14%) done
Select jobs to execute...

[Tue May  9 15:44:51 2023]
rule segment:
    input: /scratch/indikar_root/indikar1/cstansbu/pf-test/images/test_36.processed.tiff, /home/cstansbu/git_repositories/pip-fucci/config/config.yaml
    output: /scratch/indikar_root/indikar1/cstansbu/pf-test/segments/test_36.segmented.tiff, /scratch/indikar_root/indikar1/cstansbu/pf-test/segmentation_results/test_36.csv
    jobid: 290
    reason: Missing output files: /scratch/indikar_root/indikar1/cstansbu/pf-test/segments/test_36.segmented.tiff; Input files updated by another job: /scratch/indikar_root/indikar1/cstansbu/pf-test/images/test_36.processed.tiff
    wildcards: iid=test, tid=36
    resources: tmpdir=/tmp


[Tue May  9 15:44:51 2023]
rule preprocess:
    input: /scratch/indikar_root/indikar1/cstansbu/pf-test/images/test_206.raw.tiff, /home/cstansbu/git_repositories/pip-fucci/config/config.yaml
    output: /scratch/indikar_root/indikar1/cstansbu/pf-test/images/test_206.processed.tiff
    jobid: 208
    reason: Input files updated by another job: /scratch/indikar_root/indikar1/cstansbu/pf-test/images/test_206.raw.tiff
    wildcards: iid=test, tid=206
    resources: tmpdir=/tmp

Select jobs to execute...
[Tue May  9 15:44:53 2023]
Finished job 110.
74 of 506 steps (15%) done

[Tue May  9 15:44:53 2023]
rule preprocess:
    input: /scratch/indikar_root/indikar1/cstansbu/pf-test/images/test_221.raw.tiff, /home/cstansbu/git_repositories/pip-fucci/config/config.yaml
    output: /scratch/indikar_root/indikar1/cstansbu/pf-test/images/test_221.processed.tiff
    jobid: 223
    reason: Input files updated by another job: /scratch/indikar_root/indikar1/cstansbu/pf-test/images/test_221.raw.tiff
    wildcards: iid=test, tid=221
    resources: tmpdir=/tmp

[Tue May  9 15:44:54 2023]
Finished job 54.
75 of 506 steps (15%) done
Select jobs to execute...

[Tue May  9 15:44:54 2023]
rule preprocess:
    input: /scratch/indikar_root/indikar1/cstansbu/pf-test/images/test_165.raw.tiff, /home/cstansbu/git_repositories/pip-fucci/config/config.yaml
    output: /scratch/indikar_root/indikar1/cstansbu/pf-test/images/test_165.processed.tiff
    jobid: 167
    reason: Input files updated by another job: /scratch/indikar_root/indikar1/cstansbu/pf-test/images/test_165.raw.tiff
    wildcards: iid=test, tid=165
    resources: tmpdir=/tmp

[Tue May  9 15:44:54 2023]
Finished job 249.
76 of 506 steps (15%) done
Select jobs to execute...

[Tue May  9 15:44:54 2023]
rule preprocess:
    input: /scratch/indikar_root/indikar1/cstansbu/pf-test/images/test_109.raw.tiff, /home/cstansbu/git_repositories/pip-fucci/config/config.yaml
    output: /scratch/indikar_root/indikar1/cstansbu/pf-test/images/test_109.processed.tiff
    jobid: 111
    reason: Input files updated by another job: /scratch/indikar_root/indikar1/cstansbu/pf-test/images/test_109.raw.tiff
    wildcards: iid=test, tid=109
    resources: tmpdir=/tmp

[Tue May  9 15:44:54 2023]
Finished job 137.
77 of 506 steps (15%) done
Select jobs to execute...

[Tue May  9 15:44:54 2023]
rule segment:
    input: /scratch/indikar_root/indikar1/cstansbu/pf-test/images/test_108.processed.tiff, /home/cstansbu/git_repositories/pip-fucci/config/config.yaml
    output: /scratch/indikar_root/indikar1/cstansbu/pf-test/segments/test_108.segmented.tiff, /scratch/indikar_root/indikar1/cstansbu/pf-test/segmentation_results/test_108.csv
    jobid: 362
    reason: Missing output files: /scratch/indikar_root/indikar1/cstansbu/pf-test/segments/test_108.segmented.tiff; Input files updated by another job: /scratch/indikar_root/indikar1/cstansbu/pf-test/images/test_108.processed.tiff
    wildcards: iid=test, tid=108
    resources: tmpdir=/tmp

[Tue May  9 15:44:54 2023]
Finished job 193.
78 of 506 steps (15%) done
[Tue May  9 15:44:54 2023]
Finished job 81.
79 of 506 steps (16%) done
Select jobs to execute...

[Tue May  9 15:44:54 2023]
rule segment:
    input: /scratch/indikar_root/indikar1/cstansbu/pf-test/images/test_204.processed.tiff, /home/cstansbu/git_repositories/pip-fucci/config/config.yaml
    output: /scratch/indikar_root/indikar1/cstansbu/pf-test/segments/test_204.segmented.tiff, /scratch/indikar_root/indikar1/cstansbu/pf-test/segmentation_results/test_204.csv
    jobid: 458
    reason: Missing output files: /scratch/indikar_root/indikar1/cstansbu/pf-test/segments/test_204.segmented.tiff; Input files updated by another job: /scratch/indikar_root/indikar1/cstansbu/pf-test/images/test_204.processed.tiff
    wildcards: iid=test, tid=204
    resources: tmpdir=/tmp


[Tue May  9 15:44:54 2023]
rule preprocess:
    input: /scratch/indikar_root/indikar1/cstansbu/pf-test/images/test_66.raw.tiff, /home/cstansbu/git_repositories/pip-fucci/config/config.yaml
    output: /scratch/indikar_root/indikar1/cstansbu/pf-test/images/test_66.processed.tiff
    jobid: 68
    reason: Input files updated by another job: /scratch/indikar_root/indikar1/cstansbu/pf-test/images/test_66.raw.tiff
    wildcards: iid=test, tid=66
    resources: tmpdir=/tmp

Select jobs to execute...
[Tue May  9 15:44:55 2023]
Finished job 8.
80 of 506 steps (16%) done

[Tue May  9 15:44:55 2023]
rule segment:
    input: /scratch/indikar_root/indikar1/cstansbu/pf-test/images/test_52.processed.tiff, /home/cstansbu/git_repositories/pip-fucci/config/config.yaml
    output: /scratch/indikar_root/indikar1/cstansbu/pf-test/segments/test_52.segmented.tiff, /scratch/indikar_root/indikar1/cstansbu/pf-test/segmentation_results/test_52.csv
    jobid: 306
    reason: Missing output files: /scratch/indikar_root/indikar1/cstansbu/pf-test/segments/test_52.segmented.tiff; Input files updated by another job: /scratch/indikar_root/indikar1/cstansbu/pf-test/images/test_52.processed.tiff
    wildcards: iid=test, tid=52
    resources: tmpdir=/tmp

[Tue May  9 15:44:55 2023]
Finished job 178.
81 of 506 steps (16%) done
Select jobs to execute...

[Tue May  9 15:44:55 2023]
rule preprocess:
    input: /scratch/indikar_root/indikar1/cstansbu/pf-test/images/test_220.raw.tiff, /home/cstansbu/git_repositories/pip-fucci/config/config.yaml
    output: /scratch/indikar_root/indikar1/cstansbu/pf-test/images/test_220.processed.tiff
    jobid: 222
    reason: Input files updated by another job: /scratch/indikar_root/indikar1/cstansbu/pf-test/images/test_220.raw.tiff
    wildcards: iid=test, tid=220
    resources: tmpdir=/tmp

[Tue May  9 15:44:55 2023]
Finished job 234.
82 of 506 steps (16%) done
[Tue May  9 15:44:55 2023]
Finished job 39.
83 of 506 steps (16%) done
Select jobs to execute...

[Tue May  9 15:44:55 2023]
rule segment:
    input: /scratch/indikar_root/indikar1/cstansbu/pf-test/images/test_64.processed.tiff, /home/cstansbu/git_repositories/pip-fucci/config/config.yaml
    output: /scratch/indikar_root/indikar1/cstansbu/pf-test/segments/test_64.segmented.tiff, /scratch/indikar_root/indikar1/cstansbu/pf-test/segmentation_results/test_64.csv
    jobid: 318
    reason: Missing output files: /scratch/indikar_root/indikar1/cstansbu/pf-test/segments/test_64.segmented.tiff; Input files updated by another job: /scratch/indikar_root/indikar1/cstansbu/pf-test/images/test_64.processed.tiff
    wildcards: iid=test, tid=64
    resources: tmpdir=/tmp


[Tue May  9 15:44:55 2023]
rule preprocess:
    input: /scratch/indikar_root/indikar1/cstansbu/pf-test/images/test_94.raw.tiff, /home/cstansbu/git_repositories/pip-fucci/config/config.yaml
    output: /scratch/indikar_root/indikar1/cstansbu/pf-test/images/test_94.processed.tiff
    jobid: 96
    reason: Input files updated by another job: /scratch/indikar_root/indikar1/cstansbu/pf-test/images/test_94.raw.tiff
    wildcards: iid=test, tid=94
    resources: tmpdir=/tmp

[Tue May  9 15:44:55 2023]
Finished job 122.
84 of 506 steps (17%) done
Select jobs to execute...

[Tue May  9 15:44:55 2023]
rule preprocess:
    input: /scratch/indikar_root/indikar1/cstansbu/pf-test/images/test_164.raw.tiff, /home/cstansbu/git_repositories/pip-fucci/config/config.yaml
    output: /scratch/indikar_root/indikar1/cstansbu/pf-test/images/test_164.processed.tiff
    jobid: 166
    reason: Input files updated by another job: /scratch/indikar_root/indikar1/cstansbu/pf-test/images/test_164.raw.tiff
    wildcards: iid=test, tid=164
    resources: tmpdir=/tmp

Select jobs to execute...
[Tue May  9 15:44:55 2023]
Finished job 25.
85 of 506 steps (17%) done

[Tue May  9 15:44:55 2023]
rule segment:
    input: /scratch/indikar_root/indikar1/cstansbu/pf-test/images/test_23.processed.tiff, /home/cstansbu/git_repositories/pip-fucci/config/config.yaml
    output: /scratch/indikar_root/indikar1/cstansbu/pf-test/segments/test_23.segmented.tiff, /scratch/indikar_root/indikar1/cstansbu/pf-test/segmentation_results/test_23.csv
    jobid: 277
    reason: Missing output files: /scratch/indikar_root/indikar1/cstansbu/pf-test/segments/test_23.segmented.tiff; Input files updated by another job: /scratch/indikar_root/indikar1/cstansbu/pf-test/images/test_23.processed.tiff
    wildcards: iid=test, tid=23
    resources: tmpdir=/tmp

[Tue May  9 15:44:55 2023]
Error in rule segment:
    jobid: 428
    input: /scratch/indikar_root/indikar1/cstansbu/pf-test/images/test_174.processed.tiff, /home/cstansbu/git_repositories/pip-fucci/config/config.yaml
    output: /scratch/indikar_root/indikar1/cstansbu/pf-test/segments/test_174.segmented.tiff, /scratch/indikar_root/indikar1/cstansbu/pf-test/segmentation_results/test_174.csv
    shell:
        python scripts/segment.py /scratch/indikar_root/indikar1/cstansbu/pf-test/images/test_174.processed.tiff /home/cstansbu/git_repositories/pip-fucci/config/config.yaml /scratch/indikar_root/indikar1/cstansbu/pf-test/segments/test_174.segmented.tiff /scratch/indikar_root/indikar1/cstansbu/pf-test/segmentation_results/test_174.csv
        (one of the commands exited with non-zero exit code; note that snakemake uses bash strict mode!)

[Tue May  9 15:44:55 2023]
Finished job 316.
86 of 506 steps (17%) done
[Tue May  9 15:44:55 2023]
Error in rule segment:
    jobid: 456
    input: /scratch/indikar_root/indikar1/cstansbu/pf-test/images/test_202.processed.tiff, /home/cstansbu/git_repositories/pip-fucci/config/config.yaml
    output: /scratch/indikar_root/indikar1/cstansbu/pf-test/segments/test_202.segmented.tiff, /scratch/indikar_root/indikar1/cstansbu/pf-test/segmentation_results/test_202.csv
    shell:
        python scripts/segment.py /scratch/indikar_root/indikar1/cstansbu/pf-test/images/test_202.processed.tiff /home/cstansbu/git_repositories/pip-fucci/config/config.yaml /scratch/indikar_root/indikar1/cstansbu/pf-test/segments/test_202.segmented.tiff /scratch/indikar_root/indikar1/cstansbu/pf-test/segmentation_results/test_202.csv
        (one of the commands exited with non-zero exit code; note that snakemake uses bash strict mode!)

[Tue May  9 15:44:55 2023]
Error in rule segment:
    jobid: 483
    input: /scratch/indikar_root/indikar1/cstansbu/pf-test/images/test_229.processed.tiff, /home/cstansbu/git_repositories/pip-fucci/config/config.yaml
    output: /scratch/indikar_root/indikar1/cstansbu/pf-test/segments/test_229.segmented.tiff, /scratch/indikar_root/indikar1/cstansbu/pf-test/segmentation_results/test_229.csv
    shell:
        python scripts/segment.py /scratch/indikar_root/indikar1/cstansbu/pf-test/images/test_229.processed.tiff /home/cstansbu/git_repositories/pip-fucci/config/config.yaml /scratch/indikar_root/indikar1/cstansbu/pf-test/segments/test_229.segmented.tiff /scratch/indikar_root/indikar1/cstansbu/pf-test/segmentation_results/test_229.csv
        (one of the commands exited with non-zero exit code; note that snakemake uses bash strict mode!)

[Tue May  9 15:44:55 2023]
Finished job 373.
87 of 506 steps (17%) done
[Tue May  9 15:44:55 2023]
Finished job 151.
88 of 506 steps (17%) done
[Tue May  9 15:44:56 2023]
Finished job 400.
89 of 506 steps (18%) done
[Tue May  9 15:44:56 2023]
Finished job 221.
90 of 506 steps (18%) done
[Tue May  9 15:44:56 2023]
Finished job 26.
91 of 506 steps (18%) done
[Tue May  9 15:44:56 2023]
Finished job 144.
92 of 506 steps (18%) done
[Tue May  9 15:44:56 2023]
Finished job 484.
93 of 506 steps (18%) done
[Tue May  9 15:44:56 2023]
Finished job 138.
94 of 506 steps (19%) done
[Tue May  9 15:44:56 2023]
Error in rule segment:
    jobid: 345
    input: /scratch/indikar_root/indikar1/cstansbu/pf-test/images/test_91.processed.tiff, /home/cstansbu/git_repositories/pip-fucci/config/config.yaml
    output: /scratch/indikar_root/indikar1/cstansbu/pf-test/segments/test_91.segmented.tiff, /scratch/indikar_root/indikar1/cstansbu/pf-test/segmentation_results/test_91.csv
    shell:
        python scripts/segment.py /scratch/indikar_root/indikar1/cstansbu/pf-test/images/test_91.processed.tiff /home/cstansbu/git_repositories/pip-fucci/config/config.yaml /scratch/indikar_root/indikar1/cstansbu/pf-test/segments/test_91.segmented.tiff /scratch/indikar_root/indikar1/cstansbu/pf-test/segmentation_results/test_91.csv
        (one of the commands exited with non-zero exit code; note that snakemake uses bash strict mode!)

[Tue May  9 15:44:56 2023]
Finished job 94.
95 of 506 steps (19%) done
[Tue May  9 15:44:56 2023]
Finished job 485.
96 of 506 steps (19%) done
[Tue May  9 15:44:56 2023]
Finished job 82.
97 of 506 steps (19%) done
[Tue May  9 15:44:56 2023]
Finished job 40.
98 of 506 steps (19%) done
[Tue May  9 15:44:56 2023]
Finished job 372.
99 of 506 steps (20%) done
[Tue May  9 15:44:56 2023]
Finished job 208.
100 of 506 steps (20%) done
[Tue May  9 15:44:57 2023]
Finished job 457.
101 of 506 steps (20%) done
[Tue May  9 15:44:57 2023]
Finished job 446.
102 of 506 steps (20%) done
[Tue May  9 15:44:57 2023]
Finished job 402.
103 of 506 steps (20%) done
[Tue May  9 15:44:57 2023]
Finished job 290.
104 of 506 steps (21%) done
[Tue May  9 15:44:57 2023]
Finished job 502.
105 of 506 steps (21%) done
[Tue May  9 15:44:58 2023]
Finished job 223.
106 of 506 steps (21%) done
[Tue May  9 15:44:59 2023]
Finished job 458.
107 of 506 steps (21%) done
[Tue May  9 15:44:59 2023]
Finished job 167.
108 of 506 steps (21%) done
[Tue May  9 15:44:59 2023]
Finished job 111.
109 of 506 steps (22%) done
[Tue May  9 15:44:59 2023]
Finished job 362.
110 of 506 steps (22%) done
[Tue May  9 15:44:59 2023]
Finished job 306.
111 of 506 steps (22%) done
[Tue May  9 15:45:00 2023]
Finished job 318.
112 of 506 steps (22%) done
[Tue May  9 15:45:00 2023]
Finished job 222.
113 of 506 steps (22%) done
[Tue May  9 15:45:00 2023]
Finished job 68.
114 of 506 steps (23%) done
[Tue May  9 15:45:00 2023]
Finished job 277.
115 of 506 steps (23%) done
[Tue May  9 15:45:00 2023]
Finished job 96.
116 of 506 steps (23%) done
[Tue May  9 15:45:00 2023]
Finished job 166.
117 of 506 steps (23%) done
Shutting down, this might take some time.
Exiting because a job execution failed. Look above for error message
Complete log: .snakemake/log/2023-05-09T154146.451777.snakemake.log
