Building DAG of jobs...
Using shell: /usr/bin/bash
Provided cores: 36
Rules claiming more threads will be scaled down.
Job stats:
job        count    min threads    max threads
-------  -------  -------------  -------------
all            1              1              1
segment        1              1              1
total          2              1              1

Select jobs to execute...

[Wed May 10 11:20:32 2023]
rule segment:
    input: /scratch/indikar_root/indikar1/cstansbu/pf-test/images/test.processed.tiff, /home/cstansbu/git_repositories/pip-fucci/config/config.yaml
    output: /scratch/indikar_root/indikar1/cstansbu/pf-test/images/test.segmented.tiff, /scratch/indikar_root/indikar1/cstansbu/pf-test/segmentation/test.data.csv
    jobid: 4
    reason: Missing output files: /scratch/indikar_root/indikar1/cstansbu/pf-test/images/test.segmented.tiff
    wildcards: iid=test
    resources: tmpdir=/tmp

[Wed May 10 11:23:30 2023]
Finished job 4.
1 of 2 steps (50%) done
Select jobs to execute...

[Wed May 10 11:23:30 2023]
localrule all:
    input: /scratch/indikar_root/indikar1/cstansbu/pf-test/metadata/test.json, /scratch/indikar_root/indikar1/cstansbu/pf-test/images/test.raw.tiff, /scratch/indikar_root/indikar1/cstansbu/pf-test/images/test.segmented.tiff, /scratch/indikar_root/indikar1/cstansbu/pf-test/images/test.processed.tiff
    jobid: 0
    reason: Input files updated by another job: /scratch/indikar_root/indikar1/cstansbu/pf-test/images/test.segmented.tiff
    resources: tmpdir=/tmp

[Wed May 10 11:23:30 2023]
Finished job 0.
2 of 2 steps (100%) done
Complete log: .snakemake/log/2023-05-10T112031.813343.snakemake.log
