Building DAG of jobs...
Using shell: /usr/bin/bash
Provided cores: 36
Rules claiming more threads will be scaled down.
Job stats:
job                    count    min threads    max threads
-------------------  -------  -------------  -------------
all                        1              1              1
getMaskedBackground        2              1              1
score_intensities          1              1              1
segment                    1              1              1
total                      5              1              1

Select jobs to execute...

[Wed May 10 15:37:24 2023]
rule segment:
    input: /scratch/indikar_root/indikar1/cstansbu/pf-test/images/test.processed.tiff, /home/cstansbu/git_repositories/pip-fucci/config/config.yaml
    output: /scratch/indikar_root/indikar1/cstansbu/pf-test/images/test.segmented.tiff, /scratch/indikar_root/indikar1/cstansbu/pf-test/segmentation/test.celldata.csv, /scratch/indikar_root/indikar1/cstansbu/pf-test/segmentation/test.intensities.csv
    jobid: 4
    reason: Missing output files: /scratch/indikar_root/indikar1/cstansbu/pf-test/segmentation/test.intensities.csv
    wildcards: iid=test
    resources: tmpdir=/tmp

[Wed May 10 15:51:50 2023]
Finished job 4.
1 of 5 steps (20%) done
Select jobs to execute...

[Wed May 10 15:51:50 2023]
rule getMaskedBackground:
    input: /scratch/indikar_root/indikar1/cstansbu/pf-test/images/test.raw.tiff, /scratch/indikar_root/indikar1/cstansbu/pf-test/images/test.segmented.tiff
    output: /scratch/indikar_root/indikar1/cstansbu/pf-test/background/test.raw.ma.background.csv
    jobid: 260
    reason: Input files updated by another job: /scratch/indikar_root/indikar1/cstansbu/pf-test/images/test.segmented.tiff
    wildcards: iid=test, state=raw
    resources: tmpdir=/tmp


[Wed May 10 15:51:50 2023]
rule getMaskedBackground:
    input: /scratch/indikar_root/indikar1/cstansbu/pf-test/images/test.processed.tiff, /scratch/indikar_root/indikar1/cstansbu/pf-test/images/test.segmented.tiff
    output: /scratch/indikar_root/indikar1/cstansbu/pf-test/background/test.processed.ma.background.csv
    jobid: 261
    reason: Input files updated by another job: /scratch/indikar_root/indikar1/cstansbu/pf-test/images/test.segmented.tiff
    wildcards: iid=test, state=processed
    resources: tmpdir=/tmp

[Wed May 10 15:53:41 2023]
Finished job 260.
2 of 5 steps (40%) done
[Wed May 10 15:56:07 2023]
Finished job 261.
3 of 5 steps (60%) done
Select jobs to execute...

[Wed May 10 15:56:07 2023]
rule score_intensities:
    input: /scratch/indikar_root/indikar1/cstansbu/pf-test/segmentation/test.intensities.csv, /scratch/indikar_root/indikar1/cstansbu/pf-test/background/test.raw.background.csv, /scratch/indikar_root/indikar1/cstansbu/pf-test/background/test.raw.ma.background.csv, /scratch/indikar_root/indikar1/cstansbu/pf-test/background/test.processed.background.csv, /scratch/indikar_root/indikar1/cstansbu/pf-test/background/test.processed.ma.background.csv
    output: /scratch/indikar_root/indikar1/cstansbu/pf-test/segmentation/test.intensity_scores.csv
    jobid: 262
    reason: Missing output files: /scratch/indikar_root/indikar1/cstansbu/pf-test/segmentation/test.intensity_scores.csv; Input files updated by another job: /scratch/indikar_root/indikar1/cstansbu/pf-test/segmentation/test.intensities.csv, /scratch/indikar_root/indikar1/cstansbu/pf-test/background/test.raw.ma.background.csv, /scratch/indikar_root/indikar1/cstansbu/pf-test/background/test.processed.ma.background.csv
    wildcards: iid=test
    resources: tmpdir=/tmp

Waiting at most 5 seconds for missing files.
MissingOutputException in rule score_intensities in file /home/cstansbu/git_repositories/pip-fucci/Snakefile, line 137:
Job 262  completed successfully, but some output files are missing. Missing files after 5 seconds. This might be due to filesystem latency. If that is the case, consider to increase the wait time with --latency-wait:
/scratch/indikar_root/indikar1/cstansbu/pf-test/segmentation/test.intensity_scores.csv
Shutting down, this might take some time.
Exiting because a job execution failed. Look above for error message
Complete log: .snakemake/log/2023-05-10T153707.186614.snakemake.log
