Building DAG of jobs...
Using shell: /usr/bin/bash
Provided cores: 36
Rules claiming more threads will be scaled down.
Job stats:
job                    count    min threads    max threads
-------------------  -------  -------------  -------------
all                        1              1              1
getMaskedBackground        2              1              1
segment                    1              1              1
total                      4              1              1

Select jobs to execute...

[Wed May 10 14:00:17 2023]
rule segment:
    input: /scratch/indikar_root/indikar1/cstansbu/pf-test/images/test.processed.tiff, /home/cstansbu/git_repositories/pip-fucci/config/config.yaml
    output: /scratch/indikar_root/indikar1/cstansbu/pf-test/images/test.segmented.tiff, /scratch/indikar_root/indikar1/cstansbu/pf-test/segmentation/test.celldata.csv, /scratch/indikar_root/indikar1/cstansbu/pf-test/segmentation/test.intensities.csv
    jobid: 4
    reason: Missing output files: /scratch/indikar_root/indikar1/cstansbu/pf-test/segmentation/test.intensities.csv; Code has changed since last execution
    wildcards: iid=test
    resources: tmpdir=/tmp

[Wed May 10 14:14:35 2023]
Finished job 4.
1 of 4 steps (25%) done
Select jobs to execute...

[Wed May 10 14:14:36 2023]
rule getMaskedBackground:
    input: /scratch/indikar_root/indikar1/cstansbu/pf-test/images/test.raw.tiff, /scratch/indikar_root/indikar1/cstansbu/pf-test/images/test.segmented.tiff
    output: /scratch/indikar_root/indikar1/cstansbu/pf-test/background/test.raw.ma.background.csv
    jobid: 260
    reason: Input files updated by another job: /scratch/indikar_root/indikar1/cstansbu/pf-test/images/test.segmented.tiff
    wildcards: iid=test, state=raw
    resources: tmpdir=/tmp


[Wed May 10 14:14:36 2023]
rule getMaskedBackground:
    input: /scratch/indikar_root/indikar1/cstansbu/pf-test/images/test.processed.tiff, /scratch/indikar_root/indikar1/cstansbu/pf-test/images/test.segmented.tiff
    output: /scratch/indikar_root/indikar1/cstansbu/pf-test/background/test.processed.ma.background.csv
    jobid: 261
    reason: Input files updated by another job: /scratch/indikar_root/indikar1/cstansbu/pf-test/images/test.segmented.tiff
    wildcards: iid=test, state=processed
    resources: tmpdir=/tmp

[Wed May 10 14:15:28 2023]
Finished job 261.
2 of 4 steps (50%) done
[Wed May 10 14:15:34 2023]
Finished job 260.
3 of 4 steps (75%) done
Select jobs to execute...

[Wed May 10 14:15:34 2023]
localrule all:
    input: /scratch/indikar_root/indikar1/cstansbu/pf-test/metadata/test.json, /scratch/indikar_root/indikar1/cstansbu/pf-test/images/test.raw.tiff, /scratch/indikar_root/indikar1/cstansbu/pf-test/images/test.segmented.tiff, /scratch/indikar_root/indikar1/cstansbu/pf-test/images/test.processed.tiff, /scratch/indikar_root/indikar1/cstansbu/pf-test/segmentation/test.intensities.csv, /scratch/indikar_root/indikar1/cstansbu/pf-test/background/test.raw.background.csv, /scratch/indikar_root/indikar1/cstansbu/pf-test/background/test.processed.background.csv, /scratch/indikar_root/indikar1/cstansbu/pf-test/background/test.raw.ma.background.csv, /scratch/indikar_root/indikar1/cstansbu/pf-test/background/test.processed.ma.background.csv
    jobid: 0
    reason: Input files updated by another job: /scratch/indikar_root/indikar1/cstansbu/pf-test/images/test.segmented.tiff, /scratch/indikar_root/indikar1/cstansbu/pf-test/background/test.processed.ma.background.csv, /scratch/indikar_root/indikar1/cstansbu/pf-test/segmentation/test.intensities.csv, /scratch/indikar_root/indikar1/cstansbu/pf-test/background/test.raw.ma.background.csv
    resources: tmpdir=/tmp

[Wed May 10 14:15:34 2023]
Finished job 0.
4 of 4 steps (100%) done
Complete log: .snakemake/log/2023-05-10T140015.613506.snakemake.log
