Building DAG of jobs...
MissingInputException in rule all in file /home/cstansbu/git_repositories/pip-fucci/Snakefile, line 24:
Missing input files for rule all:
    affected files:
        /scratch/indikar_root/indikar1/cstansbu/pf-test/images/test/test_16.tiff
        /scratch/indikar_root/indikar1/cstansbu/pf-test/images/test/test_50.tiff
        /scratch/indikar_root/indikar1/cstansbu/pf-test/images/test/test_17.tiff
        /scratch/indikar_root/indikar1/cstansbu/pf-test/images/test/test_191.tiff
        /scratch/indikar_root/indikar1/cstansbu/pf-test/images/test/test_250.tiff
        /scratch/indikar_root/indikar1/cstansbu/pf-test/images/test/test_199.tiff
        /scratch/indikar_root/indikar1/cstansbu/pf-test/images/test/test_4.tiff
        /scratch/indikar_root/indikar1/cstansbu/pf-test/images/test/test_114.tiff
        /scratch/indikar_root/indikar1/cstansbu/pf-test/images/test/test_167.tiff
        /scratch/indikar_root/indikar1/cstansbu/pf-test/images/test/test_87.tiff
        /scratch/indikar_root/indikar1/cstansbu/pf-test/images/test/test_190.tiff
        /scratch/indikar_root/indikar1/cstansbu/pf-test/images/test/test_225.tiff
        /scratch/indikar_root/indikar1/cstansbu/pf-test/images/test/test_35.tiff
        /scratch/indikar_root/indikar1/cstansbu/pf-test/images/test/test_40.tiff
        /scratch/indikar_root/indikar1/cstansbu/pf-test/images/test/test_97.tiff
        /scratch/indikar_root/indikar1/cstansbu/pf-test/images/test/test_193.tiff
        /scratch/indikar_root/indikar1/cstansbu/pf-test/images/test/test_203.tiff
        /scratch/indikar_root/indikar1/cstansbu/pf-test/images/test/test_30.tiff
        /scratch/indikar_root/indikar1/cstansbu/pf-test/images/test/test_3.tiff
        /scratch/indikar_root/indikar1/cstansbu/pf-test/images/test/test_174.tiff
        /scratch/indikar_root/indikar1/cstansbu/pf-test/images/test/test_217.tiff
        /scratch/indikar_root/indikar1/cstansbu/pf-test/images/test/test_189.tiff
        /scratch/indikar_root/indikar1/cstansbu/pf-test/images/test/test_5.tiff
        /scratch/indikar_root/indikar1/cstansbu/pf-test/images/test/test_111.tiff
        /scratch/indikar_root/indikar1/cstansbu/pf-test/images/test/test_143.tiff
        /scratch/indikar_root/indikar1/cstansbu/pf-test/images/test/test_169.tiff
        /scratch/indikar_root/indikar1/cstansbu/pf-test/images/test/test_27.tiff
        /scratch/indikar_root/indikar1/cstansbu/pf-test/images/test/test_209.tiff
        /scratch/indikar_root/indikar1/cstansbu/pf-test/images/test/test_166.tiff
        /scratch/indikar_root/indikar1/cstansbu/pf-test/images/test/test_84.tiff
        /scratch/indikar_root/indikar1/cstansbu/pf-test/images/test/test_73.tiff
        /scratch/indikar_root/indikar1/cstansbu/pf-test/images/test/test_72.tiff
        /scratch/indikar_root/indikar1/cstansbu/pf-test/images/test/test_239.tiff
        /scratch/indikar_root/indikar1/cstansbu/pf-test/images/test/test_141.tiff
        /scratch/indikar_root/indikar1/cstansbu/pf-test/images/test/test_214.tiff
        /scratch/indikar_root/indikar1/cstansbu/pf-test/images/test/test_18.tiff
        /scratch/indikar_root/indikar1/cstansbu/pf-test/images/test/test_232.tiff
        /scratch/indikar_root/indikar1/cstansbu/pf-test/images/test/test_197.tiff
        /scratch/indikar_root/indikar1/cstansbu/pf-test/images/test/test_139.tiff
        /scratch/indikar_root/indikar1/cstansbu/pf-test/images/test/test_52.tiff
        /scratch/indikar_root/indikar1/cstansbu/pf-test/images/test/test_157.tiff
        /scratch/indikar_root/indikar1/cstansbu/pf-test/images/test/test_47.tiff
        /scratch/indikar_root/indikar1/cstansbu/pf-test/images/test/test_65.tiff
        /scratch/indikar_root/indikar1/cstansbu/pf-test/images/test/test_107.tiff
        /scratch/indikar_root/indikar1/cstansbu/pf-test/images/test/test_106.tiff
        /scratch/indikar_root/indikar1/cstansbu/pf-test/images/test/test_138.tiff
        /scratch/indikar_root/indikar1/cstansbu/pf-test/images/test/test_196.tiff
        /scratch/indikar_root/indikar1/cstansbu/pf-test/images/test/test_159.tiff
        /scratch/indikar_root/indikar1/cstansbu/pf-test/images/test/test_213.tiff
        /scratch/indikar_root/indikar1/cstansbu/pf-test/images/test/test_135.tiff
        /scratch/indikar_root/indikar1/cstansbu/pf-test/images/test/test_230.tiff
        /scratch/indikar_root/indikar1/cstansbu/pf-test/images/test/test_116.tiff
        /scratch/indikar_root/indikar1/cstansbu/pf-test/images/test/test_165.tiff
        /scratch/indikar_root/indikar1/cstansbu/pf-test/images/test/test_162.tiff
        /scratch/indikar_root/indikar1/cstansbu/pf-test/images/test/test_200.tiff
        /scratch/indikar_root/indikar1/cstansbu/pf-test/images/test/test_185.tiff
        /scratch/indikar_root/indikar1/cstansbu/pf-test/images/test/test_39.tiff
        /scratch/indikar_root/indikar1/cstansbu/pf-test/images/test/test_173.tiff
        /scratch/indikar_root/indikar1/cstansbu/pf-test/images/test/test_13.tiff
        /scratch/indikar_root/indikar1/cstansbu/pf-test/images/test/test_59.tiff
        /scratch/indikar_root/indikar1/cstansbu/pf-test/images/test/test_201.tiff
        /scratch/indikar_root/indikar1/cstansbu/pf-test/images/test/test_224.tiff
        /scratch/indikar_root/indikar1/cstansbu/pf-test/images/test/test_153.tiff
        /scratch/indikar_root/indikar1/cstansbu/pf-test/images/test/test_212.tiff
        /scratch/indikar_root/indikar1/cstansbu/pf-test/images/test/test_121.tiff
        /scratch/indikar_root/indikar1/cstansbu/pf-test/images/test/test_179.tiff
        /scratch/indikar_root/indikar1/cstansbu/pf-test/images/test/test_231.tiff
        /scratch/indikar_root/indikar1/cstansbu/pf-test/images/test/test_136.tiff
        /scratch/indikar_root/indikar1/cstansbu/pf-test/images/test/test_82.tiff
        /scratch/indikar_root/indikar1/cstansbu/pf-test/images/test/test_92.tiff
        /scratch/indikar_root/indikar1/cstansbu/pf-test/images/test/test_118.tiff
        /scratch/indikar_root/indikar1/cstansbu/pf-test/images/test/test_151.tiff
        /scratch/indikar_root/indikar1/cstansbu/pf-test/images/test/test_219.tiff
        /scratch/indikar_root/indikar1/cstansbu/pf-test/images/test/test_221.tiff
        /scratch/indikar_root/indikar1/cstansbu/pf-test/images/test/test_104.tiff
        /scratch/indikar_root/indikar1/cstansbu/pf-test/images/test/test_233.tiff
        /scratch/indikar_root/indikar1/cstansbu/pf-test/images/test/test_235.tiff
        /scratch/indikar_root/indikar1/cstansbu/pf-test/images/test/test_144.tiff
        /scratch/indikar_root/indikar1/cstansbu/pf-test/images/test/test_88.tiff
        /scratch/indikar_root/indikar1/cstansbu/pf-test/images/test/test_43.tiff
        /scratch/indikar_root/indikar1/cstansbu/pf-test/images/test/test_36.tiff
        /scratch/indikar_root/indikar1/cstansbu/pf-test/images/test/test_161.tiff
        /scratch/indikar_root/indikar1/cstansbu/pf-test/images/test/test_246.tiff
        /scratch/indikar_root/indikar1/cstansbu/pf-test/images/test/test_149.tiff
        /scratch/indikar_root/indikar1/cstansbu/pf-test/images/test/test_247.tiff
        /scratch/indikar_root/indikar1/cstansbu/pf-test/images/test/test_210.tiff
        /scratch/indikar_root/indikar1/cstansbu/pf-test/images/test/test_238.tiff
        /scratch/indikar_root/indikar1/cstansbu/pf-test/images/test/test_183.tiff
        /scratch/indikar_root/indikar1/cstansbu/pf-test/images/test/test_32.tiff
        /scratch/indikar_root/indikar1/cstansbu/pf-test/images/test/test_44.tiff
        /scratch/indikar_root/indikar1/cstansbu/pf-test/images/test/test_46.tiff
        /scratch/indikar_root/indikar1/cstansbu/pf-test/images/test/test_186.tiff
        /scratch/indikar_root/indikar1/cstansbu/pf-test/images/test/test_194.tiff
        /scratch/indikar_root/indikar1/cstansbu/pf-test/images/test/test_6.tiff
        /scratch/indikar_root/indikar1/cstansbu/pf-test/images/test/test_22.tiff
        /scratch/indikar_root/indikar1/cstansbu/pf-test/images/test/test_126.tiff
        /scratch/indikar_root/indikar1/cstansbu/pf-test/images/test/test_83.tiff
        /scratch/indikar_root/indikar1/cstansbu/pf-test/images/test/test_208.tiff
        /scratch/indikar_root/indikar1/cstansbu/pf-test/images/test/test_102.tiff
        /scratch/indikar_root/indikar1/cstansbu/pf-test/images/test/test_177.tiff
        /scratch/indikar_root/indikar1/cstansbu/pf-test/images/test/test_69.tiff
        /scratch/indikar_root/indikar1/cstansbu/pf-test/images/test/test_130.tiff
        /scratch/indikar_root/indikar1/cstansbu/pf-test/images/test/test_150.tiff
        /scratch/indikar_root/indikar1/cstansbu/pf-test/images/test/test_28.tiff
        /scratch/indikar_root/indikar1/cstansbu/pf-test/images/test/test_51.tiff
        /scratch/indikar_root/indikar1/cstansbu/pf-test/images/test/test_155.tiff
        /scratch/indikar_root/indikar1/cstansbu/pf-test/images/test/test_170.tiff
        /scratch/indikar_root/indikar1/cstansbu/pf-test/images/test/test_127.tiff
        /scratch/indikar_root/indikar1/cstansbu/pf-test/images/test/test_226.tiff
        /scratch/indikar_root/indikar1/cstansbu/pf-test/images/test/test_133.tiff
        /scratch/indikar_root/indikar1/cstansbu/pf-test/images/test/test_109.tiff
        /scratch/indikar_root/indikar1/cstansbu/pf-test/images/test/test_120.tiff
        /scratch/indikar_root/indikar1/cstansbu/pf-test/images/test/test_248.tiff
        /scratch/indikar_root/indikar1/cstansbu/pf-test/images/test/test_37.tiff
        /scratch/indikar_root/indikar1/cstansbu/pf-test/images/test/test_61.tiff
        /scratch/indikar_root/indikar1/cstansbu/pf-test/images/test/test_164.tiff
        /scratch/indikar_root/indikar1/cstansbu/pf-test/images/test/test_195.tiff
        /scratch/indikar_root/indikar1/cstansbu/pf-test/images/test/test_181.tiff
        /scratch/indikar_root/indikar1/cstansbu/pf-test/images/test/test_137.tiff
        /scratch/indikar_root/indikar1/cstansbu/pf-test/images/test/test_93.tiff
        /scratch/indikar_root/indikar1/cstansbu/pf-test/images/test/test_123.tiff
        /scratch/indikar_root/indikar1/cstansbu/pf-test/images/test/test_234.tiff
        /scratch/indikar_root/indikar1/cstansbu/pf-test/images/test/test_125.tiff
        /scratch/indikar_root/indikar1/cstansbu/pf-test/images/test/test_25.tiff
        /scratch/indikar_root/indikar1/cstansbu/pf-test/images/test/test_33.tiff
        /scratch/indikar_root/indikar1/cstansbu/pf-test/images/test/test_19.tiff
        /scratch/indikar_root/indikar1/cstansbu/pf-test/images/test/test_206.tiff
        /scratch/indikar_root/indikar1/cstansbu/pf-test/images/test/test_241.tiff
        /scratch/indikar_root/indikar1/cstansbu/pf-test/images/test/test_14.tiff
        /scratch/indikar_root/indikar1/cstansbu/pf-test/images/test/test_119.tiff
        /scratch/indikar_root/indikar1/cstansbu/pf-test/images/test/test_236.tiff
        /scratch/indikar_root/indikar1/cstansbu/pf-test/images/test/test_242.tiff
        /scratch/indikar_root/indikar1/cstansbu/pf-test/images/test/test_142.tiff
        /scratch/indikar_root/indikar1/cstansbu/pf-test/images/test/test_134.tiff
        /scratch/indikar_root/indikar1/cstansbu/pf-test/images/test/test_12.tiff
        /scratch/indikar_root/indikar1/cstansbu/pf-test/images/test/test_216.tiff
        /scratch/indikar_root/indikar1/cstansbu/pf-test/images/test/test_237.tiff
        /scratch/indikar_root/indikar1/cstansbu/pf-test/images/test/test_249.tiff
        /scratch/indikar_root/indikar1/cstansbu/pf-test/images/test/test_147.tiff
        /scratch/indikar_root/indikar1/cstansbu/pf-test/images/test/test_163.tiff
        /scratch/indikar_root/indikar1/cstansbu/pf-test/images/test/test_23.tiff
        /scratch/indikar_root/indikar1/cstansbu/pf-test/images/test/test_158.tiff
        /scratch/indikar_root/indikar1/cstansbu/pf-test/images/test/test_175.tiff
        /scratch/indikar_root/indikar1/cstansbu/pf-test/images/test/test_211.tiff
        /scratch/indikar_root/indikar1/cstansbu/pf-test/images/test/test_218.tiff
        /scratch/indikar_root/indikar1/cstansbu/pf-test/images/test/test_9.tiff
        /scratch/indikar_root/indikar1/cstansbu/pf-test/images/test/test_48.tiff
        /scratch/indikar_root/indikar1/cstansbu/pf-test/images/test/test_251.tiff
        /scratch/indikar_root/indikar1/cstansbu/pf-test/images/test/test_171.tiff
        /scratch/indikar_root/indikar1/cstansbu/pf-test/images/test/test_117.tiff
        /scratch/indikar_root/indikar1/cstansbu/pf-test/images/test/test_205.tiff
        /scratch/indikar_root/indikar1/cstansbu/pf-test/images/test/test_57.tiff
        /scratch/indikar_root/indikar1/cstansbu/pf-test/images/test/test_91.tiff
        /scratch/indikar_root/indikar1/cstansbu/pf-test/images/test/test_204.tiff
        /scratch/indikar_root/indikar1/cstansbu/pf-test/images/test/test_184.tiff
        /scratch/indikar_root/indikar1/cstansbu/pf-test/images/test/test_202.tiff
        /scratch/indikar_root/indikar1/cstansbu/pf-test/images/test/test_80.tiff
        /scratch/indikar_root/indikar1/cstansbu/pf-test/images/test/test_7.tiff
        /scratch/indikar_root/indikar1/cstansbu/pf-test/images/test/test_176.tiff
        /scratch/indikar_root/indikar1/cstansbu/pf-test/images/test/test_228.tiff
        /scratch/indikar_root/indikar1/cstansbu/pf-test/images/test/test_55.tiff
        /scratch/indikar_root/indikar1/cstansbu/pf-test/images/test/test_63.tiff
        /scratch/indikar_root/indikar1/cstansbu/pf-test/images/test/test_29.tiff
        /scratch/indikar_root/indikar1/cstansbu/pf-test/images/test/test_62.tiff
        /scratch/indikar_root/indikar1/cstansbu/pf-test/images/test/test_192.tiff
        /scratch/indikar_root/indikar1/cstansbu/pf-test/images/test/test_146.tiff
        /scratch/indikar_root/indikar1/cstansbu/pf-test/images/test/test_2.tiff
        /scratch/indikar_root/indikar1/cstansbu/pf-test/images/test/test_81.tiff
        /scratch/indikar_root/indikar1/cstansbu/pf-test/images/test/test_103.tiff
        /scratch/indikar_root/indikar1/cstansbu/pf-test/images/test/test_154.tiff
        /scratch/indikar_root/indikar1/cstansbu/pf-test/images/test/test_240.tiff
        /scratch/indikar_root/indikar1/cstansbu/pf-test/images/test/test_56.tiff
        /scratch/indikar_root/indikar1/cstansbu/pf-test/images/test/test_15.tiff
        /scratch/indikar_root/indikar1/cstansbu/pf-test/images/test/test_124.tiff
        /scratch/indikar_root/indikar1/cstansbu/pf-test/images/test/test_244.tiff
        /scratch/indikar_root/indikar1/cstansbu/pf-test/images/test/test_38.tiff
        /scratch/indikar_root/indikar1/cstansbu/pf-test/images/test/test_60.tiff
        /scratch/indikar_root/indikar1/cstansbu/pf-test/images/test/test_252.tiff
        /scratch/indikar_root/indikar1/cstansbu/pf-test/images/test/test_182.tiff
        /scratch/indikar_root/indikar1/cstansbu/pf-test/images/test/test_10.tiff
        /scratch/indikar_root/indikar1/cstansbu/pf-test/images/test/test_8.tiff
        /scratch/indikar_root/indikar1/cstansbu/pf-test/images/test/test_98.tiff
        /scratch/indikar_root/indikar1/cstansbu/pf-test/images/test/test_223.tiff
        /scratch/indikar_root/indikar1/cstansbu/pf-test/images/test/test_110.tiff
        /scratch/indikar_root/indikar1/cstansbu/pf-test/images/test/test_11.tiff
        /scratch/indikar_root/indikar1/cstansbu/pf-test/images/test/test_45.tiff
        /scratch/indikar_root/indikar1/cstansbu/pf-test/images/test/test_105.tiff
        /scratch/indikar_root/indikar1/cstansbu/pf-test/images/test/test_160.tiff
        /scratch/indikar_root/indikar1/cstansbu/pf-test/images/test/test_148.tiff
        /scratch/indikar_root/indikar1/cstansbu/pf-test/images/test/test_131.tiff
        /scratch/indikar_root/indikar1/cstansbu/pf-test/images/test/test_222.tiff
        /scratch/indikar_root/indikar1/cstansbu/pf-test/images/test/test_156.tiff
        /scratch/indikar_root/indikar1/cstansbu/pf-test/images/test/test_20.tiff
        /scratch/indikar_root/indikar1/cstansbu/pf-test/images/test/test_96.tiff
        /scratch/indikar_root/indikar1/cstansbu/pf-test/images/test/test_188.tiff
        /scratch/indikar_root/indikar1/cstansbu/pf-test/images/test/test_26.tiff
        /scratch/indikar_root/indikar1/cstansbu/pf-test/images/test/test_245.tiff
        /scratch/indikar_root/indikar1/cstansbu/pf-test/images/test/test_115.tiff
        /scratch/indikar_root/indikar1/cstansbu/pf-test/images/test/test_68.tiff
        /scratch/indikar_root/indikar1/cstansbu/pf-test/images/test/test_101.tiff
        /scratch/indikar_root/indikar1/cstansbu/pf-test/images/test/test_112.tiff
        /scratch/indikar_root/indikar1/cstansbu/pf-test/images/test/test_58.tiff
        /scratch/indikar_root/indikar1/cstansbu/pf-test/images/test/test_21.tiff
        /scratch/indikar_root/indikar1/cstansbu/pf-test/images/test/test_113.tiff
        /scratch/indikar_root/indikar1/cstansbu/pf-test/images/test/test_1.tiff
        /scratch/indikar_root/indikar1/cstansbu/pf-test/images/test/test_77.tiff
        /scratch/indikar_root/indikar1/cstansbu/pf-test/images/test/test_53.tiff
        /scratch/indikar_root/indikar1/cstansbu/pf-test/images/test/test_132.tiff
        /scratch/indikar_root/indikar1/cstansbu/pf-test/images/test/test_152.tiff
        /scratch/indikar_root/indikar1/cstansbu/pf-test/images/test/test_24.tiff
        /scratch/indikar_root/indikar1/cstansbu/pf-test/images/test/test_122.tiff
        /scratch/indikar_root/indikar1/cstansbu/pf-test/images/test/test_70.tiff
        /scratch/indikar_root/indikar1/cstansbu/pf-test/images/test/test_34.tiff
        /scratch/indikar_root/indikar1/cstansbu/pf-test/images/test/test_54.tiff
        /scratch/indikar_root/indikar1/cstansbu/pf-test/images/test/test_100.tiff
        /scratch/indikar_root/indikar1/cstansbu/pf-test/images/test/test_78.tiff
        /scratch/indikar_root/indikar1/cstansbu/pf-test/images/test/test_86.tiff
        /scratch/indikar_root/indikar1/cstansbu/pf-test/images/test/test_79.tiff
        /scratch/indikar_root/indikar1/cstansbu/pf-test/images/test/test_108.tiff
        /scratch/indikar_root/indikar1/cstansbu/pf-test/images/test/test_71.tiff
        /scratch/indikar_root/indikar1/cstansbu/pf-test/images/test/test_76.tiff
        /scratch/indikar_root/indikar1/cstansbu/pf-test/images/test/test_207.tiff
        /scratch/indikar_root/indikar1/cstansbu/pf-test/images/test/test_187.tiff
        /scratch/indikar_root/indikar1/cstansbu/pf-test/images/test/test_49.tiff
        /scratch/indikar_root/indikar1/cstansbu/pf-test/images/test/test_42.tiff
        /scratch/indikar_root/indikar1/cstansbu/pf-test/images/test/test_95.tiff
        /scratch/indikar_root/indikar1/cstansbu/pf-test/images/test/test_243.tiff
        /scratch/indikar_root/indikar1/cstansbu/pf-test/images/test/test_66.tiff
        /scratch/indikar_root/indikar1/cstansbu/pf-test/images/test/test_74.tiff
        /scratch/indikar_root/indikar1/cstansbu/pf-test/images/test/test_99.tiff
        /scratch/indikar_root/indikar1/cstansbu/pf-test/images/test/test_172.tiff
        /scratch/indikar_root/indikar1/cstansbu/pf-test/images/test/test_198.tiff
        /scratch/indikar_root/indikar1/cstansbu/pf-test/images/test/test_229.tiff
        /scratch/indikar_root/indikar1/cstansbu/pf-test/images/test/test_64.tiff
        /scratch/indikar_root/indikar1/cstansbu/pf-test/images/test/test_67.tiff
        /scratch/indikar_root/indikar1/cstansbu/pf-test/images/test/test_220.tiff
        /scratch/indikar_root/indikar1/cstansbu/pf-test/images/test/test_89.tiff
        /scratch/indikar_root/indikar1/cstansbu/pf-test/images/test/test_85.tiff
        /scratch/indikar_root/indikar1/cstansbu/pf-test/images/test/test_168.tiff
        /scratch/indikar_root/indikar1/cstansbu/pf-test/images/test/test_178.tiff
        /scratch/indikar_root/indikar1/cstansbu/pf-test/images/test/test_75.tiff
        /scratch/indikar_root/indikar1/cstansbu/pf-test/images/test/test_90.tiff
        /scratch/indikar_root/indikar1/cstansbu/pf-test/images/test/test_129.tiff
        /scratch/indikar_root/indikar1/cstansbu/pf-test/images/test/test_227.tiff
        /scratch/indikar_root/indikar1/cstansbu/pf-test/images/test/test_128.tiff
        /scratch/indikar_root/indikar1/cstansbu/pf-test/images/test/test_140.tiff
        /scratch/indikar_root/indikar1/cstansbu/pf-test/images/test/test_31.tiff
        /scratch/indikar_root/indikar1/cstansbu/pf-test/images/test/test_180.tiff
        /scratch/indikar_root/indikar1/cstansbu/pf-test/images/test/test_41.tiff
        /scratch/indikar_root/indikar1/cstansbu/pf-test/images/test/test_94.tiff
        /scratch/indikar_root/indikar1/cstansbu/pf-test/images/test/test_145.tiff
        /scratch/indikar_root/indikar1/cstansbu/pf-test/images/test/test_215.tiff
