Building DAG of jobs...
Using shell: /usr/bin/bash
Provided cores: 36
Rules claiming more threads will be scaled down.
Job stats:
job                  count    min threads    max threads
-----------------  -------  -------------  -------------
all                      1              1              1
score_intensities        1              1              1
total                    2              1              1

Select jobs to execute...

[Wed May 10 13:07:55 2023]
rule score_intensities:
    input: /scratch/indikar_root/indikar1/cstansbu/pf-test/segmentation/test.celldata.csv, /scratch/indikar_root/indikar1/cstansbu/pf-test/background/test.raw.background.csv, /scratch/indikar_root/indikar1/cstansbu/pf-test/background/test.raw.ma.background.csv, /scratch/indikar_root/indikar1/cstansbu/pf-test/background/test.processed.background.csv, /scratch/indikar_root/indikar1/cstansbu/pf-test/background/test.processed.ma.background.csv
    output: /scratch/indikar_root/indikar1/cstansbu/pf-test/segmentation/test.intensities.csv
    jobid: 258
    reason: Missing output files: /scratch/indikar_root/indikar1/cstansbu/pf-test/segmentation/test.intensities.csv
    wildcards: iid=test
    resources: tmpdir=/tmp

Waiting at most 5 seconds for missing files.
MissingOutputException in rule score_intensities in file /home/cstansbu/git_repositories/pip-fucci/Snakefile, line 135:
Job 258  completed successfully, but some output files are missing. Missing files after 5 seconds. This might be due to filesystem latency. If that is the case, consider to increase the wait time with --latency-wait:
/scratch/indikar_root/indikar1/cstansbu/pf-test/segmentation/test.intensities.csv
Shutting down, this might take some time.
Exiting because a job execution failed. Look above for error message
Complete log: .snakemake/log/2023-05-10T130753.277995.snakemake.log
