Building DAG of jobs...
Using shell: /usr/bin/bash
Provided cores: 36
Rules claiming more threads will be scaled down.
Job stats:
job           count    min threads    max threads
----------  -------  -------------  -------------
all               1              1              1
getImages         1              1              1
preprocess      252              1              1
segment         252              1              1
total           506              1              1

Select jobs to execute...

[Tue May  9 14:12:42 2023]
rule getImages:
    input: /nfs/turbo/umms-indikar/shared/projects/wound_healing/data/sync-unsync/20230502-BJPF-sync-A3-20m.ome.tiff, /home/cstansbu/git_repositories/pip-fucci/config/config.yaml
    output: /scratch/indikar_root/indikar1/cstansbu/pf-test/images/test_1.raw.tiff, /scratch/indikar_root/indikar1/cstansbu/pf-test/images/test_2.raw.tiff, /scratch/indikar_root/indikar1/cstansbu/pf-test/images/test_3.raw.tiff, /scratch/indikar_root/indikar1/cstansbu/pf-test/images/test_4.raw.tiff, /scratch/indikar_root/indikar1/cstansbu/pf-test/images/test_5.raw.tiff, /scratch/indikar_root/indikar1/cstansbu/pf-test/images/test_6.raw.tiff, /scratch/indikar_root/indikar1/cstansbu/pf-test/images/test_7.raw.tiff, /scratch/indikar_root/indikar1/cstansbu/pf-test/images/test_8.raw.tiff, /scratch/indikar_root/indikar1/cstansbu/pf-test/images/test_9.raw.tiff, /scratch/indikar_root/indikar1/cstansbu/pf-test/images/test_10.raw.tiff, /scratch/indikar_root/indikar1/cstansbu/pf-test/images/test_11.raw.tiff, /scratch/indikar_root/indikar1/cstansbu/pf-test/images/test_12.raw.tiff, /scratch/indikar_root/indikar1/cstansbu/pf-test/images/test_13.raw.tiff, /scratch/indikar_root/indikar1/cstansbu/pf-test/images/test_14.raw.tiff, /scratch/indikar_root/indikar1/cstansbu/pf-test/images/test_15.raw.tiff, /scratch/indikar_root/indikar1/cstansbu/pf-test/images/test_16.raw.tiff, /scratch/indikar_root/indikar1/cstansbu/pf-test/images/test_17.raw.tiff, /scratch/indikar_root/indikar1/cstansbu/pf-test/images/test_18.raw.tiff, /scratch/indikar_root/indikar1/cstansbu/pf-test/images/test_19.raw.tiff, /scratch/indikar_root/indikar1/cstansbu/pf-test/images/test_20.raw.tiff, /scratch/indikar_root/indikar1/cstansbu/pf-test/images/test_21.raw.tiff, /scratch/indikar_root/indikar1/cstansbu/pf-test/images/test_22.raw.tiff, /scratch/indikar_root/indikar1/cstansbu/pf-test/images/test_23.raw.tiff, /scratch/indikar_root/indikar1/cstansbu/pf-test/images/test_24.raw.tiff, /scratch/indikar_root/indikar1/cstansbu/pf-test/images/test_25.raw.tiff, /scratch/indikar_root/indikar1/cstansbu/pf-test/images/test_26.raw.tiff, /scratch/indikar_root/indikar1/cstansbu/pf-test/images/test_27.raw.tiff, /scratch/indikar_root/indikar1/cstansbu/pf-test/images/test_28.raw.tiff, /scratch/indikar_root/indikar1/cstansbu/pf-test/images/test_29.raw.tiff, /scratch/indikar_root/indikar1/cstansbu/pf-test/images/test_30.raw.tiff, /scratch/indikar_root/indikar1/cstansbu/pf-test/images/test_31.raw.tiff, /scratch/indikar_root/indikar1/cstansbu/pf-test/images/test_32.raw.tiff, /scratch/indikar_root/indikar1/cstansbu/pf-test/images/test_33.raw.tiff, /scratch/indikar_root/indikar1/cstansbu/pf-test/images/test_34.raw.tiff, /scratch/indikar_root/indikar1/cstansbu/pf-test/images/test_35.raw.tiff, /scratch/indikar_root/indikar1/cstansbu/pf-test/images/test_36.raw.tiff, /scratch/indikar_root/indikar1/cstansbu/pf-test/images/test_37.raw.tiff, /scratch/indikar_root/indikar1/cstansbu/pf-test/images/test_38.raw.tiff, /scratch/indikar_root/indikar1/cstansbu/pf-test/images/test_39.raw.tiff, /scratch/indikar_root/indikar1/cstansbu/pf-test/images/test_40.raw.tiff, /scratch/indikar_root/indikar1/cstansbu/pf-test/images/test_41.raw.tiff, /scratch/indikar_root/indikar1/cstansbu/pf-test/images/test_42.raw.tiff, /scratch/indikar_root/indikar1/cstansbu/pf-test/images/test_43.raw.tiff, /scratch/indikar_root/indikar1/cstansbu/pf-test/images/test_44.raw.tiff, /scratch/indikar_root/indikar1/cstansbu/pf-test/images/test_45.raw.tiff, /scratch/indikar_root/indikar1/cstansbu/pf-test/images/test_46.raw.tiff, /scratch/indikar_root/indikar1/cstansbu/pf-test/images/test_47.raw.tiff, /scratch/indikar_root/indikar1/cstansbu/pf-test/images/test_48.raw.tiff, /scratch/indikar_root/indikar1/cstansbu/pf-test/images/test_49.raw.tiff, /scratch/indikar_root/indikar1/cstansbu/pf-test/images/test_50.raw.tiff, /scratch/indikar_root/indikar1/cstansbu/pf-test/images/test_51.raw.tiff, /scratch/indikar_root/indikar1/cstansbu/pf-test/images/test_52.raw.tiff, /scratch/indikar_root/indikar1/cstansbu/pf-test/images/test_53.raw.tiff, /scratch/indikar_root/indikar1/cstansbu/pf-test/images/test_54.raw.tiff, /scratch/indikar_root/indikar1/cstansbu/pf-test/images/test_55.raw.tiff, /scratch/indikar_root/indikar1/cstansbu/pf-test/images/test_56.raw.tiff, /scratch/indikar_root/indikar1/cstansbu/pf-test/images/test_57.raw.tiff, /scratch/indikar_root/indikar1/cstansbu/pf-test/images/test_58.raw.tiff, /scratch/indikar_root/indikar1/cstansbu/pf-test/images/test_59.raw.tiff, /scratch/indikar_root/indikar1/cstansbu/pf-test/images/test_60.raw.tiff, /scratch/indikar_root/indikar1/cstansbu/pf-test/images/test_61.raw.tiff, /scratch/indikar_root/indikar1/cstansbu/pf-test/images/test_62.raw.tiff, /scratch/indikar_root/indikar1/cstansbu/pf-test/images/test_63.raw.tiff, /scratch/indikar_root/indikar1/cstansbu/pf-test/images/test_64.raw.tiff, /scratch/indikar_root/indikar1/cstansbu/pf-test/images/test_65.raw.tiff, /scratch/indikar_root/indikar1/cstansbu/pf-test/images/test_66.raw.tiff, /scratch/indikar_root/indikar1/cstansbu/pf-test/images/test_67.raw.tiff, /scratch/indikar_root/indikar1/cstansbu/pf-test/images/test_68.raw.tiff, /scratch/indikar_root/indikar1/cstansbu/pf-test/images/test_69.raw.tiff, /scratch/indikar_root/indikar1/cstansbu/pf-test/images/test_70.raw.tiff, /scratch/indikar_root/indikar1/cstansbu/pf-test/images/test_71.raw.tiff, /scratch/indikar_root/indikar1/cstansbu/pf-test/images/test_72.raw.tiff, /scratch/indikar_root/indikar1/cstansbu/pf-test/images/test_73.raw.tiff, /scratch/indikar_root/indikar1/cstansbu/pf-test/images/test_74.raw.tiff, /scratch/indikar_root/indikar1/cstansbu/pf-test/images/test_75.raw.tiff, /scratch/indikar_root/indikar1/cstansbu/pf-test/images/test_76.raw.tiff, /scratch/indikar_root/indikar1/cstansbu/pf-test/images/test_77.raw.tiff, /scratch/indikar_root/indikar1/cstansbu/pf-test/images/test_78.raw.tiff, /scratch/indikar_root/indikar1/cstansbu/pf-test/images/test_79.raw.tiff, /scratch/indikar_root/indikar1/cstansbu/pf-test/images/test_80.raw.tiff, /scratch/indikar_root/indikar1/cstansbu/pf-test/images/test_81.raw.tiff, /scratch/indikar_root/indikar1/cstansbu/pf-test/images/test_82.raw.tiff, /scratch/indikar_root/indikar1/cstansbu/pf-test/images/test_83.raw.tiff, /scratch/indikar_root/indikar1/cstansbu/pf-test/images/test_84.raw.tiff, /scratch/indikar_root/indikar1/cstansbu/pf-test/images/test_85.raw.tiff, /scratch/indikar_root/indikar1/cstansbu/pf-test/images/test_86.raw.tiff, /scratch/indikar_root/indikar1/cstansbu/pf-test/images/test_87.raw.tiff, /scratch/indikar_root/indikar1/cstansbu/pf-test/images/test_88.raw.tiff, /scratch/indikar_root/indikar1/cstansbu/pf-test/images/test_89.raw.tiff, /scratch/indikar_root/indikar1/cstansbu/pf-test/images/test_90.raw.tiff, /scratch/indikar_root/indikar1/cstansbu/pf-test/images/test_91.raw.tiff, /scratch/indikar_root/indikar1/cstansbu/pf-test/images/test_92.raw.tiff, /scratch/indikar_root/indikar1/cstansbu/pf-test/images/test_93.raw.tiff, /scratch/indikar_root/indikar1/cstansbu/pf-test/images/test_94.raw.tiff, /scratch/indikar_root/indikar1/cstansbu/pf-test/images/test_95.raw.tiff, /scratch/indikar_root/indikar1/cstansbu/pf-test/images/test_96.raw.tiff, /scratch/indikar_root/indikar1/cstansbu/pf-test/images/test_97.raw.tiff, /scratch/indikar_root/indikar1/cstansbu/pf-test/images/test_98.raw.tiff, /scratch/indikar_root/indikar1/cstansbu/pf-test/images/test_99.raw.tiff, /scratch/indikar_root/indikar1/cstansbu/pf-test/images/test_100.raw.tiff, /scratch/indikar_root/indikar1/cstansbu/pf-test/images/test_101.raw.tiff, /scratch/indikar_root/indikar1/cstansbu/pf-test/images/test_102.raw.tiff, /scratch/indikar_root/indikar1/cstansbu/pf-test/images/test_103.raw.tiff, /scratch/indikar_root/indikar1/cstansbu/pf-test/images/test_104.raw.tiff, /scratch/indikar_root/indikar1/cstansbu/pf-test/images/test_105.raw.tiff, /scratch/indikar_root/indikar1/cstansbu/pf-test/images/test_106.raw.tiff, /scratch/indikar_root/indikar1/cstansbu/pf-test/images/test_107.raw.tiff, /scratch/indikar_root/indikar1/cstansbu/pf-test/images/test_108.raw.tiff, /scratch/indikar_root/indikar1/cstansbu/pf-test/images/test_109.raw.tiff, /scratch/indikar_root/indikar1/cstansbu/pf-test/images/test_110.raw.tiff, /scratch/indikar_root/indikar1/cstansbu/pf-test/images/test_111.raw.tiff, /scratch/indikar_root/indikar1/cstansbu/pf-test/images/test_112.raw.tiff, /scratch/indikar_root/indikar1/cstansbu/pf-test/images/test_113.raw.tiff, /scratch/indikar_root/indikar1/cstansbu/pf-test/images/test_114.raw.tiff, /scratch/indikar_root/indikar1/cstansbu/pf-test/images/test_115.raw.tiff, /scratch/indikar_root/indikar1/cstansbu/pf-test/images/test_116.raw.tiff, /scratch/indikar_root/indikar1/cstansbu/pf-test/images/test_117.raw.tiff, /scratch/indikar_root/indikar1/cstansbu/pf-test/images/test_118.raw.tiff, /scratch/indikar_root/indikar1/cstansbu/pf-test/images/test_119.raw.tiff, /scratch/indikar_root/indikar1/cstansbu/pf-test/images/test_120.raw.tiff, /scratch/indikar_root/indikar1/cstansbu/pf-test/images/test_121.raw.tiff, /scratch/indikar_root/indikar1/cstansbu/pf-test/images/test_122.raw.tiff, /scratch/indikar_root/indikar1/cstansbu/pf-test/images/test_123.raw.tiff, /scratch/indikar_root/indikar1/cstansbu/pf-test/images/test_124.raw.tiff, /scratch/indikar_root/indikar1/cstansbu/pf-test/images/test_125.raw.tiff, /scratch/indikar_root/indikar1/cstansbu/pf-test/images/test_126.raw.tiff, /scratch/indikar_root/indikar1/cstansbu/pf-test/images/test_127.raw.tiff, /scratch/indikar_root/indikar1/cstansbu/pf-test/images/test_128.raw.tiff, /scratch/indikar_root/indikar1/cstansbu/pf-test/images/test_129.raw.tiff, /scratch/indikar_root/indikar1/cstansbu/pf-test/images/test_130.raw.tiff, /scratch/indikar_root/indikar1/cstansbu/pf-test/images/test_131.raw.tiff, /scratch/indikar_root/indikar1/cstansbu/pf-test/images/test_132.raw.tiff, /scratch/indikar_root/indikar1/cstansbu/pf-test/images/test_133.raw.tiff, /scratch/indikar_root/indikar1/cstansbu/pf-test/images/test_134.raw.tiff, /scratch/indikar_root/indikar1/cstansbu/pf-test/images/test_135.raw.tiff, /scratch/indikar_root/indikar1/cstansbu/pf-test/images/test_136.raw.tiff, /scratch/indikar_root/indikar1/cstansbu/pf-test/images/test_137.raw.tiff, /scratch/indikar_root/indikar1/cstansbu/pf-test/images/test_138.raw.tiff, /scratch/indikar_root/indikar1/cstansbu/pf-test/images/test_139.raw.tiff, /scratch/indikar_root/indikar1/cstansbu/pf-test/images/test_140.raw.tiff, /scratch/indikar_root/indikar1/cstansbu/pf-test/images/test_141.raw.tiff, /scratch/indikar_root/indikar1/cstansbu/pf-test/images/test_142.raw.tiff, /scratch/indikar_root/indikar1/cstansbu/pf-test/images/test_143.raw.tiff, /scratch/indikar_root/indikar1/cstansbu/pf-test/images/test_144.raw.tiff, /scratch/indikar_root/indikar1/cstansbu/pf-test/images/test_145.raw.tiff, /scratch/indikar_root/indikar1/cstansbu/pf-test/images/test_146.raw.tiff, /scratch/indikar_root/indikar1/cstansbu/pf-test/images/test_147.raw.tiff, /scratch/indikar_root/indikar1/cstansbu/pf-test/images/test_148.raw.tiff, /scratch/indikar_root/indikar1/cstansbu/pf-test/images/test_149.raw.tiff, /scratch/indikar_root/indikar1/cstansbu/pf-test/images/test_150.raw.tiff, /scratch/indikar_root/indikar1/cstansbu/pf-test/images/test_151.raw.tiff, /scratch/indikar_root/indikar1/cstansbu/pf-test/images/test_152.raw.tiff, /scratch/indikar_root/indikar1/cstansbu/pf-test/images/test_153.raw.tiff, /scratch/indikar_root/indikar1/cstansbu/pf-test/images/test_154.raw.tiff, /scratch/indikar_root/indikar1/cstansbu/pf-test/images/test_155.raw.tiff, /scratch/indikar_root/indikar1/cstansbu/pf-test/images/test_156.raw.tiff, /scratch/indikar_root/indikar1/cstansbu/pf-test/images/test_157.raw.tiff, /scratch/indikar_root/indikar1/cstansbu/pf-test/images/test_158.raw.tiff, /scratch/indikar_root/indikar1/cstansbu/pf-test/images/test_159.raw.tiff, /scratch/indikar_root/indikar1/cstansbu/pf-test/images/test_160.raw.tiff, /scratch/indikar_root/indikar1/cstansbu/pf-test/images/test_161.raw.tiff, /scratch/indikar_root/indikar1/cstansbu/pf-test/images/test_162.raw.tiff, /scratch/indikar_root/indikar1/cstansbu/pf-test/images/test_163.raw.tiff, /scratch/indikar_root/indikar1/cstansbu/pf-test/images/test_164.raw.tiff, /scratch/indikar_root/indikar1/cstansbu/pf-test/images/test_165.raw.tiff, /scratch/indikar_root/indikar1/cstansbu/pf-test/images/test_166.raw.tiff, /scratch/indikar_root/indikar1/cstansbu/pf-test/images/test_167.raw.tiff, /scratch/indikar_root/indikar1/cstansbu/pf-test/images/test_168.raw.tiff, /scratch/indikar_root/indikar1/cstansbu/pf-test/images/test_169.raw.tiff, /scratch/indikar_root/indikar1/cstansbu/pf-test/images/test_170.raw.tiff, /scratch/indikar_root/indikar1/cstansbu/pf-test/images/test_171.raw.tiff, /scratch/indikar_root/indikar1/cstansbu/pf-test/images/test_172.raw.tiff, /scratch/indikar_root/indikar1/cstansbu/pf-test/images/test_173.raw.tiff, /scratch/indikar_root/indikar1/cstansbu/pf-test/images/test_174.raw.tiff, /scratch/indikar_root/indikar1/cstansbu/pf-test/images/test_175.raw.tiff, /scratch/indikar_root/indikar1/cstansbu/pf-test/images/test_176.raw.tiff, /scratch/indikar_root/indikar1/cstansbu/pf-test/images/test_177.raw.tiff, /scratch/indikar_root/indikar1/cstansbu/pf-test/images/test_178.raw.tiff, /scratch/indikar_root/indikar1/cstansbu/pf-test/images/test_179.raw.tiff, /scratch/indikar_root/indikar1/cstansbu/pf-test/images/test_180.raw.tiff, /scratch/indikar_root/indikar1/cstansbu/pf-test/images/test_181.raw.tiff, /scratch/indikar_root/indikar1/cstansbu/pf-test/images/test_182.raw.tiff, /scratch/indikar_root/indikar1/cstansbu/pf-test/images/test_183.raw.tiff, /scratch/indikar_root/indikar1/cstansbu/pf-test/images/test_184.raw.tiff, /scratch/indikar_root/indikar1/cstansbu/pf-test/images/test_185.raw.tiff, /scratch/indikar_root/indikar1/cstansbu/pf-test/images/test_186.raw.tiff, /scratch/indikar_root/indikar1/cstansbu/pf-test/images/test_187.raw.tiff, /scratch/indikar_root/indikar1/cstansbu/pf-test/images/test_188.raw.tiff, /scratch/indikar_root/indikar1/cstansbu/pf-test/images/test_189.raw.tiff, /scratch/indikar_root/indikar1/cstansbu/pf-test/images/test_190.raw.tiff, /scratch/indikar_root/indikar1/cstansbu/pf-test/images/test_191.raw.tiff, /scratch/indikar_root/indikar1/cstansbu/pf-test/images/test_192.raw.tiff, /scratch/indikar_root/indikar1/cstansbu/pf-test/images/test_193.raw.tiff, /scratch/indikar_root/indikar1/cstansbu/pf-test/images/test_194.raw.tiff, /scratch/indikar_root/indikar1/cstansbu/pf-test/images/test_195.raw.tiff, /scratch/indikar_root/indikar1/cstansbu/pf-test/images/test_196.raw.tiff, /scratch/indikar_root/indikar1/cstansbu/pf-test/images/test_197.raw.tiff, /scratch/indikar_root/indikar1/cstansbu/pf-test/images/test_198.raw.tiff, /scratch/indikar_root/indikar1/cstansbu/pf-test/images/test_199.raw.tiff, /scratch/indikar_root/indikar1/cstansbu/pf-test/images/test_200.raw.tiff, /scratch/indikar_root/indikar1/cstansbu/pf-test/images/test_201.raw.tiff, /scratch/indikar_root/indikar1/cstansbu/pf-test/images/test_202.raw.tiff, /scratch/indikar_root/indikar1/cstansbu/pf-test/images/test_203.raw.tiff, /scratch/indikar_root/indikar1/cstansbu/pf-test/images/test_204.raw.tiff, /scratch/indikar_root/indikar1/cstansbu/pf-test/images/test_205.raw.tiff, /scratch/indikar_root/indikar1/cstansbu/pf-test/images/test_206.raw.tiff, /scratch/indikar_root/indikar1/cstansbu/pf-test/images/test_207.raw.tiff, /scratch/indikar_root/indikar1/cstansbu/pf-test/images/test_208.raw.tiff, /scratch/indikar_root/indikar1/cstansbu/pf-test/images/test_209.raw.tiff, /scratch/indikar_root/indikar1/cstansbu/pf-test/images/test_210.raw.tiff, /scratch/indikar_root/indikar1/cstansbu/pf-test/images/test_211.raw.tiff, /scratch/indikar_root/indikar1/cstansbu/pf-test/images/test_212.raw.tiff, /scratch/indikar_root/indikar1/cstansbu/pf-test/images/test_213.raw.tiff, /scratch/indikar_root/indikar1/cstansbu/pf-test/images/test_214.raw.tiff, /scratch/indikar_root/indikar1/cstansbu/pf-test/images/test_215.raw.tiff, /scratch/indikar_root/indikar1/cstansbu/pf-test/images/test_216.raw.tiff, /scratch/indikar_root/indikar1/cstansbu/pf-test/images/test_217.raw.tiff, /scratch/indikar_root/indikar1/cstansbu/pf-test/images/test_218.raw.tiff, /scratch/indikar_root/indikar1/cstansbu/pf-test/images/test_219.raw.tiff, /scratch/indikar_root/indikar1/cstansbu/pf-test/images/test_220.raw.tiff, /scratch/indikar_root/indikar1/cstansbu/pf-test/images/test_221.raw.tiff, /scratch/indikar_root/indikar1/cstansbu/pf-test/images/test_222.raw.tiff, /scratch/indikar_root/indikar1/cstansbu/pf-test/images/test_223.raw.tiff, /scratch/indikar_root/indikar1/cstansbu/pf-test/images/test_224.raw.tiff, /scratch/indikar_root/indikar1/cstansbu/pf-test/images/test_225.raw.tiff, /scratch/indikar_root/indikar1/cstansbu/pf-test/images/test_226.raw.tiff, /scratch/indikar_root/indikar1/cstansbu/pf-test/images/test_227.raw.tiff, /scratch/indikar_root/indikar1/cstansbu/pf-test/images/test_228.raw.tiff, /scratch/indikar_root/indikar1/cstansbu/pf-test/images/test_229.raw.tiff, /scratch/indikar_root/indikar1/cstansbu/pf-test/images/test_230.raw.tiff, /scratch/indikar_root/indikar1/cstansbu/pf-test/images/test_231.raw.tiff, /scratch/indikar_root/indikar1/cstansbu/pf-test/images/test_232.raw.tiff, /scratch/indikar_root/indikar1/cstansbu/pf-test/images/test_233.raw.tiff, /scratch/indikar_root/indikar1/cstansbu/pf-test/images/test_234.raw.tiff, /scratch/indikar_root/indikar1/cstansbu/pf-test/images/test_235.raw.tiff, /scratch/indikar_root/indikar1/cstansbu/pf-test/images/test_236.raw.tiff, /scratch/indikar_root/indikar1/cstansbu/pf-test/images/test_237.raw.tiff, /scratch/indikar_root/indikar1/cstansbu/pf-test/images/test_238.raw.tiff, /scratch/indikar_root/indikar1/cstansbu/pf-test/images/test_239.raw.tiff, /scratch/indikar_root/indikar1/cstansbu/pf-test/images/test_240.raw.tiff, /scratch/indikar_root/indikar1/cstansbu/pf-test/images/test_241.raw.tiff, /scratch/indikar_root/indikar1/cstansbu/pf-test/images/test_242.raw.tiff, /scratch/indikar_root/indikar1/cstansbu/pf-test/images/test_243.raw.tiff, /scratch/indikar_root/indikar1/cstansbu/pf-test/images/test_244.raw.tiff, /scratch/indikar_root/indikar1/cstansbu/pf-test/images/test_245.raw.tiff, /scratch/indikar_root/indikar1/cstansbu/pf-test/images/test_246.raw.tiff, /scratch/indikar_root/indikar1/cstansbu/pf-test/images/test_247.raw.tiff, /scratch/indikar_root/indikar1/cstansbu/pf-test/images/test_248.raw.tiff, /scratch/indikar_root/indikar1/cstansbu/pf-test/images/test_249.raw.tiff, /scratch/indikar_root/indikar1/cstansbu/pf-test/images/test_250.raw.tiff, /scratch/indikar_root/indikar1/cstansbu/pf-test/images/test_251.raw.tiff, /scratch/indikar_root/indikar1/cstansbu/pf-test/images/test_252.raw.tiff
    jobid: 2
    reason: Updated input files: /home/cstansbu/git_repositories/pip-fucci/config/config.yaml
    resources: tmpdir=/tmp

[Tue May  9 14:15:28 2023]
Finished job 2.
1 of 506 steps (0.2%) done
Select jobs to execute...

[Tue May  9 14:15:28 2023]
rule preprocess:
    input: /scratch/indikar_root/indikar1/cstansbu/pf-test/images/test_231.raw.tiff, /home/cstansbu/git_repositories/pip-fucci/config/config.yaml
    output: /scratch/indikar_root/indikar1/cstansbu/pf-test/images/test_231.processed.tiff
    jobid: 233
    reason: Input files updated by another job: /scratch/indikar_root/indikar1/cstansbu/pf-test/images/test_231.raw.tiff
    wildcards: iid=test, tid=231
    resources: tmpdir=/tmp


[Tue May  9 14:15:28 2023]
rule preprocess:
    input: /scratch/indikar_root/indikar1/cstansbu/pf-test/images/test_5.raw.tiff, /home/cstansbu/git_repositories/pip-fucci/config/config.yaml
    output: /scratch/indikar_root/indikar1/cstansbu/pf-test/images/test_5.processed.tiff
    jobid: 7
    reason: Input files updated by another job: /scratch/indikar_root/indikar1/cstansbu/pf-test/images/test_5.raw.tiff
    wildcards: iid=test, tid=5
    resources: tmpdir=/tmp


[Tue May  9 14:15:28 2023]
rule preprocess:
    input: /scratch/indikar_root/indikar1/cstansbu/pf-test/images/test_30.raw.tiff, /home/cstansbu/git_repositories/pip-fucci/config/config.yaml
    output: /scratch/indikar_root/indikar1/cstansbu/pf-test/images/test_30.processed.tiff
    jobid: 32
    reason: Input files updated by another job: /scratch/indikar_root/indikar1/cstansbu/pf-test/images/test_30.raw.tiff
    wildcards: iid=test, tid=30
    resources: tmpdir=/tmp


[Tue May  9 14:15:28 2023]
rule preprocess:
    input: /scratch/indikar_root/indikar1/cstansbu/pf-test/images/test_86.raw.tiff, /home/cstansbu/git_repositories/pip-fucci/config/config.yaml
    output: /scratch/indikar_root/indikar1/cstansbu/pf-test/images/test_86.processed.tiff
    jobid: 88
    reason: Input files updated by another job: /scratch/indikar_root/indikar1/cstansbu/pf-test/images/test_86.raw.tiff
    wildcards: iid=test, tid=86
    resources: tmpdir=/tmp


[Tue May  9 14:15:28 2023]
rule preprocess:
    input: /scratch/indikar_root/indikar1/cstansbu/pf-test/images/test_142.raw.tiff, /home/cstansbu/git_repositories/pip-fucci/config/config.yaml
    output: /scratch/indikar_root/indikar1/cstansbu/pf-test/images/test_142.processed.tiff
    jobid: 144
    reason: Input files updated by another job: /scratch/indikar_root/indikar1/cstansbu/pf-test/images/test_142.raw.tiff
    wildcards: iid=test, tid=142
    resources: tmpdir=/tmp


[Tue May  9 14:15:28 2023]
rule preprocess:
    input: /scratch/indikar_root/indikar1/cstansbu/pf-test/images/test_150.raw.tiff, /home/cstansbu/git_repositories/pip-fucci/config/config.yaml
    output: /scratch/indikar_root/indikar1/cstansbu/pf-test/images/test_150.processed.tiff
    jobid: 152
    reason: Input files updated by another job: /scratch/indikar_root/indikar1/cstansbu/pf-test/images/test_150.raw.tiff
    wildcards: iid=test, tid=150
    resources: tmpdir=/tmp


[Tue May  9 14:15:28 2023]
rule preprocess:
    input: /scratch/indikar_root/indikar1/cstansbu/pf-test/images/test_94.raw.tiff, /home/cstansbu/git_repositories/pip-fucci/config/config.yaml
    output: /scratch/indikar_root/indikar1/cstansbu/pf-test/images/test_94.processed.tiff
    jobid: 96
    reason: Input files updated by another job: /scratch/indikar_root/indikar1/cstansbu/pf-test/images/test_94.raw.tiff
    wildcards: iid=test, tid=94
    resources: tmpdir=/tmp


[Tue May  9 14:15:28 2023]
rule preprocess:
    input: /scratch/indikar_root/indikar1/cstansbu/pf-test/images/test_206.raw.tiff, /home/cstansbu/git_repositories/pip-fucci/config/config.yaml
    output: /scratch/indikar_root/indikar1/cstansbu/pf-test/images/test_206.processed.tiff
    jobid: 208
    reason: Input files updated by another job: /scratch/indikar_root/indikar1/cstansbu/pf-test/images/test_206.raw.tiff
    wildcards: iid=test, tid=206
    resources: tmpdir=/tmp


[Tue May  9 14:15:28 2023]
rule preprocess:
    input: /scratch/indikar_root/indikar1/cstansbu/pf-test/images/test_66.raw.tiff, /home/cstansbu/git_repositories/pip-fucci/config/config.yaml
    output: /scratch/indikar_root/indikar1/cstansbu/pf-test/images/test_66.processed.tiff
    jobid: 68
    reason: Input files updated by another job: /scratch/indikar_root/indikar1/cstansbu/pf-test/images/test_66.raw.tiff
    wildcards: iid=test, tid=66
    resources: tmpdir=/tmp


[Tue May  9 14:15:28 2023]
rule preprocess:
    input: /scratch/indikar_root/indikar1/cstansbu/pf-test/images/test_122.raw.tiff, /home/cstansbu/git_repositories/pip-fucci/config/config.yaml
    output: /scratch/indikar_root/indikar1/cstansbu/pf-test/images/test_122.processed.tiff
    jobid: 124
    reason: Input files updated by another job: /scratch/indikar_root/indikar1/cstansbu/pf-test/images/test_122.raw.tiff
    wildcards: iid=test, tid=122
    resources: tmpdir=/tmp


[Tue May  9 14:15:28 2023]
rule preprocess:
    input: /scratch/indikar_root/indikar1/cstansbu/pf-test/images/test_178.raw.tiff, /home/cstansbu/git_repositories/pip-fucci/config/config.yaml
    output: /scratch/indikar_root/indikar1/cstansbu/pf-test/images/test_178.processed.tiff
    jobid: 180
    reason: Input files updated by another job: /scratch/indikar_root/indikar1/cstansbu/pf-test/images/test_178.raw.tiff
    wildcards: iid=test, tid=178
    resources: tmpdir=/tmp


[Tue May  9 14:15:28 2023]
rule preprocess:
    input: /scratch/indikar_root/indikar1/cstansbu/pf-test/images/test_234.raw.tiff, /home/cstansbu/git_repositories/pip-fucci/config/config.yaml
    output: /scratch/indikar_root/indikar1/cstansbu/pf-test/images/test_234.processed.tiff
    jobid: 236
    reason: Input files updated by another job: /scratch/indikar_root/indikar1/cstansbu/pf-test/images/test_234.raw.tiff
    wildcards: iid=test, tid=234
    resources: tmpdir=/tmp


[Tue May  9 14:15:28 2023]
rule preprocess:
    input: /scratch/indikar_root/indikar1/cstansbu/pf-test/images/test_7.raw.tiff, /home/cstansbu/git_repositories/pip-fucci/config/config.yaml
    output: /scratch/indikar_root/indikar1/cstansbu/pf-test/images/test_7.processed.tiff
    jobid: 9
    reason: Input files updated by another job: /scratch/indikar_root/indikar1/cstansbu/pf-test/images/test_7.raw.tiff
    wildcards: iid=test, tid=7
    resources: tmpdir=/tmp


[Tue May  9 14:15:28 2023]
rule preprocess:
    input: /scratch/indikar_root/indikar1/cstansbu/pf-test/images/test_60.raw.tiff, /home/cstansbu/git_repositories/pip-fucci/config/config.yaml
    output: /scratch/indikar_root/indikar1/cstansbu/pf-test/images/test_60.processed.tiff
    jobid: 62
    reason: Input files updated by another job: /scratch/indikar_root/indikar1/cstansbu/pf-test/images/test_60.raw.tiff
    wildcards: iid=test, tid=60
    resources: tmpdir=/tmp


[Tue May  9 14:15:28 2023]
rule preprocess:
    input: /scratch/indikar_root/indikar1/cstansbu/pf-test/images/test_39.raw.tiff, /home/cstansbu/git_repositories/pip-fucci/config/config.yaml
    output: /scratch/indikar_root/indikar1/cstansbu/pf-test/images/test_39.processed.tiff
    jobid: 41
    reason: Input files updated by another job: /scratch/indikar_root/indikar1/cstansbu/pf-test/images/test_39.raw.tiff
    wildcards: iid=test, tid=39
    resources: tmpdir=/tmp


[Tue May  9 14:15:28 2023]
rule preprocess:
    input: /scratch/indikar_root/indikar1/cstansbu/pf-test/images/test_95.raw.tiff, /home/cstansbu/git_repositories/pip-fucci/config/config.yaml
    output: /scratch/indikar_root/indikar1/cstansbu/pf-test/images/test_95.processed.tiff
    jobid: 97
    reason: Input files updated by another job: /scratch/indikar_root/indikar1/cstansbu/pf-test/images/test_95.raw.tiff
    wildcards: iid=test, tid=95
    resources: tmpdir=/tmp


[Tue May  9 14:15:28 2023]
rule preprocess:
    input: /scratch/indikar_root/indikar1/cstansbu/pf-test/images/test_151.raw.tiff, /home/cstansbu/git_repositories/pip-fucci/config/config.yaml
    output: /scratch/indikar_root/indikar1/cstansbu/pf-test/images/test_151.processed.tiff
    jobid: 153
    reason: Input files updated by another job: /scratch/indikar_root/indikar1/cstansbu/pf-test/images/test_151.raw.tiff
    wildcards: iid=test, tid=151
    resources: tmpdir=/tmp


[Tue May  9 14:15:28 2023]
rule preprocess:
    input: /scratch/indikar_root/indikar1/cstansbu/pf-test/images/test_207.raw.tiff, /home/cstansbu/git_repositories/pip-fucci/config/config.yaml
    output: /scratch/indikar_root/indikar1/cstansbu/pf-test/images/test_207.processed.tiff
    jobid: 209
    reason: Input files updated by another job: /scratch/indikar_root/indikar1/cstansbu/pf-test/images/test_207.raw.tiff
    wildcards: iid=test, tid=207
    resources: tmpdir=/tmp


[Tue May  9 14:15:28 2023]
rule preprocess:
    input: /scratch/indikar_root/indikar1/cstansbu/pf-test/images/test_8.raw.tiff, /home/cstansbu/git_repositories/pip-fucci/config/config.yaml
    output: /scratch/indikar_root/indikar1/cstansbu/pf-test/images/test_8.processed.tiff
    jobid: 10
    reason: Input files updated by another job: /scratch/indikar_root/indikar1/cstansbu/pf-test/images/test_8.raw.tiff
    wildcards: iid=test, tid=8
    resources: tmpdir=/tmp


[Tue May  9 14:15:28 2023]
rule preprocess:
    input: /scratch/indikar_root/indikar1/cstansbu/pf-test/images/test_67.raw.tiff, /home/cstansbu/git_repositories/pip-fucci/config/config.yaml
    output: /scratch/indikar_root/indikar1/cstansbu/pf-test/images/test_67.processed.tiff
    jobid: 69
    reason: Input files updated by another job: /scratch/indikar_root/indikar1/cstansbu/pf-test/images/test_67.raw.tiff
    wildcards: iid=test, tid=67
    resources: tmpdir=/tmp


[Tue May  9 14:15:28 2023]
rule preprocess:
    input: /scratch/indikar_root/indikar1/cstansbu/pf-test/images/test_123.raw.tiff, /home/cstansbu/git_repositories/pip-fucci/config/config.yaml
    output: /scratch/indikar_root/indikar1/cstansbu/pf-test/images/test_123.processed.tiff
    jobid: 125
    reason: Input files updated by another job: /scratch/indikar_root/indikar1/cstansbu/pf-test/images/test_123.raw.tiff
    wildcards: iid=test, tid=123
    resources: tmpdir=/tmp


[Tue May  9 14:15:28 2023]
rule preprocess:
    input: /scratch/indikar_root/indikar1/cstansbu/pf-test/images/test_179.raw.tiff, /home/cstansbu/git_repositories/pip-fucci/config/config.yaml
    output: /scratch/indikar_root/indikar1/cstansbu/pf-test/images/test_179.processed.tiff
    jobid: 181
    reason: Input files updated by another job: /scratch/indikar_root/indikar1/cstansbu/pf-test/images/test_179.raw.tiff
    wildcards: iid=test, tid=179
    resources: tmpdir=/tmp


[Tue May  9 14:15:28 2023]
rule preprocess:
    input: /scratch/indikar_root/indikar1/cstansbu/pf-test/images/test_235.raw.tiff, /home/cstansbu/git_repositories/pip-fucci/config/config.yaml
    output: /scratch/indikar_root/indikar1/cstansbu/pf-test/images/test_235.processed.tiff
    jobid: 237
    reason: Input files updated by another job: /scratch/indikar_root/indikar1/cstansbu/pf-test/images/test_235.raw.tiff
    wildcards: iid=test, tid=235
    resources: tmpdir=/tmp


[Tue May  9 14:15:28 2023]
rule preprocess:
    input: /scratch/indikar_root/indikar1/cstansbu/pf-test/images/test_40.raw.tiff, /home/cstansbu/git_repositories/pip-fucci/config/config.yaml
    output: /scratch/indikar_root/indikar1/cstansbu/pf-test/images/test_40.processed.tiff
    jobid: 42
    reason: Input files updated by another job: /scratch/indikar_root/indikar1/cstansbu/pf-test/images/test_40.raw.tiff
    wildcards: iid=test, tid=40
    resources: tmpdir=/tmp


[Tue May  9 14:15:28 2023]
rule preprocess:
    input: /scratch/indikar_root/indikar1/cstansbu/pf-test/images/test_145.raw.tiff, /home/cstansbu/git_repositories/pip-fucci/config/config.yaml
    output: /scratch/indikar_root/indikar1/cstansbu/pf-test/images/test_145.processed.tiff
    jobid: 147
    reason: Input files updated by another job: /scratch/indikar_root/indikar1/cstansbu/pf-test/images/test_145.raw.tiff
    wildcards: iid=test, tid=145
    resources: tmpdir=/tmp


[Tue May  9 14:15:28 2023]
rule preprocess:
    input: /scratch/indikar_root/indikar1/cstansbu/pf-test/images/test_201.raw.tiff, /home/cstansbu/git_repositories/pip-fucci/config/config.yaml
    output: /scratch/indikar_root/indikar1/cstansbu/pf-test/images/test_201.processed.tiff
    jobid: 203
    reason: Input files updated by another job: /scratch/indikar_root/indikar1/cstansbu/pf-test/images/test_201.raw.tiff
    wildcards: iid=test, tid=201
    resources: tmpdir=/tmp


[Tue May  9 14:15:28 2023]
rule preprocess:
    input: /scratch/indikar_root/indikar1/cstansbu/pf-test/images/test_4.raw.tiff, /home/cstansbu/git_repositories/pip-fucci/config/config.yaml
    output: /scratch/indikar_root/indikar1/cstansbu/pf-test/images/test_4.processed.tiff
    jobid: 6
    reason: Input files updated by another job: /scratch/indikar_root/indikar1/cstansbu/pf-test/images/test_4.raw.tiff
    wildcards: iid=test, tid=4
    resources: tmpdir=/tmp


[Tue May  9 14:15:28 2023]
rule preprocess:
    input: /scratch/indikar_root/indikar1/cstansbu/pf-test/images/test_62.raw.tiff, /home/cstansbu/git_repositories/pip-fucci/config/config.yaml
    output: /scratch/indikar_root/indikar1/cstansbu/pf-test/images/test_62.processed.tiff
    jobid: 64
    reason: Input files updated by another job: /scratch/indikar_root/indikar1/cstansbu/pf-test/images/test_62.raw.tiff
    wildcards: iid=test, tid=62
    resources: tmpdir=/tmp


[Tue May  9 14:15:28 2023]
rule preprocess:
    input: /scratch/indikar_root/indikar1/cstansbu/pf-test/images/test_118.raw.tiff, /home/cstansbu/git_repositories/pip-fucci/config/config.yaml
    output: /scratch/indikar_root/indikar1/cstansbu/pf-test/images/test_118.processed.tiff
    jobid: 120
    reason: Input files updated by another job: /scratch/indikar_root/indikar1/cstansbu/pf-test/images/test_118.raw.tiff
    wildcards: iid=test, tid=118
    resources: tmpdir=/tmp


[Tue May  9 14:15:28 2023]
rule preprocess:
    input: /scratch/indikar_root/indikar1/cstansbu/pf-test/images/test_174.raw.tiff, /home/cstansbu/git_repositories/pip-fucci/config/config.yaml
    output: /scratch/indikar_root/indikar1/cstansbu/pf-test/images/test_174.processed.tiff
    jobid: 176
    reason: Input files updated by another job: /scratch/indikar_root/indikar1/cstansbu/pf-test/images/test_174.raw.tiff
    wildcards: iid=test, tid=174
    resources: tmpdir=/tmp


[Tue May  9 14:15:28 2023]
rule preprocess:
    input: /scratch/indikar_root/indikar1/cstansbu/pf-test/images/test_230.raw.tiff, /home/cstansbu/git_repositories/pip-fucci/config/config.yaml
    output: /scratch/indikar_root/indikar1/cstansbu/pf-test/images/test_230.processed.tiff
    jobid: 232
    reason: Input files updated by another job: /scratch/indikar_root/indikar1/cstansbu/pf-test/images/test_230.raw.tiff
    wildcards: iid=test, tid=230
    resources: tmpdir=/tmp


[Tue May  9 14:15:28 2023]
rule preprocess:
    input: /scratch/indikar_root/indikar1/cstansbu/pf-test/images/test_34.raw.tiff, /home/cstansbu/git_repositories/pip-fucci/config/config.yaml
    output: /scratch/indikar_root/indikar1/cstansbu/pf-test/images/test_34.processed.tiff
    jobid: 36
    reason: Input files updated by another job: /scratch/indikar_root/indikar1/cstansbu/pf-test/images/test_34.raw.tiff
    wildcards: iid=test, tid=34
    resources: tmpdir=/tmp


[Tue May  9 14:15:28 2023]
rule preprocess:
    input: /scratch/indikar_root/indikar1/cstansbu/pf-test/images/test_90.raw.tiff, /home/cstansbu/git_repositories/pip-fucci/config/config.yaml
    output: /scratch/indikar_root/indikar1/cstansbu/pf-test/images/test_90.processed.tiff
    jobid: 92
    reason: Input files updated by another job: /scratch/indikar_root/indikar1/cstansbu/pf-test/images/test_90.raw.tiff
    wildcards: iid=test, tid=90
    resources: tmpdir=/tmp


[Tue May  9 14:15:28 2023]
rule preprocess:
    input: /scratch/indikar_root/indikar1/cstansbu/pf-test/images/test_146.raw.tiff, /home/cstansbu/git_repositories/pip-fucci/config/config.yaml
    output: /scratch/indikar_root/indikar1/cstansbu/pf-test/images/test_146.processed.tiff
    jobid: 148
    reason: Input files updated by another job: /scratch/indikar_root/indikar1/cstansbu/pf-test/images/test_146.raw.tiff
    wildcards: iid=test, tid=146
    resources: tmpdir=/tmp


[Tue May  9 14:15:28 2023]
rule preprocess:
    input: /scratch/indikar_root/indikar1/cstansbu/pf-test/images/test_202.raw.tiff, /home/cstansbu/git_repositories/pip-fucci/config/config.yaml
    output: /scratch/indikar_root/indikar1/cstansbu/pf-test/images/test_202.processed.tiff
    jobid: 204
    reason: Input files updated by another job: /scratch/indikar_root/indikar1/cstansbu/pf-test/images/test_202.raw.tiff
    wildcards: iid=test, tid=202
    resources: tmpdir=/tmp


[Tue May  9 14:15:28 2023]
rule preprocess:
    input: /scratch/indikar_root/indikar1/cstansbu/pf-test/images/test_203.raw.tiff, /home/cstansbu/git_repositories/pip-fucci/config/config.yaml
    output: /scratch/indikar_root/indikar1/cstansbu/pf-test/images/test_203.processed.tiff
    jobid: 205
    reason: Input files updated by another job: /scratch/indikar_root/indikar1/cstansbu/pf-test/images/test_203.raw.tiff
    wildcards: iid=test, tid=203
    resources: tmpdir=/tmp

[Tue May  9 14:15:33 2023]
Finished job 10.
2 of 506 steps (0.4%) done
Select jobs to execute...

[Tue May  9 14:15:33 2023]
rule preprocess:
    input: /scratch/indikar_root/indikar1/cstansbu/pf-test/images/test_112.raw.tiff, /home/cstansbu/git_repositories/pip-fucci/config/config.yaml
    output: /scratch/indikar_root/indikar1/cstansbu/pf-test/images/test_112.processed.tiff
    jobid: 114
    reason: Input files updated by another job: /scratch/indikar_root/indikar1/cstansbu/pf-test/images/test_112.raw.tiff
    wildcards: iid=test, tid=112
    resources: tmpdir=/tmp

[Tue May  9 14:15:33 2023]
Finished job 124.
3 of 506 steps (1%) done
[Tue May  9 14:15:33 2023]
Finished job 205.
4 of 506 steps (1%) done
Select jobs to execute...

[Tue May  9 14:15:33 2023]
rule preprocess:
    input: /scratch/indikar_root/indikar1/cstansbu/pf-test/images/test_69.raw.tiff, /home/cstansbu/git_repositories/pip-fucci/config/config.yaml
    output: /scratch/indikar_root/indikar1/cstansbu/pf-test/images/test_69.processed.tiff
    jobid: 71
    reason: Input files updated by another job: /scratch/indikar_root/indikar1/cstansbu/pf-test/images/test_69.raw.tiff
    wildcards: iid=test, tid=69
    resources: tmpdir=/tmp


[Tue May  9 14:15:33 2023]
rule preprocess:
    input: /scratch/indikar_root/indikar1/cstansbu/pf-test/images/test_152.raw.tiff, /home/cstansbu/git_repositories/pip-fucci/config/config.yaml
    output: /scratch/indikar_root/indikar1/cstansbu/pf-test/images/test_152.processed.tiff
    jobid: 154
    reason: Input files updated by another job: /scratch/indikar_root/indikar1/cstansbu/pf-test/images/test_152.raw.tiff
    wildcards: iid=test, tid=152
    resources: tmpdir=/tmp

[Tue May  9 14:15:33 2023]
Finished job 9.
5 of 506 steps (1%) done
[Tue May  9 14:15:33 2023]
Finished job 233.
6 of 506 steps (1%) done
Select jobs to execute...

[Tue May  9 14:15:33 2023]
rule preprocess:
    input: /scratch/indikar_root/indikar1/cstansbu/pf-test/images/test_125.raw.tiff, /home/cstansbu/git_repositories/pip-fucci/config/config.yaml
    output: /scratch/indikar_root/indikar1/cstansbu/pf-test/images/test_125.processed.tiff
    jobid: 127
    reason: Input files updated by another job: /scratch/indikar_root/indikar1/cstansbu/pf-test/images/test_125.raw.tiff
    wildcards: iid=test, tid=125
    resources: tmpdir=/tmp


[Tue May  9 14:15:33 2023]
rule preprocess:
    input: /scratch/indikar_root/indikar1/cstansbu/pf-test/images/test_96.raw.tiff, /home/cstansbu/git_repositories/pip-fucci/config/config.yaml
    output: /scratch/indikar_root/indikar1/cstansbu/pf-test/images/test_96.processed.tiff
    jobid: 98
    reason: Input files updated by another job: /scratch/indikar_root/indikar1/cstansbu/pf-test/images/test_96.raw.tiff
    wildcards: iid=test, tid=96
    resources: tmpdir=/tmp

[Tue May  9 14:15:33 2023]
Finished job 68.
7 of 506 steps (1%) done
[Tue May  9 14:15:33 2023]
Finished job 97.
8 of 506 steps (2%) done
[Tue May  9 14:15:33 2023]
Finished job 32.
9 of 506 steps (2%) done
[Tue May  9 14:15:33 2023]
Finished job 64.
10 of 506 steps (2%) done
[Tue May  9 14:15:33 2023]
Finished job 42.
11 of 506 steps (2%) done
[Tue May  9 14:15:33 2023]
Finished job 125.
12 of 506 steps (2%) done
[Tue May  9 14:15:33 2023]
Finished job 232.
13 of 506 steps (3%) done
Select jobs to execute...

[Tue May  9 14:15:33 2023]
rule segment:
    input: /scratch/indikar_root/indikar1/cstansbu/pf-test/images/test_123.processed.tiff, /home/cstansbu/git_repositories/pip-fucci/config/config.yaml
    output: /scratch/indikar_root/indikar1/cstansbu/pf-test/segments/test_123.segmented.npy, /scratch/indikar_root/indikar1/cstansbu/pf-test/segmentation_results/test_123.csv
    jobid: 377
    reason: Missing output files: /scratch/indikar_root/indikar1/cstansbu/pf-test/segments/test_123.segmented.npy; Input files updated by another job: /scratch/indikar_root/indikar1/cstansbu/pf-test/images/test_123.processed.tiff
    wildcards: iid=test, tid=123
    resources: tmpdir=/tmp


[Tue May  9 14:15:33 2023]
rule preprocess:
    input: /scratch/indikar_root/indikar1/cstansbu/pf-test/images/test_41.raw.tiff, /home/cstansbu/git_repositories/pip-fucci/config/config.yaml
    output: /scratch/indikar_root/indikar1/cstansbu/pf-test/images/test_41.processed.tiff
    jobid: 43
    reason: Input files updated by another job: /scratch/indikar_root/indikar1/cstansbu/pf-test/images/test_41.raw.tiff
    wildcards: iid=test, tid=41
    resources: tmpdir=/tmp


[Tue May  9 14:15:34 2023]
rule segment:
    input: /scratch/indikar_root/indikar1/cstansbu/pf-test/images/test_95.processed.tiff, /home/cstansbu/git_repositories/pip-fucci/config/config.yaml
    output: /scratch/indikar_root/indikar1/cstansbu/pf-test/segments/test_95.segmented.npy, /scratch/indikar_root/indikar1/cstansbu/pf-test/segmentation_results/test_95.csv
    jobid: 349
    reason: Missing output files: /scratch/indikar_root/indikar1/cstansbu/pf-test/segments/test_95.segmented.npy; Input files updated by another job: /scratch/indikar_root/indikar1/cstansbu/pf-test/images/test_95.processed.tiff
    wildcards: iid=test, tid=95
    resources: tmpdir=/tmp


[Tue May  9 14:15:34 2023]
rule segment:
    input: /scratch/indikar_root/indikar1/cstansbu/pf-test/images/test_66.processed.tiff, /home/cstansbu/git_repositories/pip-fucci/config/config.yaml
    output: /scratch/indikar_root/indikar1/cstansbu/pf-test/segments/test_66.segmented.npy, /scratch/indikar_root/indikar1/cstansbu/pf-test/segmentation_results/test_66.csv
    jobid: 320
    reason: Missing output files: /scratch/indikar_root/indikar1/cstansbu/pf-test/segments/test_66.segmented.npy; Input files updated by another job: /scratch/indikar_root/indikar1/cstansbu/pf-test/images/test_66.processed.tiff
    wildcards: iid=test, tid=66
    resources: tmpdir=/tmp


[Tue May  9 14:15:34 2023]
rule preprocess:
    input: /scratch/indikar_root/indikar1/cstansbu/pf-test/images/test_38.raw.tiff, /home/cstansbu/git_repositories/pip-fucci/config/config.yaml
    output: /scratch/indikar_root/indikar1/cstansbu/pf-test/images/test_38.processed.tiff
    jobid: 40
    reason: Input files updated by another job: /scratch/indikar_root/indikar1/cstansbu/pf-test/images/test_38.raw.tiff
    wildcards: iid=test, tid=38
    resources: tmpdir=/tmp


[Tue May  9 14:15:34 2023]
rule segment:
    input: /scratch/indikar_root/indikar1/cstansbu/pf-test/images/test_122.processed.tiff, /home/cstansbu/git_repositories/pip-fucci/config/config.yaml
    output: /scratch/indikar_root/indikar1/cstansbu/pf-test/segments/test_122.segmented.npy, /scratch/indikar_root/indikar1/cstansbu/pf-test/segmentation_results/test_122.csv
    jobid: 376
    reason: Missing output files: /scratch/indikar_root/indikar1/cstansbu/pf-test/segments/test_122.segmented.npy; Input files updated by another job: /scratch/indikar_root/indikar1/cstansbu/pf-test/images/test_122.processed.tiff
    wildcards: iid=test, tid=122
    resources: tmpdir=/tmp


[Tue May  9 14:15:34 2023]
rule preprocess:
    input: /scratch/indikar_root/indikar1/cstansbu/pf-test/images/test_208.raw.tiff, /home/cstansbu/git_repositories/pip-fucci/config/config.yaml
    output: /scratch/indikar_root/indikar1/cstansbu/pf-test/images/test_208.processed.tiff
    jobid: 210
    reason: Input files updated by another job: /scratch/indikar_root/indikar1/cstansbu/pf-test/images/test_208.raw.tiff
    wildcards: iid=test, tid=208
    resources: tmpdir=/tmp

[Tue May  9 14:15:34 2023]
Finished job 120.
14 of 506 steps (3%) done
[Tue May  9 14:15:34 2023]
Finished job 147.
15 of 506 steps (3%) done
[Tue May  9 14:15:34 2023]
Finished job 203.
16 of 506 steps (3%) done
[Tue May  9 14:15:34 2023]
Finished job 88.
17 of 506 steps (3%) done
[Tue May  9 14:15:34 2023]
Finished job 6.
18 of 506 steps (4%) done
[Tue May  9 14:15:34 2023]
Finished job 237.
19 of 506 steps (4%) done
[Tue May  9 14:15:34 2023]
Finished job 36.
20 of 506 steps (4%) done
[Tue May  9 14:15:34 2023]
Finished job 7.
21 of 506 steps (4%) done
[Tue May  9 14:15:34 2023]
Finished job 152.
22 of 506 steps (4%) done
[Tue May  9 14:15:34 2023]
Finished job 41.
23 of 506 steps (5%) done
[Tue May  9 14:15:34 2023]
Finished job 176.
24 of 506 steps (5%) done
[Tue May  9 14:15:34 2023]
Finished job 208.
25 of 506 steps (5%) done
[Tue May  9 14:15:34 2023]
Finished job 96.
26 of 506 steps (5%) done
Select jobs to execute...

[Tue May  9 14:15:34 2023]
rule preprocess:
    input: /scratch/indikar_root/indikar1/cstansbu/pf-test/images/test_63.raw.tiff, /home/cstansbu/git_repositories/pip-fucci/config/config.yaml
    output: /scratch/indikar_root/indikar1/cstansbu/pf-test/images/test_63.processed.tiff
    jobid: 65
    reason: Input files updated by another job: /scratch/indikar_root/indikar1/cstansbu/pf-test/images/test_63.raw.tiff
    wildcards: iid=test, tid=63
    resources: tmpdir=/tmp


[Tue May  9 14:15:34 2023]
rule segment:
    input: /scratch/indikar_root/indikar1/cstansbu/pf-test/images/test_235.processed.tiff, /home/cstansbu/git_repositories/pip-fucci/config/config.yaml
    output: /scratch/indikar_root/indikar1/cstansbu/pf-test/segments/test_235.segmented.npy, /scratch/indikar_root/indikar1/cstansbu/pf-test/segmentation_results/test_235.csv
    jobid: 489
    reason: Missing output files: /scratch/indikar_root/indikar1/cstansbu/pf-test/segments/test_235.segmented.npy; Input files updated by another job: /scratch/indikar_root/indikar1/cstansbu/pf-test/images/test_235.processed.tiff
    wildcards: iid=test, tid=235
    resources: tmpdir=/tmp


[Tue May  9 14:15:34 2023]
rule preprocess:
    input: /scratch/indikar_root/indikar1/cstansbu/pf-test/images/test_233.raw.tiff, /home/cstansbu/git_repositories/pip-fucci/config/config.yaml
    output: /scratch/indikar_root/indikar1/cstansbu/pf-test/images/test_233.processed.tiff
    jobid: 235
    reason: Input files updated by another job: /scratch/indikar_root/indikar1/cstansbu/pf-test/images/test_233.raw.tiff
    wildcards: iid=test, tid=233
    resources: tmpdir=/tmp


[Tue May  9 14:15:34 2023]
rule segment:
    input: /scratch/indikar_root/indikar1/cstansbu/pf-test/images/test_94.processed.tiff, /home/cstansbu/git_repositories/pip-fucci/config/config.yaml
    output: /scratch/indikar_root/indikar1/cstansbu/pf-test/segments/test_94.segmented.npy, /scratch/indikar_root/indikar1/cstansbu/pf-test/segmentation_results/test_94.csv
    jobid: 348
    reason: Missing output files: /scratch/indikar_root/indikar1/cstansbu/pf-test/segments/test_94.segmented.npy; Input files updated by another job: /scratch/indikar_root/indikar1/cstansbu/pf-test/images/test_94.processed.tiff
    wildcards: iid=test, tid=94
    resources: tmpdir=/tmp


[Tue May  9 14:15:34 2023]
rule segment:
    input: /scratch/indikar_root/indikar1/cstansbu/pf-test/images/test_206.processed.tiff, /home/cstansbu/git_repositories/pip-fucci/config/config.yaml
    output: /scratch/indikar_root/indikar1/cstansbu/pf-test/segments/test_206.segmented.npy, /scratch/indikar_root/indikar1/cstansbu/pf-test/segmentation_results/test_206.csv
    jobid: 460
    reason: Missing output files: /scratch/indikar_root/indikar1/cstansbu/pf-test/segments/test_206.segmented.npy; Input files updated by another job: /scratch/indikar_root/indikar1/cstansbu/pf-test/images/test_206.processed.tiff
    wildcards: iid=test, tid=206
    resources: tmpdir=/tmp


[Tue May  9 14:15:34 2023]
rule preprocess:
    input: /scratch/indikar_root/indikar1/cstansbu/pf-test/images/test_97.raw.tiff, /home/cstansbu/git_repositories/pip-fucci/config/config.yaml
    output: /scratch/indikar_root/indikar1/cstansbu/pf-test/images/test_97.processed.tiff
    jobid: 99
    reason: Input files updated by another job: /scratch/indikar_root/indikar1/cstansbu/pf-test/images/test_97.raw.tiff
    wildcards: iid=test, tid=97
    resources: tmpdir=/tmp


[Tue May  9 14:15:34 2023]
rule segment:
    input: /scratch/indikar_root/indikar1/cstansbu/pf-test/images/test_39.processed.tiff, /home/cstansbu/git_repositories/pip-fucci/config/config.yaml
    output: /scratch/indikar_root/indikar1/cstansbu/pf-test/segments/test_39.segmented.npy, /scratch/indikar_root/indikar1/cstansbu/pf-test/segmentation_results/test_39.csv
    jobid: 293
    reason: Missing output files: /scratch/indikar_root/indikar1/cstansbu/pf-test/segments/test_39.segmented.npy; Input files updated by another job: /scratch/indikar_root/indikar1/cstansbu/pf-test/images/test_39.processed.tiff
    wildcards: iid=test, tid=39
    resources: tmpdir=/tmp


[Tue May  9 14:15:34 2023]
rule preprocess:
    input: /scratch/indikar_root/indikar1/cstansbu/pf-test/images/test_124.raw.tiff, /home/cstansbu/git_repositories/pip-fucci/config/config.yaml
    output: /scratch/indikar_root/indikar1/cstansbu/pf-test/images/test_124.processed.tiff
    jobid: 126
    reason: Input files updated by another job: /scratch/indikar_root/indikar1/cstansbu/pf-test/images/test_124.raw.tiff
    wildcards: iid=test, tid=124
    resources: tmpdir=/tmp


[Tue May  9 14:15:34 2023]
rule preprocess:
    input: /scratch/indikar_root/indikar1/cstansbu/pf-test/images/test_180.raw.tiff, /home/cstansbu/git_repositories/pip-fucci/config/config.yaml
    output: /scratch/indikar_root/indikar1/cstansbu/pf-test/images/test_180.processed.tiff
    jobid: 182
    reason: Input files updated by another job: /scratch/indikar_root/indikar1/cstansbu/pf-test/images/test_180.raw.tiff
    wildcards: iid=test, tid=180
    resources: tmpdir=/tmp


[Tue May  9 14:15:34 2023]
rule segment:
    input: /scratch/indikar_root/indikar1/cstansbu/pf-test/images/test_150.processed.tiff, /home/cstansbu/git_repositories/pip-fucci/config/config.yaml
    output: /scratch/indikar_root/indikar1/cstansbu/pf-test/segments/test_150.segmented.npy, /scratch/indikar_root/indikar1/cstansbu/pf-test/segmentation_results/test_150.csv
    jobid: 404
    reason: Missing output files: /scratch/indikar_root/indikar1/cstansbu/pf-test/segments/test_150.segmented.npy; Input files updated by another job: /scratch/indikar_root/indikar1/cstansbu/pf-test/images/test_150.processed.tiff
    wildcards: iid=test, tid=150
    resources: tmpdir=/tmp


[Tue May  9 14:15:34 2023]
rule segment:
    input: /scratch/indikar_root/indikar1/cstansbu/pf-test/images/test_231.processed.tiff, /home/cstansbu/git_repositories/pip-fucci/config/config.yaml
    output: /scratch/indikar_root/indikar1/cstansbu/pf-test/segments/test_231.segmented.npy, /scratch/indikar_root/indikar1/cstansbu/pf-test/segmentation_results/test_231.csv
    jobid: 485
    reason: Missing output files: /scratch/indikar_root/indikar1/cstansbu/pf-test/segments/test_231.segmented.npy; Input files updated by another job: /scratch/indikar_root/indikar1/cstansbu/pf-test/images/test_231.processed.tiff
    wildcards: iid=test, tid=231
    resources: tmpdir=/tmp


[Tue May  9 14:15:34 2023]
rule preprocess:
    input: /scratch/indikar_root/indikar1/cstansbu/pf-test/images/test_68.raw.tiff, /home/cstansbu/git_repositories/pip-fucci/config/config.yaml
    output: /scratch/indikar_root/indikar1/cstansbu/pf-test/images/test_68.processed.tiff
    jobid: 70
    reason: Input files updated by another job: /scratch/indikar_root/indikar1/cstansbu/pf-test/images/test_68.raw.tiff
    wildcards: iid=test, tid=68
    resources: tmpdir=/tmp


[Tue May  9 14:15:34 2023]
rule preprocess:
    input: /scratch/indikar_root/indikar1/cstansbu/pf-test/images/test_11.raw.tiff, /home/cstansbu/git_repositories/pip-fucci/config/config.yaml
    output: /scratch/indikar_root/indikar1/cstansbu/pf-test/images/test_11.processed.tiff
    jobid: 13
    reason: Input files updated by another job: /scratch/indikar_root/indikar1/cstansbu/pf-test/images/test_11.raw.tiff
    wildcards: iid=test, tid=11
    resources: tmpdir=/tmp

[Tue May  9 14:15:34 2023]
Finished job 180.
27 of 506 steps (5%) done
[Tue May  9 14:15:34 2023]
Finished job 204.
28 of 506 steps (6%) done
[Tue May  9 14:15:34 2023]
Finished job 236.
29 of 506 steps (6%) done
[Tue May  9 14:15:34 2023]
Finished job 181.
30 of 506 steps (6%) done
[Tue May  9 14:15:34 2023]
Finished job 153.
31 of 506 steps (6%) done
[Tue May  9 14:15:34 2023]
Finished job 92.
32 of 506 steps (6%) done
[Tue May  9 14:15:34 2023]
Finished job 144.
33 of 506 steps (7%) done
[Tue May  9 14:15:34 2023]
Finished job 69.
34 of 506 steps (7%) done
[Tue May  9 14:15:34 2023]
Finished job 209.
35 of 506 steps (7%) done
[Tue May  9 14:15:34 2023]
Finished job 62.
36 of 506 steps (7%) done
[Tue May  9 14:15:34 2023]
Finished job 148.
37 of 506 steps (7%) done
Select jobs to execute...

[Tue May  9 14:15:34 2023]
rule segment:
    input: /scratch/indikar_root/indikar1/cstansbu/pf-test/images/test_179.processed.tiff, /home/cstansbu/git_repositories/pip-fucci/config/config.yaml
    output: /scratch/indikar_root/indikar1/cstansbu/pf-test/segments/test_179.segmented.npy, /scratch/indikar_root/indikar1/cstansbu/pf-test/segmentation_results/test_179.csv
    jobid: 433
    reason: Missing output files: /scratch/indikar_root/indikar1/cstansbu/pf-test/segments/test_179.segmented.npy; Input files updated by another job: /scratch/indikar_root/indikar1/cstansbu/pf-test/images/test_179.processed.tiff
    wildcards: iid=test, tid=179
    resources: tmpdir=/tmp


[Tue May  9 14:15:34 2023]
rule segment:
    input: /scratch/indikar_root/indikar1/cstansbu/pf-test/images/test_67.processed.tiff, /home/cstansbu/git_repositories/pip-fucci/config/config.yaml
    output: /scratch/indikar_root/indikar1/cstansbu/pf-test/segments/test_67.segmented.npy, /scratch/indikar_root/indikar1/cstansbu/pf-test/segmentation_results/test_67.csv
    jobid: 321
    reason: Missing output files: /scratch/indikar_root/indikar1/cstansbu/pf-test/segments/test_67.segmented.npy; Input files updated by another job: /scratch/indikar_root/indikar1/cstansbu/pf-test/images/test_67.processed.tiff
    wildcards: iid=test, tid=67
    resources: tmpdir=/tmp


[Tue May  9 14:15:34 2023]
rule preprocess:
    input: /scratch/indikar_root/indikar1/cstansbu/pf-test/images/test_153.raw.tiff, /home/cstansbu/git_repositories/pip-fucci/config/config.yaml
    output: /scratch/indikar_root/indikar1/cstansbu/pf-test/images/test_153.processed.tiff
    jobid: 155
    reason: Input files updated by another job: /scratch/indikar_root/indikar1/cstansbu/pf-test/images/test_153.raw.tiff
    wildcards: iid=test, tid=153
    resources: tmpdir=/tmp


[Tue May  9 14:15:34 2023]
rule segment:
    input: /scratch/indikar_root/indikar1/cstansbu/pf-test/images/test_207.processed.tiff, /home/cstansbu/git_repositories/pip-fucci/config/config.yaml
    output: /scratch/indikar_root/indikar1/cstansbu/pf-test/segments/test_207.segmented.npy, /scratch/indikar_root/indikar1/cstansbu/pf-test/segmentation_results/test_207.csv
    jobid: 461
    reason: Missing output files: /scratch/indikar_root/indikar1/cstansbu/pf-test/segments/test_207.segmented.npy; Input files updated by another job: /scratch/indikar_root/indikar1/cstansbu/pf-test/images/test_207.processed.tiff
    wildcards: iid=test, tid=207
    resources: tmpdir=/tmp


[Tue May  9 14:15:34 2023]
rule segment:
    input: /scratch/indikar_root/indikar1/cstansbu/pf-test/images/test_151.processed.tiff, /home/cstansbu/git_repositories/pip-fucci/config/config.yaml
    output: /scratch/indikar_root/indikar1/cstansbu/pf-test/segments/test_151.segmented.npy, /scratch/indikar_root/indikar1/cstansbu/pf-test/segmentation_results/test_151.csv
    jobid: 405
    reason: Missing output files: /scratch/indikar_root/indikar1/cstansbu/pf-test/segments/test_151.segmented.npy; Input files updated by another job: /scratch/indikar_root/indikar1/cstansbu/pf-test/images/test_151.processed.tiff
    wildcards: iid=test, tid=151
    resources: tmpdir=/tmp


[Tue May  9 14:15:34 2023]
rule preprocess:
    input: /scratch/indikar_root/indikar1/cstansbu/pf-test/images/test_92.raw.tiff, /home/cstansbu/git_repositories/pip-fucci/config/config.yaml
    output: /scratch/indikar_root/indikar1/cstansbu/pf-test/images/test_92.processed.tiff
    jobid: 94
    reason: Input files updated by another job: /scratch/indikar_root/indikar1/cstansbu/pf-test/images/test_92.raw.tiff
    wildcards: iid=test, tid=92
    resources: tmpdir=/tmp


[Tue May  9 14:15:34 2023]
rule segment:
    input: /scratch/indikar_root/indikar1/cstansbu/pf-test/images/test_178.processed.tiff, /home/cstansbu/git_repositories/pip-fucci/config/config.yaml
    output: /scratch/indikar_root/indikar1/cstansbu/pf-test/segments/test_178.segmented.npy, /scratch/indikar_root/indikar1/cstansbu/pf-test/segmentation_results/test_178.csv
    jobid: 432
    reason: Missing output files: /scratch/indikar_root/indikar1/cstansbu/pf-test/segments/test_178.segmented.npy; Input files updated by another job: /scratch/indikar_root/indikar1/cstansbu/pf-test/images/test_178.processed.tiff
    wildcards: iid=test, tid=178
    resources: tmpdir=/tmp


[Tue May  9 14:15:34 2023]
rule preprocess:
    input: /scratch/indikar_root/indikar1/cstansbu/pf-test/images/test_154.raw.tiff, /home/cstansbu/git_repositories/pip-fucci/config/config.yaml
    output: /scratch/indikar_root/indikar1/cstansbu/pf-test/images/test_154.processed.tiff
    jobid: 156
    reason: Input files updated by another job: /scratch/indikar_root/indikar1/cstansbu/pf-test/images/test_154.raw.tiff
    wildcards: iid=test, tid=154
    resources: tmpdir=/tmp


[Tue May  9 14:15:34 2023]
rule preprocess:
    input: /scratch/indikar_root/indikar1/cstansbu/pf-test/images/test_91.raw.tiff, /home/cstansbu/git_repositories/pip-fucci/config/config.yaml
    output: /scratch/indikar_root/indikar1/cstansbu/pf-test/images/test_91.processed.tiff
    jobid: 93
    reason: Input files updated by another job: /scratch/indikar_root/indikar1/cstansbu/pf-test/images/test_91.raw.tiff
    wildcards: iid=test, tid=91
    resources: tmpdir=/tmp


[Tue May  9 14:15:34 2023]
rule segment:
    input: /scratch/indikar_root/indikar1/cstansbu/pf-test/images/test_40.processed.tiff, /home/cstansbu/git_repositories/pip-fucci/config/config.yaml
    output: /scratch/indikar_root/indikar1/cstansbu/pf-test/segments/test_40.segmented.npy, /scratch/indikar_root/indikar1/cstansbu/pf-test/segmentation_results/test_40.csv
    jobid: 294
    reason: Missing output files: /scratch/indikar_root/indikar1/cstansbu/pf-test/segments/test_40.segmented.npy; Input files updated by another job: /scratch/indikar_root/indikar1/cstansbu/pf-test/images/test_40.processed.tiff
    wildcards: iid=test, tid=40
    resources: tmpdir=/tmp


[Tue May  9 14:15:34 2023]
rule preprocess:
    input: /scratch/indikar_root/indikar1/cstansbu/pf-test/images/test_236.raw.tiff, /home/cstansbu/git_repositories/pip-fucci/config/config.yaml
    output: /scratch/indikar_root/indikar1/cstansbu/pf-test/images/test_236.processed.tiff
    jobid: 238
    reason: Input files updated by another job: /scratch/indikar_root/indikar1/cstansbu/pf-test/images/test_236.raw.tiff
    wildcards: iid=test, tid=236
    resources: tmpdir=/tmp

Select jobs to execute...
[Tue May  9 14:15:35 2023]
Error in rule segment:
    jobid: 377
    input: /scratch/indikar_root/indikar1/cstansbu/pf-test/images/test_123.processed.tiff, /home/cstansbu/git_repositories/pip-fucci/config/config.yaml
    output: /scratch/indikar_root/indikar1/cstansbu/pf-test/segments/test_123.segmented.npy, /scratch/indikar_root/indikar1/cstansbu/pf-test/segmentation_results/test_123.csv
    shell:
        python scripts/segment.py /scratch/indikar_root/indikar1/cstansbu/pf-test/images/test_123.processed.tiff /home/cstansbu/git_repositories/pip-fucci/config/config.yaml /scratch/indikar_root/indikar1/cstansbu/pf-test/segments/test_123.segmented.npy /scratch/indikar_root/indikar1/cstansbu/pf-test/segmentation_results/test_123.csv
        (one of the commands exited with non-zero exit code; note that snakemake uses bash strict mode!)

[Tue May  9 14:15:35 2023]
Error in rule segment:
    jobid: 349
    input: /scratch/indikar_root/indikar1/cstansbu/pf-test/images/test_95.processed.tiff, /home/cstansbu/git_repositories/pip-fucci/config/config.yaml
    output: /scratch/indikar_root/indikar1/cstansbu/pf-test/segments/test_95.segmented.npy, /scratch/indikar_root/indikar1/cstansbu/pf-test/segmentation_results/test_95.csv
    shell:
        python scripts/segment.py /scratch/indikar_root/indikar1/cstansbu/pf-test/images/test_95.processed.tiff /home/cstansbu/git_repositories/pip-fucci/config/config.yaml /scratch/indikar_root/indikar1/cstansbu/pf-test/segments/test_95.segmented.npy /scratch/indikar_root/indikar1/cstansbu/pf-test/segmentation_results/test_95.csv
        (one of the commands exited with non-zero exit code; note that snakemake uses bash strict mode!)

[Tue May  9 14:15:35 2023]
Error in rule segment:
    jobid: 376
    input: /scratch/indikar_root/indikar1/cstansbu/pf-test/images/test_122.processed.tiff, /home/cstansbu/git_repositories/pip-fucci/config/config.yaml
    output: /scratch/indikar_root/indikar1/cstansbu/pf-test/segments/test_122.segmented.npy, /scratch/indikar_root/indikar1/cstansbu/pf-test/segmentation_results/test_122.csv
    shell:
        python scripts/segment.py /scratch/indikar_root/indikar1/cstansbu/pf-test/images/test_122.processed.tiff /home/cstansbu/git_repositories/pip-fucci/config/config.yaml /scratch/indikar_root/indikar1/cstansbu/pf-test/segments/test_122.segmented.npy /scratch/indikar_root/indikar1/cstansbu/pf-test/segmentation_results/test_122.csv
        (one of the commands exited with non-zero exit code; note that snakemake uses bash strict mode!)

[Tue May  9 14:15:35 2023]
Error in rule segment:
    jobid: 320
    input: /scratch/indikar_root/indikar1/cstansbu/pf-test/images/test_66.processed.tiff, /home/cstansbu/git_repositories/pip-fucci/config/config.yaml
    output: /scratch/indikar_root/indikar1/cstansbu/pf-test/segments/test_66.segmented.npy, /scratch/indikar_root/indikar1/cstansbu/pf-test/segmentation_results/test_66.csv
    shell:
        python scripts/segment.py /scratch/indikar_root/indikar1/cstansbu/pf-test/images/test_66.processed.tiff /home/cstansbu/git_repositories/pip-fucci/config/config.yaml /scratch/indikar_root/indikar1/cstansbu/pf-test/segments/test_66.segmented.npy /scratch/indikar_root/indikar1/cstansbu/pf-test/segmentation_results/test_66.csv
        (one of the commands exited with non-zero exit code; note that snakemake uses bash strict mode!)

[Tue May  9 14:15:35 2023]
Error in rule segment:
    jobid: 348
    input: /scratch/indikar_root/indikar1/cstansbu/pf-test/images/test_94.processed.tiff, /home/cstansbu/git_repositories/pip-fucci/config/config.yaml
    output: /scratch/indikar_root/indikar1/cstansbu/pf-test/segments/test_94.segmented.npy, /scratch/indikar_root/indikar1/cstansbu/pf-test/segmentation_results/test_94.csv
    shell:
        python scripts/segment.py /scratch/indikar_root/indikar1/cstansbu/pf-test/images/test_94.processed.tiff /home/cstansbu/git_repositories/pip-fucci/config/config.yaml /scratch/indikar_root/indikar1/cstansbu/pf-test/segments/test_94.segmented.npy /scratch/indikar_root/indikar1/cstansbu/pf-test/segmentation_results/test_94.csv
        (one of the commands exited with non-zero exit code; note that snakemake uses bash strict mode!)

[Tue May  9 14:15:35 2023]
Error in rule segment:
    jobid: 460
    input: /scratch/indikar_root/indikar1/cstansbu/pf-test/images/test_206.processed.tiff, /home/cstansbu/git_repositories/pip-fucci/config/config.yaml
    output: /scratch/indikar_root/indikar1/cstansbu/pf-test/segments/test_206.segmented.npy, /scratch/indikar_root/indikar1/cstansbu/pf-test/segmentation_results/test_206.csv
    shell:
        python scripts/segment.py /scratch/indikar_root/indikar1/cstansbu/pf-test/images/test_206.processed.tiff /home/cstansbu/git_repositories/pip-fucci/config/config.yaml /scratch/indikar_root/indikar1/cstansbu/pf-test/segments/test_206.segmented.npy /scratch/indikar_root/indikar1/cstansbu/pf-test/segmentation_results/test_206.csv
        (one of the commands exited with non-zero exit code; note that snakemake uses bash strict mode!)

[Tue May  9 14:15:35 2023]
Error in rule segment:
    jobid: 489
    input: /scratch/indikar_root/indikar1/cstansbu/pf-test/images/test_235.processed.tiff, /home/cstansbu/git_repositories/pip-fucci/config/config.yaml
    output: /scratch/indikar_root/indikar1/cstansbu/pf-test/segments/test_235.segmented.npy, /scratch/indikar_root/indikar1/cstansbu/pf-test/segmentation_results/test_235.csv
    shell:
        python scripts/segment.py /scratch/indikar_root/indikar1/cstansbu/pf-test/images/test_235.processed.tiff /home/cstansbu/git_repositories/pip-fucci/config/config.yaml /scratch/indikar_root/indikar1/cstansbu/pf-test/segments/test_235.segmented.npy /scratch/indikar_root/indikar1/cstansbu/pf-test/segmentation_results/test_235.csv
        (one of the commands exited with non-zero exit code; note that snakemake uses bash strict mode!)

[Tue May  9 14:15:35 2023]
Error in rule segment:
    jobid: 404
    input: /scratch/indikar_root/indikar1/cstansbu/pf-test/images/test_150.processed.tiff, /home/cstansbu/git_repositories/pip-fucci/config/config.yaml
    output: /scratch/indikar_root/indikar1/cstansbu/pf-test/segments/test_150.segmented.npy, /scratch/indikar_root/indikar1/cstansbu/pf-test/segmentation_results/test_150.csv
    shell:
        python scripts/segment.py /scratch/indikar_root/indikar1/cstansbu/pf-test/images/test_150.processed.tiff /home/cstansbu/git_repositories/pip-fucci/config/config.yaml /scratch/indikar_root/indikar1/cstansbu/pf-test/segments/test_150.segmented.npy /scratch/indikar_root/indikar1/cstansbu/pf-test/segmentation_results/test_150.csv
        (one of the commands exited with non-zero exit code; note that snakemake uses bash strict mode!)

[Tue May  9 14:15:35 2023]
Error in rule segment:
    jobid: 293
    input: /scratch/indikar_root/indikar1/cstansbu/pf-test/images/test_39.processed.tiff, /home/cstansbu/git_repositories/pip-fucci/config/config.yaml
    output: /scratch/indikar_root/indikar1/cstansbu/pf-test/segments/test_39.segmented.npy, /scratch/indikar_root/indikar1/cstansbu/pf-test/segmentation_results/test_39.csv
    shell:
        python scripts/segment.py /scratch/indikar_root/indikar1/cstansbu/pf-test/images/test_39.processed.tiff /home/cstansbu/git_repositories/pip-fucci/config/config.yaml /scratch/indikar_root/indikar1/cstansbu/pf-test/segments/test_39.segmented.npy /scratch/indikar_root/indikar1/cstansbu/pf-test/segmentation_results/test_39.csv
        (one of the commands exited with non-zero exit code; note that snakemake uses bash strict mode!)

[Tue May  9 14:15:35 2023]
Error in rule segment:
    jobid: 485
    input: /scratch/indikar_root/indikar1/cstansbu/pf-test/images/test_231.processed.tiff, /home/cstansbu/git_repositories/pip-fucci/config/config.yaml
    output: /scratch/indikar_root/indikar1/cstansbu/pf-test/segments/test_231.segmented.npy, /scratch/indikar_root/indikar1/cstansbu/pf-test/segmentation_results/test_231.csv
    shell:
        python scripts/segment.py /scratch/indikar_root/indikar1/cstansbu/pf-test/images/test_231.processed.tiff /home/cstansbu/git_repositories/pip-fucci/config/config.yaml /scratch/indikar_root/indikar1/cstansbu/pf-test/segments/test_231.segmented.npy /scratch/indikar_root/indikar1/cstansbu/pf-test/segmentation_results/test_231.csv
        (one of the commands exited with non-zero exit code; note that snakemake uses bash strict mode!)

[Tue May  9 14:15:35 2023]
Error in rule segment:
    jobid: 433
    input: /scratch/indikar_root/indikar1/cstansbu/pf-test/images/test_179.processed.tiff, /home/cstansbu/git_repositories/pip-fucci/config/config.yaml
    output: /scratch/indikar_root/indikar1/cstansbu/pf-test/segments/test_179.segmented.npy, /scratch/indikar_root/indikar1/cstansbu/pf-test/segmentation_results/test_179.csv
    shell:
        python scripts/segment.py /scratch/indikar_root/indikar1/cstansbu/pf-test/images/test_179.processed.tiff /home/cstansbu/git_repositories/pip-fucci/config/config.yaml /scratch/indikar_root/indikar1/cstansbu/pf-test/segments/test_179.segmented.npy /scratch/indikar_root/indikar1/cstansbu/pf-test/segmentation_results/test_179.csv
        (one of the commands exited with non-zero exit code; note that snakemake uses bash strict mode!)

[Tue May  9 14:15:35 2023]
Error in rule segment:
    jobid: 461
    input: /scratch/indikar_root/indikar1/cstansbu/pf-test/images/test_207.processed.tiff, /home/cstansbu/git_repositories/pip-fucci/config/config.yaml
    output: /scratch/indikar_root/indikar1/cstansbu/pf-test/segments/test_207.segmented.npy, /scratch/indikar_root/indikar1/cstansbu/pf-test/segmentation_results/test_207.csv
    shell:
        python scripts/segment.py /scratch/indikar_root/indikar1/cstansbu/pf-test/images/test_207.processed.tiff /home/cstansbu/git_repositories/pip-fucci/config/config.yaml /scratch/indikar_root/indikar1/cstansbu/pf-test/segments/test_207.segmented.npy /scratch/indikar_root/indikar1/cstansbu/pf-test/segmentation_results/test_207.csv
        (one of the commands exited with non-zero exit code; note that snakemake uses bash strict mode!)

[Tue May  9 14:15:35 2023]
Error in rule segment:
    jobid: 321
    input: /scratch/indikar_root/indikar1/cstansbu/pf-test/images/test_67.processed.tiff, /home/cstansbu/git_repositories/pip-fucci/config/config.yaml
    output: /scratch/indikar_root/indikar1/cstansbu/pf-test/segments/test_67.segmented.npy, /scratch/indikar_root/indikar1/cstansbu/pf-test/segmentation_results/test_67.csv
    shell:
        python scripts/segment.py /scratch/indikar_root/indikar1/cstansbu/pf-test/images/test_67.processed.tiff /home/cstansbu/git_repositories/pip-fucci/config/config.yaml /scratch/indikar_root/indikar1/cstansbu/pf-test/segments/test_67.segmented.npy /scratch/indikar_root/indikar1/cstansbu/pf-test/segmentation_results/test_67.csv
        (one of the commands exited with non-zero exit code; note that snakemake uses bash strict mode!)

[Tue May  9 14:15:35 2023]
Error in rule segment:
    jobid: 405
    input: /scratch/indikar_root/indikar1/cstansbu/pf-test/images/test_151.processed.tiff, /home/cstansbu/git_repositories/pip-fucci/config/config.yaml
    output: /scratch/indikar_root/indikar1/cstansbu/pf-test/segments/test_151.segmented.npy, /scratch/indikar_root/indikar1/cstansbu/pf-test/segmentation_results/test_151.csv
    shell:
        python scripts/segment.py /scratch/indikar_root/indikar1/cstansbu/pf-test/images/test_151.processed.tiff /home/cstansbu/git_repositories/pip-fucci/config/config.yaml /scratch/indikar_root/indikar1/cstansbu/pf-test/segments/test_151.segmented.npy /scratch/indikar_root/indikar1/cstansbu/pf-test/segmentation_results/test_151.csv
        (one of the commands exited with non-zero exit code; note that snakemake uses bash strict mode!)

[Tue May  9 14:15:35 2023]
Error in rule segment:
    jobid: 432
    input: /scratch/indikar_root/indikar1/cstansbu/pf-test/images/test_178.processed.tiff, /home/cstansbu/git_repositories/pip-fucci/config/config.yaml
    output: /scratch/indikar_root/indikar1/cstansbu/pf-test/segments/test_178.segmented.npy, /scratch/indikar_root/indikar1/cstansbu/pf-test/segmentation_results/test_178.csv
    shell:
        python scripts/segment.py /scratch/indikar_root/indikar1/cstansbu/pf-test/images/test_178.processed.tiff /home/cstansbu/git_repositories/pip-fucci/config/config.yaml /scratch/indikar_root/indikar1/cstansbu/pf-test/segments/test_178.segmented.npy /scratch/indikar_root/indikar1/cstansbu/pf-test/segmentation_results/test_178.csv
        (one of the commands exited with non-zero exit code; note that snakemake uses bash strict mode!)

[Tue May  9 14:15:35 2023]
Error in rule segment:
    jobid: 294
    input: /scratch/indikar_root/indikar1/cstansbu/pf-test/images/test_40.processed.tiff, /home/cstansbu/git_repositories/pip-fucci/config/config.yaml
    output: /scratch/indikar_root/indikar1/cstansbu/pf-test/segments/test_40.segmented.npy, /scratch/indikar_root/indikar1/cstansbu/pf-test/segmentation_results/test_40.csv
    shell:
        python scripts/segment.py /scratch/indikar_root/indikar1/cstansbu/pf-test/images/test_40.processed.tiff /home/cstansbu/git_repositories/pip-fucci/config/config.yaml /scratch/indikar_root/indikar1/cstansbu/pf-test/segments/test_40.segmented.npy /scratch/indikar_root/indikar1/cstansbu/pf-test/segmentation_results/test_40.csv
        (one of the commands exited with non-zero exit code; note that snakemake uses bash strict mode!)

[Tue May  9 14:15:38 2023]
Finished job 154.
38 of 506 steps (8%) done
[Tue May  9 14:15:38 2023]
Finished job 98.
39 of 506 steps (8%) done
[Tue May  9 14:15:38 2023]
Finished job 114.
40 of 506 steps (8%) done
[Tue May  9 14:15:38 2023]
Finished job 71.
41 of 506 steps (8%) done
[Tue May  9 14:15:39 2023]
Finished job 43.
42 of 506 steps (8%) done
[Tue May  9 14:15:39 2023]
Finished job 127.
43 of 506 steps (8%) done
[Tue May  9 14:15:39 2023]
Finished job 210.
44 of 506 steps (9%) done
[Tue May  9 14:15:39 2023]
Finished job 99.
45 of 506 steps (9%) done
[Tue May  9 14:15:39 2023]
Finished job 40.
46 of 506 steps (9%) done
[Tue May  9 14:15:39 2023]
Finished job 94.
47 of 506 steps (9%) done
[Tue May  9 14:15:39 2023]
Finished job 70.
48 of 506 steps (9%) done
[Tue May  9 14:15:39 2023]
Finished job 126.
49 of 506 steps (10%) done
[Tue May  9 14:15:39 2023]
Finished job 235.
50 of 506 steps (10%) done
[Tue May  9 14:15:39 2023]
Finished job 65.
51 of 506 steps (10%) done
[Tue May  9 14:15:39 2023]
Finished job 155.
52 of 506 steps (10%) done
[Tue May  9 14:15:39 2023]
Finished job 93.
53 of 506 steps (10%) done
[Tue May  9 14:15:39 2023]
Finished job 182.
54 of 506 steps (11%) done
[Tue May  9 14:15:39 2023]
Finished job 13.
55 of 506 steps (11%) done
[Tue May  9 14:15:39 2023]
Finished job 156.
56 of 506 steps (11%) done
[Tue May  9 14:15:39 2023]
Finished job 238.
57 of 506 steps (11%) done
Shutting down, this might take some time.
Exiting because a job execution failed. Look above for error message
Complete log: .snakemake/log/2023-05-09T141241.739817.snakemake.log
