Building DAG of jobs...
Using shell: /usr/bin/bash
Provided cores: 36
Rules claiming more threads will be scaled down.
Job stats:
job          count    min threads    max threads
---------  -------  -------------  -------------
all              1              1              1
getImages        1              1              1
total            2              1              1

Select jobs to execute...

[Mon May  8 11:18:56 2023]
rule getImages:
    input: /nfs/turbo/umms-indikar/shared/projects/wound_healing/data/sync-unsync/20230502-BJPF-sync-A3-20m.ome.tiff
    output: /scratch/indikar_root/indikar1/cstansbu/pf-test/images/test.tiff
    jobid: 1
    reason: Missing output files: /scratch/indikar_root/indikar1/cstansbu/pf-test/images/test.tiff
    resources: tmpdir=/tmp

[Mon May  8 11:19:09 2023]
Finished job 1.
1 of 2 steps (50%) done
Select jobs to execute...

[Mon May  8 11:19:09 2023]
localrule all:
    input: /scratch/indikar_root/indikar1/cstansbu/pf-test/images/test.tiff, /scratch/indikar_root/indikar1/cstansbu/pf-test/metadata/test.json
    jobid: 0
    reason: Input files updated by another job: /scratch/indikar_root/indikar1/cstansbu/pf-test/images/test.tiff
    resources: tmpdir=/tmp

[Mon May  8 11:19:09 2023]
Finished job 0.
2 of 2 steps (100%) done
Complete log: .snakemake/log/2023-05-08T111855.470388.snakemake.log
