Building DAG of jobs...
Using shell: /usr/bin/bash
Provided cores: 36
Rules claiming more threads will be scaled down.
Job stats:
job           count    min threads    max threads
----------  -------  -------------  -------------
all               1              1              1
getImages         1              1              1
preprocess      252              1              1
total           254              1              1

Select jobs to execute...

[Tue May  9 08:45:25 2023]
rule getImages:
    input: /nfs/turbo/umms-indikar/shared/projects/wound_healing/data/sync-unsync/20230502-BJPF-sync-A3-20m.ome.tiff, /home/cstansbu/git_repositories/pip-fucci/config/config.yaml
    output: /scratch/indikar_root/indikar1/cstansbu/pf-test/images/test_1.raw.tiff, /scratch/indikar_root/indikar1/cstansbu/pf-test/images/test_2.raw.tiff, /scratch/indikar_root/indikar1/cstansbu/pf-test/images/test_3.raw.tiff, /scratch/indikar_root/indikar1/cstansbu/pf-test/images/test_4.raw.tiff, /scratch/indikar_root/indikar1/cstansbu/pf-test/images/test_5.raw.tiff, /scratch/indikar_root/indikar1/cstansbu/pf-test/images/test_6.raw.tiff, /scratch/indikar_root/indikar1/cstansbu/pf-test/images/test_7.raw.tiff, /scratch/indikar_root/indikar1/cstansbu/pf-test/images/test_8.raw.tiff, /scratch/indikar_root/indikar1/cstansbu/pf-test/images/test_9.raw.tiff, /scratch/indikar_root/indikar1/cstansbu/pf-test/images/test_10.raw.tiff, /scratch/indikar_root/indikar1/cstansbu/pf-test/images/test_11.raw.tiff, /scratch/indikar_root/indikar1/cstansbu/pf-test/images/test_12.raw.tiff, /scratch/indikar_root/indikar1/cstansbu/pf-test/images/test_13.raw.tiff, /scratch/indikar_root/indikar1/cstansbu/pf-test/images/test_14.raw.tiff, /scratch/indikar_root/indikar1/cstansbu/pf-test/images/test_15.raw.tiff, /scratch/indikar_root/indikar1/cstansbu/pf-test/images/test_16.raw.tiff, /scratch/indikar_root/indikar1/cstansbu/pf-test/images/test_17.raw.tiff, /scratch/indikar_root/indikar1/cstansbu/pf-test/images/test_18.raw.tiff, /scratch/indikar_root/indikar1/cstansbu/pf-test/images/test_19.raw.tiff, /scratch/indikar_root/indikar1/cstansbu/pf-test/images/test_20.raw.tiff, /scratch/indikar_root/indikar1/cstansbu/pf-test/images/test_21.raw.tiff, /scratch/indikar_root/indikar1/cstansbu/pf-test/images/test_22.raw.tiff, /scratch/indikar_root/indikar1/cstansbu/pf-test/images/test_23.raw.tiff, /scratch/indikar_root/indikar1/cstansbu/pf-test/images/test_24.raw.tiff, /scratch/indikar_root/indikar1/cstansbu/pf-test/images/test_25.raw.tiff, /scratch/indikar_root/indikar1/cstansbu/pf-test/images/test_26.raw.tiff, /scratch/indikar_root/indikar1/cstansbu/pf-test/images/test_27.raw.tiff, /scratch/indikar_root/indikar1/cstansbu/pf-test/images/test_28.raw.tiff, /scratch/indikar_root/indikar1/cstansbu/pf-test/images/test_29.raw.tiff, /scratch/indikar_root/indikar1/cstansbu/pf-test/images/test_30.raw.tiff, /scratch/indikar_root/indikar1/cstansbu/pf-test/images/test_31.raw.tiff, /scratch/indikar_root/indikar1/cstansbu/pf-test/images/test_32.raw.tiff, /scratch/indikar_root/indikar1/cstansbu/pf-test/images/test_33.raw.tiff, /scratch/indikar_root/indikar1/cstansbu/pf-test/images/test_34.raw.tiff, /scratch/indikar_root/indikar1/cstansbu/pf-test/images/test_35.raw.tiff, /scratch/indikar_root/indikar1/cstansbu/pf-test/images/test_36.raw.tiff, /scratch/indikar_root/indikar1/cstansbu/pf-test/images/test_37.raw.tiff, /scratch/indikar_root/indikar1/cstansbu/pf-test/images/test_38.raw.tiff, /scratch/indikar_root/indikar1/cstansbu/pf-test/images/test_39.raw.tiff, /scratch/indikar_root/indikar1/cstansbu/pf-test/images/test_40.raw.tiff, /scratch/indikar_root/indikar1/cstansbu/pf-test/images/test_41.raw.tiff, /scratch/indikar_root/indikar1/cstansbu/pf-test/images/test_42.raw.tiff, /scratch/indikar_root/indikar1/cstansbu/pf-test/images/test_43.raw.tiff, /scratch/indikar_root/indikar1/cstansbu/pf-test/images/test_44.raw.tiff, /scratch/indikar_root/indikar1/cstansbu/pf-test/images/test_45.raw.tiff, /scratch/indikar_root/indikar1/cstansbu/pf-test/images/test_46.raw.tiff, /scratch/indikar_root/indikar1/cstansbu/pf-test/images/test_47.raw.tiff, /scratch/indikar_root/indikar1/cstansbu/pf-test/images/test_48.raw.tiff, /scratch/indikar_root/indikar1/cstansbu/pf-test/images/test_49.raw.tiff, /scratch/indikar_root/indikar1/cstansbu/pf-test/images/test_50.raw.tiff, /scratch/indikar_root/indikar1/cstansbu/pf-test/images/test_51.raw.tiff, /scratch/indikar_root/indikar1/cstansbu/pf-test/images/test_52.raw.tiff, /scratch/indikar_root/indikar1/cstansbu/pf-test/images/test_53.raw.tiff, /scratch/indikar_root/indikar1/cstansbu/pf-test/images/test_54.raw.tiff, /scratch/indikar_root/indikar1/cstansbu/pf-test/images/test_55.raw.tiff, /scratch/indikar_root/indikar1/cstansbu/pf-test/images/test_56.raw.tiff, /scratch/indikar_root/indikar1/cstansbu/pf-test/images/test_57.raw.tiff, /scratch/indikar_root/indikar1/cstansbu/pf-test/images/test_58.raw.tiff, /scratch/indikar_root/indikar1/cstansbu/pf-test/images/test_59.raw.tiff, /scratch/indikar_root/indikar1/cstansbu/pf-test/images/test_60.raw.tiff, /scratch/indikar_root/indikar1/cstansbu/pf-test/images/test_61.raw.tiff, /scratch/indikar_root/indikar1/cstansbu/pf-test/images/test_62.raw.tiff, /scratch/indikar_root/indikar1/cstansbu/pf-test/images/test_63.raw.tiff, /scratch/indikar_root/indikar1/cstansbu/pf-test/images/test_64.raw.tiff, /scratch/indikar_root/indikar1/cstansbu/pf-test/images/test_65.raw.tiff, /scratch/indikar_root/indikar1/cstansbu/pf-test/images/test_66.raw.tiff, /scratch/indikar_root/indikar1/cstansbu/pf-test/images/test_67.raw.tiff, /scratch/indikar_root/indikar1/cstansbu/pf-test/images/test_68.raw.tiff, /scratch/indikar_root/indikar1/cstansbu/pf-test/images/test_69.raw.tiff, /scratch/indikar_root/indikar1/cstansbu/pf-test/images/test_70.raw.tiff, /scratch/indikar_root/indikar1/cstansbu/pf-test/images/test_71.raw.tiff, /scratch/indikar_root/indikar1/cstansbu/pf-test/images/test_72.raw.tiff, /scratch/indikar_root/indikar1/cstansbu/pf-test/images/test_73.raw.tiff, /scratch/indikar_root/indikar1/cstansbu/pf-test/images/test_74.raw.tiff, /scratch/indikar_root/indikar1/cstansbu/pf-test/images/test_75.raw.tiff, /scratch/indikar_root/indikar1/cstansbu/pf-test/images/test_76.raw.tiff, /scratch/indikar_root/indikar1/cstansbu/pf-test/images/test_77.raw.tiff, /scratch/indikar_root/indikar1/cstansbu/pf-test/images/test_78.raw.tiff, /scratch/indikar_root/indikar1/cstansbu/pf-test/images/test_79.raw.tiff, /scratch/indikar_root/indikar1/cstansbu/pf-test/images/test_80.raw.tiff, /scratch/indikar_root/indikar1/cstansbu/pf-test/images/test_81.raw.tiff, /scratch/indikar_root/indikar1/cstansbu/pf-test/images/test_82.raw.tiff, /scratch/indikar_root/indikar1/cstansbu/pf-test/images/test_83.raw.tiff, /scratch/indikar_root/indikar1/cstansbu/pf-test/images/test_84.raw.tiff, /scratch/indikar_root/indikar1/cstansbu/pf-test/images/test_85.raw.tiff, /scratch/indikar_root/indikar1/cstansbu/pf-test/images/test_86.raw.tiff, /scratch/indikar_root/indikar1/cstansbu/pf-test/images/test_87.raw.tiff, /scratch/indikar_root/indikar1/cstansbu/pf-test/images/test_88.raw.tiff, /scratch/indikar_root/indikar1/cstansbu/pf-test/images/test_89.raw.tiff, /scratch/indikar_root/indikar1/cstansbu/pf-test/images/test_90.raw.tiff, /scratch/indikar_root/indikar1/cstansbu/pf-test/images/test_91.raw.tiff, /scratch/indikar_root/indikar1/cstansbu/pf-test/images/test_92.raw.tiff, /scratch/indikar_root/indikar1/cstansbu/pf-test/images/test_93.raw.tiff, /scratch/indikar_root/indikar1/cstansbu/pf-test/images/test_94.raw.tiff, /scratch/indikar_root/indikar1/cstansbu/pf-test/images/test_95.raw.tiff, /scratch/indikar_root/indikar1/cstansbu/pf-test/images/test_96.raw.tiff, /scratch/indikar_root/indikar1/cstansbu/pf-test/images/test_97.raw.tiff, /scratch/indikar_root/indikar1/cstansbu/pf-test/images/test_98.raw.tiff, /scratch/indikar_root/indikar1/cstansbu/pf-test/images/test_99.raw.tiff, /scratch/indikar_root/indikar1/cstansbu/pf-test/images/test_100.raw.tiff, /scratch/indikar_root/indikar1/cstansbu/pf-test/images/test_101.raw.tiff, /scratch/indikar_root/indikar1/cstansbu/pf-test/images/test_102.raw.tiff, /scratch/indikar_root/indikar1/cstansbu/pf-test/images/test_103.raw.tiff, /scratch/indikar_root/indikar1/cstansbu/pf-test/images/test_104.raw.tiff, /scratch/indikar_root/indikar1/cstansbu/pf-test/images/test_105.raw.tiff, /scratch/indikar_root/indikar1/cstansbu/pf-test/images/test_106.raw.tiff, /scratch/indikar_root/indikar1/cstansbu/pf-test/images/test_107.raw.tiff, /scratch/indikar_root/indikar1/cstansbu/pf-test/images/test_108.raw.tiff, /scratch/indikar_root/indikar1/cstansbu/pf-test/images/test_109.raw.tiff, /scratch/indikar_root/indikar1/cstansbu/pf-test/images/test_110.raw.tiff, /scratch/indikar_root/indikar1/cstansbu/pf-test/images/test_111.raw.tiff, /scratch/indikar_root/indikar1/cstansbu/pf-test/images/test_112.raw.tiff, /scratch/indikar_root/indikar1/cstansbu/pf-test/images/test_113.raw.tiff, /scratch/indikar_root/indikar1/cstansbu/pf-test/images/test_114.raw.tiff, /scratch/indikar_root/indikar1/cstansbu/pf-test/images/test_115.raw.tiff, /scratch/indikar_root/indikar1/cstansbu/pf-test/images/test_116.raw.tiff, /scratch/indikar_root/indikar1/cstansbu/pf-test/images/test_117.raw.tiff, /scratch/indikar_root/indikar1/cstansbu/pf-test/images/test_118.raw.tiff, /scratch/indikar_root/indikar1/cstansbu/pf-test/images/test_119.raw.tiff, /scratch/indikar_root/indikar1/cstansbu/pf-test/images/test_120.raw.tiff, /scratch/indikar_root/indikar1/cstansbu/pf-test/images/test_121.raw.tiff, /scratch/indikar_root/indikar1/cstansbu/pf-test/images/test_122.raw.tiff, /scratch/indikar_root/indikar1/cstansbu/pf-test/images/test_123.raw.tiff, /scratch/indikar_root/indikar1/cstansbu/pf-test/images/test_124.raw.tiff, /scratch/indikar_root/indikar1/cstansbu/pf-test/images/test_125.raw.tiff, /scratch/indikar_root/indikar1/cstansbu/pf-test/images/test_126.raw.tiff, /scratch/indikar_root/indikar1/cstansbu/pf-test/images/test_127.raw.tiff, /scratch/indikar_root/indikar1/cstansbu/pf-test/images/test_128.raw.tiff, /scratch/indikar_root/indikar1/cstansbu/pf-test/images/test_129.raw.tiff, /scratch/indikar_root/indikar1/cstansbu/pf-test/images/test_130.raw.tiff, /scratch/indikar_root/indikar1/cstansbu/pf-test/images/test_131.raw.tiff, /scratch/indikar_root/indikar1/cstansbu/pf-test/images/test_132.raw.tiff, /scratch/indikar_root/indikar1/cstansbu/pf-test/images/test_133.raw.tiff, /scratch/indikar_root/indikar1/cstansbu/pf-test/images/test_134.raw.tiff, /scratch/indikar_root/indikar1/cstansbu/pf-test/images/test_135.raw.tiff, /scratch/indikar_root/indikar1/cstansbu/pf-test/images/test_136.raw.tiff, /scratch/indikar_root/indikar1/cstansbu/pf-test/images/test_137.raw.tiff, /scratch/indikar_root/indikar1/cstansbu/pf-test/images/test_138.raw.tiff, /scratch/indikar_root/indikar1/cstansbu/pf-test/images/test_139.raw.tiff, /scratch/indikar_root/indikar1/cstansbu/pf-test/images/test_140.raw.tiff, /scratch/indikar_root/indikar1/cstansbu/pf-test/images/test_141.raw.tiff, /scratch/indikar_root/indikar1/cstansbu/pf-test/images/test_142.raw.tiff, /scratch/indikar_root/indikar1/cstansbu/pf-test/images/test_143.raw.tiff, /scratch/indikar_root/indikar1/cstansbu/pf-test/images/test_144.raw.tiff, /scratch/indikar_root/indikar1/cstansbu/pf-test/images/test_145.raw.tiff, /scratch/indikar_root/indikar1/cstansbu/pf-test/images/test_146.raw.tiff, /scratch/indikar_root/indikar1/cstansbu/pf-test/images/test_147.raw.tiff, /scratch/indikar_root/indikar1/cstansbu/pf-test/images/test_148.raw.tiff, /scratch/indikar_root/indikar1/cstansbu/pf-test/images/test_149.raw.tiff, /scratch/indikar_root/indikar1/cstansbu/pf-test/images/test_150.raw.tiff, /scratch/indikar_root/indikar1/cstansbu/pf-test/images/test_151.raw.tiff, /scratch/indikar_root/indikar1/cstansbu/pf-test/images/test_152.raw.tiff, /scratch/indikar_root/indikar1/cstansbu/pf-test/images/test_153.raw.tiff, /scratch/indikar_root/indikar1/cstansbu/pf-test/images/test_154.raw.tiff, /scratch/indikar_root/indikar1/cstansbu/pf-test/images/test_155.raw.tiff, /scratch/indikar_root/indikar1/cstansbu/pf-test/images/test_156.raw.tiff, /scratch/indikar_root/indikar1/cstansbu/pf-test/images/test_157.raw.tiff, /scratch/indikar_root/indikar1/cstansbu/pf-test/images/test_158.raw.tiff, /scratch/indikar_root/indikar1/cstansbu/pf-test/images/test_159.raw.tiff, /scratch/indikar_root/indikar1/cstansbu/pf-test/images/test_160.raw.tiff, /scratch/indikar_root/indikar1/cstansbu/pf-test/images/test_161.raw.tiff, /scratch/indikar_root/indikar1/cstansbu/pf-test/images/test_162.raw.tiff, /scratch/indikar_root/indikar1/cstansbu/pf-test/images/test_163.raw.tiff, /scratch/indikar_root/indikar1/cstansbu/pf-test/images/test_164.raw.tiff, /scratch/indikar_root/indikar1/cstansbu/pf-test/images/test_165.raw.tiff, /scratch/indikar_root/indikar1/cstansbu/pf-test/images/test_166.raw.tiff, /scratch/indikar_root/indikar1/cstansbu/pf-test/images/test_167.raw.tiff, /scratch/indikar_root/indikar1/cstansbu/pf-test/images/test_168.raw.tiff, /scratch/indikar_root/indikar1/cstansbu/pf-test/images/test_169.raw.tiff, /scratch/indikar_root/indikar1/cstansbu/pf-test/images/test_170.raw.tiff, /scratch/indikar_root/indikar1/cstansbu/pf-test/images/test_171.raw.tiff, /scratch/indikar_root/indikar1/cstansbu/pf-test/images/test_172.raw.tiff, /scratch/indikar_root/indikar1/cstansbu/pf-test/images/test_173.raw.tiff, /scratch/indikar_root/indikar1/cstansbu/pf-test/images/test_174.raw.tiff, /scratch/indikar_root/indikar1/cstansbu/pf-test/images/test_175.raw.tiff, /scratch/indikar_root/indikar1/cstansbu/pf-test/images/test_176.raw.tiff, /scratch/indikar_root/indikar1/cstansbu/pf-test/images/test_177.raw.tiff, /scratch/indikar_root/indikar1/cstansbu/pf-test/images/test_178.raw.tiff, /scratch/indikar_root/indikar1/cstansbu/pf-test/images/test_179.raw.tiff, /scratch/indikar_root/indikar1/cstansbu/pf-test/images/test_180.raw.tiff, /scratch/indikar_root/indikar1/cstansbu/pf-test/images/test_181.raw.tiff, /scratch/indikar_root/indikar1/cstansbu/pf-test/images/test_182.raw.tiff, /scratch/indikar_root/indikar1/cstansbu/pf-test/images/test_183.raw.tiff, /scratch/indikar_root/indikar1/cstansbu/pf-test/images/test_184.raw.tiff, /scratch/indikar_root/indikar1/cstansbu/pf-test/images/test_185.raw.tiff, /scratch/indikar_root/indikar1/cstansbu/pf-test/images/test_186.raw.tiff, /scratch/indikar_root/indikar1/cstansbu/pf-test/images/test_187.raw.tiff, /scratch/indikar_root/indikar1/cstansbu/pf-test/images/test_188.raw.tiff, /scratch/indikar_root/indikar1/cstansbu/pf-test/images/test_189.raw.tiff, /scratch/indikar_root/indikar1/cstansbu/pf-test/images/test_190.raw.tiff, /scratch/indikar_root/indikar1/cstansbu/pf-test/images/test_191.raw.tiff, /scratch/indikar_root/indikar1/cstansbu/pf-test/images/test_192.raw.tiff, /scratch/indikar_root/indikar1/cstansbu/pf-test/images/test_193.raw.tiff, /scratch/indikar_root/indikar1/cstansbu/pf-test/images/test_194.raw.tiff, /scratch/indikar_root/indikar1/cstansbu/pf-test/images/test_195.raw.tiff, /scratch/indikar_root/indikar1/cstansbu/pf-test/images/test_196.raw.tiff, /scratch/indikar_root/indikar1/cstansbu/pf-test/images/test_197.raw.tiff, /scratch/indikar_root/indikar1/cstansbu/pf-test/images/test_198.raw.tiff, /scratch/indikar_root/indikar1/cstansbu/pf-test/images/test_199.raw.tiff, /scratch/indikar_root/indikar1/cstansbu/pf-test/images/test_200.raw.tiff, /scratch/indikar_root/indikar1/cstansbu/pf-test/images/test_201.raw.tiff, /scratch/indikar_root/indikar1/cstansbu/pf-test/images/test_202.raw.tiff, /scratch/indikar_root/indikar1/cstansbu/pf-test/images/test_203.raw.tiff, /scratch/indikar_root/indikar1/cstansbu/pf-test/images/test_204.raw.tiff, /scratch/indikar_root/indikar1/cstansbu/pf-test/images/test_205.raw.tiff, /scratch/indikar_root/indikar1/cstansbu/pf-test/images/test_206.raw.tiff, /scratch/indikar_root/indikar1/cstansbu/pf-test/images/test_207.raw.tiff, /scratch/indikar_root/indikar1/cstansbu/pf-test/images/test_208.raw.tiff, /scratch/indikar_root/indikar1/cstansbu/pf-test/images/test_209.raw.tiff, /scratch/indikar_root/indikar1/cstansbu/pf-test/images/test_210.raw.tiff, /scratch/indikar_root/indikar1/cstansbu/pf-test/images/test_211.raw.tiff, /scratch/indikar_root/indikar1/cstansbu/pf-test/images/test_212.raw.tiff, /scratch/indikar_root/indikar1/cstansbu/pf-test/images/test_213.raw.tiff, /scratch/indikar_root/indikar1/cstansbu/pf-test/images/test_214.raw.tiff, /scratch/indikar_root/indikar1/cstansbu/pf-test/images/test_215.raw.tiff, /scratch/indikar_root/indikar1/cstansbu/pf-test/images/test_216.raw.tiff, /scratch/indikar_root/indikar1/cstansbu/pf-test/images/test_217.raw.tiff, /scratch/indikar_root/indikar1/cstansbu/pf-test/images/test_218.raw.tiff, /scratch/indikar_root/indikar1/cstansbu/pf-test/images/test_219.raw.tiff, /scratch/indikar_root/indikar1/cstansbu/pf-test/images/test_220.raw.tiff, /scratch/indikar_root/indikar1/cstansbu/pf-test/images/test_221.raw.tiff, /scratch/indikar_root/indikar1/cstansbu/pf-test/images/test_222.raw.tiff, /scratch/indikar_root/indikar1/cstansbu/pf-test/images/test_223.raw.tiff, /scratch/indikar_root/indikar1/cstansbu/pf-test/images/test_224.raw.tiff, /scratch/indikar_root/indikar1/cstansbu/pf-test/images/test_225.raw.tiff, /scratch/indikar_root/indikar1/cstansbu/pf-test/images/test_226.raw.tiff, /scratch/indikar_root/indikar1/cstansbu/pf-test/images/test_227.raw.tiff, /scratch/indikar_root/indikar1/cstansbu/pf-test/images/test_228.raw.tiff, /scratch/indikar_root/indikar1/cstansbu/pf-test/images/test_229.raw.tiff, /scratch/indikar_root/indikar1/cstansbu/pf-test/images/test_230.raw.tiff, /scratch/indikar_root/indikar1/cstansbu/pf-test/images/test_231.raw.tiff, /scratch/indikar_root/indikar1/cstansbu/pf-test/images/test_232.raw.tiff, /scratch/indikar_root/indikar1/cstansbu/pf-test/images/test_233.raw.tiff, /scratch/indikar_root/indikar1/cstansbu/pf-test/images/test_234.raw.tiff, /scratch/indikar_root/indikar1/cstansbu/pf-test/images/test_235.raw.tiff, /scratch/indikar_root/indikar1/cstansbu/pf-test/images/test_236.raw.tiff, /scratch/indikar_root/indikar1/cstansbu/pf-test/images/test_237.raw.tiff, /scratch/indikar_root/indikar1/cstansbu/pf-test/images/test_238.raw.tiff, /scratch/indikar_root/indikar1/cstansbu/pf-test/images/test_239.raw.tiff, /scratch/indikar_root/indikar1/cstansbu/pf-test/images/test_240.raw.tiff, /scratch/indikar_root/indikar1/cstansbu/pf-test/images/test_241.raw.tiff, /scratch/indikar_root/indikar1/cstansbu/pf-test/images/test_242.raw.tiff, /scratch/indikar_root/indikar1/cstansbu/pf-test/images/test_243.raw.tiff, /scratch/indikar_root/indikar1/cstansbu/pf-test/images/test_244.raw.tiff, /scratch/indikar_root/indikar1/cstansbu/pf-test/images/test_245.raw.tiff, /scratch/indikar_root/indikar1/cstansbu/pf-test/images/test_246.raw.tiff, /scratch/indikar_root/indikar1/cstansbu/pf-test/images/test_247.raw.tiff, /scratch/indikar_root/indikar1/cstansbu/pf-test/images/test_248.raw.tiff, /scratch/indikar_root/indikar1/cstansbu/pf-test/images/test_249.raw.tiff, /scratch/indikar_root/indikar1/cstansbu/pf-test/images/test_250.raw.tiff, /scratch/indikar_root/indikar1/cstansbu/pf-test/images/test_251.raw.tiff, /scratch/indikar_root/indikar1/cstansbu/pf-test/images/test_252.raw.tiff
    jobid: 1
    reason: Updated input files: /home/cstansbu/git_repositories/pip-fucci/config/config.yaml
    resources: tmpdir=/tmp

[Tue May  9 08:49:33 2023]
Finished job 1.
1 of 254 steps (0.4%) done
Select jobs to execute...

[Tue May  9 08:49:33 2023]
rule preprocess:
    input: /scratch/indikar_root/indikar1/cstansbu/pf-test/images/test_176.raw.tiff, /home/cstansbu/git_repositories/pip-fucci/config/config.yaml
    output: /scratch/indikar_root/indikar1/cstansbu/pf-test/images/test_176.processed.tiff
    jobid: 177
    reason: Missing output files: /scratch/indikar_root/indikar1/cstansbu/pf-test/images/test_176.processed.tiff; Input files updated by another job: /scratch/indikar_root/indikar1/cstansbu/pf-test/images/test_176.raw.tiff
    wildcards: imgId=test, tid=176
    resources: tmpdir=/tmp


[Tue May  9 08:49:33 2023]
rule preprocess:
    input: /scratch/indikar_root/indikar1/cstansbu/pf-test/images/test_6.raw.tiff, /home/cstansbu/git_repositories/pip-fucci/config/config.yaml
    output: /scratch/indikar_root/indikar1/cstansbu/pf-test/images/test_6.processed.tiff
    jobid: 7
    reason: Missing output files: /scratch/indikar_root/indikar1/cstansbu/pf-test/images/test_6.processed.tiff; Input files updated by another job: /scratch/indikar_root/indikar1/cstansbu/pf-test/images/test_6.raw.tiff
    wildcards: imgId=test, tid=6
    resources: tmpdir=/tmp


[Tue May  9 08:49:33 2023]
rule preprocess:
    input: /scratch/indikar_root/indikar1/cstansbu/pf-test/images/test_87.raw.tiff, /home/cstansbu/git_repositories/pip-fucci/config/config.yaml
    output: /scratch/indikar_root/indikar1/cstansbu/pf-test/images/test_87.processed.tiff
    jobid: 88
    reason: Missing output files: /scratch/indikar_root/indikar1/cstansbu/pf-test/images/test_87.processed.tiff; Input files updated by another job: /scratch/indikar_root/indikar1/cstansbu/pf-test/images/test_87.raw.tiff
    wildcards: imgId=test, tid=87
    resources: tmpdir=/tmp


[Tue May  9 08:49:33 2023]
rule preprocess:
    input: /scratch/indikar_root/indikar1/cstansbu/pf-test/images/test_143.raw.tiff, /home/cstansbu/git_repositories/pip-fucci/config/config.yaml
    output: /scratch/indikar_root/indikar1/cstansbu/pf-test/images/test_143.processed.tiff
    jobid: 144
    reason: Missing output files: /scratch/indikar_root/indikar1/cstansbu/pf-test/images/test_143.processed.tiff; Input files updated by another job: /scratch/indikar_root/indikar1/cstansbu/pf-test/images/test_143.raw.tiff
    wildcards: imgId=test, tid=143
    resources: tmpdir=/tmp


[Tue May  9 08:49:33 2023]
rule preprocess:
    input: /scratch/indikar_root/indikar1/cstansbu/pf-test/images/test_199.raw.tiff, /home/cstansbu/git_repositories/pip-fucci/config/config.yaml
    output: /scratch/indikar_root/indikar1/cstansbu/pf-test/images/test_199.processed.tiff
    jobid: 200
    reason: Missing output files: /scratch/indikar_root/indikar1/cstansbu/pf-test/images/test_199.processed.tiff; Input files updated by another job: /scratch/indikar_root/indikar1/cstansbu/pf-test/images/test_199.raw.tiff
    wildcards: imgId=test, tid=199
    resources: tmpdir=/tmp


[Tue May  9 08:49:33 2023]
rule preprocess:
    input: /scratch/indikar_root/indikar1/cstansbu/pf-test/images/test_151.raw.tiff, /home/cstansbu/git_repositories/pip-fucci/config/config.yaml
    output: /scratch/indikar_root/indikar1/cstansbu/pf-test/images/test_151.processed.tiff
    jobid: 152
    reason: Missing output files: /scratch/indikar_root/indikar1/cstansbu/pf-test/images/test_151.processed.tiff; Input files updated by another job: /scratch/indikar_root/indikar1/cstansbu/pf-test/images/test_151.raw.tiff
    wildcards: imgId=test, tid=151
    resources: tmpdir=/tmp


[Tue May  9 08:49:33 2023]
rule preprocess:
    input: /scratch/indikar_root/indikar1/cstansbu/pf-test/images/test_95.raw.tiff, /home/cstansbu/git_repositories/pip-fucci/config/config.yaml
    output: /scratch/indikar_root/indikar1/cstansbu/pf-test/images/test_95.processed.tiff
    jobid: 96
    reason: Missing output files: /scratch/indikar_root/indikar1/cstansbu/pf-test/images/test_95.processed.tiff; Input files updated by another job: /scratch/indikar_root/indikar1/cstansbu/pf-test/images/test_95.raw.tiff
    wildcards: imgId=test, tid=95
    resources: tmpdir=/tmp


[Tue May  9 08:49:33 2023]
rule preprocess:
    input: /scratch/indikar_root/indikar1/cstansbu/pf-test/images/test_207.raw.tiff, /home/cstansbu/git_repositories/pip-fucci/config/config.yaml
    output: /scratch/indikar_root/indikar1/cstansbu/pf-test/images/test_207.processed.tiff
    jobid: 208
    reason: Missing output files: /scratch/indikar_root/indikar1/cstansbu/pf-test/images/test_207.processed.tiff; Input files updated by another job: /scratch/indikar_root/indikar1/cstansbu/pf-test/images/test_207.raw.tiff
    wildcards: imgId=test, tid=207
    resources: tmpdir=/tmp


[Tue May  9 08:49:33 2023]
rule preprocess:
    input: /scratch/indikar_root/indikar1/cstansbu/pf-test/images/test_67.raw.tiff, /home/cstansbu/git_repositories/pip-fucci/config/config.yaml
    output: /scratch/indikar_root/indikar1/cstansbu/pf-test/images/test_67.processed.tiff
    jobid: 68
    reason: Missing output files: /scratch/indikar_root/indikar1/cstansbu/pf-test/images/test_67.processed.tiff; Input files updated by another job: /scratch/indikar_root/indikar1/cstansbu/pf-test/images/test_67.raw.tiff
    wildcards: imgId=test, tid=67
    resources: tmpdir=/tmp


[Tue May  9 08:49:33 2023]
rule preprocess:
    input: /scratch/indikar_root/indikar1/cstansbu/pf-test/images/test_123.raw.tiff, /home/cstansbu/git_repositories/pip-fucci/config/config.yaml
    output: /scratch/indikar_root/indikar1/cstansbu/pf-test/images/test_123.processed.tiff
    jobid: 124
    reason: Missing output files: /scratch/indikar_root/indikar1/cstansbu/pf-test/images/test_123.processed.tiff; Input files updated by another job: /scratch/indikar_root/indikar1/cstansbu/pf-test/images/test_123.raw.tiff
    wildcards: imgId=test, tid=123
    resources: tmpdir=/tmp


[Tue May  9 08:49:33 2023]
rule preprocess:
    input: /scratch/indikar_root/indikar1/cstansbu/pf-test/images/test_179.raw.tiff, /home/cstansbu/git_repositories/pip-fucci/config/config.yaml
    output: /scratch/indikar_root/indikar1/cstansbu/pf-test/images/test_179.processed.tiff
    jobid: 180
    reason: Missing output files: /scratch/indikar_root/indikar1/cstansbu/pf-test/images/test_179.processed.tiff; Input files updated by another job: /scratch/indikar_root/indikar1/cstansbu/pf-test/images/test_179.raw.tiff
    wildcards: imgId=test, tid=179
    resources: tmpdir=/tmp


[Tue May  9 08:49:33 2023]
rule preprocess:
    input: /scratch/indikar_root/indikar1/cstansbu/pf-test/images/test_235.raw.tiff, /home/cstansbu/git_repositories/pip-fucci/config/config.yaml
    output: /scratch/indikar_root/indikar1/cstansbu/pf-test/images/test_235.processed.tiff
    jobid: 236
    reason: Missing output files: /scratch/indikar_root/indikar1/cstansbu/pf-test/images/test_235.processed.tiff; Input files updated by another job: /scratch/indikar_root/indikar1/cstansbu/pf-test/images/test_235.raw.tiff
    wildcards: imgId=test, tid=235
    resources: tmpdir=/tmp


[Tue May  9 08:49:33 2023]
rule preprocess:
    input: /scratch/indikar_root/indikar1/cstansbu/pf-test/images/test_8.raw.tiff, /home/cstansbu/git_repositories/pip-fucci/config/config.yaml
    output: /scratch/indikar_root/indikar1/cstansbu/pf-test/images/test_8.processed.tiff
    jobid: 9
    reason: Missing output files: /scratch/indikar_root/indikar1/cstansbu/pf-test/images/test_8.processed.tiff; Input files updated by another job: /scratch/indikar_root/indikar1/cstansbu/pf-test/images/test_8.raw.tiff
    wildcards: imgId=test, tid=8
    resources: tmpdir=/tmp


[Tue May  9 08:49:33 2023]
rule preprocess:
    input: /scratch/indikar_root/indikar1/cstansbu/pf-test/images/test_117.raw.tiff, /home/cstansbu/git_repositories/pip-fucci/config/config.yaml
    output: /scratch/indikar_root/indikar1/cstansbu/pf-test/images/test_117.processed.tiff
    jobid: 118
    reason: Missing output files: /scratch/indikar_root/indikar1/cstansbu/pf-test/images/test_117.processed.tiff; Input files updated by another job: /scratch/indikar_root/indikar1/cstansbu/pf-test/images/test_117.raw.tiff
    wildcards: imgId=test, tid=117
    resources: tmpdir=/tmp


[Tue May  9 08:49:33 2023]
rule preprocess:
    input: /scratch/indikar_root/indikar1/cstansbu/pf-test/images/test_92.raw.tiff, /home/cstansbu/git_repositories/pip-fucci/config/config.yaml
    output: /scratch/indikar_root/indikar1/cstansbu/pf-test/images/test_92.processed.tiff
    jobid: 93
    reason: Missing output files: /scratch/indikar_root/indikar1/cstansbu/pf-test/images/test_92.processed.tiff; Input files updated by another job: /scratch/indikar_root/indikar1/cstansbu/pf-test/images/test_92.raw.tiff
    wildcards: imgId=test, tid=92
    resources: tmpdir=/tmp


[Tue May  9 08:49:33 2023]
rule preprocess:
    input: /scratch/indikar_root/indikar1/cstansbu/pf-test/images/test_40.raw.tiff, /home/cstansbu/git_repositories/pip-fucci/config/config.yaml
    output: /scratch/indikar_root/indikar1/cstansbu/pf-test/images/test_40.processed.tiff
    jobid: 41
    reason: Missing output files: /scratch/indikar_root/indikar1/cstansbu/pf-test/images/test_40.processed.tiff; Input files updated by another job: /scratch/indikar_root/indikar1/cstansbu/pf-test/images/test_40.raw.tiff
    wildcards: imgId=test, tid=40
    resources: tmpdir=/tmp


[Tue May  9 08:49:33 2023]
rule preprocess:
    input: /scratch/indikar_root/indikar1/cstansbu/pf-test/images/test_96.raw.tiff, /home/cstansbu/git_repositories/pip-fucci/config/config.yaml
    output: /scratch/indikar_root/indikar1/cstansbu/pf-test/images/test_96.processed.tiff
    jobid: 97
    reason: Missing output files: /scratch/indikar_root/indikar1/cstansbu/pf-test/images/test_96.processed.tiff; Input files updated by another job: /scratch/indikar_root/indikar1/cstansbu/pf-test/images/test_96.raw.tiff
    wildcards: imgId=test, tid=96
    resources: tmpdir=/tmp


[Tue May  9 08:49:33 2023]
rule preprocess:
    input: /scratch/indikar_root/indikar1/cstansbu/pf-test/images/test_152.raw.tiff, /home/cstansbu/git_repositories/pip-fucci/config/config.yaml
    output: /scratch/indikar_root/indikar1/cstansbu/pf-test/images/test_152.processed.tiff
    jobid: 153
    reason: Missing output files: /scratch/indikar_root/indikar1/cstansbu/pf-test/images/test_152.processed.tiff; Input files updated by another job: /scratch/indikar_root/indikar1/cstansbu/pf-test/images/test_152.raw.tiff
    wildcards: imgId=test, tid=152
    resources: tmpdir=/tmp


[Tue May  9 08:49:33 2023]
rule preprocess:
    input: /scratch/indikar_root/indikar1/cstansbu/pf-test/images/test_208.raw.tiff, /home/cstansbu/git_repositories/pip-fucci/config/config.yaml
    output: /scratch/indikar_root/indikar1/cstansbu/pf-test/images/test_208.processed.tiff
    jobid: 209
    reason: Missing output files: /scratch/indikar_root/indikar1/cstansbu/pf-test/images/test_208.processed.tiff; Input files updated by another job: /scratch/indikar_root/indikar1/cstansbu/pf-test/images/test_208.raw.tiff
    wildcards: imgId=test, tid=208
    resources: tmpdir=/tmp


[Tue May  9 08:49:33 2023]
rule preprocess:
    input: /scratch/indikar_root/indikar1/cstansbu/pf-test/images/test_9.raw.tiff, /home/cstansbu/git_repositories/pip-fucci/config/config.yaml
    output: /scratch/indikar_root/indikar1/cstansbu/pf-test/images/test_9.processed.tiff
    jobid: 10
    reason: Missing output files: /scratch/indikar_root/indikar1/cstansbu/pf-test/images/test_9.processed.tiff; Input files updated by another job: /scratch/indikar_root/indikar1/cstansbu/pf-test/images/test_9.raw.tiff
    wildcards: imgId=test, tid=9
    resources: tmpdir=/tmp


[Tue May  9 08:49:33 2023]
rule preprocess:
    input: /scratch/indikar_root/indikar1/cstansbu/pf-test/images/test_68.raw.tiff, /home/cstansbu/git_repositories/pip-fucci/config/config.yaml
    output: /scratch/indikar_root/indikar1/cstansbu/pf-test/images/test_68.processed.tiff
    jobid: 69
    reason: Missing output files: /scratch/indikar_root/indikar1/cstansbu/pf-test/images/test_68.processed.tiff; Input files updated by another job: /scratch/indikar_root/indikar1/cstansbu/pf-test/images/test_68.raw.tiff
    wildcards: imgId=test, tid=68
    resources: tmpdir=/tmp


[Tue May  9 08:49:33 2023]
rule preprocess:
    input: /scratch/indikar_root/indikar1/cstansbu/pf-test/images/test_124.raw.tiff, /home/cstansbu/git_repositories/pip-fucci/config/config.yaml
    output: /scratch/indikar_root/indikar1/cstansbu/pf-test/images/test_124.processed.tiff
    jobid: 125
    reason: Missing output files: /scratch/indikar_root/indikar1/cstansbu/pf-test/images/test_124.processed.tiff; Input files updated by another job: /scratch/indikar_root/indikar1/cstansbu/pf-test/images/test_124.raw.tiff
    wildcards: imgId=test, tid=124
    resources: tmpdir=/tmp


[Tue May  9 08:49:33 2023]
rule preprocess:
    input: /scratch/indikar_root/indikar1/cstansbu/pf-test/images/test_180.raw.tiff, /home/cstansbu/git_repositories/pip-fucci/config/config.yaml
    output: /scratch/indikar_root/indikar1/cstansbu/pf-test/images/test_180.processed.tiff
    jobid: 181
    reason: Missing output files: /scratch/indikar_root/indikar1/cstansbu/pf-test/images/test_180.processed.tiff; Input files updated by another job: /scratch/indikar_root/indikar1/cstansbu/pf-test/images/test_180.raw.tiff
    wildcards: imgId=test, tid=180
    resources: tmpdir=/tmp


[Tue May  9 08:49:33 2023]
rule preprocess:
    input: /scratch/indikar_root/indikar1/cstansbu/pf-test/images/test_236.raw.tiff, /home/cstansbu/git_repositories/pip-fucci/config/config.yaml
    output: /scratch/indikar_root/indikar1/cstansbu/pf-test/images/test_236.processed.tiff
    jobid: 237
    reason: Missing output files: /scratch/indikar_root/indikar1/cstansbu/pf-test/images/test_236.processed.tiff; Input files updated by another job: /scratch/indikar_root/indikar1/cstansbu/pf-test/images/test_236.raw.tiff
    wildcards: imgId=test, tid=236
    resources: tmpdir=/tmp


[Tue May  9 08:49:33 2023]
rule preprocess:
    input: /scratch/indikar_root/indikar1/cstansbu/pf-test/images/test_41.raw.tiff, /home/cstansbu/git_repositories/pip-fucci/config/config.yaml
    output: /scratch/indikar_root/indikar1/cstansbu/pf-test/images/test_41.processed.tiff
    jobid: 42
    reason: Missing output files: /scratch/indikar_root/indikar1/cstansbu/pf-test/images/test_41.processed.tiff; Input files updated by another job: /scratch/indikar_root/indikar1/cstansbu/pf-test/images/test_41.raw.tiff
    wildcards: imgId=test, tid=41
    resources: tmpdir=/tmp


[Tue May  9 08:49:33 2023]
rule preprocess:
    input: /scratch/indikar_root/indikar1/cstansbu/pf-test/images/test_202.raw.tiff, /home/cstansbu/git_repositories/pip-fucci/config/config.yaml
    output: /scratch/indikar_root/indikar1/cstansbu/pf-test/images/test_202.processed.tiff
    jobid: 203
    reason: Missing output files: /scratch/indikar_root/indikar1/cstansbu/pf-test/images/test_202.processed.tiff; Input files updated by another job: /scratch/indikar_root/indikar1/cstansbu/pf-test/images/test_202.raw.tiff
    wildcards: imgId=test, tid=202
    resources: tmpdir=/tmp


[Tue May  9 08:49:33 2023]
rule preprocess:
    input: /scratch/indikar_root/indikar1/cstansbu/pf-test/images/test_5.raw.tiff, /home/cstansbu/git_repositories/pip-fucci/config/config.yaml
    output: /scratch/indikar_root/indikar1/cstansbu/pf-test/images/test_5.processed.tiff
    jobid: 6
    reason: Missing output files: /scratch/indikar_root/indikar1/cstansbu/pf-test/images/test_5.processed.tiff; Input files updated by another job: /scratch/indikar_root/indikar1/cstansbu/pf-test/images/test_5.raw.tiff
    wildcards: imgId=test, tid=5
    resources: tmpdir=/tmp


[Tue May  9 08:49:33 2023]
rule preprocess:
    input: /scratch/indikar_root/indikar1/cstansbu/pf-test/images/test_63.raw.tiff, /home/cstansbu/git_repositories/pip-fucci/config/config.yaml
    output: /scratch/indikar_root/indikar1/cstansbu/pf-test/images/test_63.processed.tiff
    jobid: 64
    reason: Missing output files: /scratch/indikar_root/indikar1/cstansbu/pf-test/images/test_63.processed.tiff; Input files updated by another job: /scratch/indikar_root/indikar1/cstansbu/pf-test/images/test_63.raw.tiff
    wildcards: imgId=test, tid=63
    resources: tmpdir=/tmp


[Tue May  9 08:49:33 2023]
rule preprocess:
    input: /scratch/indikar_root/indikar1/cstansbu/pf-test/images/test_119.raw.tiff, /home/cstansbu/git_repositories/pip-fucci/config/config.yaml
    output: /scratch/indikar_root/indikar1/cstansbu/pf-test/images/test_119.processed.tiff
    jobid: 120
    reason: Missing output files: /scratch/indikar_root/indikar1/cstansbu/pf-test/images/test_119.processed.tiff; Input files updated by another job: /scratch/indikar_root/indikar1/cstansbu/pf-test/images/test_119.raw.tiff
    wildcards: imgId=test, tid=119
    resources: tmpdir=/tmp


[Tue May  9 08:49:33 2023]
rule preprocess:
    input: /scratch/indikar_root/indikar1/cstansbu/pf-test/images/test_175.raw.tiff, /home/cstansbu/git_repositories/pip-fucci/config/config.yaml
    output: /scratch/indikar_root/indikar1/cstansbu/pf-test/images/test_175.processed.tiff
    jobid: 176
    reason: Missing output files: /scratch/indikar_root/indikar1/cstansbu/pf-test/images/test_175.processed.tiff; Input files updated by another job: /scratch/indikar_root/indikar1/cstansbu/pf-test/images/test_175.raw.tiff
    wildcards: imgId=test, tid=175
    resources: tmpdir=/tmp


[Tue May  9 08:49:33 2023]
rule preprocess:
    input: /scratch/indikar_root/indikar1/cstansbu/pf-test/images/test_231.raw.tiff, /home/cstansbu/git_repositories/pip-fucci/config/config.yaml
    output: /scratch/indikar_root/indikar1/cstansbu/pf-test/images/test_231.processed.tiff
    jobid: 232
    reason: Missing output files: /scratch/indikar_root/indikar1/cstansbu/pf-test/images/test_231.processed.tiff; Input files updated by another job: /scratch/indikar_root/indikar1/cstansbu/pf-test/images/test_231.raw.tiff
    wildcards: imgId=test, tid=231
    resources: tmpdir=/tmp


[Tue May  9 08:49:33 2023]
rule preprocess:
    input: /scratch/indikar_root/indikar1/cstansbu/pf-test/images/test_35.raw.tiff, /home/cstansbu/git_repositories/pip-fucci/config/config.yaml
    output: /scratch/indikar_root/indikar1/cstansbu/pf-test/images/test_35.processed.tiff
    jobid: 36
    reason: Missing output files: /scratch/indikar_root/indikar1/cstansbu/pf-test/images/test_35.processed.tiff; Input files updated by another job: /scratch/indikar_root/indikar1/cstansbu/pf-test/images/test_35.raw.tiff
    wildcards: imgId=test, tid=35
    resources: tmpdir=/tmp


[Tue May  9 08:49:33 2023]
rule preprocess:
    input: /scratch/indikar_root/indikar1/cstansbu/pf-test/images/test_91.raw.tiff, /home/cstansbu/git_repositories/pip-fucci/config/config.yaml
    output: /scratch/indikar_root/indikar1/cstansbu/pf-test/images/test_91.processed.tiff
    jobid: 92
    reason: Missing output files: /scratch/indikar_root/indikar1/cstansbu/pf-test/images/test_91.processed.tiff; Input files updated by another job: /scratch/indikar_root/indikar1/cstansbu/pf-test/images/test_91.raw.tiff
    wildcards: imgId=test, tid=91
    resources: tmpdir=/tmp


[Tue May  9 08:49:33 2023]
rule preprocess:
    input: /scratch/indikar_root/indikar1/cstansbu/pf-test/images/test_147.raw.tiff, /home/cstansbu/git_repositories/pip-fucci/config/config.yaml
    output: /scratch/indikar_root/indikar1/cstansbu/pf-test/images/test_147.processed.tiff
    jobid: 148
    reason: Missing output files: /scratch/indikar_root/indikar1/cstansbu/pf-test/images/test_147.processed.tiff; Input files updated by another job: /scratch/indikar_root/indikar1/cstansbu/pf-test/images/test_147.raw.tiff
    wildcards: imgId=test, tid=147
    resources: tmpdir=/tmp


[Tue May  9 08:49:33 2023]
rule preprocess:
    input: /scratch/indikar_root/indikar1/cstansbu/pf-test/images/test_203.raw.tiff, /home/cstansbu/git_repositories/pip-fucci/config/config.yaml
    output: /scratch/indikar_root/indikar1/cstansbu/pf-test/images/test_203.processed.tiff
    jobid: 204
    reason: Missing output files: /scratch/indikar_root/indikar1/cstansbu/pf-test/images/test_203.processed.tiff; Input files updated by another job: /scratch/indikar_root/indikar1/cstansbu/pf-test/images/test_203.raw.tiff
    wildcards: imgId=test, tid=203
    resources: tmpdir=/tmp


[Tue May  9 08:49:33 2023]
rule preprocess:
    input: /scratch/indikar_root/indikar1/cstansbu/pf-test/images/test_36.raw.tiff, /home/cstansbu/git_repositories/pip-fucci/config/config.yaml
    output: /scratch/indikar_root/indikar1/cstansbu/pf-test/images/test_36.processed.tiff
    jobid: 37
    reason: Missing output files: /scratch/indikar_root/indikar1/cstansbu/pf-test/images/test_36.processed.tiff; Input files updated by another job: /scratch/indikar_root/indikar1/cstansbu/pf-test/images/test_36.raw.tiff
    wildcards: imgId=test, tid=36
    resources: tmpdir=/tmp

[Tue May  9 08:50:46 2023]
Error in rule preprocess:
    jobid: 209
    input: /scratch/indikar_root/indikar1/cstansbu/pf-test/images/test_208.raw.tiff, /home/cstansbu/git_repositories/pip-fucci/config/config.yaml
    output: /scratch/indikar_root/indikar1/cstansbu/pf-test/images/test_208.processed.tiff
    shell:
        python scripts/preprocess.py /scratch/indikar_root/indikar1/cstansbu/pf-test/images/test_208.raw.tiff /home/cstansbu/git_repositories/pip-fucci/config/config.yaml /scratch/indikar_root/indikar1/cstansbu/pf-test/images/test_208.processed.tiff
        (one of the commands exited with non-zero exit code; note that snakemake uses bash strict mode!)

[Tue May  9 08:50:47 2023]
Error in rule preprocess:
    jobid: 232
    input: /scratch/indikar_root/indikar1/cstansbu/pf-test/images/test_231.raw.tiff, /home/cstansbu/git_repositories/pip-fucci/config/config.yaml
    output: /scratch/indikar_root/indikar1/cstansbu/pf-test/images/test_231.processed.tiff
    shell:
        python scripts/preprocess.py /scratch/indikar_root/indikar1/cstansbu/pf-test/images/test_231.raw.tiff /home/cstansbu/git_repositories/pip-fucci/config/config.yaml /scratch/indikar_root/indikar1/cstansbu/pf-test/images/test_231.processed.tiff
        (one of the commands exited with non-zero exit code; note that snakemake uses bash strict mode!)

[Tue May  9 08:50:47 2023]
Error in rule preprocess:
    jobid: 148
    input: /scratch/indikar_root/indikar1/cstansbu/pf-test/images/test_147.raw.tiff, /home/cstansbu/git_repositories/pip-fucci/config/config.yaml
    output: /scratch/indikar_root/indikar1/cstansbu/pf-test/images/test_147.processed.tiff
    shell:
        python scripts/preprocess.py /scratch/indikar_root/indikar1/cstansbu/pf-test/images/test_147.raw.tiff /home/cstansbu/git_repositories/pip-fucci/config/config.yaml /scratch/indikar_root/indikar1/cstansbu/pf-test/images/test_147.processed.tiff
        (one of the commands exited with non-zero exit code; note that snakemake uses bash strict mode!)

[Tue May  9 08:50:47 2023]
Error in rule preprocess:
    jobid: 180
    input: /scratch/indikar_root/indikar1/cstansbu/pf-test/images/test_179.raw.tiff, /home/cstansbu/git_repositories/pip-fucci/config/config.yaml
    output: /scratch/indikar_root/indikar1/cstansbu/pf-test/images/test_179.processed.tiff
    shell:
        python scripts/preprocess.py /scratch/indikar_root/indikar1/cstansbu/pf-test/images/test_179.raw.tiff /home/cstansbu/git_repositories/pip-fucci/config/config.yaml /scratch/indikar_root/indikar1/cstansbu/pf-test/images/test_179.processed.tiff
        (one of the commands exited with non-zero exit code; note that snakemake uses bash strict mode!)

[Tue May  9 08:50:47 2023]
Error in rule preprocess:
    jobid: 6
    input: /scratch/indikar_root/indikar1/cstansbu/pf-test/images/test_5.raw.tiff, /home/cstansbu/git_repositories/pip-fucci/config/config.yaml
    output: /scratch/indikar_root/indikar1/cstansbu/pf-test/images/test_5.processed.tiff
    shell:
        python scripts/preprocess.py /scratch/indikar_root/indikar1/cstansbu/pf-test/images/test_5.raw.tiff /home/cstansbu/git_repositories/pip-fucci/config/config.yaml /scratch/indikar_root/indikar1/cstansbu/pf-test/images/test_5.processed.tiff
        (one of the commands exited with non-zero exit code; note that snakemake uses bash strict mode!)

[Tue May  9 08:50:48 2023]
Error in rule preprocess:
    jobid: 236
    input: /scratch/indikar_root/indikar1/cstansbu/pf-test/images/test_235.raw.tiff, /home/cstansbu/git_repositories/pip-fucci/config/config.yaml
    output: /scratch/indikar_root/indikar1/cstansbu/pf-test/images/test_235.processed.tiff
    shell:
        python scripts/preprocess.py /scratch/indikar_root/indikar1/cstansbu/pf-test/images/test_235.raw.tiff /home/cstansbu/git_repositories/pip-fucci/config/config.yaml /scratch/indikar_root/indikar1/cstansbu/pf-test/images/test_235.processed.tiff
        (one of the commands exited with non-zero exit code; note that snakemake uses bash strict mode!)

[Tue May  9 08:50:48 2023]
Error in rule preprocess:
    jobid: 64
    input: /scratch/indikar_root/indikar1/cstansbu/pf-test/images/test_63.raw.tiff, /home/cstansbu/git_repositories/pip-fucci/config/config.yaml
    output: /scratch/indikar_root/indikar1/cstansbu/pf-test/images/test_63.processed.tiff
    shell:
        python scripts/preprocess.py /scratch/indikar_root/indikar1/cstansbu/pf-test/images/test_63.raw.tiff /home/cstansbu/git_repositories/pip-fucci/config/config.yaml /scratch/indikar_root/indikar1/cstansbu/pf-test/images/test_63.processed.tiff
        (one of the commands exited with non-zero exit code; note that snakemake uses bash strict mode!)

[Tue May  9 08:50:48 2023]
Error in rule preprocess:
    jobid: 153
    input: /scratch/indikar_root/indikar1/cstansbu/pf-test/images/test_152.raw.tiff, /home/cstansbu/git_repositories/pip-fucci/config/config.yaml
    output: /scratch/indikar_root/indikar1/cstansbu/pf-test/images/test_152.processed.tiff
    shell:
        python scripts/preprocess.py /scratch/indikar_root/indikar1/cstansbu/pf-test/images/test_152.raw.tiff /home/cstansbu/git_repositories/pip-fucci/config/config.yaml /scratch/indikar_root/indikar1/cstansbu/pf-test/images/test_152.processed.tiff
        (one of the commands exited with non-zero exit code; note that snakemake uses bash strict mode!)

[Tue May  9 08:50:48 2023]
Error in rule preprocess:
    jobid: 203
    input: /scratch/indikar_root/indikar1/cstansbu/pf-test/images/test_202.raw.tiff, /home/cstansbu/git_repositories/pip-fucci/config/config.yaml
    output: /scratch/indikar_root/indikar1/cstansbu/pf-test/images/test_202.processed.tiff
    shell:
        python scripts/preprocess.py /scratch/indikar_root/indikar1/cstansbu/pf-test/images/test_202.raw.tiff /home/cstansbu/git_repositories/pip-fucci/config/config.yaml /scratch/indikar_root/indikar1/cstansbu/pf-test/images/test_202.processed.tiff
        (one of the commands exited with non-zero exit code; note that snakemake uses bash strict mode!)

[Tue May  9 08:50:48 2023]
Error in rule preprocess:
    jobid: 10
    input: /scratch/indikar_root/indikar1/cstansbu/pf-test/images/test_9.raw.tiff, /home/cstansbu/git_repositories/pip-fucci/config/config.yaml
    output: /scratch/indikar_root/indikar1/cstansbu/pf-test/images/test_9.processed.tiff
    shell:
        python scripts/preprocess.py /scratch/indikar_root/indikar1/cstansbu/pf-test/images/test_9.raw.tiff /home/cstansbu/git_repositories/pip-fucci/config/config.yaml /scratch/indikar_root/indikar1/cstansbu/pf-test/images/test_9.processed.tiff
        (one of the commands exited with non-zero exit code; note that snakemake uses bash strict mode!)

[Tue May  9 08:50:48 2023]
Error in rule preprocess:
    jobid: 200
    input: /scratch/indikar_root/indikar1/cstansbu/pf-test/images/test_199.raw.tiff, /home/cstansbu/git_repositories/pip-fucci/config/config.yaml
    output: /scratch/indikar_root/indikar1/cstansbu/pf-test/images/test_199.processed.tiff
    shell:
        python scripts/preprocess.py /scratch/indikar_root/indikar1/cstansbu/pf-test/images/test_199.raw.tiff /home/cstansbu/git_repositories/pip-fucci/config/config.yaml /scratch/indikar_root/indikar1/cstansbu/pf-test/images/test_199.processed.tiff
        (one of the commands exited with non-zero exit code; note that snakemake uses bash strict mode!)

[Tue May  9 08:50:48 2023]
Error in rule preprocess:
    jobid: 181
    input: /scratch/indikar_root/indikar1/cstansbu/pf-test/images/test_180.raw.tiff, /home/cstansbu/git_repositories/pip-fucci/config/config.yaml
    output: /scratch/indikar_root/indikar1/cstansbu/pf-test/images/test_180.processed.tiff
    shell:
        python scripts/preprocess.py /scratch/indikar_root/indikar1/cstansbu/pf-test/images/test_180.raw.tiff /home/cstansbu/git_repositories/pip-fucci/config/config.yaml /scratch/indikar_root/indikar1/cstansbu/pf-test/images/test_180.processed.tiff
        (one of the commands exited with non-zero exit code; note that snakemake uses bash strict mode!)

[Tue May  9 08:50:48 2023]
Error in rule preprocess:
    jobid: 120
    input: /scratch/indikar_root/indikar1/cstansbu/pf-test/images/test_119.raw.tiff, /home/cstansbu/git_repositories/pip-fucci/config/config.yaml
    output: /scratch/indikar_root/indikar1/cstansbu/pf-test/images/test_119.processed.tiff
    shell:
        python scripts/preprocess.py /scratch/indikar_root/indikar1/cstansbu/pf-test/images/test_119.raw.tiff /home/cstansbu/git_repositories/pip-fucci/config/config.yaml /scratch/indikar_root/indikar1/cstansbu/pf-test/images/test_119.processed.tiff
        (one of the commands exited with non-zero exit code; note that snakemake uses bash strict mode!)

[Tue May  9 08:50:48 2023]
Error in rule preprocess:
    jobid: 37
    input: /scratch/indikar_root/indikar1/cstansbu/pf-test/images/test_36.raw.tiff, /home/cstansbu/git_repositories/pip-fucci/config/config.yaml
    output: /scratch/indikar_root/indikar1/cstansbu/pf-test/images/test_36.processed.tiff
    shell:
        python scripts/preprocess.py /scratch/indikar_root/indikar1/cstansbu/pf-test/images/test_36.raw.tiff /home/cstansbu/git_repositories/pip-fucci/config/config.yaml /scratch/indikar_root/indikar1/cstansbu/pf-test/images/test_36.processed.tiff
        (one of the commands exited with non-zero exit code; note that snakemake uses bash strict mode!)

[Tue May  9 08:50:48 2023]
Error in rule preprocess:
    jobid: 96
    input: /scratch/indikar_root/indikar1/cstansbu/pf-test/images/test_95.raw.tiff, /home/cstansbu/git_repositories/pip-fucci/config/config.yaml
    output: /scratch/indikar_root/indikar1/cstansbu/pf-test/images/test_95.processed.tiff
    shell:
        python scripts/preprocess.py /scratch/indikar_root/indikar1/cstansbu/pf-test/images/test_95.raw.tiff /home/cstansbu/git_repositories/pip-fucci/config/config.yaml /scratch/indikar_root/indikar1/cstansbu/pf-test/images/test_95.processed.tiff
        (one of the commands exited with non-zero exit code; note that snakemake uses bash strict mode!)

[Tue May  9 08:50:48 2023]
Error in rule preprocess:
    jobid: 97
    input: /scratch/indikar_root/indikar1/cstansbu/pf-test/images/test_96.raw.tiff, /home/cstansbu/git_repositories/pip-fucci/config/config.yaml
    output: /scratch/indikar_root/indikar1/cstansbu/pf-test/images/test_96.processed.tiff
    shell:
        python scripts/preprocess.py /scratch/indikar_root/indikar1/cstansbu/pf-test/images/test_96.raw.tiff /home/cstansbu/git_repositories/pip-fucci/config/config.yaml /scratch/indikar_root/indikar1/cstansbu/pf-test/images/test_96.processed.tiff
        (one of the commands exited with non-zero exit code; note that snakemake uses bash strict mode!)

[Tue May  9 08:50:48 2023]
Error in rule preprocess:
    jobid: 93
    input: /scratch/indikar_root/indikar1/cstansbu/pf-test/images/test_92.raw.tiff, /home/cstansbu/git_repositories/pip-fucci/config/config.yaml
    output: /scratch/indikar_root/indikar1/cstansbu/pf-test/images/test_92.processed.tiff
    shell:
        python scripts/preprocess.py /scratch/indikar_root/indikar1/cstansbu/pf-test/images/test_92.raw.tiff /home/cstansbu/git_repositories/pip-fucci/config/config.yaml /scratch/indikar_root/indikar1/cstansbu/pf-test/images/test_92.processed.tiff
        (one of the commands exited with non-zero exit code; note that snakemake uses bash strict mode!)

[Tue May  9 08:50:48 2023]
Error in rule preprocess:
    jobid: 118
    input: /scratch/indikar_root/indikar1/cstansbu/pf-test/images/test_117.raw.tiff, /home/cstansbu/git_repositories/pip-fucci/config/config.yaml
    output: /scratch/indikar_root/indikar1/cstansbu/pf-test/images/test_117.processed.tiff
    shell:
        python scripts/preprocess.py /scratch/indikar_root/indikar1/cstansbu/pf-test/images/test_117.raw.tiff /home/cstansbu/git_repositories/pip-fucci/config/config.yaml /scratch/indikar_root/indikar1/cstansbu/pf-test/images/test_117.processed.tiff
        (one of the commands exited with non-zero exit code; note that snakemake uses bash strict mode!)

[Tue May  9 08:50:48 2023]
Error in rule preprocess:
    jobid: 204
    input: /scratch/indikar_root/indikar1/cstansbu/pf-test/images/test_203.raw.tiff, /home/cstansbu/git_repositories/pip-fucci/config/config.yaml
    output: /scratch/indikar_root/indikar1/cstansbu/pf-test/images/test_203.processed.tiff
    shell:
        python scripts/preprocess.py /scratch/indikar_root/indikar1/cstansbu/pf-test/images/test_203.raw.tiff /home/cstansbu/git_repositories/pip-fucci/config/config.yaml /scratch/indikar_root/indikar1/cstansbu/pf-test/images/test_203.processed.tiff
        (one of the commands exited with non-zero exit code; note that snakemake uses bash strict mode!)

[Tue May  9 08:50:48 2023]
Error in rule preprocess:
    jobid: 69
    input: /scratch/indikar_root/indikar1/cstansbu/pf-test/images/test_68.raw.tiff, /home/cstansbu/git_repositories/pip-fucci/config/config.yaml
    output: /scratch/indikar_root/indikar1/cstansbu/pf-test/images/test_68.processed.tiff
    shell:
        python scripts/preprocess.py /scratch/indikar_root/indikar1/cstansbu/pf-test/images/test_68.raw.tiff /home/cstansbu/git_repositories/pip-fucci/config/config.yaml /scratch/indikar_root/indikar1/cstansbu/pf-test/images/test_68.processed.tiff
        (one of the commands exited with non-zero exit code; note that snakemake uses bash strict mode!)

[Tue May  9 08:50:48 2023]
Error in rule preprocess:
    jobid: 41
    input: /scratch/indikar_root/indikar1/cstansbu/pf-test/images/test_40.raw.tiff, /home/cstansbu/git_repositories/pip-fucci/config/config.yaml
    output: /scratch/indikar_root/indikar1/cstansbu/pf-test/images/test_40.processed.tiff
    shell:
        python scripts/preprocess.py /scratch/indikar_root/indikar1/cstansbu/pf-test/images/test_40.raw.tiff /home/cstansbu/git_repositories/pip-fucci/config/config.yaml /scratch/indikar_root/indikar1/cstansbu/pf-test/images/test_40.processed.tiff
        (one of the commands exited with non-zero exit code; note that snakemake uses bash strict mode!)

[Tue May  9 08:50:48 2023]
Error in rule preprocess:
    jobid: 125
    input: /scratch/indikar_root/indikar1/cstansbu/pf-test/images/test_124.raw.tiff, /home/cstansbu/git_repositories/pip-fucci/config/config.yaml
    output: /scratch/indikar_root/indikar1/cstansbu/pf-test/images/test_124.processed.tiff
    shell:
        python scripts/preprocess.py /scratch/indikar_root/indikar1/cstansbu/pf-test/images/test_124.raw.tiff /home/cstansbu/git_repositories/pip-fucci/config/config.yaml /scratch/indikar_root/indikar1/cstansbu/pf-test/images/test_124.processed.tiff
        (one of the commands exited with non-zero exit code; note that snakemake uses bash strict mode!)

[Tue May  9 08:50:48 2023]
Error in rule preprocess:
    jobid: 237
    input: /scratch/indikar_root/indikar1/cstansbu/pf-test/images/test_236.raw.tiff, /home/cstansbu/git_repositories/pip-fucci/config/config.yaml
    output: /scratch/indikar_root/indikar1/cstansbu/pf-test/images/test_236.processed.tiff
    shell:
        python scripts/preprocess.py /scratch/indikar_root/indikar1/cstansbu/pf-test/images/test_236.raw.tiff /home/cstansbu/git_repositories/pip-fucci/config/config.yaml /scratch/indikar_root/indikar1/cstansbu/pf-test/images/test_236.processed.tiff
        (one of the commands exited with non-zero exit code; note that snakemake uses bash strict mode!)

[Tue May  9 08:50:48 2023]
Error in rule preprocess:
    jobid: 144
    input: /scratch/indikar_root/indikar1/cstansbu/pf-test/images/test_143.raw.tiff, /home/cstansbu/git_repositories/pip-fucci/config/config.yaml
    output: /scratch/indikar_root/indikar1/cstansbu/pf-test/images/test_143.processed.tiff
    shell:
        python scripts/preprocess.py /scratch/indikar_root/indikar1/cstansbu/pf-test/images/test_143.raw.tiff /home/cstansbu/git_repositories/pip-fucci/config/config.yaml /scratch/indikar_root/indikar1/cstansbu/pf-test/images/test_143.processed.tiff
        (one of the commands exited with non-zero exit code; note that snakemake uses bash strict mode!)

[Tue May  9 08:50:48 2023]
Error in rule preprocess:
    jobid: 88
    input: /scratch/indikar_root/indikar1/cstansbu/pf-test/images/test_87.raw.tiff, /home/cstansbu/git_repositories/pip-fucci/config/config.yaml
    output: /scratch/indikar_root/indikar1/cstansbu/pf-test/images/test_87.processed.tiff
    shell:
        python scripts/preprocess.py /scratch/indikar_root/indikar1/cstansbu/pf-test/images/test_87.raw.tiff /home/cstansbu/git_repositories/pip-fucci/config/config.yaml /scratch/indikar_root/indikar1/cstansbu/pf-test/images/test_87.processed.tiff
        (one of the commands exited with non-zero exit code; note that snakemake uses bash strict mode!)

[Tue May  9 08:50:48 2023]
Error in rule preprocess:
    jobid: 124
    input: /scratch/indikar_root/indikar1/cstansbu/pf-test/images/test_123.raw.tiff, /home/cstansbu/git_repositories/pip-fucci/config/config.yaml
    output: /scratch/indikar_root/indikar1/cstansbu/pf-test/images/test_123.processed.tiff
    shell:
        python scripts/preprocess.py /scratch/indikar_root/indikar1/cstansbu/pf-test/images/test_123.raw.tiff /home/cstansbu/git_repositories/pip-fucci/config/config.yaml /scratch/indikar_root/indikar1/cstansbu/pf-test/images/test_123.processed.tiff
        (one of the commands exited with non-zero exit code; note that snakemake uses bash strict mode!)

[Tue May  9 08:50:48 2023]
Error in rule preprocess:
    jobid: 92
    input: /scratch/indikar_root/indikar1/cstansbu/pf-test/images/test_91.raw.tiff, /home/cstansbu/git_repositories/pip-fucci/config/config.yaml
    output: /scratch/indikar_root/indikar1/cstansbu/pf-test/images/test_91.processed.tiff
    shell:
        python scripts/preprocess.py /scratch/indikar_root/indikar1/cstansbu/pf-test/images/test_91.raw.tiff /home/cstansbu/git_repositories/pip-fucci/config/config.yaml /scratch/indikar_root/indikar1/cstansbu/pf-test/images/test_91.processed.tiff
        (one of the commands exited with non-zero exit code; note that snakemake uses bash strict mode!)

[Tue May  9 08:50:49 2023]
Error in rule preprocess:
    jobid: 9
    input: /scratch/indikar_root/indikar1/cstansbu/pf-test/images/test_8.raw.tiff, /home/cstansbu/git_repositories/pip-fucci/config/config.yaml
    output: /scratch/indikar_root/indikar1/cstansbu/pf-test/images/test_8.processed.tiff
    shell:
        python scripts/preprocess.py /scratch/indikar_root/indikar1/cstansbu/pf-test/images/test_8.raw.tiff /home/cstansbu/git_repositories/pip-fucci/config/config.yaml /scratch/indikar_root/indikar1/cstansbu/pf-test/images/test_8.processed.tiff
        (one of the commands exited with non-zero exit code; note that snakemake uses bash strict mode!)

[Tue May  9 08:50:49 2023]
Error in rule preprocess:
    jobid: 7
    input: /scratch/indikar_root/indikar1/cstansbu/pf-test/images/test_6.raw.tiff, /home/cstansbu/git_repositories/pip-fucci/config/config.yaml
    output: /scratch/indikar_root/indikar1/cstansbu/pf-test/images/test_6.processed.tiff
    shell:
        python scripts/preprocess.py /scratch/indikar_root/indikar1/cstansbu/pf-test/images/test_6.raw.tiff /home/cstansbu/git_repositories/pip-fucci/config/config.yaml /scratch/indikar_root/indikar1/cstansbu/pf-test/images/test_6.processed.tiff
        (one of the commands exited with non-zero exit code; note that snakemake uses bash strict mode!)

[Tue May  9 08:50:49 2023]
Error in rule preprocess:
    jobid: 176
    input: /scratch/indikar_root/indikar1/cstansbu/pf-test/images/test_175.raw.tiff, /home/cstansbu/git_repositories/pip-fucci/config/config.yaml
    output: /scratch/indikar_root/indikar1/cstansbu/pf-test/images/test_175.processed.tiff
    shell:
        python scripts/preprocess.py /scratch/indikar_root/indikar1/cstansbu/pf-test/images/test_175.raw.tiff /home/cstansbu/git_repositories/pip-fucci/config/config.yaml /scratch/indikar_root/indikar1/cstansbu/pf-test/images/test_175.processed.tiff
        (one of the commands exited with non-zero exit code; note that snakemake uses bash strict mode!)

[Tue May  9 08:50:49 2023]
Error in rule preprocess:
    jobid: 42
    input: /scratch/indikar_root/indikar1/cstansbu/pf-test/images/test_41.raw.tiff, /home/cstansbu/git_repositories/pip-fucci/config/config.yaml
    output: /scratch/indikar_root/indikar1/cstansbu/pf-test/images/test_41.processed.tiff
    shell:
        python scripts/preprocess.py /scratch/indikar_root/indikar1/cstansbu/pf-test/images/test_41.raw.tiff /home/cstansbu/git_repositories/pip-fucci/config/config.yaml /scratch/indikar_root/indikar1/cstansbu/pf-test/images/test_41.processed.tiff
        (one of the commands exited with non-zero exit code; note that snakemake uses bash strict mode!)

[Tue May  9 08:50:49 2023]
Error in rule preprocess:
    jobid: 68
    input: /scratch/indikar_root/indikar1/cstansbu/pf-test/images/test_67.raw.tiff, /home/cstansbu/git_repositories/pip-fucci/config/config.yaml
    output: /scratch/indikar_root/indikar1/cstansbu/pf-test/images/test_67.processed.tiff
    shell:
        python scripts/preprocess.py /scratch/indikar_root/indikar1/cstansbu/pf-test/images/test_67.raw.tiff /home/cstansbu/git_repositories/pip-fucci/config/config.yaml /scratch/indikar_root/indikar1/cstansbu/pf-test/images/test_67.processed.tiff
        (one of the commands exited with non-zero exit code; note that snakemake uses bash strict mode!)

[Tue May  9 08:50:49 2023]
Error in rule preprocess:
    jobid: 208
    input: /scratch/indikar_root/indikar1/cstansbu/pf-test/images/test_207.raw.tiff, /home/cstansbu/git_repositories/pip-fucci/config/config.yaml
    output: /scratch/indikar_root/indikar1/cstansbu/pf-test/images/test_207.processed.tiff
    shell:
        python scripts/preprocess.py /scratch/indikar_root/indikar1/cstansbu/pf-test/images/test_207.raw.tiff /home/cstansbu/git_repositories/pip-fucci/config/config.yaml /scratch/indikar_root/indikar1/cstansbu/pf-test/images/test_207.processed.tiff
        (one of the commands exited with non-zero exit code; note that snakemake uses bash strict mode!)

[Tue May  9 08:50:49 2023]
Error in rule preprocess:
    jobid: 152
    input: /scratch/indikar_root/indikar1/cstansbu/pf-test/images/test_151.raw.tiff, /home/cstansbu/git_repositories/pip-fucci/config/config.yaml
    output: /scratch/indikar_root/indikar1/cstansbu/pf-test/images/test_151.processed.tiff
    shell:
        python scripts/preprocess.py /scratch/indikar_root/indikar1/cstansbu/pf-test/images/test_151.raw.tiff /home/cstansbu/git_repositories/pip-fucci/config/config.yaml /scratch/indikar_root/indikar1/cstansbu/pf-test/images/test_151.processed.tiff
        (one of the commands exited with non-zero exit code; note that snakemake uses bash strict mode!)

[Tue May  9 08:50:49 2023]
Error in rule preprocess:
    jobid: 36
    input: /scratch/indikar_root/indikar1/cstansbu/pf-test/images/test_35.raw.tiff, /home/cstansbu/git_repositories/pip-fucci/config/config.yaml
    output: /scratch/indikar_root/indikar1/cstansbu/pf-test/images/test_35.processed.tiff
    shell:
        python scripts/preprocess.py /scratch/indikar_root/indikar1/cstansbu/pf-test/images/test_35.raw.tiff /home/cstansbu/git_repositories/pip-fucci/config/config.yaml /scratch/indikar_root/indikar1/cstansbu/pf-test/images/test_35.processed.tiff
        (one of the commands exited with non-zero exit code; note that snakemake uses bash strict mode!)

[Tue May  9 08:50:49 2023]
Error in rule preprocess:
    jobid: 177
    input: /scratch/indikar_root/indikar1/cstansbu/pf-test/images/test_176.raw.tiff, /home/cstansbu/git_repositories/pip-fucci/config/config.yaml
    output: /scratch/indikar_root/indikar1/cstansbu/pf-test/images/test_176.processed.tiff
    shell:
        python scripts/preprocess.py /scratch/indikar_root/indikar1/cstansbu/pf-test/images/test_176.raw.tiff /home/cstansbu/git_repositories/pip-fucci/config/config.yaml /scratch/indikar_root/indikar1/cstansbu/pf-test/images/test_176.processed.tiff
        (one of the commands exited with non-zero exit code; note that snakemake uses bash strict mode!)

Shutting down, this might take some time.
Exiting because a job execution failed. Look above for error message
Complete log: .snakemake/log/2023-05-09T084522.801766.snakemake.log
