Building DAG of jobs...
Using shell: /usr/bin/bash
Provided cores: 36
Rules claiming more threads will be scaled down.
Job stats:
job           count    min threads    max threads
----------  -------  -------------  -------------
all               1              1              1
getImages         1              1              1
preprocess      252              1              1
total           254              1              1

Select jobs to execute...

[Tue May  9 11:24:52 2023]
rule getImages:
    input: /nfs/turbo/umms-indikar/shared/projects/wound_healing/data/sync-unsync/20230502-BJPF-sync-A3-20m.ome.tiff, /home/cstansbu/git_repositories/pip-fucci/config/config.yaml
    output: /scratch/indikar_root/indikar1/cstansbu/pf-test/images/test_1.raw.tiff, /scratch/indikar_root/indikar1/cstansbu/pf-test/images/test_2.raw.tiff, /scratch/indikar_root/indikar1/cstansbu/pf-test/images/test_3.raw.tiff, /scratch/indikar_root/indikar1/cstansbu/pf-test/images/test_4.raw.tiff, /scratch/indikar_root/indikar1/cstansbu/pf-test/images/test_5.raw.tiff, /scratch/indikar_root/indikar1/cstansbu/pf-test/images/test_6.raw.tiff, /scratch/indikar_root/indikar1/cstansbu/pf-test/images/test_7.raw.tiff, /scratch/indikar_root/indikar1/cstansbu/pf-test/images/test_8.raw.tiff, /scratch/indikar_root/indikar1/cstansbu/pf-test/images/test_9.raw.tiff, /scratch/indikar_root/indikar1/cstansbu/pf-test/images/test_10.raw.tiff, /scratch/indikar_root/indikar1/cstansbu/pf-test/images/test_11.raw.tiff, /scratch/indikar_root/indikar1/cstansbu/pf-test/images/test_12.raw.tiff, /scratch/indikar_root/indikar1/cstansbu/pf-test/images/test_13.raw.tiff, /scratch/indikar_root/indikar1/cstansbu/pf-test/images/test_14.raw.tiff, /scratch/indikar_root/indikar1/cstansbu/pf-test/images/test_15.raw.tiff, /scratch/indikar_root/indikar1/cstansbu/pf-test/images/test_16.raw.tiff, /scratch/indikar_root/indikar1/cstansbu/pf-test/images/test_17.raw.tiff, /scratch/indikar_root/indikar1/cstansbu/pf-test/images/test_18.raw.tiff, /scratch/indikar_root/indikar1/cstansbu/pf-test/images/test_19.raw.tiff, /scratch/indikar_root/indikar1/cstansbu/pf-test/images/test_20.raw.tiff, /scratch/indikar_root/indikar1/cstansbu/pf-test/images/test_21.raw.tiff, /scratch/indikar_root/indikar1/cstansbu/pf-test/images/test_22.raw.tiff, /scratch/indikar_root/indikar1/cstansbu/pf-test/images/test_23.raw.tiff, /scratch/indikar_root/indikar1/cstansbu/pf-test/images/test_24.raw.tiff, /scratch/indikar_root/indikar1/cstansbu/pf-test/images/test_25.raw.tiff, /scratch/indikar_root/indikar1/cstansbu/pf-test/images/test_26.raw.tiff, /scratch/indikar_root/indikar1/cstansbu/pf-test/images/test_27.raw.tiff, /scratch/indikar_root/indikar1/cstansbu/pf-test/images/test_28.raw.tiff, /scratch/indikar_root/indikar1/cstansbu/pf-test/images/test_29.raw.tiff, /scratch/indikar_root/indikar1/cstansbu/pf-test/images/test_30.raw.tiff, /scratch/indikar_root/indikar1/cstansbu/pf-test/images/test_31.raw.tiff, /scratch/indikar_root/indikar1/cstansbu/pf-test/images/test_32.raw.tiff, /scratch/indikar_root/indikar1/cstansbu/pf-test/images/test_33.raw.tiff, /scratch/indikar_root/indikar1/cstansbu/pf-test/images/test_34.raw.tiff, /scratch/indikar_root/indikar1/cstansbu/pf-test/images/test_35.raw.tiff, /scratch/indikar_root/indikar1/cstansbu/pf-test/images/test_36.raw.tiff, /scratch/indikar_root/indikar1/cstansbu/pf-test/images/test_37.raw.tiff, /scratch/indikar_root/indikar1/cstansbu/pf-test/images/test_38.raw.tiff, /scratch/indikar_root/indikar1/cstansbu/pf-test/images/test_39.raw.tiff, /scratch/indikar_root/indikar1/cstansbu/pf-test/images/test_40.raw.tiff, /scratch/indikar_root/indikar1/cstansbu/pf-test/images/test_41.raw.tiff, /scratch/indikar_root/indikar1/cstansbu/pf-test/images/test_42.raw.tiff, /scratch/indikar_root/indikar1/cstansbu/pf-test/images/test_43.raw.tiff, /scratch/indikar_root/indikar1/cstansbu/pf-test/images/test_44.raw.tiff, /scratch/indikar_root/indikar1/cstansbu/pf-test/images/test_45.raw.tiff, /scratch/indikar_root/indikar1/cstansbu/pf-test/images/test_46.raw.tiff, /scratch/indikar_root/indikar1/cstansbu/pf-test/images/test_47.raw.tiff, /scratch/indikar_root/indikar1/cstansbu/pf-test/images/test_48.raw.tiff, /scratch/indikar_root/indikar1/cstansbu/pf-test/images/test_49.raw.tiff, /scratch/indikar_root/indikar1/cstansbu/pf-test/images/test_50.raw.tiff, /scratch/indikar_root/indikar1/cstansbu/pf-test/images/test_51.raw.tiff, /scratch/indikar_root/indikar1/cstansbu/pf-test/images/test_52.raw.tiff, /scratch/indikar_root/indikar1/cstansbu/pf-test/images/test_53.raw.tiff, /scratch/indikar_root/indikar1/cstansbu/pf-test/images/test_54.raw.tiff, /scratch/indikar_root/indikar1/cstansbu/pf-test/images/test_55.raw.tiff, /scratch/indikar_root/indikar1/cstansbu/pf-test/images/test_56.raw.tiff, /scratch/indikar_root/indikar1/cstansbu/pf-test/images/test_57.raw.tiff, /scratch/indikar_root/indikar1/cstansbu/pf-test/images/test_58.raw.tiff, /scratch/indikar_root/indikar1/cstansbu/pf-test/images/test_59.raw.tiff, /scratch/indikar_root/indikar1/cstansbu/pf-test/images/test_60.raw.tiff, /scratch/indikar_root/indikar1/cstansbu/pf-test/images/test_61.raw.tiff, /scratch/indikar_root/indikar1/cstansbu/pf-test/images/test_62.raw.tiff, /scratch/indikar_root/indikar1/cstansbu/pf-test/images/test_63.raw.tiff, /scratch/indikar_root/indikar1/cstansbu/pf-test/images/test_64.raw.tiff, /scratch/indikar_root/indikar1/cstansbu/pf-test/images/test_65.raw.tiff, /scratch/indikar_root/indikar1/cstansbu/pf-test/images/test_66.raw.tiff, /scratch/indikar_root/indikar1/cstansbu/pf-test/images/test_67.raw.tiff, /scratch/indikar_root/indikar1/cstansbu/pf-test/images/test_68.raw.tiff, /scratch/indikar_root/indikar1/cstansbu/pf-test/images/test_69.raw.tiff, /scratch/indikar_root/indikar1/cstansbu/pf-test/images/test_70.raw.tiff, /scratch/indikar_root/indikar1/cstansbu/pf-test/images/test_71.raw.tiff, /scratch/indikar_root/indikar1/cstansbu/pf-test/images/test_72.raw.tiff, /scratch/indikar_root/indikar1/cstansbu/pf-test/images/test_73.raw.tiff, /scratch/indikar_root/indikar1/cstansbu/pf-test/images/test_74.raw.tiff, /scratch/indikar_root/indikar1/cstansbu/pf-test/images/test_75.raw.tiff, /scratch/indikar_root/indikar1/cstansbu/pf-test/images/test_76.raw.tiff, /scratch/indikar_root/indikar1/cstansbu/pf-test/images/test_77.raw.tiff, /scratch/indikar_root/indikar1/cstansbu/pf-test/images/test_78.raw.tiff, /scratch/indikar_root/indikar1/cstansbu/pf-test/images/test_79.raw.tiff, /scratch/indikar_root/indikar1/cstansbu/pf-test/images/test_80.raw.tiff, /scratch/indikar_root/indikar1/cstansbu/pf-test/images/test_81.raw.tiff, /scratch/indikar_root/indikar1/cstansbu/pf-test/images/test_82.raw.tiff, /scratch/indikar_root/indikar1/cstansbu/pf-test/images/test_83.raw.tiff, /scratch/indikar_root/indikar1/cstansbu/pf-test/images/test_84.raw.tiff, /scratch/indikar_root/indikar1/cstansbu/pf-test/images/test_85.raw.tiff, /scratch/indikar_root/indikar1/cstansbu/pf-test/images/test_86.raw.tiff, /scratch/indikar_root/indikar1/cstansbu/pf-test/images/test_87.raw.tiff, /scratch/indikar_root/indikar1/cstansbu/pf-test/images/test_88.raw.tiff, /scratch/indikar_root/indikar1/cstansbu/pf-test/images/test_89.raw.tiff, /scratch/indikar_root/indikar1/cstansbu/pf-test/images/test_90.raw.tiff, /scratch/indikar_root/indikar1/cstansbu/pf-test/images/test_91.raw.tiff, /scratch/indikar_root/indikar1/cstansbu/pf-test/images/test_92.raw.tiff, /scratch/indikar_root/indikar1/cstansbu/pf-test/images/test_93.raw.tiff, /scratch/indikar_root/indikar1/cstansbu/pf-test/images/test_94.raw.tiff, /scratch/indikar_root/indikar1/cstansbu/pf-test/images/test_95.raw.tiff, /scratch/indikar_root/indikar1/cstansbu/pf-test/images/test_96.raw.tiff, /scratch/indikar_root/indikar1/cstansbu/pf-test/images/test_97.raw.tiff, /scratch/indikar_root/indikar1/cstansbu/pf-test/images/test_98.raw.tiff, /scratch/indikar_root/indikar1/cstansbu/pf-test/images/test_99.raw.tiff, /scratch/indikar_root/indikar1/cstansbu/pf-test/images/test_100.raw.tiff, /scratch/indikar_root/indikar1/cstansbu/pf-test/images/test_101.raw.tiff, /scratch/indikar_root/indikar1/cstansbu/pf-test/images/test_102.raw.tiff, /scratch/indikar_root/indikar1/cstansbu/pf-test/images/test_103.raw.tiff, /scratch/indikar_root/indikar1/cstansbu/pf-test/images/test_104.raw.tiff, /scratch/indikar_root/indikar1/cstansbu/pf-test/images/test_105.raw.tiff, /scratch/indikar_root/indikar1/cstansbu/pf-test/images/test_106.raw.tiff, /scratch/indikar_root/indikar1/cstansbu/pf-test/images/test_107.raw.tiff, /scratch/indikar_root/indikar1/cstansbu/pf-test/images/test_108.raw.tiff, /scratch/indikar_root/indikar1/cstansbu/pf-test/images/test_109.raw.tiff, /scratch/indikar_root/indikar1/cstansbu/pf-test/images/test_110.raw.tiff, /scratch/indikar_root/indikar1/cstansbu/pf-test/images/test_111.raw.tiff, /scratch/indikar_root/indikar1/cstansbu/pf-test/images/test_112.raw.tiff, /scratch/indikar_root/indikar1/cstansbu/pf-test/images/test_113.raw.tiff, /scratch/indikar_root/indikar1/cstansbu/pf-test/images/test_114.raw.tiff, /scratch/indikar_root/indikar1/cstansbu/pf-test/images/test_115.raw.tiff, /scratch/indikar_root/indikar1/cstansbu/pf-test/images/test_116.raw.tiff, /scratch/indikar_root/indikar1/cstansbu/pf-test/images/test_117.raw.tiff, /scratch/indikar_root/indikar1/cstansbu/pf-test/images/test_118.raw.tiff, /scratch/indikar_root/indikar1/cstansbu/pf-test/images/test_119.raw.tiff, /scratch/indikar_root/indikar1/cstansbu/pf-test/images/test_120.raw.tiff, /scratch/indikar_root/indikar1/cstansbu/pf-test/images/test_121.raw.tiff, /scratch/indikar_root/indikar1/cstansbu/pf-test/images/test_122.raw.tiff, /scratch/indikar_root/indikar1/cstansbu/pf-test/images/test_123.raw.tiff, /scratch/indikar_root/indikar1/cstansbu/pf-test/images/test_124.raw.tiff, /scratch/indikar_root/indikar1/cstansbu/pf-test/images/test_125.raw.tiff, /scratch/indikar_root/indikar1/cstansbu/pf-test/images/test_126.raw.tiff, /scratch/indikar_root/indikar1/cstansbu/pf-test/images/test_127.raw.tiff, /scratch/indikar_root/indikar1/cstansbu/pf-test/images/test_128.raw.tiff, /scratch/indikar_root/indikar1/cstansbu/pf-test/images/test_129.raw.tiff, /scratch/indikar_root/indikar1/cstansbu/pf-test/images/test_130.raw.tiff, /scratch/indikar_root/indikar1/cstansbu/pf-test/images/test_131.raw.tiff, /scratch/indikar_root/indikar1/cstansbu/pf-test/images/test_132.raw.tiff, /scratch/indikar_root/indikar1/cstansbu/pf-test/images/test_133.raw.tiff, /scratch/indikar_root/indikar1/cstansbu/pf-test/images/test_134.raw.tiff, /scratch/indikar_root/indikar1/cstansbu/pf-test/images/test_135.raw.tiff, /scratch/indikar_root/indikar1/cstansbu/pf-test/images/test_136.raw.tiff, /scratch/indikar_root/indikar1/cstansbu/pf-test/images/test_137.raw.tiff, /scratch/indikar_root/indikar1/cstansbu/pf-test/images/test_138.raw.tiff, /scratch/indikar_root/indikar1/cstansbu/pf-test/images/test_139.raw.tiff, /scratch/indikar_root/indikar1/cstansbu/pf-test/images/test_140.raw.tiff, /scratch/indikar_root/indikar1/cstansbu/pf-test/images/test_141.raw.tiff, /scratch/indikar_root/indikar1/cstansbu/pf-test/images/test_142.raw.tiff, /scratch/indikar_root/indikar1/cstansbu/pf-test/images/test_143.raw.tiff, /scratch/indikar_root/indikar1/cstansbu/pf-test/images/test_144.raw.tiff, /scratch/indikar_root/indikar1/cstansbu/pf-test/images/test_145.raw.tiff, /scratch/indikar_root/indikar1/cstansbu/pf-test/images/test_146.raw.tiff, /scratch/indikar_root/indikar1/cstansbu/pf-test/images/test_147.raw.tiff, /scratch/indikar_root/indikar1/cstansbu/pf-test/images/test_148.raw.tiff, /scratch/indikar_root/indikar1/cstansbu/pf-test/images/test_149.raw.tiff, /scratch/indikar_root/indikar1/cstansbu/pf-test/images/test_150.raw.tiff, /scratch/indikar_root/indikar1/cstansbu/pf-test/images/test_151.raw.tiff, /scratch/indikar_root/indikar1/cstansbu/pf-test/images/test_152.raw.tiff, /scratch/indikar_root/indikar1/cstansbu/pf-test/images/test_153.raw.tiff, /scratch/indikar_root/indikar1/cstansbu/pf-test/images/test_154.raw.tiff, /scratch/indikar_root/indikar1/cstansbu/pf-test/images/test_155.raw.tiff, /scratch/indikar_root/indikar1/cstansbu/pf-test/images/test_156.raw.tiff, /scratch/indikar_root/indikar1/cstansbu/pf-test/images/test_157.raw.tiff, /scratch/indikar_root/indikar1/cstansbu/pf-test/images/test_158.raw.tiff, /scratch/indikar_root/indikar1/cstansbu/pf-test/images/test_159.raw.tiff, /scratch/indikar_root/indikar1/cstansbu/pf-test/images/test_160.raw.tiff, /scratch/indikar_root/indikar1/cstansbu/pf-test/images/test_161.raw.tiff, /scratch/indikar_root/indikar1/cstansbu/pf-test/images/test_162.raw.tiff, /scratch/indikar_root/indikar1/cstansbu/pf-test/images/test_163.raw.tiff, /scratch/indikar_root/indikar1/cstansbu/pf-test/images/test_164.raw.tiff, /scratch/indikar_root/indikar1/cstansbu/pf-test/images/test_165.raw.tiff, /scratch/indikar_root/indikar1/cstansbu/pf-test/images/test_166.raw.tiff, /scratch/indikar_root/indikar1/cstansbu/pf-test/images/test_167.raw.tiff, /scratch/indikar_root/indikar1/cstansbu/pf-test/images/test_168.raw.tiff, /scratch/indikar_root/indikar1/cstansbu/pf-test/images/test_169.raw.tiff, /scratch/indikar_root/indikar1/cstansbu/pf-test/images/test_170.raw.tiff, /scratch/indikar_root/indikar1/cstansbu/pf-test/images/test_171.raw.tiff, /scratch/indikar_root/indikar1/cstansbu/pf-test/images/test_172.raw.tiff, /scratch/indikar_root/indikar1/cstansbu/pf-test/images/test_173.raw.tiff, /scratch/indikar_root/indikar1/cstansbu/pf-test/images/test_174.raw.tiff, /scratch/indikar_root/indikar1/cstansbu/pf-test/images/test_175.raw.tiff, /scratch/indikar_root/indikar1/cstansbu/pf-test/images/test_176.raw.tiff, /scratch/indikar_root/indikar1/cstansbu/pf-test/images/test_177.raw.tiff, /scratch/indikar_root/indikar1/cstansbu/pf-test/images/test_178.raw.tiff, /scratch/indikar_root/indikar1/cstansbu/pf-test/images/test_179.raw.tiff, /scratch/indikar_root/indikar1/cstansbu/pf-test/images/test_180.raw.tiff, /scratch/indikar_root/indikar1/cstansbu/pf-test/images/test_181.raw.tiff, /scratch/indikar_root/indikar1/cstansbu/pf-test/images/test_182.raw.tiff, /scratch/indikar_root/indikar1/cstansbu/pf-test/images/test_183.raw.tiff, /scratch/indikar_root/indikar1/cstansbu/pf-test/images/test_184.raw.tiff, /scratch/indikar_root/indikar1/cstansbu/pf-test/images/test_185.raw.tiff, /scratch/indikar_root/indikar1/cstansbu/pf-test/images/test_186.raw.tiff, /scratch/indikar_root/indikar1/cstansbu/pf-test/images/test_187.raw.tiff, /scratch/indikar_root/indikar1/cstansbu/pf-test/images/test_188.raw.tiff, /scratch/indikar_root/indikar1/cstansbu/pf-test/images/test_189.raw.tiff, /scratch/indikar_root/indikar1/cstansbu/pf-test/images/test_190.raw.tiff, /scratch/indikar_root/indikar1/cstansbu/pf-test/images/test_191.raw.tiff, /scratch/indikar_root/indikar1/cstansbu/pf-test/images/test_192.raw.tiff, /scratch/indikar_root/indikar1/cstansbu/pf-test/images/test_193.raw.tiff, /scratch/indikar_root/indikar1/cstansbu/pf-test/images/test_194.raw.tiff, /scratch/indikar_root/indikar1/cstansbu/pf-test/images/test_195.raw.tiff, /scratch/indikar_root/indikar1/cstansbu/pf-test/images/test_196.raw.tiff, /scratch/indikar_root/indikar1/cstansbu/pf-test/images/test_197.raw.tiff, /scratch/indikar_root/indikar1/cstansbu/pf-test/images/test_198.raw.tiff, /scratch/indikar_root/indikar1/cstansbu/pf-test/images/test_199.raw.tiff, /scratch/indikar_root/indikar1/cstansbu/pf-test/images/test_200.raw.tiff, /scratch/indikar_root/indikar1/cstansbu/pf-test/images/test_201.raw.tiff, /scratch/indikar_root/indikar1/cstansbu/pf-test/images/test_202.raw.tiff, /scratch/indikar_root/indikar1/cstansbu/pf-test/images/test_203.raw.tiff, /scratch/indikar_root/indikar1/cstansbu/pf-test/images/test_204.raw.tiff, /scratch/indikar_root/indikar1/cstansbu/pf-test/images/test_205.raw.tiff, /scratch/indikar_root/indikar1/cstansbu/pf-test/images/test_206.raw.tiff, /scratch/indikar_root/indikar1/cstansbu/pf-test/images/test_207.raw.tiff, /scratch/indikar_root/indikar1/cstansbu/pf-test/images/test_208.raw.tiff, /scratch/indikar_root/indikar1/cstansbu/pf-test/images/test_209.raw.tiff, /scratch/indikar_root/indikar1/cstansbu/pf-test/images/test_210.raw.tiff, /scratch/indikar_root/indikar1/cstansbu/pf-test/images/test_211.raw.tiff, /scratch/indikar_root/indikar1/cstansbu/pf-test/images/test_212.raw.tiff, /scratch/indikar_root/indikar1/cstansbu/pf-test/images/test_213.raw.tiff, /scratch/indikar_root/indikar1/cstansbu/pf-test/images/test_214.raw.tiff, /scratch/indikar_root/indikar1/cstansbu/pf-test/images/test_215.raw.tiff, /scratch/indikar_root/indikar1/cstansbu/pf-test/images/test_216.raw.tiff, /scratch/indikar_root/indikar1/cstansbu/pf-test/images/test_217.raw.tiff, /scratch/indikar_root/indikar1/cstansbu/pf-test/images/test_218.raw.tiff, /scratch/indikar_root/indikar1/cstansbu/pf-test/images/test_219.raw.tiff, /scratch/indikar_root/indikar1/cstansbu/pf-test/images/test_220.raw.tiff, /scratch/indikar_root/indikar1/cstansbu/pf-test/images/test_221.raw.tiff, /scratch/indikar_root/indikar1/cstansbu/pf-test/images/test_222.raw.tiff, /scratch/indikar_root/indikar1/cstansbu/pf-test/images/test_223.raw.tiff, /scratch/indikar_root/indikar1/cstansbu/pf-test/images/test_224.raw.tiff, /scratch/indikar_root/indikar1/cstansbu/pf-test/images/test_225.raw.tiff, /scratch/indikar_root/indikar1/cstansbu/pf-test/images/test_226.raw.tiff, /scratch/indikar_root/indikar1/cstansbu/pf-test/images/test_227.raw.tiff, /scratch/indikar_root/indikar1/cstansbu/pf-test/images/test_228.raw.tiff, /scratch/indikar_root/indikar1/cstansbu/pf-test/images/test_229.raw.tiff, /scratch/indikar_root/indikar1/cstansbu/pf-test/images/test_230.raw.tiff, /scratch/indikar_root/indikar1/cstansbu/pf-test/images/test_231.raw.tiff, /scratch/indikar_root/indikar1/cstansbu/pf-test/images/test_232.raw.tiff, /scratch/indikar_root/indikar1/cstansbu/pf-test/images/test_233.raw.tiff, /scratch/indikar_root/indikar1/cstansbu/pf-test/images/test_234.raw.tiff, /scratch/indikar_root/indikar1/cstansbu/pf-test/images/test_235.raw.tiff, /scratch/indikar_root/indikar1/cstansbu/pf-test/images/test_236.raw.tiff, /scratch/indikar_root/indikar1/cstansbu/pf-test/images/test_237.raw.tiff, /scratch/indikar_root/indikar1/cstansbu/pf-test/images/test_238.raw.tiff, /scratch/indikar_root/indikar1/cstansbu/pf-test/images/test_239.raw.tiff, /scratch/indikar_root/indikar1/cstansbu/pf-test/images/test_240.raw.tiff, /scratch/indikar_root/indikar1/cstansbu/pf-test/images/test_241.raw.tiff, /scratch/indikar_root/indikar1/cstansbu/pf-test/images/test_242.raw.tiff, /scratch/indikar_root/indikar1/cstansbu/pf-test/images/test_243.raw.tiff, /scratch/indikar_root/indikar1/cstansbu/pf-test/images/test_244.raw.tiff, /scratch/indikar_root/indikar1/cstansbu/pf-test/images/test_245.raw.tiff, /scratch/indikar_root/indikar1/cstansbu/pf-test/images/test_246.raw.tiff, /scratch/indikar_root/indikar1/cstansbu/pf-test/images/test_247.raw.tiff, /scratch/indikar_root/indikar1/cstansbu/pf-test/images/test_248.raw.tiff, /scratch/indikar_root/indikar1/cstansbu/pf-test/images/test_249.raw.tiff, /scratch/indikar_root/indikar1/cstansbu/pf-test/images/test_250.raw.tiff, /scratch/indikar_root/indikar1/cstansbu/pf-test/images/test_251.raw.tiff, /scratch/indikar_root/indikar1/cstansbu/pf-test/images/test_252.raw.tiff
    jobid: 1
    reason: Updated input files: /home/cstansbu/git_repositories/pip-fucci/config/config.yaml
    resources: tmpdir=/tmp

[Tue May  9 11:28:32 2023]
Finished job 1.
1 of 254 steps (0.4%) done
Select jobs to execute...

[Tue May  9 11:28:32 2023]
rule preprocess:
    input: /scratch/indikar_root/indikar1/cstansbu/pf-test/images/test_232.raw.tiff, /home/cstansbu/git_repositories/pip-fucci/config/config.yaml
    output: /scratch/indikar_root/indikar1/cstansbu/pf-test/images/test_232.processed.tiff
    jobid: 233
    reason: Missing output files: /scratch/indikar_root/indikar1/cstansbu/pf-test/images/test_232.processed.tiff; Input files updated by another job: /scratch/indikar_root/indikar1/cstansbu/pf-test/images/test_232.raw.tiff
    wildcards: imgId=test, tid=232
    resources: tmpdir=/tmp


[Tue May  9 11:28:32 2023]
rule preprocess:
    input: /scratch/indikar_root/indikar1/cstansbu/pf-test/images/test_6.raw.tiff, /home/cstansbu/git_repositories/pip-fucci/config/config.yaml
    output: /scratch/indikar_root/indikar1/cstansbu/pf-test/images/test_6.processed.tiff
    jobid: 7
    reason: Missing output files: /scratch/indikar_root/indikar1/cstansbu/pf-test/images/test_6.processed.tiff; Input files updated by another job: /scratch/indikar_root/indikar1/cstansbu/pf-test/images/test_6.raw.tiff
    wildcards: imgId=test, tid=6
    resources: tmpdir=/tmp


[Tue May  9 11:28:32 2023]
rule preprocess:
    input: /scratch/indikar_root/indikar1/cstansbu/pf-test/images/test_204.raw.tiff, /home/cstansbu/git_repositories/pip-fucci/config/config.yaml
    output: /scratch/indikar_root/indikar1/cstansbu/pf-test/images/test_204.processed.tiff
    jobid: 205
    reason: Missing output files: /scratch/indikar_root/indikar1/cstansbu/pf-test/images/test_204.processed.tiff; Input files updated by another job: /scratch/indikar_root/indikar1/cstansbu/pf-test/images/test_204.raw.tiff
    wildcards: imgId=test, tid=204
    resources: tmpdir=/tmp


[Tue May  9 11:28:32 2023]
rule preprocess:
    input: /scratch/indikar_root/indikar1/cstansbu/pf-test/images/test_87.raw.tiff, /home/cstansbu/git_repositories/pip-fucci/config/config.yaml
    output: /scratch/indikar_root/indikar1/cstansbu/pf-test/images/test_87.processed.tiff
    jobid: 88
    reason: Missing output files: /scratch/indikar_root/indikar1/cstansbu/pf-test/images/test_87.processed.tiff; Input files updated by another job: /scratch/indikar_root/indikar1/cstansbu/pf-test/images/test_87.raw.tiff
    wildcards: imgId=test, tid=87
    resources: tmpdir=/tmp


[Tue May  9 11:28:32 2023]
rule preprocess:
    input: /scratch/indikar_root/indikar1/cstansbu/pf-test/images/test_143.raw.tiff, /home/cstansbu/git_repositories/pip-fucci/config/config.yaml
    output: /scratch/indikar_root/indikar1/cstansbu/pf-test/images/test_143.processed.tiff
    jobid: 144
    reason: Missing output files: /scratch/indikar_root/indikar1/cstansbu/pf-test/images/test_143.processed.tiff; Input files updated by another job: /scratch/indikar_root/indikar1/cstansbu/pf-test/images/test_143.raw.tiff
    wildcards: imgId=test, tid=143
    resources: tmpdir=/tmp


[Tue May  9 11:28:32 2023]
rule preprocess:
    input: /scratch/indikar_root/indikar1/cstansbu/pf-test/images/test_199.raw.tiff, /home/cstansbu/git_repositories/pip-fucci/config/config.yaml
    output: /scratch/indikar_root/indikar1/cstansbu/pf-test/images/test_199.processed.tiff
    jobid: 200
    reason: Missing output files: /scratch/indikar_root/indikar1/cstansbu/pf-test/images/test_199.processed.tiff; Input files updated by another job: /scratch/indikar_root/indikar1/cstansbu/pf-test/images/test_199.raw.tiff
    wildcards: imgId=test, tid=199
    resources: tmpdir=/tmp


[Tue May  9 11:28:32 2023]
rule preprocess:
    input: /scratch/indikar_root/indikar1/cstansbu/pf-test/images/test_151.raw.tiff, /home/cstansbu/git_repositories/pip-fucci/config/config.yaml
    output: /scratch/indikar_root/indikar1/cstansbu/pf-test/images/test_151.processed.tiff
    jobid: 152
    reason: Missing output files: /scratch/indikar_root/indikar1/cstansbu/pf-test/images/test_151.processed.tiff; Input files updated by another job: /scratch/indikar_root/indikar1/cstansbu/pf-test/images/test_151.raw.tiff
    wildcards: imgId=test, tid=151
    resources: tmpdir=/tmp


[Tue May  9 11:28:32 2023]
rule preprocess:
    input: /scratch/indikar_root/indikar1/cstansbu/pf-test/images/test_95.raw.tiff, /home/cstansbu/git_repositories/pip-fucci/config/config.yaml
    output: /scratch/indikar_root/indikar1/cstansbu/pf-test/images/test_95.processed.tiff
    jobid: 96
    reason: Missing output files: /scratch/indikar_root/indikar1/cstansbu/pf-test/images/test_95.processed.tiff; Input files updated by another job: /scratch/indikar_root/indikar1/cstansbu/pf-test/images/test_95.raw.tiff
    wildcards: imgId=test, tid=95
    resources: tmpdir=/tmp


[Tue May  9 11:28:32 2023]
rule preprocess:
    input: /scratch/indikar_root/indikar1/cstansbu/pf-test/images/test_207.raw.tiff, /home/cstansbu/git_repositories/pip-fucci/config/config.yaml
    output: /scratch/indikar_root/indikar1/cstansbu/pf-test/images/test_207.processed.tiff
    jobid: 208
    reason: Missing output files: /scratch/indikar_root/indikar1/cstansbu/pf-test/images/test_207.processed.tiff; Input files updated by another job: /scratch/indikar_root/indikar1/cstansbu/pf-test/images/test_207.raw.tiff
    wildcards: imgId=test, tid=207
    resources: tmpdir=/tmp


[Tue May  9 11:28:32 2023]
rule preprocess:
    input: /scratch/indikar_root/indikar1/cstansbu/pf-test/images/test_67.raw.tiff, /home/cstansbu/git_repositories/pip-fucci/config/config.yaml
    output: /scratch/indikar_root/indikar1/cstansbu/pf-test/images/test_67.processed.tiff
    jobid: 68
    reason: Missing output files: /scratch/indikar_root/indikar1/cstansbu/pf-test/images/test_67.processed.tiff; Input files updated by another job: /scratch/indikar_root/indikar1/cstansbu/pf-test/images/test_67.raw.tiff
    wildcards: imgId=test, tid=67
    resources: tmpdir=/tmp


[Tue May  9 11:28:32 2023]
rule preprocess:
    input: /scratch/indikar_root/indikar1/cstansbu/pf-test/images/test_123.raw.tiff, /home/cstansbu/git_repositories/pip-fucci/config/config.yaml
    output: /scratch/indikar_root/indikar1/cstansbu/pf-test/images/test_123.processed.tiff
    jobid: 124
    reason: Missing output files: /scratch/indikar_root/indikar1/cstansbu/pf-test/images/test_123.processed.tiff; Input files updated by another job: /scratch/indikar_root/indikar1/cstansbu/pf-test/images/test_123.raw.tiff
    wildcards: imgId=test, tid=123
    resources: tmpdir=/tmp


[Tue May  9 11:28:32 2023]
rule preprocess:
    input: /scratch/indikar_root/indikar1/cstansbu/pf-test/images/test_179.raw.tiff, /home/cstansbu/git_repositories/pip-fucci/config/config.yaml
    output: /scratch/indikar_root/indikar1/cstansbu/pf-test/images/test_179.processed.tiff
    jobid: 180
    reason: Missing output files: /scratch/indikar_root/indikar1/cstansbu/pf-test/images/test_179.processed.tiff; Input files updated by another job: /scratch/indikar_root/indikar1/cstansbu/pf-test/images/test_179.raw.tiff
    wildcards: imgId=test, tid=179
    resources: tmpdir=/tmp


[Tue May  9 11:28:32 2023]
rule preprocess:
    input: /scratch/indikar_root/indikar1/cstansbu/pf-test/images/test_235.raw.tiff, /home/cstansbu/git_repositories/pip-fucci/config/config.yaml
    output: /scratch/indikar_root/indikar1/cstansbu/pf-test/images/test_235.processed.tiff
    jobid: 236
    reason: Missing output files: /scratch/indikar_root/indikar1/cstansbu/pf-test/images/test_235.processed.tiff; Input files updated by another job: /scratch/indikar_root/indikar1/cstansbu/pf-test/images/test_235.raw.tiff
    wildcards: imgId=test, tid=235
    resources: tmpdir=/tmp


[Tue May  9 11:28:32 2023]
rule preprocess:
    input: /scratch/indikar_root/indikar1/cstansbu/pf-test/images/test_8.raw.tiff, /home/cstansbu/git_repositories/pip-fucci/config/config.yaml
    output: /scratch/indikar_root/indikar1/cstansbu/pf-test/images/test_8.processed.tiff
    jobid: 9
    reason: Missing output files: /scratch/indikar_root/indikar1/cstansbu/pf-test/images/test_8.processed.tiff; Input files updated by another job: /scratch/indikar_root/indikar1/cstansbu/pf-test/images/test_8.raw.tiff
    wildcards: imgId=test, tid=8
    resources: tmpdir=/tmp


[Tue May  9 11:28:32 2023]
rule preprocess:
    input: /scratch/indikar_root/indikar1/cstansbu/pf-test/images/test_117.raw.tiff, /home/cstansbu/git_repositories/pip-fucci/config/config.yaml
    output: /scratch/indikar_root/indikar1/cstansbu/pf-test/images/test_117.processed.tiff
    jobid: 118
    reason: Missing output files: /scratch/indikar_root/indikar1/cstansbu/pf-test/images/test_117.processed.tiff; Input files updated by another job: /scratch/indikar_root/indikar1/cstansbu/pf-test/images/test_117.raw.tiff
    wildcards: imgId=test, tid=117
    resources: tmpdir=/tmp


[Tue May  9 11:28:32 2023]
rule preprocess:
    input: /scratch/indikar_root/indikar1/cstansbu/pf-test/images/test_40.raw.tiff, /home/cstansbu/git_repositories/pip-fucci/config/config.yaml
    output: /scratch/indikar_root/indikar1/cstansbu/pf-test/images/test_40.processed.tiff
    jobid: 41
    reason: Missing output files: /scratch/indikar_root/indikar1/cstansbu/pf-test/images/test_40.processed.tiff; Input files updated by another job: /scratch/indikar_root/indikar1/cstansbu/pf-test/images/test_40.raw.tiff
    wildcards: imgId=test, tid=40
    resources: tmpdir=/tmp


[Tue May  9 11:28:32 2023]
rule preprocess:
    input: /scratch/indikar_root/indikar1/cstansbu/pf-test/images/test_96.raw.tiff, /home/cstansbu/git_repositories/pip-fucci/config/config.yaml
    output: /scratch/indikar_root/indikar1/cstansbu/pf-test/images/test_96.processed.tiff
    jobid: 97
    reason: Missing output files: /scratch/indikar_root/indikar1/cstansbu/pf-test/images/test_96.processed.tiff; Input files updated by another job: /scratch/indikar_root/indikar1/cstansbu/pf-test/images/test_96.raw.tiff
    wildcards: imgId=test, tid=96
    resources: tmpdir=/tmp


[Tue May  9 11:28:32 2023]
rule preprocess:
    input: /scratch/indikar_root/indikar1/cstansbu/pf-test/images/test_152.raw.tiff, /home/cstansbu/git_repositories/pip-fucci/config/config.yaml
    output: /scratch/indikar_root/indikar1/cstansbu/pf-test/images/test_152.processed.tiff
    jobid: 153
    reason: Missing output files: /scratch/indikar_root/indikar1/cstansbu/pf-test/images/test_152.processed.tiff; Input files updated by another job: /scratch/indikar_root/indikar1/cstansbu/pf-test/images/test_152.raw.tiff
    wildcards: imgId=test, tid=152
    resources: tmpdir=/tmp


[Tue May  9 11:28:32 2023]
rule preprocess:
    input: /scratch/indikar_root/indikar1/cstansbu/pf-test/images/test_208.raw.tiff, /home/cstansbu/git_repositories/pip-fucci/config/config.yaml
    output: /scratch/indikar_root/indikar1/cstansbu/pf-test/images/test_208.processed.tiff
    jobid: 209
    reason: Missing output files: /scratch/indikar_root/indikar1/cstansbu/pf-test/images/test_208.processed.tiff; Input files updated by another job: /scratch/indikar_root/indikar1/cstansbu/pf-test/images/test_208.raw.tiff
    wildcards: imgId=test, tid=208
    resources: tmpdir=/tmp


[Tue May  9 11:28:32 2023]
rule preprocess:
    input: /scratch/indikar_root/indikar1/cstansbu/pf-test/images/test_9.raw.tiff, /home/cstansbu/git_repositories/pip-fucci/config/config.yaml
    output: /scratch/indikar_root/indikar1/cstansbu/pf-test/images/test_9.processed.tiff
    jobid: 10
    reason: Missing output files: /scratch/indikar_root/indikar1/cstansbu/pf-test/images/test_9.processed.tiff; Input files updated by another job: /scratch/indikar_root/indikar1/cstansbu/pf-test/images/test_9.raw.tiff
    wildcards: imgId=test, tid=9
    resources: tmpdir=/tmp


[Tue May  9 11:28:32 2023]
rule preprocess:
    input: /scratch/indikar_root/indikar1/cstansbu/pf-test/images/test_68.raw.tiff, /home/cstansbu/git_repositories/pip-fucci/config/config.yaml
    output: /scratch/indikar_root/indikar1/cstansbu/pf-test/images/test_68.processed.tiff
    jobid: 69
    reason: Missing output files: /scratch/indikar_root/indikar1/cstansbu/pf-test/images/test_68.processed.tiff; Input files updated by another job: /scratch/indikar_root/indikar1/cstansbu/pf-test/images/test_68.raw.tiff
    wildcards: imgId=test, tid=68
    resources: tmpdir=/tmp


[Tue May  9 11:28:32 2023]
rule preprocess:
    input: /scratch/indikar_root/indikar1/cstansbu/pf-test/images/test_124.raw.tiff, /home/cstansbu/git_repositories/pip-fucci/config/config.yaml
    output: /scratch/indikar_root/indikar1/cstansbu/pf-test/images/test_124.processed.tiff
    jobid: 125
    reason: Missing output files: /scratch/indikar_root/indikar1/cstansbu/pf-test/images/test_124.processed.tiff; Input files updated by another job: /scratch/indikar_root/indikar1/cstansbu/pf-test/images/test_124.raw.tiff
    wildcards: imgId=test, tid=124
    resources: tmpdir=/tmp


[Tue May  9 11:28:32 2023]
rule preprocess:
    input: /scratch/indikar_root/indikar1/cstansbu/pf-test/images/test_180.raw.tiff, /home/cstansbu/git_repositories/pip-fucci/config/config.yaml
    output: /scratch/indikar_root/indikar1/cstansbu/pf-test/images/test_180.processed.tiff
    jobid: 181
    reason: Missing output files: /scratch/indikar_root/indikar1/cstansbu/pf-test/images/test_180.processed.tiff; Input files updated by another job: /scratch/indikar_root/indikar1/cstansbu/pf-test/images/test_180.raw.tiff
    wildcards: imgId=test, tid=180
    resources: tmpdir=/tmp


[Tue May  9 11:28:32 2023]
rule preprocess:
    input: /scratch/indikar_root/indikar1/cstansbu/pf-test/images/test_236.raw.tiff, /home/cstansbu/git_repositories/pip-fucci/config/config.yaml
    output: /scratch/indikar_root/indikar1/cstansbu/pf-test/images/test_236.processed.tiff
    jobid: 237
    reason: Missing output files: /scratch/indikar_root/indikar1/cstansbu/pf-test/images/test_236.processed.tiff; Input files updated by another job: /scratch/indikar_root/indikar1/cstansbu/pf-test/images/test_236.raw.tiff
    wildcards: imgId=test, tid=236
    resources: tmpdir=/tmp


[Tue May  9 11:28:32 2023]
rule preprocess:
    input: /scratch/indikar_root/indikar1/cstansbu/pf-test/images/test_41.raw.tiff, /home/cstansbu/git_repositories/pip-fucci/config/config.yaml
    output: /scratch/indikar_root/indikar1/cstansbu/pf-test/images/test_41.processed.tiff
    jobid: 42
    reason: Missing output files: /scratch/indikar_root/indikar1/cstansbu/pf-test/images/test_41.processed.tiff; Input files updated by another job: /scratch/indikar_root/indikar1/cstansbu/pf-test/images/test_41.raw.tiff
    wildcards: imgId=test, tid=41
    resources: tmpdir=/tmp


[Tue May  9 11:28:32 2023]
rule preprocess:
    input: /scratch/indikar_root/indikar1/cstansbu/pf-test/images/test_202.raw.tiff, /home/cstansbu/git_repositories/pip-fucci/config/config.yaml
    output: /scratch/indikar_root/indikar1/cstansbu/pf-test/images/test_202.processed.tiff
    jobid: 203
    reason: Missing output files: /scratch/indikar_root/indikar1/cstansbu/pf-test/images/test_202.processed.tiff; Input files updated by another job: /scratch/indikar_root/indikar1/cstansbu/pf-test/images/test_202.raw.tiff
    wildcards: imgId=test, tid=202
    resources: tmpdir=/tmp


[Tue May  9 11:28:32 2023]
rule preprocess:
    input: /scratch/indikar_root/indikar1/cstansbu/pf-test/images/test_5.raw.tiff, /home/cstansbu/git_repositories/pip-fucci/config/config.yaml
    output: /scratch/indikar_root/indikar1/cstansbu/pf-test/images/test_5.processed.tiff
    jobid: 6
    reason: Missing output files: /scratch/indikar_root/indikar1/cstansbu/pf-test/images/test_5.processed.tiff; Input files updated by another job: /scratch/indikar_root/indikar1/cstansbu/pf-test/images/test_5.raw.tiff
    wildcards: imgId=test, tid=5
    resources: tmpdir=/tmp


[Tue May  9 11:28:32 2023]
rule preprocess:
    input: /scratch/indikar_root/indikar1/cstansbu/pf-test/images/test_63.raw.tiff, /home/cstansbu/git_repositories/pip-fucci/config/config.yaml
    output: /scratch/indikar_root/indikar1/cstansbu/pf-test/images/test_63.processed.tiff
    jobid: 64
    reason: Missing output files: /scratch/indikar_root/indikar1/cstansbu/pf-test/images/test_63.processed.tiff; Input files updated by another job: /scratch/indikar_root/indikar1/cstansbu/pf-test/images/test_63.raw.tiff
    wildcards: imgId=test, tid=63
    resources: tmpdir=/tmp


[Tue May  9 11:28:32 2023]
rule preprocess:
    input: /scratch/indikar_root/indikar1/cstansbu/pf-test/images/test_119.raw.tiff, /home/cstansbu/git_repositories/pip-fucci/config/config.yaml
    output: /scratch/indikar_root/indikar1/cstansbu/pf-test/images/test_119.processed.tiff
    jobid: 120
    reason: Missing output files: /scratch/indikar_root/indikar1/cstansbu/pf-test/images/test_119.processed.tiff; Input files updated by another job: /scratch/indikar_root/indikar1/cstansbu/pf-test/images/test_119.raw.tiff
    wildcards: imgId=test, tid=119
    resources: tmpdir=/tmp


[Tue May  9 11:28:32 2023]
rule preprocess:
    input: /scratch/indikar_root/indikar1/cstansbu/pf-test/images/test_175.raw.tiff, /home/cstansbu/git_repositories/pip-fucci/config/config.yaml
    output: /scratch/indikar_root/indikar1/cstansbu/pf-test/images/test_175.processed.tiff
    jobid: 176
    reason: Missing output files: /scratch/indikar_root/indikar1/cstansbu/pf-test/images/test_175.processed.tiff; Input files updated by another job: /scratch/indikar_root/indikar1/cstansbu/pf-test/images/test_175.raw.tiff
    wildcards: imgId=test, tid=175
    resources: tmpdir=/tmp


[Tue May  9 11:28:32 2023]
rule preprocess:
    input: /scratch/indikar_root/indikar1/cstansbu/pf-test/images/test_231.raw.tiff, /home/cstansbu/git_repositories/pip-fucci/config/config.yaml
    output: /scratch/indikar_root/indikar1/cstansbu/pf-test/images/test_231.processed.tiff
    jobid: 232
    reason: Missing output files: /scratch/indikar_root/indikar1/cstansbu/pf-test/images/test_231.processed.tiff; Input files updated by another job: /scratch/indikar_root/indikar1/cstansbu/pf-test/images/test_231.raw.tiff
    wildcards: imgId=test, tid=231
    resources: tmpdir=/tmp


[Tue May  9 11:28:32 2023]
rule preprocess:
    input: /scratch/indikar_root/indikar1/cstansbu/pf-test/images/test_35.raw.tiff, /home/cstansbu/git_repositories/pip-fucci/config/config.yaml
    output: /scratch/indikar_root/indikar1/cstansbu/pf-test/images/test_35.processed.tiff
    jobid: 36
    reason: Missing output files: /scratch/indikar_root/indikar1/cstansbu/pf-test/images/test_35.processed.tiff; Input files updated by another job: /scratch/indikar_root/indikar1/cstansbu/pf-test/images/test_35.raw.tiff
    wildcards: imgId=test, tid=35
    resources: tmpdir=/tmp


[Tue May  9 11:28:32 2023]
rule preprocess:
    input: /scratch/indikar_root/indikar1/cstansbu/pf-test/images/test_91.raw.tiff, /home/cstansbu/git_repositories/pip-fucci/config/config.yaml
    output: /scratch/indikar_root/indikar1/cstansbu/pf-test/images/test_91.processed.tiff
    jobid: 92
    reason: Missing output files: /scratch/indikar_root/indikar1/cstansbu/pf-test/images/test_91.processed.tiff; Input files updated by another job: /scratch/indikar_root/indikar1/cstansbu/pf-test/images/test_91.raw.tiff
    wildcards: imgId=test, tid=91
    resources: tmpdir=/tmp


[Tue May  9 11:28:32 2023]
rule preprocess:
    input: /scratch/indikar_root/indikar1/cstansbu/pf-test/images/test_147.raw.tiff, /home/cstansbu/git_repositories/pip-fucci/config/config.yaml
    output: /scratch/indikar_root/indikar1/cstansbu/pf-test/images/test_147.processed.tiff
    jobid: 148
    reason: Missing output files: /scratch/indikar_root/indikar1/cstansbu/pf-test/images/test_147.processed.tiff; Input files updated by another job: /scratch/indikar_root/indikar1/cstansbu/pf-test/images/test_147.raw.tiff
    wildcards: imgId=test, tid=147
    resources: tmpdir=/tmp


[Tue May  9 11:28:32 2023]
rule preprocess:
    input: /scratch/indikar_root/indikar1/cstansbu/pf-test/images/test_203.raw.tiff, /home/cstansbu/git_repositories/pip-fucci/config/config.yaml
    output: /scratch/indikar_root/indikar1/cstansbu/pf-test/images/test_203.processed.tiff
    jobid: 204
    reason: Missing output files: /scratch/indikar_root/indikar1/cstansbu/pf-test/images/test_203.processed.tiff; Input files updated by another job: /scratch/indikar_root/indikar1/cstansbu/pf-test/images/test_203.raw.tiff
    wildcards: imgId=test, tid=203
    resources: tmpdir=/tmp


[Tue May  9 11:28:32 2023]
rule preprocess:
    input: /scratch/indikar_root/indikar1/cstansbu/pf-test/images/test_148.raw.tiff, /home/cstansbu/git_repositories/pip-fucci/config/config.yaml
    output: /scratch/indikar_root/indikar1/cstansbu/pf-test/images/test_148.processed.tiff
    jobid: 149
    reason: Missing output files: /scratch/indikar_root/indikar1/cstansbu/pf-test/images/test_148.processed.tiff; Input files updated by another job: /scratch/indikar_root/indikar1/cstansbu/pf-test/images/test_148.raw.tiff
    wildcards: imgId=test, tid=148
    resources: tmpdir=/tmp

[Tue May  9 11:29:45 2023]
Finished job 203.
2 of 254 steps (1%) done
Select jobs to execute...

[Tue May  9 11:29:45 2023]
rule preprocess:
    input: /scratch/indikar_root/indikar1/cstansbu/pf-test/images/test_3.raw.tiff, /home/cstansbu/git_repositories/pip-fucci/config/config.yaml
    output: /scratch/indikar_root/indikar1/cstansbu/pf-test/images/test_3.processed.tiff
    jobid: 4
    reason: Missing output files: /scratch/indikar_root/indikar1/cstansbu/pf-test/images/test_3.processed.tiff; Input files updated by another job: /scratch/indikar_root/indikar1/cstansbu/pf-test/images/test_3.raw.tiff
    wildcards: imgId=test, tid=3
    resources: tmpdir=/tmp

[Tue May  9 11:29:45 2023]
Finished job 180.
3 of 254 steps (1%) done
Select jobs to execute...

[Tue May  9 11:29:45 2023]
rule preprocess:
    input: /scratch/indikar_root/indikar1/cstansbu/pf-test/images/test_113.raw.tiff, /home/cstansbu/git_repositories/pip-fucci/config/config.yaml
    output: /scratch/indikar_root/indikar1/cstansbu/pf-test/images/test_113.processed.tiff
    jobid: 114
    reason: Missing output files: /scratch/indikar_root/indikar1/cstansbu/pf-test/images/test_113.processed.tiff; Input files updated by another job: /scratch/indikar_root/indikar1/cstansbu/pf-test/images/test_113.raw.tiff
    wildcards: imgId=test, tid=113
    resources: tmpdir=/tmp

[Tue May  9 11:29:45 2023]
Finished job 233.
4 of 254 steps (2%) done
Select jobs to execute...

[Tue May  9 11:29:45 2023]
rule preprocess:
    input: /scratch/indikar_root/indikar1/cstansbu/pf-test/images/test_66.raw.tiff, /home/cstansbu/git_repositories/pip-fucci/config/config.yaml
    output: /scratch/indikar_root/indikar1/cstansbu/pf-test/images/test_66.processed.tiff
    jobid: 67
    reason: Missing output files: /scratch/indikar_root/indikar1/cstansbu/pf-test/images/test_66.processed.tiff; Input files updated by another job: /scratch/indikar_root/indikar1/cstansbu/pf-test/images/test_66.raw.tiff
    wildcards: imgId=test, tid=66
    resources: tmpdir=/tmp

[Tue May  9 11:29:45 2023]
Finished job 205.
5 of 254 steps (2%) done
Select jobs to execute...

[Tue May  9 11:29:45 2023]
rule preprocess:
    input: /scratch/indikar_root/indikar1/cstansbu/pf-test/images/test_122.raw.tiff, /home/cstansbu/git_repositories/pip-fucci/config/config.yaml
    output: /scratch/indikar_root/indikar1/cstansbu/pf-test/images/test_122.processed.tiff
    jobid: 123
    reason: Missing output files: /scratch/indikar_root/indikar1/cstansbu/pf-test/images/test_122.processed.tiff; Input files updated by another job: /scratch/indikar_root/indikar1/cstansbu/pf-test/images/test_122.raw.tiff
    wildcards: imgId=test, tid=122
    resources: tmpdir=/tmp

[Tue May  9 11:29:45 2023]
Finished job 144.
6 of 254 steps (2%) done
[Tue May  9 11:29:45 2023]
Finished job 64.
7 of 254 steps (3%) done
Select jobs to execute...

[Tue May  9 11:29:45 2023]
rule preprocess:
    input: /scratch/indikar_root/indikar1/cstansbu/pf-test/images/test_42.raw.tiff, /home/cstansbu/git_repositories/pip-fucci/config/config.yaml
    output: /scratch/indikar_root/indikar1/cstansbu/pf-test/images/test_42.processed.tiff
    jobid: 43
    reason: Missing output files: /scratch/indikar_root/indikar1/cstansbu/pf-test/images/test_42.processed.tiff; Input files updated by another job: /scratch/indikar_root/indikar1/cstansbu/pf-test/images/test_42.raw.tiff
    wildcards: imgId=test, tid=42
    resources: tmpdir=/tmp


[Tue May  9 11:29:45 2023]
rule preprocess:
    input: /scratch/indikar_root/indikar1/cstansbu/pf-test/images/test_37.raw.tiff, /home/cstansbu/git_repositories/pip-fucci/config/config.yaml
    output: /scratch/indikar_root/indikar1/cstansbu/pf-test/images/test_37.processed.tiff
    jobid: 38
    reason: Missing output files: /scratch/indikar_root/indikar1/cstansbu/pf-test/images/test_37.processed.tiff; Input files updated by another job: /scratch/indikar_root/indikar1/cstansbu/pf-test/images/test_37.raw.tiff
    wildcards: imgId=test, tid=37
    resources: tmpdir=/tmp

Select jobs to execute...
[Tue May  9 11:29:45 2023]
Finished job 149.
8 of 254 steps (3%) done

[Tue May  9 11:29:45 2023]
rule preprocess:
    input: /scratch/indikar_root/indikar1/cstansbu/pf-test/images/test_85.raw.tiff, /home/cstansbu/git_repositories/pip-fucci/config/config.yaml
    output: /scratch/indikar_root/indikar1/cstansbu/pf-test/images/test_85.processed.tiff
    jobid: 86
    reason: Missing output files: /scratch/indikar_root/indikar1/cstansbu/pf-test/images/test_85.processed.tiff; Input files updated by another job: /scratch/indikar_root/indikar1/cstansbu/pf-test/images/test_85.raw.tiff
    wildcards: imgId=test, tid=85
    resources: tmpdir=/tmp

[Tue May  9 11:29:45 2023]
Finished job 181.
9 of 254 steps (4%) done
[Tue May  9 11:29:45 2023]
Finished job 176.
10 of 254 steps (4%) done
Select jobs to execute...

[Tue May  9 11:29:45 2023]
rule preprocess:
    input: /scratch/indikar_root/indikar1/cstansbu/pf-test/images/test_210.raw.tiff, /home/cstansbu/git_repositories/pip-fucci/config/config.yaml
    output: /scratch/indikar_root/indikar1/cstansbu/pf-test/images/test_210.processed.tiff
    jobid: 211
    reason: Missing output files: /scratch/indikar_root/indikar1/cstansbu/pf-test/images/test_210.processed.tiff; Input files updated by another job: /scratch/indikar_root/indikar1/cstansbu/pf-test/images/test_210.raw.tiff
    wildcards: imgId=test, tid=210
    resources: tmpdir=/tmp


[Tue May  9 11:29:45 2023]
rule preprocess:
    input: /scratch/indikar_root/indikar1/cstansbu/pf-test/images/test_71.raw.tiff, /home/cstansbu/git_repositories/pip-fucci/config/config.yaml
    output: /scratch/indikar_root/indikar1/cstansbu/pf-test/images/test_71.processed.tiff
    jobid: 72
    reason: Missing output files: /scratch/indikar_root/indikar1/cstansbu/pf-test/images/test_71.processed.tiff; Input files updated by another job: /scratch/indikar_root/indikar1/cstansbu/pf-test/images/test_71.raw.tiff
    wildcards: imgId=test, tid=71
    resources: tmpdir=/tmp

[Tue May  9 11:29:45 2023]
Finished job 232.
11 of 254 steps (4%) done
[Tue May  9 11:29:45 2023]
Finished job 208.
12 of 254 steps (5%) done
Select jobs to execute...

[Tue May  9 11:29:45 2023]
rule preprocess:
    input: /scratch/indikar_root/indikar1/cstansbu/pf-test/images/test_183.raw.tiff, /home/cstansbu/git_repositories/pip-fucci/config/config.yaml
    output: /scratch/indikar_root/indikar1/cstansbu/pf-test/images/test_183.processed.tiff
    jobid: 184
    reason: Missing output files: /scratch/indikar_root/indikar1/cstansbu/pf-test/images/test_183.processed.tiff; Input files updated by another job: /scratch/indikar_root/indikar1/cstansbu/pf-test/images/test_183.raw.tiff
    wildcards: imgId=test, tid=183
    resources: tmpdir=/tmp


[Tue May  9 11:29:45 2023]
rule preprocess:
    input: /scratch/indikar_root/indikar1/cstansbu/pf-test/images/test_149.raw.tiff, /home/cstansbu/git_repositories/pip-fucci/config/config.yaml
    output: /scratch/indikar_root/indikar1/cstansbu/pf-test/images/test_149.processed.tiff
    jobid: 150
    reason: Missing output files: /scratch/indikar_root/indikar1/cstansbu/pf-test/images/test_149.processed.tiff; Input files updated by another job: /scratch/indikar_root/indikar1/cstansbu/pf-test/images/test_149.raw.tiff
    wildcards: imgId=test, tid=149
    resources: tmpdir=/tmp

[Tue May  9 11:29:45 2023]
Finished job 200.
13 of 254 steps (5%) done
[Tue May  9 11:29:45 2023]
Finished job 97.
14 of 254 steps (6%) done
[Tue May  9 11:29:45 2023]
Finished job 148.
15 of 254 steps (6%) done
Select jobs to execute...

[Tue May  9 11:29:45 2023]
rule preprocess:
    input: /scratch/indikar_root/indikar1/cstansbu/pf-test/images/test_126.raw.tiff, /home/cstansbu/git_repositories/pip-fucci/config/config.yaml
    output: /scratch/indikar_root/indikar1/cstansbu/pf-test/images/test_126.processed.tiff
    jobid: 127
    reason: Missing output files: /scratch/indikar_root/indikar1/cstansbu/pf-test/images/test_126.processed.tiff; Input files updated by another job: /scratch/indikar_root/indikar1/cstansbu/pf-test/images/test_126.raw.tiff
    wildcards: imgId=test, tid=126
    resources: tmpdir=/tmp


[Tue May  9 11:29:45 2023]
rule preprocess:
    input: /scratch/indikar_root/indikar1/cstansbu/pf-test/images/test_100.raw.tiff, /home/cstansbu/git_repositories/pip-fucci/config/config.yaml
    output: /scratch/indikar_root/indikar1/cstansbu/pf-test/images/test_100.processed.tiff
    jobid: 101
    reason: Missing output files: /scratch/indikar_root/indikar1/cstansbu/pf-test/images/test_100.processed.tiff; Input files updated by another job: /scratch/indikar_root/indikar1/cstansbu/pf-test/images/test_100.raw.tiff
    wildcards: imgId=test, tid=100
    resources: tmpdir=/tmp


[Tue May  9 11:29:45 2023]
rule preprocess:
    input: /scratch/indikar_root/indikar1/cstansbu/pf-test/images/test_182.raw.tiff, /home/cstansbu/git_repositories/pip-fucci/config/config.yaml
    output: /scratch/indikar_root/indikar1/cstansbu/pf-test/images/test_182.processed.tiff
    jobid: 183
    reason: Missing output files: /scratch/indikar_root/indikar1/cstansbu/pf-test/images/test_182.processed.tiff; Input files updated by another job: /scratch/indikar_root/indikar1/cstansbu/pf-test/images/test_182.raw.tiff
    wildcards: imgId=test, tid=182
    resources: tmpdir=/tmp

[Tue May  9 11:29:46 2023]
Finished job 68.
16 of 254 steps (6%) done
[Tue May  9 11:29:46 2023]
Finished job 88.
17 of 254 steps (7%) done
Select jobs to execute...

[Tue May  9 11:29:46 2023]
rule preprocess:
    input: /scratch/indikar_root/indikar1/cstansbu/pf-test/images/test_99.raw.tiff, /home/cstansbu/git_repositories/pip-fucci/config/config.yaml
    output: /scratch/indikar_root/indikar1/cstansbu/pf-test/images/test_99.processed.tiff
    jobid: 100
    reason: Missing output files: /scratch/indikar_root/indikar1/cstansbu/pf-test/images/test_99.processed.tiff; Input files updated by another job: /scratch/indikar_root/indikar1/cstansbu/pf-test/images/test_99.raw.tiff
    wildcards: imgId=test, tid=99
    resources: tmpdir=/tmp


[Tue May  9 11:29:46 2023]
rule preprocess:
    input: /scratch/indikar_root/indikar1/cstansbu/pf-test/images/test_12.raw.tiff, /home/cstansbu/git_repositories/pip-fucci/config/config.yaml
    output: /scratch/indikar_root/indikar1/cstansbu/pf-test/images/test_12.processed.tiff
    jobid: 13
    reason: Missing output files: /scratch/indikar_root/indikar1/cstansbu/pf-test/images/test_12.processed.tiff; Input files updated by another job: /scratch/indikar_root/indikar1/cstansbu/pf-test/images/test_12.raw.tiff
    wildcards: imgId=test, tid=12
    resources: tmpdir=/tmp

Select jobs to execute...
[Tue May  9 11:29:46 2023]
Finished job 152.
18 of 254 steps (7%) done

[Tue May  9 11:29:46 2023]
rule preprocess:
    input: /scratch/indikar_root/indikar1/cstansbu/pf-test/images/test_226.raw.tiff, /home/cstansbu/git_repositories/pip-fucci/config/config.yaml
    output: /scratch/indikar_root/indikar1/cstansbu/pf-test/images/test_226.processed.tiff
    jobid: 227
    reason: Missing output files: /scratch/indikar_root/indikar1/cstansbu/pf-test/images/test_226.processed.tiff; Input files updated by another job: /scratch/indikar_root/indikar1/cstansbu/pf-test/images/test_226.raw.tiff
    wildcards: imgId=test, tid=226
    resources: tmpdir=/tmp

[Tue May  9 11:29:46 2023]
Finished job 204.
19 of 254 steps (7%) done
Select jobs to execute...

[Tue May  9 11:29:46 2023]
rule preprocess:
    input: /scratch/indikar_root/indikar1/cstansbu/pf-test/images/test_30.raw.tiff, /home/cstansbu/git_repositories/pip-fucci/config/config.yaml
    output: /scratch/indikar_root/indikar1/cstansbu/pf-test/images/test_30.processed.tiff
    jobid: 31
    reason: Missing output files: /scratch/indikar_root/indikar1/cstansbu/pf-test/images/test_30.processed.tiff; Input files updated by another job: /scratch/indikar_root/indikar1/cstansbu/pf-test/images/test_30.raw.tiff
    wildcards: imgId=test, tid=30
    resources: tmpdir=/tmp

[Tue May  9 11:29:46 2023]
Finished job 237.
20 of 254 steps (8%) done
Select jobs to execute...

[Tue May  9 11:29:46 2023]
rule preprocess:
    input: /scratch/indikar_root/indikar1/cstansbu/pf-test/images/test_170.raw.tiff, /home/cstansbu/git_repositories/pip-fucci/config/config.yaml
    output: /scratch/indikar_root/indikar1/cstansbu/pf-test/images/test_170.processed.tiff
    jobid: 171
    reason: Missing output files: /scratch/indikar_root/indikar1/cstansbu/pf-test/images/test_170.processed.tiff; Input files updated by another job: /scratch/indikar_root/indikar1/cstansbu/pf-test/images/test_170.raw.tiff
    wildcards: imgId=test, tid=170
    resources: tmpdir=/tmp

[Tue May  9 11:29:46 2023]
Finished job 118.
21 of 254 steps (8%) done
[Tue May  9 11:29:46 2023]
Finished job 125.
22 of 254 steps (9%) done
Select jobs to execute...

[Tue May  9 11:29:46 2023]
rule preprocess:
    input: /scratch/indikar_root/indikar1/cstansbu/pf-test/images/test_43.raw.tiff, /home/cstansbu/git_repositories/pip-fucci/config/config.yaml
    output: /scratch/indikar_root/indikar1/cstansbu/pf-test/images/test_43.processed.tiff
    jobid: 44
    reason: Missing output files: /scratch/indikar_root/indikar1/cstansbu/pf-test/images/test_43.processed.tiff; Input files updated by another job: /scratch/indikar_root/indikar1/cstansbu/pf-test/images/test_43.raw.tiff
    wildcards: imgId=test, tid=43
    resources: tmpdir=/tmp


[Tue May  9 11:29:46 2023]
rule preprocess:
    input: /scratch/indikar_root/indikar1/cstansbu/pf-test/images/test_240.raw.tiff, /home/cstansbu/git_repositories/pip-fucci/config/config.yaml
    output: /scratch/indikar_root/indikar1/cstansbu/pf-test/images/test_240.processed.tiff
    jobid: 241
    reason: Missing output files: /scratch/indikar_root/indikar1/cstansbu/pf-test/images/test_240.processed.tiff; Input files updated by another job: /scratch/indikar_root/indikar1/cstansbu/pf-test/images/test_240.raw.tiff
    wildcards: imgId=test, tid=240
    resources: tmpdir=/tmp

Select jobs to execute...
[Tue May  9 11:29:46 2023]
Finished job 153.
23 of 254 steps (9%) done

[Tue May  9 11:29:46 2023]
rule preprocess:
    input: /scratch/indikar_root/indikar1/cstansbu/pf-test/images/test_142.raw.tiff, /home/cstansbu/git_repositories/pip-fucci/config/config.yaml
    output: /scratch/indikar_root/indikar1/cstansbu/pf-test/images/test_142.processed.tiff
    jobid: 143
    reason: Missing output files: /scratch/indikar_root/indikar1/cstansbu/pf-test/images/test_142.processed.tiff; Input files updated by another job: /scratch/indikar_root/indikar1/cstansbu/pf-test/images/test_142.raw.tiff
    wildcards: imgId=test, tid=142
    resources: tmpdir=/tmp

[Tue May  9 11:29:46 2023]
Finished job 120.
24 of 254 steps (9%) done
[Tue May  9 11:29:46 2023]
Finished job 236.
25 of 254 steps (10%) done
[Tue May  9 11:29:46 2023]
Finished job 92.
26 of 254 steps (10%) done
[Tue May  9 11:29:46 2023]
Finished job 42.
27 of 254 steps (11%) done
Select jobs to execute...

[Tue May  9 11:29:46 2023]
rule preprocess:
    input: /scratch/indikar_root/indikar1/cstansbu/pf-test/images/test_127.raw.tiff, /home/cstansbu/git_repositories/pip-fucci/config/config.yaml
    output: /scratch/indikar_root/indikar1/cstansbu/pf-test/images/test_127.processed.tiff
    jobid: 128
    reason: Missing output files: /scratch/indikar_root/indikar1/cstansbu/pf-test/images/test_127.processed.tiff; Input files updated by another job: /scratch/indikar_root/indikar1/cstansbu/pf-test/images/test_127.raw.tiff
    wildcards: imgId=test, tid=127
    resources: tmpdir=/tmp


[Tue May  9 11:29:46 2023]
rule preprocess:
    input: /scratch/indikar_root/indikar1/cstansbu/pf-test/images/test_239.raw.tiff, /home/cstansbu/git_repositories/pip-fucci/config/config.yaml
    output: /scratch/indikar_root/indikar1/cstansbu/pf-test/images/test_239.processed.tiff
    jobid: 240
    reason: Missing output files: /scratch/indikar_root/indikar1/cstansbu/pf-test/images/test_239.processed.tiff; Input files updated by another job: /scratch/indikar_root/indikar1/cstansbu/pf-test/images/test_239.raw.tiff
    wildcards: imgId=test, tid=239
    resources: tmpdir=/tmp


[Tue May  9 11:29:46 2023]
rule preprocess:
    input: /scratch/indikar_root/indikar1/cstansbu/pf-test/images/test_44.raw.tiff, /home/cstansbu/git_repositories/pip-fucci/config/config.yaml
    output: /scratch/indikar_root/indikar1/cstansbu/pf-test/images/test_44.processed.tiff
    jobid: 45
    reason: Missing output files: /scratch/indikar_root/indikar1/cstansbu/pf-test/images/test_44.processed.tiff; Input files updated by another job: /scratch/indikar_root/indikar1/cstansbu/pf-test/images/test_44.raw.tiff
    wildcards: imgId=test, tid=44
    resources: tmpdir=/tmp


[Tue May  9 11:29:46 2023]
rule preprocess:
    input: /scratch/indikar_root/indikar1/cstansbu/pf-test/images/test_157.raw.tiff, /home/cstansbu/git_repositories/pip-fucci/config/config.yaml
    output: /scratch/indikar_root/indikar1/cstansbu/pf-test/images/test_157.processed.tiff
    jobid: 158
    reason: Missing output files: /scratch/indikar_root/indikar1/cstansbu/pf-test/images/test_157.processed.tiff; Input files updated by another job: /scratch/indikar_root/indikar1/cstansbu/pf-test/images/test_157.raw.tiff
    wildcards: imgId=test, tid=157
    resources: tmpdir=/tmp

[Tue May  9 11:29:46 2023]
Finished job 36.
28 of 254 steps (11%) done
Select jobs to execute...

[Tue May  9 11:29:46 2023]
rule preprocess:
    input: /scratch/indikar_root/indikar1/cstansbu/pf-test/images/test_115.raw.tiff, /home/cstansbu/git_repositories/pip-fucci/config/config.yaml
    output: /scratch/indikar_root/indikar1/cstansbu/pf-test/images/test_115.processed.tiff
    jobid: 116
    reason: Missing output files: /scratch/indikar_root/indikar1/cstansbu/pf-test/images/test_115.processed.tiff; Input files updated by another job: /scratch/indikar_root/indikar1/cstansbu/pf-test/images/test_115.raw.tiff
    wildcards: imgId=test, tid=115
    resources: tmpdir=/tmp

[Tue May  9 11:29:46 2023]
Finished job 96.
29 of 254 steps (11%) done
Select jobs to execute...

[Tue May  9 11:29:46 2023]
rule preprocess:
    input: /scratch/indikar_root/indikar1/cstansbu/pf-test/images/test_171.raw.tiff, /home/cstansbu/git_repositories/pip-fucci/config/config.yaml
    output: /scratch/indikar_root/indikar1/cstansbu/pf-test/images/test_171.processed.tiff
    jobid: 172
    reason: Missing output files: /scratch/indikar_root/indikar1/cstansbu/pf-test/images/test_171.processed.tiff; Input files updated by another job: /scratch/indikar_root/indikar1/cstansbu/pf-test/images/test_171.raw.tiff
    wildcards: imgId=test, tid=171
    resources: tmpdir=/tmp

[Tue May  9 11:29:46 2023]
Finished job 209.
30 of 254 steps (12%) done
[Tue May  9 11:29:46 2023]
Finished job 69.
31 of 254 steps (12%) done
[Tue May  9 11:29:46 2023]
Finished job 41.
32 of 254 steps (13%) done
Select jobs to execute...

[Tue May  9 11:29:46 2023]
rule preprocess:
    input: /scratch/indikar_root/indikar1/cstansbu/pf-test/images/test_16.raw.tiff, /home/cstansbu/git_repositories/pip-fucci/config/config.yaml
    output: /scratch/indikar_root/indikar1/cstansbu/pf-test/images/test_16.processed.tiff
    jobid: 17
    reason: Missing output files: /scratch/indikar_root/indikar1/cstansbu/pf-test/images/test_16.processed.tiff; Input files updated by another job: /scratch/indikar_root/indikar1/cstansbu/pf-test/images/test_16.raw.tiff
    wildcards: imgId=test, tid=16
    resources: tmpdir=/tmp


[Tue May  9 11:29:46 2023]
rule preprocess:
    input: /scratch/indikar_root/indikar1/cstansbu/pf-test/images/test_72.raw.tiff, /home/cstansbu/git_repositories/pip-fucci/config/config.yaml
    output: /scratch/indikar_root/indikar1/cstansbu/pf-test/images/test_72.processed.tiff
    jobid: 73
    reason: Missing output files: /scratch/indikar_root/indikar1/cstansbu/pf-test/images/test_72.processed.tiff; Input files updated by another job: /scratch/indikar_root/indikar1/cstansbu/pf-test/images/test_72.raw.tiff
    wildcards: imgId=test, tid=72
    resources: tmpdir=/tmp


[Tue May  9 11:29:46 2023]
rule preprocess:
    input: /scratch/indikar_root/indikar1/cstansbu/pf-test/images/test_185.raw.tiff, /home/cstansbu/git_repositories/pip-fucci/config/config.yaml
    output: /scratch/indikar_root/indikar1/cstansbu/pf-test/images/test_185.processed.tiff
    jobid: 186
    reason: Missing output files: /scratch/indikar_root/indikar1/cstansbu/pf-test/images/test_185.processed.tiff; Input files updated by another job: /scratch/indikar_root/indikar1/cstansbu/pf-test/images/test_185.raw.tiff
    wildcards: imgId=test, tid=185
    resources: tmpdir=/tmp

Select jobs to execute...
[Tue May  9 11:29:46 2023]
Finished job 124.
33 of 254 steps (13%) done

[Tue May  9 11:29:46 2023]
rule preprocess:
    input: /scratch/indikar_root/indikar1/cstansbu/pf-test/images/test_4.raw.tiff, /home/cstansbu/git_repositories/pip-fucci/config/config.yaml
    output: /scratch/indikar_root/indikar1/cstansbu/pf-test/images/test_4.processed.tiff
    jobid: 5
    reason: Missing output files: /scratch/indikar_root/indikar1/cstansbu/pf-test/images/test_4.processed.tiff; Input files updated by another job: /scratch/indikar_root/indikar1/cstansbu/pf-test/images/test_4.raw.tiff
    wildcards: imgId=test, tid=4
    resources: tmpdir=/tmp

[Tue May  9 11:29:46 2023]
Finished job 10.
34 of 254 steps (13%) done
Select jobs to execute...

[Tue May  9 11:29:46 2023]
rule preprocess:
    input: /scratch/indikar_root/indikar1/cstansbu/pf-test/images/test_234.raw.tiff, /home/cstansbu/git_repositories/pip-fucci/config/config.yaml
    output: /scratch/indikar_root/indikar1/cstansbu/pf-test/images/test_234.processed.tiff
    jobid: 235
    reason: Missing output files: /scratch/indikar_root/indikar1/cstansbu/pf-test/images/test_234.processed.tiff; Input files updated by another job: /scratch/indikar_root/indikar1/cstansbu/pf-test/images/test_234.raw.tiff
    wildcards: imgId=test, tid=234
    resources: tmpdir=/tmp

[Tue May  9 11:29:47 2023]
Finished job 7.
35 of 254 steps (14%) done
Select jobs to execute...

[Tue May  9 11:29:47 2023]
rule preprocess:
    input: /scratch/indikar_root/indikar1/cstansbu/pf-test/images/test_39.raw.tiff, /home/cstansbu/git_repositories/pip-fucci/config/config.yaml
    output: /scratch/indikar_root/indikar1/cstansbu/pf-test/images/test_39.processed.tiff
    jobid: 40
    reason: Missing output files: /scratch/indikar_root/indikar1/cstansbu/pf-test/images/test_39.processed.tiff; Input files updated by another job: /scratch/indikar_root/indikar1/cstansbu/pf-test/images/test_39.raw.tiff
    wildcards: imgId=test, tid=39
    resources: tmpdir=/tmp

[Tue May  9 11:29:47 2023]
Finished job 6.
36 of 254 steps (14%) done
Select jobs to execute...

[Tue May  9 11:29:47 2023]
rule preprocess:
    input: /scratch/indikar_root/indikar1/cstansbu/pf-test/images/test_116.raw.tiff, /home/cstansbu/git_repositories/pip-fucci/config/config.yaml
    output: /scratch/indikar_root/indikar1/cstansbu/pf-test/images/test_116.processed.tiff
    jobid: 117
    reason: Missing output files: /scratch/indikar_root/indikar1/cstansbu/pf-test/images/test_116.processed.tiff; Input files updated by another job: /scratch/indikar_root/indikar1/cstansbu/pf-test/images/test_116.raw.tiff
    wildcards: imgId=test, tid=116
    resources: tmpdir=/tmp

[Tue May  9 11:29:47 2023]
Finished job 9.
37 of 254 steps (15%) done
Select jobs to execute...

[Tue May  9 11:29:47 2023]
rule preprocess:
    input: /scratch/indikar_root/indikar1/cstansbu/pf-test/images/test_172.raw.tiff, /home/cstansbu/git_repositories/pip-fucci/config/config.yaml
    output: /scratch/indikar_root/indikar1/cstansbu/pf-test/images/test_172.processed.tiff
    jobid: 173
    reason: Missing output files: /scratch/indikar_root/indikar1/cstansbu/pf-test/images/test_172.processed.tiff; Input files updated by another job: /scratch/indikar_root/indikar1/cstansbu/pf-test/images/test_172.raw.tiff
    wildcards: imgId=test, tid=172
    resources: tmpdir=/tmp

[Tue May  9 11:30:58 2023]
Finished job 211.
38 of 254 steps (15%) done
Select jobs to execute...

[Tue May  9 11:30:58 2023]
rule preprocess:
    input: /scratch/indikar_root/indikar1/cstansbu/pf-test/images/test_60.raw.tiff, /home/cstansbu/git_repositories/pip-fucci/config/config.yaml
    output: /scratch/indikar_root/indikar1/cstansbu/pf-test/images/test_60.processed.tiff
    jobid: 61
    reason: Missing output files: /scratch/indikar_root/indikar1/cstansbu/pf-test/images/test_60.processed.tiff; Input files updated by another job: /scratch/indikar_root/indikar1/cstansbu/pf-test/images/test_60.raw.tiff
    wildcards: imgId=test, tid=60
    resources: tmpdir=/tmp

[Tue May  9 11:30:59 2023]
Finished job 43.
39 of 254 steps (15%) done
Select jobs to execute...

[Tue May  9 11:30:59 2023]
rule preprocess:
    input: /scratch/indikar_root/indikar1/cstansbu/pf-test/images/test_228.raw.tiff, /home/cstansbu/git_repositories/pip-fucci/config/config.yaml
    output: /scratch/indikar_root/indikar1/cstansbu/pf-test/images/test_228.processed.tiff
    jobid: 229
    reason: Missing output files: /scratch/indikar_root/indikar1/cstansbu/pf-test/images/test_228.processed.tiff; Input files updated by another job: /scratch/indikar_root/indikar1/cstansbu/pf-test/images/test_228.raw.tiff
    wildcards: imgId=test, tid=228
    resources: tmpdir=/tmp

[Tue May  9 11:30:59 2023]
Finished job 183.
40 of 254 steps (16%) done
Select jobs to execute...

[Tue May  9 11:30:59 2023]
rule preprocess:
    input: /scratch/indikar_root/indikar1/cstansbu/pf-test/images/test_32.raw.tiff, /home/cstansbu/git_repositories/pip-fucci/config/config.yaml
    output: /scratch/indikar_root/indikar1/cstansbu/pf-test/images/test_32.processed.tiff
    jobid: 33
    reason: Missing output files: /scratch/indikar_root/indikar1/cstansbu/pf-test/images/test_32.processed.tiff; Input files updated by another job: /scratch/indikar_root/indikar1/cstansbu/pf-test/images/test_32.raw.tiff
    wildcards: imgId=test, tid=32
    resources: tmpdir=/tmp

[Tue May  9 11:30:59 2023]
Finished job 38.
41 of 254 steps (16%) done
Select jobs to execute...

[Tue May  9 11:30:59 2023]
rule preprocess:
    input: /scratch/indikar_root/indikar1/cstansbu/pf-test/images/test_88.raw.tiff, /home/cstansbu/git_repositories/pip-fucci/config/config.yaml
    output: /scratch/indikar_root/indikar1/cstansbu/pf-test/images/test_88.processed.tiff
    jobid: 89
    reason: Missing output files: /scratch/indikar_root/indikar1/cstansbu/pf-test/images/test_88.processed.tiff; Input files updated by another job: /scratch/indikar_root/indikar1/cstansbu/pf-test/images/test_88.raw.tiff
    wildcards: imgId=test, tid=88
    resources: tmpdir=/tmp

[Tue May  9 11:30:59 2023]
Finished job 114.
42 of 254 steps (17%) done
Select jobs to execute...

[Tue May  9 11:30:59 2023]
rule preprocess:
    input: /scratch/indikar_root/indikar1/cstansbu/pf-test/images/test_31.raw.tiff, /home/cstansbu/git_repositories/pip-fucci/config/config.yaml
    output: /scratch/indikar_root/indikar1/cstansbu/pf-test/images/test_31.processed.tiff
    jobid: 32
    reason: Missing output files: /scratch/indikar_root/indikar1/cstansbu/pf-test/images/test_31.processed.tiff; Input files updated by another job: /scratch/indikar_root/indikar1/cstansbu/pf-test/images/test_31.raw.tiff
    wildcards: imgId=test, tid=31
    resources: tmpdir=/tmp

[Tue May  9 11:31:00 2023]
Finished job 184.
43 of 254 steps (17%) done
Select jobs to execute...

[Tue May  9 11:31:00 2023]
rule preprocess:
    input: /scratch/indikar_root/indikar1/cstansbu/pf-test/images/test_144.raw.tiff, /home/cstansbu/git_repositories/pip-fucci/config/config.yaml
    output: /scratch/indikar_root/indikar1/cstansbu/pf-test/images/test_144.processed.tiff
    jobid: 145
    reason: Missing output files: /scratch/indikar_root/indikar1/cstansbu/pf-test/images/test_144.processed.tiff; Input files updated by another job: /scratch/indikar_root/indikar1/cstansbu/pf-test/images/test_144.raw.tiff
    wildcards: imgId=test, tid=144
    resources: tmpdir=/tmp

[Tue May  9 11:31:00 2023]
Finished job 150.
44 of 254 steps (17%) done
[Tue May  9 11:31:00 2023]
Finished job 72.
45 of 254 steps (18%) done
Select jobs to execute...

[Tue May  9 11:31:00 2023]
rule preprocess:
    input: /scratch/indikar_root/indikar1/cstansbu/pf-test/images/test_186.raw.tiff, /home/cstansbu/git_repositories/pip-fucci/config/config.yaml
    output: /scratch/indikar_root/indikar1/cstansbu/pf-test/images/test_186.processed.tiff
    jobid: 187
    reason: Missing output files: /scratch/indikar_root/indikar1/cstansbu/pf-test/images/test_186.processed.tiff; Input files updated by another job: /scratch/indikar_root/indikar1/cstansbu/pf-test/images/test_186.raw.tiff
    wildcards: imgId=test, tid=186
    resources: tmpdir=/tmp


[Tue May  9 11:31:00 2023]
rule preprocess:
    input: /scratch/indikar_root/indikar1/cstansbu/pf-test/images/test_129.raw.tiff, /home/cstansbu/git_repositories/pip-fucci/config/config.yaml
    output: /scratch/indikar_root/indikar1/cstansbu/pf-test/images/test_129.processed.tiff
    jobid: 130
    reason: Missing output files: /scratch/indikar_root/indikar1/cstansbu/pf-test/images/test_129.processed.tiff; Input files updated by another job: /scratch/indikar_root/indikar1/cstansbu/pf-test/images/test_129.raw.tiff
    wildcards: imgId=test, tid=129
    resources: tmpdir=/tmp

[Tue May  9 11:31:00 2023]
Finished job 171.
46 of 254 steps (18%) done
[Tue May  9 11:31:00 2023]
Finished job 158.
47 of 254 steps (19%) done
Select jobs to execute...

[Tue May  9 11:31:00 2023]
rule preprocess:
    input: /scratch/indikar_root/indikar1/cstansbu/pf-test/images/test_47.raw.tiff, /home/cstansbu/git_repositories/pip-fucci/config/config.yaml
    output: /scratch/indikar_root/indikar1/cstansbu/pf-test/images/test_47.processed.tiff
    jobid: 48
    reason: Missing output files: /scratch/indikar_root/indikar1/cstansbu/pf-test/images/test_47.processed.tiff; Input files updated by another job: /scratch/indikar_root/indikar1/cstansbu/pf-test/images/test_47.raw.tiff
    wildcards: imgId=test, tid=47
    resources: tmpdir=/tmp


[Tue May  9 11:31:00 2023]
rule preprocess:
    input: /scratch/indikar_root/indikar1/cstansbu/pf-test/images/test_241.raw.tiff, /home/cstansbu/git_repositories/pip-fucci/config/config.yaml
    output: /scratch/indikar_root/indikar1/cstansbu/pf-test/images/test_241.processed.tiff
    jobid: 242
    reason: Missing output files: /scratch/indikar_root/indikar1/cstansbu/pf-test/images/test_241.processed.tiff; Input files updated by another job: /scratch/indikar_root/indikar1/cstansbu/pf-test/images/test_241.raw.tiff
    wildcards: imgId=test, tid=241
    resources: tmpdir=/tmp

[Tue May  9 11:31:00 2023]
Finished job 67.
48 of 254 steps (19%) done
Select jobs to execute...

[Tue May  9 11:31:00 2023]
rule preprocess:
    input: /scratch/indikar_root/indikar1/cstansbu/pf-test/images/test_61.raw.tiff, /home/cstansbu/git_repositories/pip-fucci/config/config.yaml
    output: /scratch/indikar_root/indikar1/cstansbu/pf-test/images/test_61.processed.tiff
    jobid: 62
    reason: Missing output files: /scratch/indikar_root/indikar1/cstansbu/pf-test/images/test_61.processed.tiff; Input files updated by another job: /scratch/indikar_root/indikar1/cstansbu/pf-test/images/test_61.raw.tiff
    wildcards: imgId=test, tid=61
    resources: tmpdir=/tmp

[Tue May  9 11:31:00 2023]
Finished job 186.
49 of 254 steps (19%) done
Select jobs to execute...

[Tue May  9 11:31:00 2023]
rule preprocess:
    input: /scratch/indikar_root/indikar1/cstansbu/pf-test/images/test_173.raw.tiff, /home/cstansbu/git_repositories/pip-fucci/config/config.yaml
    output: /scratch/indikar_root/indikar1/cstansbu/pf-test/images/test_173.processed.tiff
    jobid: 174
    reason: Missing output files: /scratch/indikar_root/indikar1/cstansbu/pf-test/images/test_173.processed.tiff; Input files updated by another job: /scratch/indikar_root/indikar1/cstansbu/pf-test/images/test_173.raw.tiff
    wildcards: imgId=test, tid=173
    resources: tmpdir=/tmp

[Tue May  9 11:31:00 2023]
Finished job 235.
50 of 254 steps (20%) done
[Tue May  9 11:31:00 2023]
Finished job 31.
51 of 254 steps (20%) done
Select jobs to execute...

[Tue May  9 11:31:00 2023]
rule preprocess:
    input: /scratch/indikar_root/indikar1/cstansbu/pf-test/images/test_158.raw.tiff, /home/cstansbu/git_repositories/pip-fucci/config/config.yaml
    output: /scratch/indikar_root/indikar1/cstansbu/pf-test/images/test_158.processed.tiff
    jobid: 159
    reason: Missing output files: /scratch/indikar_root/indikar1/cstansbu/pf-test/images/test_158.processed.tiff; Input files updated by another job: /scratch/indikar_root/indikar1/cstansbu/pf-test/images/test_158.raw.tiff
    wildcards: imgId=test, tid=158
    resources: tmpdir=/tmp


[Tue May  9 11:31:00 2023]
rule preprocess:
    input: /scratch/indikar_root/indikar1/cstansbu/pf-test/images/test_19.raw.tiff, /home/cstansbu/git_repositories/pip-fucci/config/config.yaml
    output: /scratch/indikar_root/indikar1/cstansbu/pf-test/images/test_19.processed.tiff
    jobid: 20
    reason: Missing output files: /scratch/indikar_root/indikar1/cstansbu/pf-test/images/test_19.processed.tiff; Input files updated by another job: /scratch/indikar_root/indikar1/cstansbu/pf-test/images/test_19.raw.tiff
    wildcards: imgId=test, tid=19
    resources: tmpdir=/tmp

[Tue May  9 11:31:00 2023]
Finished job 172.
52 of 254 steps (20%) done
Select jobs to execute...

[Tue May  9 11:31:00 2023]
rule preprocess:
    input: /scratch/indikar_root/indikar1/cstansbu/pf-test/images/test_229.raw.tiff, /home/cstansbu/git_repositories/pip-fucci/config/config.yaml
    output: /scratch/indikar_root/indikar1/cstansbu/pf-test/images/test_229.processed.tiff
    jobid: 230
    reason: Missing output files: /scratch/indikar_root/indikar1/cstansbu/pf-test/images/test_229.processed.tiff; Input files updated by another job: /scratch/indikar_root/indikar1/cstansbu/pf-test/images/test_229.raw.tiff
    wildcards: imgId=test, tid=229
    resources: tmpdir=/tmp

[Tue May  9 11:31:00 2023]
Finished job 13.
53 of 254 steps (21%) done
Select jobs to execute...

[Tue May  9 11:31:00 2023]
rule preprocess:
    input: /scratch/indikar_root/indikar1/cstansbu/pf-test/images/test_33.raw.tiff, /home/cstansbu/git_repositories/pip-fucci/config/config.yaml
    output: /scratch/indikar_root/indikar1/cstansbu/pf-test/images/test_33.processed.tiff
    jobid: 34
    reason: Missing output files: /scratch/indikar_root/indikar1/cstansbu/pf-test/images/test_33.processed.tiff; Input files updated by another job: /scratch/indikar_root/indikar1/cstansbu/pf-test/images/test_33.raw.tiff
    wildcards: imgId=test, tid=33
    resources: tmpdir=/tmp

[Tue May  9 11:31:00 2023]
Finished job 240.
54 of 254 steps (21%) done
Select jobs to execute...

[Tue May  9 11:31:00 2023]
rule preprocess:
    input: /scratch/indikar_root/indikar1/cstansbu/pf-test/images/test_10.raw.tiff, /home/cstansbu/git_repositories/pip-fucci/config/config.yaml
    output: /scratch/indikar_root/indikar1/cstansbu/pf-test/images/test_10.processed.tiff
    jobid: 11
    reason: Missing output files: /scratch/indikar_root/indikar1/cstansbu/pf-test/images/test_10.processed.tiff; Input files updated by another job: /scratch/indikar_root/indikar1/cstansbu/pf-test/images/test_10.raw.tiff
    wildcards: imgId=test, tid=10
    resources: tmpdir=/tmp

Select jobs to execute...
[Tue May  9 11:31:00 2023]
Finished job 44.
55 of 254 steps (22%) done

[Tue May  9 11:31:00 2023]
rule preprocess:
    input: /scratch/indikar_root/indikar1/cstansbu/pf-test/images/test_89.raw.tiff, /home/cstansbu/git_repositories/pip-fucci/config/config.yaml
    output: /scratch/indikar_root/indikar1/cstansbu/pf-test/images/test_89.processed.tiff
    jobid: 90
    reason: Missing output files: /scratch/indikar_root/indikar1/cstansbu/pf-test/images/test_89.processed.tiff; Input files updated by another job: /scratch/indikar_root/indikar1/cstansbu/pf-test/images/test_89.raw.tiff
    wildcards: imgId=test, tid=89
    resources: tmpdir=/tmp

[Tue May  9 11:31:00 2023]
Finished job 123.
56 of 254 steps (22%) done
Select jobs to execute...

[Tue May  9 11:31:00 2023]
rule preprocess:
    input: /scratch/indikar_root/indikar1/cstansbu/pf-test/images/test_145.raw.tiff, /home/cstansbu/git_repositories/pip-fucci/config/config.yaml
    output: /scratch/indikar_root/indikar1/cstansbu/pf-test/images/test_145.processed.tiff
    jobid: 146
    reason: Missing output files: /scratch/indikar_root/indikar1/cstansbu/pf-test/images/test_145.processed.tiff; Input files updated by another job: /scratch/indikar_root/indikar1/cstansbu/pf-test/images/test_145.raw.tiff
    wildcards: imgId=test, tid=145
    resources: tmpdir=/tmp

[Tue May  9 11:31:00 2023]
Finished job 86.
57 of 254 steps (22%) done
Select jobs to execute...

[Tue May  9 11:31:00 2023]
rule preprocess:
    input: /scratch/indikar_root/indikar1/cstansbu/pf-test/images/test_201.raw.tiff, /home/cstansbu/git_repositories/pip-fucci/config/config.yaml
    output: /scratch/indikar_root/indikar1/cstansbu/pf-test/images/test_201.processed.tiff
    jobid: 202
    reason: Missing output files: /scratch/indikar_root/indikar1/cstansbu/pf-test/images/test_201.processed.tiff; Input files updated by another job: /scratch/indikar_root/indikar1/cstansbu/pf-test/images/test_201.raw.tiff
    wildcards: imgId=test, tid=201
    resources: tmpdir=/tmp

[Tue May  9 11:31:00 2023]
Finished job 45.
58 of 254 steps (23%) done
Select jobs to execute...

[Tue May  9 11:31:00 2023]
rule preprocess:
    input: /scratch/indikar_root/indikar1/cstansbu/pf-test/images/test_200.raw.tiff, /home/cstansbu/git_repositories/pip-fucci/config/config.yaml
    output: /scratch/indikar_root/indikar1/cstansbu/pf-test/images/test_200.processed.tiff
    jobid: 201
    reason: Missing output files: /scratch/indikar_root/indikar1/cstansbu/pf-test/images/test_200.processed.tiff; Input files updated by another job: /scratch/indikar_root/indikar1/cstansbu/pf-test/images/test_200.raw.tiff
    wildcards: imgId=test, tid=200
    resources: tmpdir=/tmp

[Tue May  9 11:31:00 2023]
Finished job 101.
59 of 254 steps (23%) done
[Tue May  9 11:31:00 2023]
Finished job 128.
60 of 254 steps (24%) done
Select jobs to execute...

[Tue May  9 11:31:00 2023]
rule preprocess:
    input: /scratch/indikar_root/indikar1/cstansbu/pf-test/images/test_130.raw.tiff, /home/cstansbu/git_repositories/pip-fucci/config/config.yaml
    output: /scratch/indikar_root/indikar1/cstansbu/pf-test/images/test_130.processed.tiff
    jobid: 131
    reason: Missing output files: /scratch/indikar_root/indikar1/cstansbu/pf-test/images/test_130.processed.tiff; Input files updated by another job: /scratch/indikar_root/indikar1/cstansbu/pf-test/images/test_130.raw.tiff
    wildcards: imgId=test, tid=130
    resources: tmpdir=/tmp


[Tue May  9 11:31:00 2023]
rule preprocess:
    input: /scratch/indikar_root/indikar1/cstansbu/pf-test/images/test_243.raw.tiff, /home/cstansbu/git_repositories/pip-fucci/config/config.yaml
    output: /scratch/indikar_root/indikar1/cstansbu/pf-test/images/test_243.processed.tiff
    jobid: 244
    reason: Missing output files: /scratch/indikar_root/indikar1/cstansbu/pf-test/images/test_243.processed.tiff; Input files updated by another job: /scratch/indikar_root/indikar1/cstansbu/pf-test/images/test_243.raw.tiff
    wildcards: imgId=test, tid=243
    resources: tmpdir=/tmp

[Tue May  9 11:31:00 2023]
Finished job 117.
61 of 254 steps (24%) done
[Tue May  9 11:31:00 2023]
Finished job 241.
62 of 254 steps (24%) done
[Tue May  9 11:31:00 2023]
Finished job 143.
63 of 254 steps (25%) done
Select jobs to execute...

[Tue May  9 11:31:00 2023]
rule preprocess:
    input: /scratch/indikar_root/indikar1/cstansbu/pf-test/images/test_103.raw.tiff, /home/cstansbu/git_repositories/pip-fucci/config/config.yaml
    output: /scratch/indikar_root/indikar1/cstansbu/pf-test/images/test_103.processed.tiff
    jobid: 104
    reason: Missing output files: /scratch/indikar_root/indikar1/cstansbu/pf-test/images/test_103.processed.tiff; Input files updated by another job: /scratch/indikar_root/indikar1/cstansbu/pf-test/images/test_103.raw.tiff
    wildcards: imgId=test, tid=103
    resources: tmpdir=/tmp


[Tue May  9 11:31:00 2023]
rule preprocess:
    input: /scratch/indikar_root/indikar1/cstansbu/pf-test/images/test_160.raw.tiff, /home/cstansbu/git_repositories/pip-fucci/config/config.yaml
    output: /scratch/indikar_root/indikar1/cstansbu/pf-test/images/test_160.processed.tiff
    jobid: 161
    reason: Missing output files: /scratch/indikar_root/indikar1/cstansbu/pf-test/images/test_160.processed.tiff; Input files updated by another job: /scratch/indikar_root/indikar1/cstansbu/pf-test/images/test_160.raw.tiff
    wildcards: imgId=test, tid=160
    resources: tmpdir=/tmp


[Tue May  9 11:31:00 2023]
rule preprocess:
    input: /scratch/indikar_root/indikar1/cstansbu/pf-test/images/test_159.raw.tiff, /home/cstansbu/git_repositories/pip-fucci/config/config.yaml
    output: /scratch/indikar_root/indikar1/cstansbu/pf-test/images/test_159.processed.tiff
    jobid: 160
    reason: Missing output files: /scratch/indikar_root/indikar1/cstansbu/pf-test/images/test_159.processed.tiff; Input files updated by another job: /scratch/indikar_root/indikar1/cstansbu/pf-test/images/test_159.raw.tiff
    wildcards: imgId=test, tid=159
    resources: tmpdir=/tmp

[Tue May  9 11:31:01 2023]
Finished job 17.
64 of 254 steps (25%) done
Select jobs to execute...

[Tue May  9 11:31:01 2023]
rule preprocess:
    input: /scratch/indikar_root/indikar1/cstansbu/pf-test/images/test_178.raw.tiff, /home/cstansbu/git_repositories/pip-fucci/config/config.yaml
    output: /scratch/indikar_root/indikar1/cstansbu/pf-test/images/test_178.processed.tiff
    jobid: 179
    reason: Missing output files: /scratch/indikar_root/indikar1/cstansbu/pf-test/images/test_178.processed.tiff; Input files updated by another job: /scratch/indikar_root/indikar1/cstansbu/pf-test/images/test_178.raw.tiff
    wildcards: imgId=test, tid=178
    resources: tmpdir=/tmp

[Tue May  9 11:31:01 2023]
Finished job 100.
65 of 254 steps (26%) done
Select jobs to execute...

[Tue May  9 11:31:01 2023]
rule preprocess:
    input: /scratch/indikar_root/indikar1/cstansbu/pf-test/images/test_97.raw.tiff, /home/cstansbu/git_repositories/pip-fucci/config/config.yaml
    output: /scratch/indikar_root/indikar1/cstansbu/pf-test/images/test_97.processed.tiff
    jobid: 98
    reason: Missing output files: /scratch/indikar_root/indikar1/cstansbu/pf-test/images/test_97.processed.tiff; Input files updated by another job: /scratch/indikar_root/indikar1/cstansbu/pf-test/images/test_97.raw.tiff
    wildcards: imgId=test, tid=97
    resources: tmpdir=/tmp

Select jobs to execute...
[Tue May  9 11:31:01 2023]
Finished job 227.
66 of 254 steps (26%) done

[Tue May  9 11:31:01 2023]
rule preprocess:
    input: /scratch/indikar_root/indikar1/cstansbu/pf-test/images/test_90.raw.tiff, /home/cstansbu/git_repositories/pip-fucci/config/config.yaml
    output: /scratch/indikar_root/indikar1/cstansbu/pf-test/images/test_90.processed.tiff
    jobid: 91
    reason: Missing output files: /scratch/indikar_root/indikar1/cstansbu/pf-test/images/test_90.processed.tiff; Input files updated by another job: /scratch/indikar_root/indikar1/cstansbu/pf-test/images/test_90.raw.tiff
    wildcards: imgId=test, tid=90
    resources: tmpdir=/tmp

[Tue May  9 11:31:01 2023]
Finished job 4.
67 of 254 steps (26%) done
Select jobs to execute...

[Tue May  9 11:31:01 2023]
rule preprocess:
    input: /scratch/indikar_root/indikar1/cstansbu/pf-test/images/test_146.raw.tiff, /home/cstansbu/git_repositories/pip-fucci/config/config.yaml
    output: /scratch/indikar_root/indikar1/cstansbu/pf-test/images/test_146.processed.tiff
    jobid: 147
    reason: Missing output files: /scratch/indikar_root/indikar1/cstansbu/pf-test/images/test_146.processed.tiff; Input files updated by another job: /scratch/indikar_root/indikar1/cstansbu/pf-test/images/test_146.raw.tiff
    wildcards: imgId=test, tid=146
    resources: tmpdir=/tmp

[Tue May  9 11:31:01 2023]
Finished job 116.
68 of 254 steps (27%) done
Select jobs to execute...

[Tue May  9 11:31:01 2023]
rule preprocess:
    input: /scratch/indikar_root/indikar1/cstansbu/pf-test/images/test_34.raw.tiff, /home/cstansbu/git_repositories/pip-fucci/config/config.yaml
    output: /scratch/indikar_root/indikar1/cstansbu/pf-test/images/test_34.processed.tiff
    jobid: 35
    reason: Missing output files: /scratch/indikar_root/indikar1/cstansbu/pf-test/images/test_34.processed.tiff; Input files updated by another job: /scratch/indikar_root/indikar1/cstansbu/pf-test/images/test_34.raw.tiff
    wildcards: imgId=test, tid=34
    resources: tmpdir=/tmp

[Tue May  9 11:31:01 2023]
Finished job 73.
69 of 254 steps (27%) done
Select jobs to execute...

[Tue May  9 11:31:01 2023]
rule preprocess:
    input: /scratch/indikar_root/indikar1/cstansbu/pf-test/images/test_92.raw.tiff, /home/cstansbu/git_repositories/pip-fucci/config/config.yaml
    output: /scratch/indikar_root/indikar1/cstansbu/pf-test/images/test_92.processed.tiff
    jobid: 93
    reason: Missing output files: /scratch/indikar_root/indikar1/cstansbu/pf-test/images/test_92.processed.tiff; Input files updated by another job: /scratch/indikar_root/indikar1/cstansbu/pf-test/images/test_92.raw.tiff
    wildcards: imgId=test, tid=92
    resources: tmpdir=/tmp

[Tue May  9 11:31:01 2023]
Finished job 127.
70 of 254 steps (28%) done
Select jobs to execute...

[Tue May  9 11:31:01 2023]
rule preprocess:
    input: /scratch/indikar_root/indikar1/cstansbu/pf-test/images/test_36.raw.tiff, /home/cstansbu/git_repositories/pip-fucci/config/config.yaml
    output: /scratch/indikar_root/indikar1/cstansbu/pf-test/images/test_36.processed.tiff
    jobid: 37
    reason: Missing output files: /scratch/indikar_root/indikar1/cstansbu/pf-test/images/test_36.processed.tiff; Input files updated by another job: /scratch/indikar_root/indikar1/cstansbu/pf-test/images/test_36.raw.tiff
    wildcards: imgId=test, tid=36
    resources: tmpdir=/tmp

[Tue May  9 11:31:01 2023]
Finished job 5.
71 of 254 steps (28%) done
Select jobs to execute...

[Tue May  9 11:31:01 2023]
rule preprocess:
    input: /scratch/indikar_root/indikar1/cstansbu/pf-test/images/test_153.raw.tiff, /home/cstansbu/git_repositories/pip-fucci/config/config.yaml
    output: /scratch/indikar_root/indikar1/cstansbu/pf-test/images/test_153.processed.tiff
    jobid: 154
    reason: Missing output files: /scratch/indikar_root/indikar1/cstansbu/pf-test/images/test_153.processed.tiff; Input files updated by another job: /scratch/indikar_root/indikar1/cstansbu/pf-test/images/test_153.raw.tiff
    wildcards: imgId=test, tid=153
    resources: tmpdir=/tmp

[Tue May  9 11:31:01 2023]
Finished job 40.
72 of 254 steps (28%) done
Select jobs to execute...

[Tue May  9 11:31:01 2023]
rule preprocess:
    input: /scratch/indikar_root/indikar1/cstansbu/pf-test/images/test_125.raw.tiff, /home/cstansbu/git_repositories/pip-fucci/config/config.yaml
    output: /scratch/indikar_root/indikar1/cstansbu/pf-test/images/test_125.processed.tiff
    jobid: 126
    reason: Missing output files: /scratch/indikar_root/indikar1/cstansbu/pf-test/images/test_125.processed.tiff; Input files updated by another job: /scratch/indikar_root/indikar1/cstansbu/pf-test/images/test_125.raw.tiff
    wildcards: imgId=test, tid=125
    resources: tmpdir=/tmp

[Tue May  9 11:31:01 2023]
Finished job 173.
73 of 254 steps (29%) done
Select jobs to execute...

[Tue May  9 11:31:01 2023]
rule preprocess:
    input: /scratch/indikar_root/indikar1/cstansbu/pf-test/images/test_69.raw.tiff, /home/cstansbu/git_repositories/pip-fucci/config/config.yaml
    output: /scratch/indikar_root/indikar1/cstansbu/pf-test/images/test_69.processed.tiff
    jobid: 70
    reason: Missing output files: /scratch/indikar_root/indikar1/cstansbu/pf-test/images/test_69.processed.tiff; Input files updated by another job: /scratch/indikar_root/indikar1/cstansbu/pf-test/images/test_69.raw.tiff
    wildcards: imgId=test, tid=69
    resources: tmpdir=/tmp

