Building DAG of jobs...
Using shell: /usr/bin/bash
Provided cores: 36
Rules claiming more threads will be scaled down.
Job stats:
job                  count    min threads    max threads
-----------------  -------  -------------  -------------
all                      1              1              1
score_intensities        1              1              1
total                    2              1              1

Select jobs to execute...

[Thu May 11 12:41:13 2023]
rule score_intensities:
    input: /scratch/indikar_root/indikar1/cstansbu/pf-test/segmentation/test.intensities.csv, /scratch/indikar_root/indikar1/cstansbu/pf-test/background/test.raw.background.csv, /scratch/indikar_root/indikar1/cstansbu/pf-test/background/test.raw.ma.background.csv, /scratch/indikar_root/indikar1/cstansbu/pf-test/background/test.processed.background.csv, /scratch/indikar_root/indikar1/cstansbu/pf-test/background/test.processed.ma.background.csv
    output: /scratch/indikar_root/indikar1/cstansbu/pf-test/segmentation/test.intensity_scores.csv
    jobid: 262
    reason: Missing output files: /scratch/indikar_root/indikar1/cstansbu/pf-test/segmentation/test.intensity_scores.csv
    wildcards: iid=test
    resources: tmpdir=/tmp

[Thu May 11 12:42:54 2023]
Finished job 262.
1 of 2 steps (50%) done
Select jobs to execute...

[Thu May 11 12:42:54 2023]
localrule all:
    input: /scratch/indikar_root/indikar1/cstansbu/pf-test/metadata/test.json, /scratch/indikar_root/indikar1/cstansbu/pf-test/images/test.raw.tiff, /scratch/indikar_root/indikar1/cstansbu/pf-test/images/test.segmented.tiff, /scratch/indikar_root/indikar1/cstansbu/pf-test/images/test.processed.tiff, /scratch/indikar_root/indikar1/cstansbu/pf-test/segmentation/test.intensities.csv, /scratch/indikar_root/indikar1/cstansbu/pf-test/background/test.raw.background.csv, /scratch/indikar_root/indikar1/cstansbu/pf-test/background/test.processed.background.csv, /scratch/indikar_root/indikar1/cstansbu/pf-test/background/test.raw.ma.background.csv, /scratch/indikar_root/indikar1/cstansbu/pf-test/background/test.processed.ma.background.csv, /scratch/indikar_root/indikar1/cstansbu/pf-test/segmentation/test.intensity_scores.csv
    jobid: 0
    reason: Input files updated by another job: /scratch/indikar_root/indikar1/cstansbu/pf-test/segmentation/test.intensity_scores.csv
    resources: tmpdir=/tmp

[Thu May 11 12:42:54 2023]
Finished job 0.
2 of 2 steps (100%) done
Complete log: .snakemake/log/2023-05-11T124112.274123.snakemake.log
