Building DAG of jobs...
Using shell: /usr/bin/bash
Provided cores: 36
Rules claiming more threads will be scaled down.
Job stats:
job           count    min threads    max threads
----------  -------  -------------  -------------
all               1              1              1
preprocess      252              1              1
total           253              1              1

Select jobs to execute...

[Tue May  9 10:29:37 2023]
rule preprocess:
    input: /scratch/indikar_root/indikar1/cstansbu/pf-test/images/test_232.raw.tiff, /home/cstansbu/git_repositories/pip-fucci/config/config.yaml
    output: /scratch/indikar_root/indikar1/cstansbu/pf-test/images/test_232.processed.tiff
    jobid: 233
    reason: Missing output files: /scratch/indikar_root/indikar1/cstansbu/pf-test/images/test_232.processed.tiff
    wildcards: imgId=test, tid=232
    resources: tmpdir=/tmp


[Tue May  9 10:29:39 2023]
rule preprocess:
    input: /scratch/indikar_root/indikar1/cstansbu/pf-test/images/test_120.raw.tiff, /home/cstansbu/git_repositories/pip-fucci/config/config.yaml
    output: /scratch/indikar_root/indikar1/cstansbu/pf-test/images/test_120.processed.tiff
    jobid: 121
    reason: Missing output files: /scratch/indikar_root/indikar1/cstansbu/pf-test/images/test_120.processed.tiff
    wildcards: imgId=test, tid=120
    resources: tmpdir=/tmp


[Tue May  9 10:29:39 2023]
rule preprocess:
    input: /scratch/indikar_root/indikar1/cstansbu/pf-test/images/test_204.raw.tiff, /home/cstansbu/git_repositories/pip-fucci/config/config.yaml
    output: /scratch/indikar_root/indikar1/cstansbu/pf-test/images/test_204.processed.tiff
    jobid: 205
    reason: Missing output files: /scratch/indikar_root/indikar1/cstansbu/pf-test/images/test_204.processed.tiff
    wildcards: imgId=test, tid=204
    resources: tmpdir=/tmp


[Tue May  9 10:29:39 2023]
rule preprocess:
    input: /scratch/indikar_root/indikar1/cstansbu/pf-test/images/test_31.raw.tiff, /home/cstansbu/git_repositories/pip-fucci/config/config.yaml
    output: /scratch/indikar_root/indikar1/cstansbu/pf-test/images/test_31.processed.tiff
    jobid: 32
    reason: Missing output files: /scratch/indikar_root/indikar1/cstansbu/pf-test/images/test_31.processed.tiff
    wildcards: imgId=test, tid=31
    resources: tmpdir=/tmp


[Tue May  9 10:29:39 2023]
rule preprocess:
    input: /scratch/indikar_root/indikar1/cstansbu/pf-test/images/test_87.raw.tiff, /home/cstansbu/git_repositories/pip-fucci/config/config.yaml
    output: /scratch/indikar_root/indikar1/cstansbu/pf-test/images/test_87.processed.tiff
    jobid: 88
    reason: Missing output files: /scratch/indikar_root/indikar1/cstansbu/pf-test/images/test_87.processed.tiff
    wildcards: imgId=test, tid=87
    resources: tmpdir=/tmp


[Tue May  9 10:29:39 2023]
rule preprocess:
    input: /scratch/indikar_root/indikar1/cstansbu/pf-test/images/test_143.raw.tiff, /home/cstansbu/git_repositories/pip-fucci/config/config.yaml
    output: /scratch/indikar_root/indikar1/cstansbu/pf-test/images/test_143.processed.tiff
    jobid: 144
    reason: Missing output files: /scratch/indikar_root/indikar1/cstansbu/pf-test/images/test_143.processed.tiff
    wildcards: imgId=test, tid=143
    resources: tmpdir=/tmp


[Tue May  9 10:29:39 2023]
rule preprocess:
    input: /scratch/indikar_root/indikar1/cstansbu/pf-test/images/test_151.raw.tiff, /home/cstansbu/git_repositories/pip-fucci/config/config.yaml
    output: /scratch/indikar_root/indikar1/cstansbu/pf-test/images/test_151.processed.tiff
    jobid: 152
    reason: Missing output files: /scratch/indikar_root/indikar1/cstansbu/pf-test/images/test_151.processed.tiff
    wildcards: imgId=test, tid=151
    resources: tmpdir=/tmp


[Tue May  9 10:29:39 2023]
rule preprocess:
    input: /scratch/indikar_root/indikar1/cstansbu/pf-test/images/test_95.raw.tiff, /home/cstansbu/git_repositories/pip-fucci/config/config.yaml
    output: /scratch/indikar_root/indikar1/cstansbu/pf-test/images/test_95.processed.tiff
    jobid: 96
    reason: Missing output files: /scratch/indikar_root/indikar1/cstansbu/pf-test/images/test_95.processed.tiff
    wildcards: imgId=test, tid=95
    resources: tmpdir=/tmp


[Tue May  9 10:29:39 2023]
rule preprocess:
    input: /scratch/indikar_root/indikar1/cstansbu/pf-test/images/test_207.raw.tiff, /home/cstansbu/git_repositories/pip-fucci/config/config.yaml
    output: /scratch/indikar_root/indikar1/cstansbu/pf-test/images/test_207.processed.tiff
    jobid: 208
    reason: Missing output files: /scratch/indikar_root/indikar1/cstansbu/pf-test/images/test_207.processed.tiff
    wildcards: imgId=test, tid=207
    resources: tmpdir=/tmp


[Tue May  9 10:29:39 2023]
rule preprocess:
    input: /scratch/indikar_root/indikar1/cstansbu/pf-test/images/test_67.raw.tiff, /home/cstansbu/git_repositories/pip-fucci/config/config.yaml
    output: /scratch/indikar_root/indikar1/cstansbu/pf-test/images/test_67.processed.tiff
    jobid: 68
    reason: Missing output files: /scratch/indikar_root/indikar1/cstansbu/pf-test/images/test_67.processed.tiff
    wildcards: imgId=test, tid=67
    resources: tmpdir=/tmp


[Tue May  9 10:29:39 2023]
rule preprocess:
    input: /scratch/indikar_root/indikar1/cstansbu/pf-test/images/test_123.raw.tiff, /home/cstansbu/git_repositories/pip-fucci/config/config.yaml
    output: /scratch/indikar_root/indikar1/cstansbu/pf-test/images/test_123.processed.tiff
    jobid: 124
    reason: Missing output files: /scratch/indikar_root/indikar1/cstansbu/pf-test/images/test_123.processed.tiff
    wildcards: imgId=test, tid=123
    resources: tmpdir=/tmp


[Tue May  9 10:29:39 2023]
rule preprocess:
    input: /scratch/indikar_root/indikar1/cstansbu/pf-test/images/test_179.raw.tiff, /home/cstansbu/git_repositories/pip-fucci/config/config.yaml
    output: /scratch/indikar_root/indikar1/cstansbu/pf-test/images/test_179.processed.tiff
    jobid: 180
    reason: Missing output files: /scratch/indikar_root/indikar1/cstansbu/pf-test/images/test_179.processed.tiff
    wildcards: imgId=test, tid=179
    resources: tmpdir=/tmp


[Tue May  9 10:29:39 2023]
rule preprocess:
    input: /scratch/indikar_root/indikar1/cstansbu/pf-test/images/test_235.raw.tiff, /home/cstansbu/git_repositories/pip-fucci/config/config.yaml
    output: /scratch/indikar_root/indikar1/cstansbu/pf-test/images/test_235.processed.tiff
    jobid: 236
    reason: Missing output files: /scratch/indikar_root/indikar1/cstansbu/pf-test/images/test_235.processed.tiff
    wildcards: imgId=test, tid=235
    resources: tmpdir=/tmp


[Tue May  9 10:29:39 2023]
rule preprocess:
    input: /scratch/indikar_root/indikar1/cstansbu/pf-test/images/test_8.raw.tiff, /home/cstansbu/git_repositories/pip-fucci/config/config.yaml
    output: /scratch/indikar_root/indikar1/cstansbu/pf-test/images/test_8.processed.tiff
    jobid: 9
    reason: Missing output files: /scratch/indikar_root/indikar1/cstansbu/pf-test/images/test_8.processed.tiff
    wildcards: imgId=test, tid=8
    resources: tmpdir=/tmp


[Tue May  9 10:29:39 2023]
rule preprocess:
    input: /scratch/indikar_root/indikar1/cstansbu/pf-test/images/test_61.raw.tiff, /home/cstansbu/git_repositories/pip-fucci/config/config.yaml
    output: /scratch/indikar_root/indikar1/cstansbu/pf-test/images/test_61.processed.tiff
    jobid: 62
    reason: Missing output files: /scratch/indikar_root/indikar1/cstansbu/pf-test/images/test_61.processed.tiff
    wildcards: imgId=test, tid=61
    resources: tmpdir=/tmp


[Tue May  9 10:29:39 2023]
rule preprocess:
    input: /scratch/indikar_root/indikar1/cstansbu/pf-test/images/test_40.raw.tiff, /home/cstansbu/git_repositories/pip-fucci/config/config.yaml
    output: /scratch/indikar_root/indikar1/cstansbu/pf-test/images/test_40.processed.tiff
    jobid: 41
    reason: Missing output files: /scratch/indikar_root/indikar1/cstansbu/pf-test/images/test_40.processed.tiff
    wildcards: imgId=test, tid=40
    resources: tmpdir=/tmp


[Tue May  9 10:29:39 2023]
rule preprocess:
    input: /scratch/indikar_root/indikar1/cstansbu/pf-test/images/test_96.raw.tiff, /home/cstansbu/git_repositories/pip-fucci/config/config.yaml
    output: /scratch/indikar_root/indikar1/cstansbu/pf-test/images/test_96.processed.tiff
    jobid: 97
    reason: Missing output files: /scratch/indikar_root/indikar1/cstansbu/pf-test/images/test_96.processed.tiff
    wildcards: imgId=test, tid=96
    resources: tmpdir=/tmp


[Tue May  9 10:29:39 2023]
rule preprocess:
    input: /scratch/indikar_root/indikar1/cstansbu/pf-test/images/test_152.raw.tiff, /home/cstansbu/git_repositories/pip-fucci/config/config.yaml
    output: /scratch/indikar_root/indikar1/cstansbu/pf-test/images/test_152.processed.tiff
    jobid: 153
    reason: Missing output files: /scratch/indikar_root/indikar1/cstansbu/pf-test/images/test_152.processed.tiff
    wildcards: imgId=test, tid=152
    resources: tmpdir=/tmp


[Tue May  9 10:29:39 2023]
rule preprocess:
    input: /scratch/indikar_root/indikar1/cstansbu/pf-test/images/test_208.raw.tiff, /home/cstansbu/git_repositories/pip-fucci/config/config.yaml
    output: /scratch/indikar_root/indikar1/cstansbu/pf-test/images/test_208.processed.tiff
    jobid: 209
    reason: Missing output files: /scratch/indikar_root/indikar1/cstansbu/pf-test/images/test_208.processed.tiff
    wildcards: imgId=test, tid=208
    resources: tmpdir=/tmp


[Tue May  9 10:29:39 2023]
rule preprocess:
    input: /scratch/indikar_root/indikar1/cstansbu/pf-test/images/test_9.raw.tiff, /home/cstansbu/git_repositories/pip-fucci/config/config.yaml
    output: /scratch/indikar_root/indikar1/cstansbu/pf-test/images/test_9.processed.tiff
    jobid: 10
    reason: Missing output files: /scratch/indikar_root/indikar1/cstansbu/pf-test/images/test_9.processed.tiff
    wildcards: imgId=test, tid=9
    resources: tmpdir=/tmp


[Tue May  9 10:29:39 2023]
rule preprocess:
    input: /scratch/indikar_root/indikar1/cstansbu/pf-test/images/test_68.raw.tiff, /home/cstansbu/git_repositories/pip-fucci/config/config.yaml
    output: /scratch/indikar_root/indikar1/cstansbu/pf-test/images/test_68.processed.tiff
    jobid: 69
    reason: Missing output files: /scratch/indikar_root/indikar1/cstansbu/pf-test/images/test_68.processed.tiff
    wildcards: imgId=test, tid=68
    resources: tmpdir=/tmp


[Tue May  9 10:29:39 2023]
rule preprocess:
    input: /scratch/indikar_root/indikar1/cstansbu/pf-test/images/test_124.raw.tiff, /home/cstansbu/git_repositories/pip-fucci/config/config.yaml
    output: /scratch/indikar_root/indikar1/cstansbu/pf-test/images/test_124.processed.tiff
    jobid: 125
    reason: Missing output files: /scratch/indikar_root/indikar1/cstansbu/pf-test/images/test_124.processed.tiff
    wildcards: imgId=test, tid=124
    resources: tmpdir=/tmp


[Tue May  9 10:29:39 2023]
rule preprocess:
    input: /scratch/indikar_root/indikar1/cstansbu/pf-test/images/test_180.raw.tiff, /home/cstansbu/git_repositories/pip-fucci/config/config.yaml
    output: /scratch/indikar_root/indikar1/cstansbu/pf-test/images/test_180.processed.tiff
    jobid: 181
    reason: Missing output files: /scratch/indikar_root/indikar1/cstansbu/pf-test/images/test_180.processed.tiff
    wildcards: imgId=test, tid=180
    resources: tmpdir=/tmp


[Tue May  9 10:29:39 2023]
rule preprocess:
    input: /scratch/indikar_root/indikar1/cstansbu/pf-test/images/test_236.raw.tiff, /home/cstansbu/git_repositories/pip-fucci/config/config.yaml
    output: /scratch/indikar_root/indikar1/cstansbu/pf-test/images/test_236.processed.tiff
    jobid: 237
    reason: Missing output files: /scratch/indikar_root/indikar1/cstansbu/pf-test/images/test_236.processed.tiff
    wildcards: imgId=test, tid=236
    resources: tmpdir=/tmp


[Tue May  9 10:29:39 2023]
rule preprocess:
    input: /scratch/indikar_root/indikar1/cstansbu/pf-test/images/test_146.raw.tiff, /home/cstansbu/git_repositories/pip-fucci/config/config.yaml
    output: /scratch/indikar_root/indikar1/cstansbu/pf-test/images/test_146.processed.tiff
    jobid: 147
    reason: Missing output files: /scratch/indikar_root/indikar1/cstansbu/pf-test/images/test_146.processed.tiff
    wildcards: imgId=test, tid=146
    resources: tmpdir=/tmp


[Tue May  9 10:29:39 2023]
rule preprocess:
    input: /scratch/indikar_root/indikar1/cstansbu/pf-test/images/test_202.raw.tiff, /home/cstansbu/git_repositories/pip-fucci/config/config.yaml
    output: /scratch/indikar_root/indikar1/cstansbu/pf-test/images/test_202.processed.tiff
    jobid: 203
    reason: Missing output files: /scratch/indikar_root/indikar1/cstansbu/pf-test/images/test_202.processed.tiff
    wildcards: imgId=test, tid=202
    resources: tmpdir=/tmp


[Tue May  9 10:29:39 2023]
rule preprocess:
    input: /scratch/indikar_root/indikar1/cstansbu/pf-test/images/test_5.raw.tiff, /home/cstansbu/git_repositories/pip-fucci/config/config.yaml
    output: /scratch/indikar_root/indikar1/cstansbu/pf-test/images/test_5.processed.tiff
    jobid: 6
    reason: Missing output files: /scratch/indikar_root/indikar1/cstansbu/pf-test/images/test_5.processed.tiff
    wildcards: imgId=test, tid=5
    resources: tmpdir=/tmp


[Tue May  9 10:29:39 2023]
rule preprocess:
    input: /scratch/indikar_root/indikar1/cstansbu/pf-test/images/test_63.raw.tiff, /home/cstansbu/git_repositories/pip-fucci/config/config.yaml
    output: /scratch/indikar_root/indikar1/cstansbu/pf-test/images/test_63.processed.tiff
    jobid: 64
    reason: Missing output files: /scratch/indikar_root/indikar1/cstansbu/pf-test/images/test_63.processed.tiff
    wildcards: imgId=test, tid=63
    resources: tmpdir=/tmp


[Tue May  9 10:29:39 2023]
rule preprocess:
    input: /scratch/indikar_root/indikar1/cstansbu/pf-test/images/test_119.raw.tiff, /home/cstansbu/git_repositories/pip-fucci/config/config.yaml
    output: /scratch/indikar_root/indikar1/cstansbu/pf-test/images/test_119.processed.tiff
    jobid: 120
    reason: Missing output files: /scratch/indikar_root/indikar1/cstansbu/pf-test/images/test_119.processed.tiff
    wildcards: imgId=test, tid=119
    resources: tmpdir=/tmp


[Tue May  9 10:29:39 2023]
rule preprocess:
    input: /scratch/indikar_root/indikar1/cstansbu/pf-test/images/test_175.raw.tiff, /home/cstansbu/git_repositories/pip-fucci/config/config.yaml
    output: /scratch/indikar_root/indikar1/cstansbu/pf-test/images/test_175.processed.tiff
    jobid: 176
    reason: Missing output files: /scratch/indikar_root/indikar1/cstansbu/pf-test/images/test_175.processed.tiff
    wildcards: imgId=test, tid=175
    resources: tmpdir=/tmp


[Tue May  9 10:29:39 2023]
rule preprocess:
    input: /scratch/indikar_root/indikar1/cstansbu/pf-test/images/test_231.raw.tiff, /home/cstansbu/git_repositories/pip-fucci/config/config.yaml
    output: /scratch/indikar_root/indikar1/cstansbu/pf-test/images/test_231.processed.tiff
    jobid: 232
    reason: Missing output files: /scratch/indikar_root/indikar1/cstansbu/pf-test/images/test_231.processed.tiff
    wildcards: imgId=test, tid=231
    resources: tmpdir=/tmp


[Tue May  9 10:29:39 2023]
rule preprocess:
    input: /scratch/indikar_root/indikar1/cstansbu/pf-test/images/test_35.raw.tiff, /home/cstansbu/git_repositories/pip-fucci/config/config.yaml
    output: /scratch/indikar_root/indikar1/cstansbu/pf-test/images/test_35.processed.tiff
    jobid: 36
    reason: Missing output files: /scratch/indikar_root/indikar1/cstansbu/pf-test/images/test_35.processed.tiff
    wildcards: imgId=test, tid=35
    resources: tmpdir=/tmp


[Tue May  9 10:29:39 2023]
rule preprocess:
    input: /scratch/indikar_root/indikar1/cstansbu/pf-test/images/test_91.raw.tiff, /home/cstansbu/git_repositories/pip-fucci/config/config.yaml
    output: /scratch/indikar_root/indikar1/cstansbu/pf-test/images/test_91.processed.tiff
    jobid: 92
    reason: Missing output files: /scratch/indikar_root/indikar1/cstansbu/pf-test/images/test_91.processed.tiff
    wildcards: imgId=test, tid=91
    resources: tmpdir=/tmp


[Tue May  9 10:29:39 2023]
rule preprocess:
    input: /scratch/indikar_root/indikar1/cstansbu/pf-test/images/test_147.raw.tiff, /home/cstansbu/git_repositories/pip-fucci/config/config.yaml
    output: /scratch/indikar_root/indikar1/cstansbu/pf-test/images/test_147.processed.tiff
    jobid: 148
    reason: Missing output files: /scratch/indikar_root/indikar1/cstansbu/pf-test/images/test_147.processed.tiff
    wildcards: imgId=test, tid=147
    resources: tmpdir=/tmp


[Tue May  9 10:29:39 2023]
rule preprocess:
    input: /scratch/indikar_root/indikar1/cstansbu/pf-test/images/test_203.raw.tiff, /home/cstansbu/git_repositories/pip-fucci/config/config.yaml
    output: /scratch/indikar_root/indikar1/cstansbu/pf-test/images/test_203.processed.tiff
    jobid: 204
    reason: Missing output files: /scratch/indikar_root/indikar1/cstansbu/pf-test/images/test_203.processed.tiff
    wildcards: imgId=test, tid=203
    resources: tmpdir=/tmp


[Tue May  9 10:29:39 2023]
rule preprocess:
    input: /scratch/indikar_root/indikar1/cstansbu/pf-test/images/test_148.raw.tiff, /home/cstansbu/git_repositories/pip-fucci/config/config.yaml
    output: /scratch/indikar_root/indikar1/cstansbu/pf-test/images/test_148.processed.tiff
    jobid: 149
    reason: Missing output files: /scratch/indikar_root/indikar1/cstansbu/pf-test/images/test_148.processed.tiff
    wildcards: imgId=test, tid=148
    resources: tmpdir=/tmp

[Tue May  9 10:33:55 2023]
Finished job 181.
1 of 253 steps (0.4%) done
Select jobs to execute...

[Tue May  9 10:33:55 2023]
rule preprocess:
    input: /scratch/indikar_root/indikar1/cstansbu/pf-test/images/test_3.raw.tiff, /home/cstansbu/git_repositories/pip-fucci/config/config.yaml
    output: /scratch/indikar_root/indikar1/cstansbu/pf-test/images/test_3.processed.tiff
    jobid: 4
    reason: Missing output files: /scratch/indikar_root/indikar1/cstansbu/pf-test/images/test_3.processed.tiff
    wildcards: imgId=test, tid=3
    resources: tmpdir=/tmp

[Tue May  9 10:33:55 2023]
Finished job 147.
2 of 253 steps (1%) done
Select jobs to execute...

[Tue May  9 10:33:55 2023]
rule preprocess:
    input: /scratch/indikar_root/indikar1/cstansbu/pf-test/images/test_113.raw.tiff, /home/cstansbu/git_repositories/pip-fucci/config/config.yaml
    output: /scratch/indikar_root/indikar1/cstansbu/pf-test/images/test_113.processed.tiff
    jobid: 114
    reason: Missing output files: /scratch/indikar_root/indikar1/cstansbu/pf-test/images/test_113.processed.tiff
    wildcards: imgId=test, tid=113
    resources: tmpdir=/tmp

[Tue May  9 10:33:56 2023]
Finished job 237.
3 of 253 steps (1%) done
Select jobs to execute...

[Tue May  9 10:33:56 2023]
rule preprocess:
    input: /scratch/indikar_root/indikar1/cstansbu/pf-test/images/test_66.raw.tiff, /home/cstansbu/git_repositories/pip-fucci/config/config.yaml
    output: /scratch/indikar_root/indikar1/cstansbu/pf-test/images/test_66.processed.tiff
    jobid: 67
    reason: Missing output files: /scratch/indikar_root/indikar1/cstansbu/pf-test/images/test_66.processed.tiff
    wildcards: imgId=test, tid=66
    resources: tmpdir=/tmp

[Tue May  9 10:33:56 2023]
Finished job 62.
4 of 253 steps (2%) done
Select jobs to execute...

[Tue May  9 10:33:56 2023]
rule preprocess:
    input: /scratch/indikar_root/indikar1/cstansbu/pf-test/images/test_122.raw.tiff, /home/cstansbu/git_repositories/pip-fucci/config/config.yaml
    output: /scratch/indikar_root/indikar1/cstansbu/pf-test/images/test_122.processed.tiff
    jobid: 123
    reason: Missing output files: /scratch/indikar_root/indikar1/cstansbu/pf-test/images/test_122.processed.tiff
    wildcards: imgId=test, tid=122
    resources: tmpdir=/tmp

[Tue May  9 10:33:56 2023]
Finished job 88.
5 of 253 steps (2%) done
Select jobs to execute...

[Tue May  9 10:33:56 2023]
rule preprocess:
    input: /scratch/indikar_root/indikar1/cstansbu/pf-test/images/test_225.raw.tiff, /home/cstansbu/git_repositories/pip-fucci/config/config.yaml
    output: /scratch/indikar_root/indikar1/cstansbu/pf-test/images/test_225.processed.tiff
    jobid: 226
    reason: Missing output files: /scratch/indikar_root/indikar1/cstansbu/pf-test/images/test_225.processed.tiff
    wildcards: imgId=test, tid=225
    resources: tmpdir=/tmp

[Tue May  9 10:33:56 2023]
Finished job 97.
6 of 253 steps (2%) done
Select jobs to execute...

[Tue May  9 10:33:56 2023]
rule preprocess:
    input: /scratch/indikar_root/indikar1/cstansbu/pf-test/images/test_29.raw.tiff, /home/cstansbu/git_repositories/pip-fucci/config/config.yaml
    output: /scratch/indikar_root/indikar1/cstansbu/pf-test/images/test_29.processed.tiff
    jobid: 30
    reason: Missing output files: /scratch/indikar_root/indikar1/cstansbu/pf-test/images/test_29.processed.tiff
    wildcards: imgId=test, tid=29
    resources: tmpdir=/tmp

[Tue May  9 10:33:56 2023]
Finished job 232.
7 of 253 steps (3%) done
Select jobs to execute...

[Tue May  9 10:33:56 2023]
rule preprocess:
    input: /scratch/indikar_root/indikar1/cstansbu/pf-test/images/test_85.raw.tiff, /home/cstansbu/git_repositories/pip-fucci/config/config.yaml
    output: /scratch/indikar_root/indikar1/cstansbu/pf-test/images/test_85.processed.tiff
    jobid: 86
    reason: Missing output files: /scratch/indikar_root/indikar1/cstansbu/pf-test/images/test_85.processed.tiff
    wildcards: imgId=test, tid=85
    resources: tmpdir=/tmp

[Tue May  9 10:33:56 2023]
Finished job 180.
8 of 253 steps (3%) done
Select jobs to execute...

[Tue May  9 10:33:56 2023]
rule preprocess:
    input: /scratch/indikar_root/indikar1/cstansbu/pf-test/images/test_141.raw.tiff, /home/cstansbu/git_repositories/pip-fucci/config/config.yaml
    output: /scratch/indikar_root/indikar1/cstansbu/pf-test/images/test_141.processed.tiff
    jobid: 142
    reason: Missing output files: /scratch/indikar_root/indikar1/cstansbu/pf-test/images/test_141.processed.tiff
    wildcards: imgId=test, tid=141
    resources: tmpdir=/tmp

[Tue May  9 10:33:56 2023]
Finished job 204.
9 of 253 steps (4%) done
Select jobs to execute...

[Tue May  9 10:33:56 2023]
rule preprocess:
    input: /scratch/indikar_root/indikar1/cstansbu/pf-test/images/test_169.raw.tiff, /home/cstansbu/git_repositories/pip-fucci/config/config.yaml
    output: /scratch/indikar_root/indikar1/cstansbu/pf-test/images/test_169.processed.tiff
    jobid: 170
    reason: Missing output files: /scratch/indikar_root/indikar1/cstansbu/pf-test/images/test_169.processed.tiff
    wildcards: imgId=test, tid=169
    resources: tmpdir=/tmp

[Tue May  9 10:33:56 2023]
Finished job 203.
10 of 253 steps (4%) done
Select jobs to execute...

[Tue May  9 10:33:56 2023]
rule preprocess:
    input: /scratch/indikar_root/indikar1/cstansbu/pf-test/images/test_197.raw.tiff, /home/cstansbu/git_repositories/pip-fucci/config/config.yaml
    output: /scratch/indikar_root/indikar1/cstansbu/pf-test/images/test_197.processed.tiff
    jobid: 198
    reason: Missing output files: /scratch/indikar_root/indikar1/cstansbu/pf-test/images/test_197.processed.tiff
    wildcards: imgId=test, tid=197
    resources: tmpdir=/tmp

[Tue May  9 10:33:56 2023]
Finished job 121.
11 of 253 steps (4%) done
[Tue May  9 10:33:56 2023]
Finished job 208.
12 of 253 steps (5%) done
[Tue May  9 10:33:56 2023]
Finished job 69.
13 of 253 steps (5%) done
Select jobs to execute...

[Tue May  9 10:33:56 2023]
rule preprocess:
    input: /scratch/indikar_root/indikar1/cstansbu/pf-test/images/test_154.raw.tiff, /home/cstansbu/git_repositories/pip-fucci/config/config.yaml
    output: /scratch/indikar_root/indikar1/cstansbu/pf-test/images/test_154.processed.tiff
    jobid: 155
    reason: Missing output files: /scratch/indikar_root/indikar1/cstansbu/pf-test/images/test_154.processed.tiff
    wildcards: imgId=test, tid=154
    resources: tmpdir=/tmp


[Tue May  9 10:33:56 2023]
rule preprocess:
    input: /scratch/indikar_root/indikar1/cstansbu/pf-test/images/test_98.raw.tiff, /home/cstansbu/git_repositories/pip-fucci/config/config.yaml
    output: /scratch/indikar_root/indikar1/cstansbu/pf-test/images/test_98.processed.tiff
    jobid: 99
    reason: Missing output files: /scratch/indikar_root/indikar1/cstansbu/pf-test/images/test_98.processed.tiff
    wildcards: imgId=test, tid=98
    resources: tmpdir=/tmp


[Tue May  9 10:33:56 2023]
rule preprocess:
    input: /scratch/indikar_root/indikar1/cstansbu/pf-test/images/test_211.raw.tiff, /home/cstansbu/git_repositories/pip-fucci/config/config.yaml
    output: /scratch/indikar_root/indikar1/cstansbu/pf-test/images/test_211.processed.tiff
    jobid: 212
    reason: Missing output files: /scratch/indikar_root/indikar1/cstansbu/pf-test/images/test_211.processed.tiff
    wildcards: imgId=test, tid=211
    resources: tmpdir=/tmp

[Tue May  9 10:33:56 2023]
Finished job 209.
14 of 253 steps (6%) done
[Tue May  9 10:33:57 2023]
Finished job 92.
15 of 253 steps (6%) done
Select jobs to execute...

[Tue May  9 10:33:57 2023]
rule preprocess:
    input: /scratch/indikar_root/indikar1/cstansbu/pf-test/images/test_210.raw.tiff, /home/cstansbu/git_repositories/pip-fucci/config/config.yaml
    output: /scratch/indikar_root/indikar1/cstansbu/pf-test/images/test_210.processed.tiff
    jobid: 211
    reason: Missing output files: /scratch/indikar_root/indikar1/cstansbu/pf-test/images/test_210.processed.tiff
    wildcards: imgId=test, tid=210
    resources: tmpdir=/tmp


[Tue May  9 10:33:57 2023]
rule preprocess:
    input: /scratch/indikar_root/indikar1/cstansbu/pf-test/images/test_127.raw.tiff, /home/cstansbu/git_repositories/pip-fucci/config/config.yaml
    output: /scratch/indikar_root/indikar1/cstansbu/pf-test/images/test_127.processed.tiff
    jobid: 128
    reason: Missing output files: /scratch/indikar_root/indikar1/cstansbu/pf-test/images/test_127.processed.tiff
    wildcards: imgId=test, tid=127
    resources: tmpdir=/tmp

Select jobs to execute...
[Tue May  9 10:33:57 2023]
Finished job 10.
16 of 253 steps (6%) done

[Tue May  9 10:33:57 2023]
rule preprocess:
    input: /scratch/indikar_root/indikar1/cstansbu/pf-test/images/test_170.raw.tiff, /home/cstansbu/git_repositories/pip-fucci/config/config.yaml
    output: /scratch/indikar_root/indikar1/cstansbu/pf-test/images/test_170.processed.tiff
    jobid: 171
    reason: Missing output files: /scratch/indikar_root/indikar1/cstansbu/pf-test/images/test_170.processed.tiff
    wildcards: imgId=test, tid=170
    resources: tmpdir=/tmp

[Tue May  9 10:33:57 2023]
Finished job 233.
17 of 253 steps (7%) done
Select jobs to execute...

[Tue May  9 10:33:57 2023]
rule preprocess:
    input: /scratch/indikar_root/indikar1/cstansbu/pf-test/images/test_114.raw.tiff, /home/cstansbu/git_repositories/pip-fucci/config/config.yaml
    output: /scratch/indikar_root/indikar1/cstansbu/pf-test/images/test_114.processed.tiff
    jobid: 115
    reason: Missing output files: /scratch/indikar_root/indikar1/cstansbu/pf-test/images/test_114.processed.tiff
    wildcards: imgId=test, tid=114
    resources: tmpdir=/tmp

[Tue May  9 10:33:58 2023]
Finished job 176.
18 of 253 steps (7%) done
Select jobs to execute...

[Tue May  9 10:33:58 2023]
rule preprocess:
    input: /scratch/indikar_root/indikar1/cstansbu/pf-test/images/test_226.raw.tiff, /home/cstansbu/git_repositories/pip-fucci/config/config.yaml
    output: /scratch/indikar_root/indikar1/cstansbu/pf-test/images/test_226.processed.tiff
    jobid: 227
    reason: Missing output files: /scratch/indikar_root/indikar1/cstansbu/pf-test/images/test_226.processed.tiff
    wildcards: imgId=test, tid=226
    resources: tmpdir=/tmp

[Tue May  9 10:33:58 2023]
Finished job 125.
19 of 253 steps (8%) done
Select jobs to execute...

[Tue May  9 10:33:58 2023]
rule preprocess:
    input: /scratch/indikar_root/indikar1/cstansbu/pf-test/images/test_58.raw.tiff, /home/cstansbu/git_repositories/pip-fucci/config/config.yaml
    output: /scratch/indikar_root/indikar1/cstansbu/pf-test/images/test_58.processed.tiff
    jobid: 59
    reason: Missing output files: /scratch/indikar_root/indikar1/cstansbu/pf-test/images/test_58.processed.tiff
    wildcards: imgId=test, tid=58
    resources: tmpdir=/tmp

[Tue May  9 10:33:58 2023]
Finished job 152.
20 of 253 steps (8%) done
Select jobs to execute...

[Tue May  9 10:33:58 2023]
rule preprocess:
    input: /scratch/indikar_root/indikar1/cstansbu/pf-test/images/test_30.raw.tiff, /home/cstansbu/git_repositories/pip-fucci/config/config.yaml
    output: /scratch/indikar_root/indikar1/cstansbu/pf-test/images/test_30.processed.tiff
    jobid: 31
    reason: Missing output files: /scratch/indikar_root/indikar1/cstansbu/pf-test/images/test_30.processed.tiff
    wildcards: imgId=test, tid=30
    resources: tmpdir=/tmp

[Tue May  9 10:33:59 2023]
Finished job 68.
21 of 253 steps (8%) done
Select jobs to execute...

[Tue May  9 10:33:59 2023]
rule preprocess:
    input: /scratch/indikar_root/indikar1/cstansbu/pf-test/images/test_92.raw.tiff, /home/cstansbu/git_repositories/pip-fucci/config/config.yaml
    output: /scratch/indikar_root/indikar1/cstansbu/pf-test/images/test_92.processed.tiff
    jobid: 93
    reason: Missing output files: /scratch/indikar_root/indikar1/cstansbu/pf-test/images/test_92.processed.tiff
    wildcards: imgId=test, tid=92
    resources: tmpdir=/tmp

[Tue May  9 10:33:59 2023]
Finished job 144.
22 of 253 steps (9%) done
Select jobs to execute...

[Tue May  9 10:33:59 2023]
rule preprocess:
    input: /scratch/indikar_root/indikar1/cstansbu/pf-test/images/test_86.raw.tiff, /home/cstansbu/git_repositories/pip-fucci/config/config.yaml
    output: /scratch/indikar_root/indikar1/cstansbu/pf-test/images/test_86.processed.tiff
    jobid: 87
    reason: Missing output files: /scratch/indikar_root/indikar1/cstansbu/pf-test/images/test_86.processed.tiff
    wildcards: imgId=test, tid=86
    resources: tmpdir=/tmp

[Tue May  9 10:33:59 2023]
Finished job 64.
23 of 253 steps (9%) done
Select jobs to execute...

[Tue May  9 10:33:59 2023]
rule preprocess:
    input: /scratch/indikar_root/indikar1/cstansbu/pf-test/images/test_142.raw.tiff, /home/cstansbu/git_repositories/pip-fucci/config/config.yaml
    output: /scratch/indikar_root/indikar1/cstansbu/pf-test/images/test_142.processed.tiff
    jobid: 143
    reason: Missing output files: /scratch/indikar_root/indikar1/cstansbu/pf-test/images/test_142.processed.tiff
    wildcards: imgId=test, tid=142
    resources: tmpdir=/tmp

[Tue May  9 10:33:59 2023]
Finished job 205.
24 of 253 steps (9%) done
Select jobs to execute...

[Tue May  9 10:33:59 2023]
rule preprocess:
    input: /scratch/indikar_root/indikar1/cstansbu/pf-test/images/test_198.raw.tiff, /home/cstansbu/git_repositories/pip-fucci/config/config.yaml
    output: /scratch/indikar_root/indikar1/cstansbu/pf-test/images/test_198.processed.tiff
    jobid: 199
    reason: Missing output files: /scratch/indikar_root/indikar1/cstansbu/pf-test/images/test_198.processed.tiff
    wildcards: imgId=test, tid=198
    resources: tmpdir=/tmp

[Tue May  9 10:33:59 2023]
Finished job 96.
25 of 253 steps (10%) done
Select jobs to execute...

[Tue May  9 10:33:59 2023]
rule preprocess:
    input: /scratch/indikar_root/indikar1/cstansbu/pf-test/images/test_57.raw.tiff, /home/cstansbu/git_repositories/pip-fucci/config/config.yaml
    output: /scratch/indikar_root/indikar1/cstansbu/pf-test/images/test_57.processed.tiff
    jobid: 58
    reason: Missing output files: /scratch/indikar_root/indikar1/cstansbu/pf-test/images/test_57.processed.tiff
    wildcards: imgId=test, tid=57
    resources: tmpdir=/tmp

[Tue May  9 10:34:00 2023]
Finished job 41.
26 of 253 steps (10%) done
Select jobs to execute...

[Tue May  9 10:34:00 2023]
rule preprocess:
    input: /scratch/indikar_root/indikar1/cstansbu/pf-test/images/test_59.raw.tiff, /home/cstansbu/git_repositories/pip-fucci/config/config.yaml
    output: /scratch/indikar_root/indikar1/cstansbu/pf-test/images/test_59.processed.tiff
    jobid: 60
    reason: Missing output files: /scratch/indikar_root/indikar1/cstansbu/pf-test/images/test_59.processed.tiff
    wildcards: imgId=test, tid=59
    resources: tmpdir=/tmp

[Tue May  9 10:34:00 2023]
Finished job 149.
27 of 253 steps (11%) done
Select jobs to execute...

[Tue May  9 10:34:00 2023]
rule preprocess:
    input: /scratch/indikar_root/indikar1/cstansbu/pf-test/images/test_252.raw.tiff, /home/cstansbu/git_repositories/pip-fucci/config/config.yaml
    output: /scratch/indikar_root/indikar1/cstansbu/pf-test/images/test_252.processed.tiff
    jobid: 253
    reason: Missing output files: /scratch/indikar_root/indikar1/cstansbu/pf-test/images/test_252.processed.tiff
    wildcards: imgId=test, tid=252
    resources: tmpdir=/tmp

[Tue May  9 10:34:00 2023]
Finished job 153.
28 of 253 steps (11%) done
Select jobs to execute...

[Tue May  9 10:34:00 2023]
rule preprocess:
    input: /scratch/indikar_root/indikar1/cstansbu/pf-test/images/test_115.raw.tiff, /home/cstansbu/git_repositories/pip-fucci/config/config.yaml
    output: /scratch/indikar_root/indikar1/cstansbu/pf-test/images/test_115.processed.tiff
    jobid: 116
    reason: Missing output files: /scratch/indikar_root/indikar1/cstansbu/pf-test/images/test_115.processed.tiff
    wildcards: imgId=test, tid=115
    resources: tmpdir=/tmp

[Tue May  9 10:34:00 2023]
Finished job 32.
29 of 253 steps (11%) done
Select jobs to execute...

[Tue May  9 10:34:00 2023]
rule preprocess:
    input: /scratch/indikar_root/indikar1/cstansbu/pf-test/images/test_196.raw.tiff, /home/cstansbu/git_repositories/pip-fucci/config/config.yaml
    output: /scratch/indikar_root/indikar1/cstansbu/pf-test/images/test_196.processed.tiff
    jobid: 197
    reason: Missing output files: /scratch/indikar_root/indikar1/cstansbu/pf-test/images/test_196.processed.tiff
    wildcards: imgId=test, tid=196
    resources: tmpdir=/tmp

[Tue May  9 10:34:00 2023]
Finished job 9.
30 of 253 steps (12%) done
Select jobs to execute...

[Tue May  9 10:34:00 2023]
rule preprocess:
    input: /scratch/indikar_root/indikar1/cstansbu/pf-test/images/test_171.raw.tiff, /home/cstansbu/git_repositories/pip-fucci/config/config.yaml
    output: /scratch/indikar_root/indikar1/cstansbu/pf-test/images/test_171.processed.tiff
    jobid: 172
    reason: Missing output files: /scratch/indikar_root/indikar1/cstansbu/pf-test/images/test_171.processed.tiff
    wildcards: imgId=test, tid=171
    resources: tmpdir=/tmp

[Tue May  9 10:34:00 2023]
Finished job 120.
31 of 253 steps (12%) done
Select jobs to execute...

[Tue May  9 10:34:00 2023]
rule preprocess:
    input: /scratch/indikar_root/indikar1/cstansbu/pf-test/images/test_227.raw.tiff, /home/cstansbu/git_repositories/pip-fucci/config/config.yaml
    output: /scratch/indikar_root/indikar1/cstansbu/pf-test/images/test_227.processed.tiff
    jobid: 228
    reason: Missing output files: /scratch/indikar_root/indikar1/cstansbu/pf-test/images/test_227.processed.tiff
    wildcards: imgId=test, tid=227
    resources: tmpdir=/tmp

[Tue May  9 10:34:01 2023]
Finished job 36.
32 of 253 steps (13%) done
Select jobs to execute...

[Tue May  9 10:34:01 2023]
rule preprocess:
    input: /scratch/indikar_root/indikar1/cstansbu/pf-test/images/test_199.raw.tiff, /home/cstansbu/git_repositories/pip-fucci/config/config.yaml
    output: /scratch/indikar_root/indikar1/cstansbu/pf-test/images/test_199.processed.tiff
    jobid: 200
    reason: Missing output files: /scratch/indikar_root/indikar1/cstansbu/pf-test/images/test_199.processed.tiff
    wildcards: imgId=test, tid=199
    resources: tmpdir=/tmp

[Tue May  9 10:34:01 2023]
Finished job 148.
33 of 253 steps (13%) done
Select jobs to execute...

[Tue May  9 10:34:01 2023]
rule preprocess:
    input: /scratch/indikar_root/indikar1/cstansbu/pf-test/images/test_7.raw.tiff, /home/cstansbu/git_repositories/pip-fucci/config/config.yaml
    output: /scratch/indikar_root/indikar1/cstansbu/pf-test/images/test_7.processed.tiff
    jobid: 8
    reason: Missing output files: /scratch/indikar_root/indikar1/cstansbu/pf-test/images/test_7.processed.tiff
    wildcards: imgId=test, tid=7
    resources: tmpdir=/tmp

[Tue May  9 10:34:01 2023]
Finished job 6.
34 of 253 steps (13%) done
Select jobs to execute...

[Tue May  9 10:34:01 2023]
rule preprocess:
    input: /scratch/indikar_root/indikar1/cstansbu/pf-test/images/test_178.raw.tiff, /home/cstansbu/git_repositories/pip-fucci/config/config.yaml
    output: /scratch/indikar_root/indikar1/cstansbu/pf-test/images/test_178.processed.tiff
    jobid: 179
    reason: Missing output files: /scratch/indikar_root/indikar1/cstansbu/pf-test/images/test_178.processed.tiff
    wildcards: imgId=test, tid=178
    resources: tmpdir=/tmp

[Tue May  9 10:34:03 2023]
Finished job 124.
35 of 253 steps (14%) done
Select jobs to execute...

[Tue May  9 10:34:03 2023]
rule preprocess:
    input: /scratch/indikar_root/indikar1/cstansbu/pf-test/images/test_60.raw.tiff, /home/cstansbu/git_repositories/pip-fucci/config/config.yaml
    output: /scratch/indikar_root/indikar1/cstansbu/pf-test/images/test_60.processed.tiff
    jobid: 61
    reason: Missing output files: /scratch/indikar_root/indikar1/cstansbu/pf-test/images/test_60.processed.tiff
    wildcards: imgId=test, tid=60
    resources: tmpdir=/tmp

[Tue May  9 10:34:04 2023]
Finished job 236.
36 of 253 steps (14%) done
Select jobs to execute...

[Tue May  9 10:34:04 2023]
rule preprocess:
    input: /scratch/indikar_root/indikar1/cstansbu/pf-test/images/test_116.raw.tiff, /home/cstansbu/git_repositories/pip-fucci/config/config.yaml
    output: /scratch/indikar_root/indikar1/cstansbu/pf-test/images/test_116.processed.tiff
    jobid: 117
    reason: Missing output files: /scratch/indikar_root/indikar1/cstansbu/pf-test/images/test_116.processed.tiff
    wildcards: imgId=test, tid=116
    resources: tmpdir=/tmp

