Building DAG of jobs...
Using shell: /usr/bin/bash
Provided cores: 36
Rules claiming more threads will be scaled down.
Job stats:
job          count    min threads    max threads
---------  -------  -------------  -------------
all              1              1              1
getImages        1              1              1
total            2              1              1

Select jobs to execute...

[Mon May  8 09:45:02 2023]
rule getImages:
    input: /nfs/turbo/umms-indikar/shared/projects/wound_healing/data/sync-unsync/20230502-BJPF-sync-A3-20m.ome.tiff
    output: /scratch/indikar_root/indikar1/cstansbu/pf-test/images/test.tiff
    jobid: 1
    reason: Code has changed since last execution
    resources: tmpdir=/tmp

RuleException in rule getImages in file /home/cstansbu/git_repositories/pip-fucci/Snakefile, line 29:
IndexError: tuple index out of range, when formatting the following:
python scripts/loadImg.py {input} {} {} {} {output}
