Building DAG of jobs...
Using shell: /usr/bin/bash
Provided cores: 36
Rules claiming more threads will be scaled down.
Job stats:
job           count    min threads    max threads
----------  -------  -------------  -------------
all               1              1              1
getImages         1              1              1
preprocess      252              1              1
segment         252              1              1
total           506              1              1

Select jobs to execute...

[Tue May  9 15:05:51 2023]
rule getImages:
    input: /nfs/turbo/umms-indikar/shared/projects/wound_healing/data/sync-unsync/20230502-BJPF-sync-A3-20m.ome.tiff, /home/cstansbu/git_repositories/pip-fucci/config/config.yaml
    output: /scratch/indikar_root/indikar1/cstansbu/pf-test/images/test_1.raw.tiff, /scratch/indikar_root/indikar1/cstansbu/pf-test/images/test_2.raw.tiff, /scratch/indikar_root/indikar1/cstansbu/pf-test/images/test_3.raw.tiff, /scratch/indikar_root/indikar1/cstansbu/pf-test/images/test_4.raw.tiff, /scratch/indikar_root/indikar1/cstansbu/pf-test/images/test_5.raw.tiff, /scratch/indikar_root/indikar1/cstansbu/pf-test/images/test_6.raw.tiff, /scratch/indikar_root/indikar1/cstansbu/pf-test/images/test_7.raw.tiff, /scratch/indikar_root/indikar1/cstansbu/pf-test/images/test_8.raw.tiff, /scratch/indikar_root/indikar1/cstansbu/pf-test/images/test_9.raw.tiff, /scratch/indikar_root/indikar1/cstansbu/pf-test/images/test_10.raw.tiff, /scratch/indikar_root/indikar1/cstansbu/pf-test/images/test_11.raw.tiff, /scratch/indikar_root/indikar1/cstansbu/pf-test/images/test_12.raw.tiff, /scratch/indikar_root/indikar1/cstansbu/pf-test/images/test_13.raw.tiff, /scratch/indikar_root/indikar1/cstansbu/pf-test/images/test_14.raw.tiff, /scratch/indikar_root/indikar1/cstansbu/pf-test/images/test_15.raw.tiff, /scratch/indikar_root/indikar1/cstansbu/pf-test/images/test_16.raw.tiff, /scratch/indikar_root/indikar1/cstansbu/pf-test/images/test_17.raw.tiff, /scratch/indikar_root/indikar1/cstansbu/pf-test/images/test_18.raw.tiff, /scratch/indikar_root/indikar1/cstansbu/pf-test/images/test_19.raw.tiff, /scratch/indikar_root/indikar1/cstansbu/pf-test/images/test_20.raw.tiff, /scratch/indikar_root/indikar1/cstansbu/pf-test/images/test_21.raw.tiff, /scratch/indikar_root/indikar1/cstansbu/pf-test/images/test_22.raw.tiff, /scratch/indikar_root/indikar1/cstansbu/pf-test/images/test_23.raw.tiff, /scratch/indikar_root/indikar1/cstansbu/pf-test/images/test_24.raw.tiff, /scratch/indikar_root/indikar1/cstansbu/pf-test/images/test_25.raw.tiff, /scratch/indikar_root/indikar1/cstansbu/pf-test/images/test_26.raw.tiff, /scratch/indikar_root/indikar1/cstansbu/pf-test/images/test_27.raw.tiff, /scratch/indikar_root/indikar1/cstansbu/pf-test/images/test_28.raw.tiff, /scratch/indikar_root/indikar1/cstansbu/pf-test/images/test_29.raw.tiff, /scratch/indikar_root/indikar1/cstansbu/pf-test/images/test_30.raw.tiff, /scratch/indikar_root/indikar1/cstansbu/pf-test/images/test_31.raw.tiff, /scratch/indikar_root/indikar1/cstansbu/pf-test/images/test_32.raw.tiff, /scratch/indikar_root/indikar1/cstansbu/pf-test/images/test_33.raw.tiff, /scratch/indikar_root/indikar1/cstansbu/pf-test/images/test_34.raw.tiff, /scratch/indikar_root/indikar1/cstansbu/pf-test/images/test_35.raw.tiff, /scratch/indikar_root/indikar1/cstansbu/pf-test/images/test_36.raw.tiff, /scratch/indikar_root/indikar1/cstansbu/pf-test/images/test_37.raw.tiff, /scratch/indikar_root/indikar1/cstansbu/pf-test/images/test_38.raw.tiff, /scratch/indikar_root/indikar1/cstansbu/pf-test/images/test_39.raw.tiff, /scratch/indikar_root/indikar1/cstansbu/pf-test/images/test_40.raw.tiff, /scratch/indikar_root/indikar1/cstansbu/pf-test/images/test_41.raw.tiff, /scratch/indikar_root/indikar1/cstansbu/pf-test/images/test_42.raw.tiff, /scratch/indikar_root/indikar1/cstansbu/pf-test/images/test_43.raw.tiff, /scratch/indikar_root/indikar1/cstansbu/pf-test/images/test_44.raw.tiff, /scratch/indikar_root/indikar1/cstansbu/pf-test/images/test_45.raw.tiff, /scratch/indikar_root/indikar1/cstansbu/pf-test/images/test_46.raw.tiff, /scratch/indikar_root/indikar1/cstansbu/pf-test/images/test_47.raw.tiff, /scratch/indikar_root/indikar1/cstansbu/pf-test/images/test_48.raw.tiff, /scratch/indikar_root/indikar1/cstansbu/pf-test/images/test_49.raw.tiff, /scratch/indikar_root/indikar1/cstansbu/pf-test/images/test_50.raw.tiff, /scratch/indikar_root/indikar1/cstansbu/pf-test/images/test_51.raw.tiff, /scratch/indikar_root/indikar1/cstansbu/pf-test/images/test_52.raw.tiff, /scratch/indikar_root/indikar1/cstansbu/pf-test/images/test_53.raw.tiff, /scratch/indikar_root/indikar1/cstansbu/pf-test/images/test_54.raw.tiff, /scratch/indikar_root/indikar1/cstansbu/pf-test/images/test_55.raw.tiff, /scratch/indikar_root/indikar1/cstansbu/pf-test/images/test_56.raw.tiff, /scratch/indikar_root/indikar1/cstansbu/pf-test/images/test_57.raw.tiff, /scratch/indikar_root/indikar1/cstansbu/pf-test/images/test_58.raw.tiff, /scratch/indikar_root/indikar1/cstansbu/pf-test/images/test_59.raw.tiff, /scratch/indikar_root/indikar1/cstansbu/pf-test/images/test_60.raw.tiff, /scratch/indikar_root/indikar1/cstansbu/pf-test/images/test_61.raw.tiff, /scratch/indikar_root/indikar1/cstansbu/pf-test/images/test_62.raw.tiff, /scratch/indikar_root/indikar1/cstansbu/pf-test/images/test_63.raw.tiff, /scratch/indikar_root/indikar1/cstansbu/pf-test/images/test_64.raw.tiff, /scratch/indikar_root/indikar1/cstansbu/pf-test/images/test_65.raw.tiff, /scratch/indikar_root/indikar1/cstansbu/pf-test/images/test_66.raw.tiff, /scratch/indikar_root/indikar1/cstansbu/pf-test/images/test_67.raw.tiff, /scratch/indikar_root/indikar1/cstansbu/pf-test/images/test_68.raw.tiff, /scratch/indikar_root/indikar1/cstansbu/pf-test/images/test_69.raw.tiff, /scratch/indikar_root/indikar1/cstansbu/pf-test/images/test_70.raw.tiff, /scratch/indikar_root/indikar1/cstansbu/pf-test/images/test_71.raw.tiff, /scratch/indikar_root/indikar1/cstansbu/pf-test/images/test_72.raw.tiff, /scratch/indikar_root/indikar1/cstansbu/pf-test/images/test_73.raw.tiff, /scratch/indikar_root/indikar1/cstansbu/pf-test/images/test_74.raw.tiff, /scratch/indikar_root/indikar1/cstansbu/pf-test/images/test_75.raw.tiff, /scratch/indikar_root/indikar1/cstansbu/pf-test/images/test_76.raw.tiff, /scratch/indikar_root/indikar1/cstansbu/pf-test/images/test_77.raw.tiff, /scratch/indikar_root/indikar1/cstansbu/pf-test/images/test_78.raw.tiff, /scratch/indikar_root/indikar1/cstansbu/pf-test/images/test_79.raw.tiff, /scratch/indikar_root/indikar1/cstansbu/pf-test/images/test_80.raw.tiff, /scratch/indikar_root/indikar1/cstansbu/pf-test/images/test_81.raw.tiff, /scratch/indikar_root/indikar1/cstansbu/pf-test/images/test_82.raw.tiff, /scratch/indikar_root/indikar1/cstansbu/pf-test/images/test_83.raw.tiff, /scratch/indikar_root/indikar1/cstansbu/pf-test/images/test_84.raw.tiff, /scratch/indikar_root/indikar1/cstansbu/pf-test/images/test_85.raw.tiff, /scratch/indikar_root/indikar1/cstansbu/pf-test/images/test_86.raw.tiff, /scratch/indikar_root/indikar1/cstansbu/pf-test/images/test_87.raw.tiff, /scratch/indikar_root/indikar1/cstansbu/pf-test/images/test_88.raw.tiff, /scratch/indikar_root/indikar1/cstansbu/pf-test/images/test_89.raw.tiff, /scratch/indikar_root/indikar1/cstansbu/pf-test/images/test_90.raw.tiff, /scratch/indikar_root/indikar1/cstansbu/pf-test/images/test_91.raw.tiff, /scratch/indikar_root/indikar1/cstansbu/pf-test/images/test_92.raw.tiff, /scratch/indikar_root/indikar1/cstansbu/pf-test/images/test_93.raw.tiff, /scratch/indikar_root/indikar1/cstansbu/pf-test/images/test_94.raw.tiff, /scratch/indikar_root/indikar1/cstansbu/pf-test/images/test_95.raw.tiff, /scratch/indikar_root/indikar1/cstansbu/pf-test/images/test_96.raw.tiff, /scratch/indikar_root/indikar1/cstansbu/pf-test/images/test_97.raw.tiff, /scratch/indikar_root/indikar1/cstansbu/pf-test/images/test_98.raw.tiff, /scratch/indikar_root/indikar1/cstansbu/pf-test/images/test_99.raw.tiff, /scratch/indikar_root/indikar1/cstansbu/pf-test/images/test_100.raw.tiff, /scratch/indikar_root/indikar1/cstansbu/pf-test/images/test_101.raw.tiff, /scratch/indikar_root/indikar1/cstansbu/pf-test/images/test_102.raw.tiff, /scratch/indikar_root/indikar1/cstansbu/pf-test/images/test_103.raw.tiff, /scratch/indikar_root/indikar1/cstansbu/pf-test/images/test_104.raw.tiff, /scratch/indikar_root/indikar1/cstansbu/pf-test/images/test_105.raw.tiff, /scratch/indikar_root/indikar1/cstansbu/pf-test/images/test_106.raw.tiff, /scratch/indikar_root/indikar1/cstansbu/pf-test/images/test_107.raw.tiff, /scratch/indikar_root/indikar1/cstansbu/pf-test/images/test_108.raw.tiff, /scratch/indikar_root/indikar1/cstansbu/pf-test/images/test_109.raw.tiff, /scratch/indikar_root/indikar1/cstansbu/pf-test/images/test_110.raw.tiff, /scratch/indikar_root/indikar1/cstansbu/pf-test/images/test_111.raw.tiff, /scratch/indikar_root/indikar1/cstansbu/pf-test/images/test_112.raw.tiff, /scratch/indikar_root/indikar1/cstansbu/pf-test/images/test_113.raw.tiff, /scratch/indikar_root/indikar1/cstansbu/pf-test/images/test_114.raw.tiff, /scratch/indikar_root/indikar1/cstansbu/pf-test/images/test_115.raw.tiff, /scratch/indikar_root/indikar1/cstansbu/pf-test/images/test_116.raw.tiff, /scratch/indikar_root/indikar1/cstansbu/pf-test/images/test_117.raw.tiff, /scratch/indikar_root/indikar1/cstansbu/pf-test/images/test_118.raw.tiff, /scratch/indikar_root/indikar1/cstansbu/pf-test/images/test_119.raw.tiff, /scratch/indikar_root/indikar1/cstansbu/pf-test/images/test_120.raw.tiff, /scratch/indikar_root/indikar1/cstansbu/pf-test/images/test_121.raw.tiff, /scratch/indikar_root/indikar1/cstansbu/pf-test/images/test_122.raw.tiff, /scratch/indikar_root/indikar1/cstansbu/pf-test/images/test_123.raw.tiff, /scratch/indikar_root/indikar1/cstansbu/pf-test/images/test_124.raw.tiff, /scratch/indikar_root/indikar1/cstansbu/pf-test/images/test_125.raw.tiff, /scratch/indikar_root/indikar1/cstansbu/pf-test/images/test_126.raw.tiff, /scratch/indikar_root/indikar1/cstansbu/pf-test/images/test_127.raw.tiff, /scratch/indikar_root/indikar1/cstansbu/pf-test/images/test_128.raw.tiff, /scratch/indikar_root/indikar1/cstansbu/pf-test/images/test_129.raw.tiff, /scratch/indikar_root/indikar1/cstansbu/pf-test/images/test_130.raw.tiff, /scratch/indikar_root/indikar1/cstansbu/pf-test/images/test_131.raw.tiff, /scratch/indikar_root/indikar1/cstansbu/pf-test/images/test_132.raw.tiff, /scratch/indikar_root/indikar1/cstansbu/pf-test/images/test_133.raw.tiff, /scratch/indikar_root/indikar1/cstansbu/pf-test/images/test_134.raw.tiff, /scratch/indikar_root/indikar1/cstansbu/pf-test/images/test_135.raw.tiff, /scratch/indikar_root/indikar1/cstansbu/pf-test/images/test_136.raw.tiff, /scratch/indikar_root/indikar1/cstansbu/pf-test/images/test_137.raw.tiff, /scratch/indikar_root/indikar1/cstansbu/pf-test/images/test_138.raw.tiff, /scratch/indikar_root/indikar1/cstansbu/pf-test/images/test_139.raw.tiff, /scratch/indikar_root/indikar1/cstansbu/pf-test/images/test_140.raw.tiff, /scratch/indikar_root/indikar1/cstansbu/pf-test/images/test_141.raw.tiff, /scratch/indikar_root/indikar1/cstansbu/pf-test/images/test_142.raw.tiff, /scratch/indikar_root/indikar1/cstansbu/pf-test/images/test_143.raw.tiff, /scratch/indikar_root/indikar1/cstansbu/pf-test/images/test_144.raw.tiff, /scratch/indikar_root/indikar1/cstansbu/pf-test/images/test_145.raw.tiff, /scratch/indikar_root/indikar1/cstansbu/pf-test/images/test_146.raw.tiff, /scratch/indikar_root/indikar1/cstansbu/pf-test/images/test_147.raw.tiff, /scratch/indikar_root/indikar1/cstansbu/pf-test/images/test_148.raw.tiff, /scratch/indikar_root/indikar1/cstansbu/pf-test/images/test_149.raw.tiff, /scratch/indikar_root/indikar1/cstansbu/pf-test/images/test_150.raw.tiff, /scratch/indikar_root/indikar1/cstansbu/pf-test/images/test_151.raw.tiff, /scratch/indikar_root/indikar1/cstansbu/pf-test/images/test_152.raw.tiff, /scratch/indikar_root/indikar1/cstansbu/pf-test/images/test_153.raw.tiff, /scratch/indikar_root/indikar1/cstansbu/pf-test/images/test_154.raw.tiff, /scratch/indikar_root/indikar1/cstansbu/pf-test/images/test_155.raw.tiff, /scratch/indikar_root/indikar1/cstansbu/pf-test/images/test_156.raw.tiff, /scratch/indikar_root/indikar1/cstansbu/pf-test/images/test_157.raw.tiff, /scratch/indikar_root/indikar1/cstansbu/pf-test/images/test_158.raw.tiff, /scratch/indikar_root/indikar1/cstansbu/pf-test/images/test_159.raw.tiff, /scratch/indikar_root/indikar1/cstansbu/pf-test/images/test_160.raw.tiff, /scratch/indikar_root/indikar1/cstansbu/pf-test/images/test_161.raw.tiff, /scratch/indikar_root/indikar1/cstansbu/pf-test/images/test_162.raw.tiff, /scratch/indikar_root/indikar1/cstansbu/pf-test/images/test_163.raw.tiff, /scratch/indikar_root/indikar1/cstansbu/pf-test/images/test_164.raw.tiff, /scratch/indikar_root/indikar1/cstansbu/pf-test/images/test_165.raw.tiff, /scratch/indikar_root/indikar1/cstansbu/pf-test/images/test_166.raw.tiff, /scratch/indikar_root/indikar1/cstansbu/pf-test/images/test_167.raw.tiff, /scratch/indikar_root/indikar1/cstansbu/pf-test/images/test_168.raw.tiff, /scratch/indikar_root/indikar1/cstansbu/pf-test/images/test_169.raw.tiff, /scratch/indikar_root/indikar1/cstansbu/pf-test/images/test_170.raw.tiff, /scratch/indikar_root/indikar1/cstansbu/pf-test/images/test_171.raw.tiff, /scratch/indikar_root/indikar1/cstansbu/pf-test/images/test_172.raw.tiff, /scratch/indikar_root/indikar1/cstansbu/pf-test/images/test_173.raw.tiff, /scratch/indikar_root/indikar1/cstansbu/pf-test/images/test_174.raw.tiff, /scratch/indikar_root/indikar1/cstansbu/pf-test/images/test_175.raw.tiff, /scratch/indikar_root/indikar1/cstansbu/pf-test/images/test_176.raw.tiff, /scratch/indikar_root/indikar1/cstansbu/pf-test/images/test_177.raw.tiff, /scratch/indikar_root/indikar1/cstansbu/pf-test/images/test_178.raw.tiff, /scratch/indikar_root/indikar1/cstansbu/pf-test/images/test_179.raw.tiff, /scratch/indikar_root/indikar1/cstansbu/pf-test/images/test_180.raw.tiff, /scratch/indikar_root/indikar1/cstansbu/pf-test/images/test_181.raw.tiff, /scratch/indikar_root/indikar1/cstansbu/pf-test/images/test_182.raw.tiff, /scratch/indikar_root/indikar1/cstansbu/pf-test/images/test_183.raw.tiff, /scratch/indikar_root/indikar1/cstansbu/pf-test/images/test_184.raw.tiff, /scratch/indikar_root/indikar1/cstansbu/pf-test/images/test_185.raw.tiff, /scratch/indikar_root/indikar1/cstansbu/pf-test/images/test_186.raw.tiff, /scratch/indikar_root/indikar1/cstansbu/pf-test/images/test_187.raw.tiff, /scratch/indikar_root/indikar1/cstansbu/pf-test/images/test_188.raw.tiff, /scratch/indikar_root/indikar1/cstansbu/pf-test/images/test_189.raw.tiff, /scratch/indikar_root/indikar1/cstansbu/pf-test/images/test_190.raw.tiff, /scratch/indikar_root/indikar1/cstansbu/pf-test/images/test_191.raw.tiff, /scratch/indikar_root/indikar1/cstansbu/pf-test/images/test_192.raw.tiff, /scratch/indikar_root/indikar1/cstansbu/pf-test/images/test_193.raw.tiff, /scratch/indikar_root/indikar1/cstansbu/pf-test/images/test_194.raw.tiff, /scratch/indikar_root/indikar1/cstansbu/pf-test/images/test_195.raw.tiff, /scratch/indikar_root/indikar1/cstansbu/pf-test/images/test_196.raw.tiff, /scratch/indikar_root/indikar1/cstansbu/pf-test/images/test_197.raw.tiff, /scratch/indikar_root/indikar1/cstansbu/pf-test/images/test_198.raw.tiff, /scratch/indikar_root/indikar1/cstansbu/pf-test/images/test_199.raw.tiff, /scratch/indikar_root/indikar1/cstansbu/pf-test/images/test_200.raw.tiff, /scratch/indikar_root/indikar1/cstansbu/pf-test/images/test_201.raw.tiff, /scratch/indikar_root/indikar1/cstansbu/pf-test/images/test_202.raw.tiff, /scratch/indikar_root/indikar1/cstansbu/pf-test/images/test_203.raw.tiff, /scratch/indikar_root/indikar1/cstansbu/pf-test/images/test_204.raw.tiff, /scratch/indikar_root/indikar1/cstansbu/pf-test/images/test_205.raw.tiff, /scratch/indikar_root/indikar1/cstansbu/pf-test/images/test_206.raw.tiff, /scratch/indikar_root/indikar1/cstansbu/pf-test/images/test_207.raw.tiff, /scratch/indikar_root/indikar1/cstansbu/pf-test/images/test_208.raw.tiff, /scratch/indikar_root/indikar1/cstansbu/pf-test/images/test_209.raw.tiff, /scratch/indikar_root/indikar1/cstansbu/pf-test/images/test_210.raw.tiff, /scratch/indikar_root/indikar1/cstansbu/pf-test/images/test_211.raw.tiff, /scratch/indikar_root/indikar1/cstansbu/pf-test/images/test_212.raw.tiff, /scratch/indikar_root/indikar1/cstansbu/pf-test/images/test_213.raw.tiff, /scratch/indikar_root/indikar1/cstansbu/pf-test/images/test_214.raw.tiff, /scratch/indikar_root/indikar1/cstansbu/pf-test/images/test_215.raw.tiff, /scratch/indikar_root/indikar1/cstansbu/pf-test/images/test_216.raw.tiff, /scratch/indikar_root/indikar1/cstansbu/pf-test/images/test_217.raw.tiff, /scratch/indikar_root/indikar1/cstansbu/pf-test/images/test_218.raw.tiff, /scratch/indikar_root/indikar1/cstansbu/pf-test/images/test_219.raw.tiff, /scratch/indikar_root/indikar1/cstansbu/pf-test/images/test_220.raw.tiff, /scratch/indikar_root/indikar1/cstansbu/pf-test/images/test_221.raw.tiff, /scratch/indikar_root/indikar1/cstansbu/pf-test/images/test_222.raw.tiff, /scratch/indikar_root/indikar1/cstansbu/pf-test/images/test_223.raw.tiff, /scratch/indikar_root/indikar1/cstansbu/pf-test/images/test_224.raw.tiff, /scratch/indikar_root/indikar1/cstansbu/pf-test/images/test_225.raw.tiff, /scratch/indikar_root/indikar1/cstansbu/pf-test/images/test_226.raw.tiff, /scratch/indikar_root/indikar1/cstansbu/pf-test/images/test_227.raw.tiff, /scratch/indikar_root/indikar1/cstansbu/pf-test/images/test_228.raw.tiff, /scratch/indikar_root/indikar1/cstansbu/pf-test/images/test_229.raw.tiff, /scratch/indikar_root/indikar1/cstansbu/pf-test/images/test_230.raw.tiff, /scratch/indikar_root/indikar1/cstansbu/pf-test/images/test_231.raw.tiff, /scratch/indikar_root/indikar1/cstansbu/pf-test/images/test_232.raw.tiff, /scratch/indikar_root/indikar1/cstansbu/pf-test/images/test_233.raw.tiff, /scratch/indikar_root/indikar1/cstansbu/pf-test/images/test_234.raw.tiff, /scratch/indikar_root/indikar1/cstansbu/pf-test/images/test_235.raw.tiff, /scratch/indikar_root/indikar1/cstansbu/pf-test/images/test_236.raw.tiff, /scratch/indikar_root/indikar1/cstansbu/pf-test/images/test_237.raw.tiff, /scratch/indikar_root/indikar1/cstansbu/pf-test/images/test_238.raw.tiff, /scratch/indikar_root/indikar1/cstansbu/pf-test/images/test_239.raw.tiff, /scratch/indikar_root/indikar1/cstansbu/pf-test/images/test_240.raw.tiff, /scratch/indikar_root/indikar1/cstansbu/pf-test/images/test_241.raw.tiff, /scratch/indikar_root/indikar1/cstansbu/pf-test/images/test_242.raw.tiff, /scratch/indikar_root/indikar1/cstansbu/pf-test/images/test_243.raw.tiff, /scratch/indikar_root/indikar1/cstansbu/pf-test/images/test_244.raw.tiff, /scratch/indikar_root/indikar1/cstansbu/pf-test/images/test_245.raw.tiff, /scratch/indikar_root/indikar1/cstansbu/pf-test/images/test_246.raw.tiff, /scratch/indikar_root/indikar1/cstansbu/pf-test/images/test_247.raw.tiff, /scratch/indikar_root/indikar1/cstansbu/pf-test/images/test_248.raw.tiff, /scratch/indikar_root/indikar1/cstansbu/pf-test/images/test_249.raw.tiff, /scratch/indikar_root/indikar1/cstansbu/pf-test/images/test_250.raw.tiff, /scratch/indikar_root/indikar1/cstansbu/pf-test/images/test_251.raw.tiff, /scratch/indikar_root/indikar1/cstansbu/pf-test/images/test_252.raw.tiff
    jobid: 2
    reason: Updated input files: /home/cstansbu/git_repositories/pip-fucci/config/config.yaml
    resources: tmpdir=/tmp

[Tue May  9 15:08:39 2023]
Finished job 2.
1 of 506 steps (0.2%) done
Select jobs to execute...

[Tue May  9 15:08:39 2023]
rule preprocess:
    input: /scratch/indikar_root/indikar1/cstansbu/pf-test/images/test_225.raw.tiff, /home/cstansbu/git_repositories/pip-fucci/config/config.yaml
    output: /scratch/indikar_root/indikar1/cstansbu/pf-test/images/test_225.processed.tiff
    jobid: 227
    reason: Input files updated by another job: /scratch/indikar_root/indikar1/cstansbu/pf-test/images/test_225.raw.tiff
    wildcards: iid=test, tid=225
    resources: tmpdir=/tmp


[Tue May  9 15:08:39 2023]
rule preprocess:
    input: /scratch/indikar_root/indikar1/cstansbu/pf-test/images/test_30.raw.tiff, /home/cstansbu/git_repositories/pip-fucci/config/config.yaml
    output: /scratch/indikar_root/indikar1/cstansbu/pf-test/images/test_30.processed.tiff
    jobid: 32
    reason: Input files updated by another job: /scratch/indikar_root/indikar1/cstansbu/pf-test/images/test_30.raw.tiff
    wildcards: iid=test, tid=30
    resources: tmpdir=/tmp


[Tue May  9 15:08:39 2023]
rule preprocess:
    input: /scratch/indikar_root/indikar1/cstansbu/pf-test/images/test_192.raw.tiff, /home/cstansbu/git_repositories/pip-fucci/config/config.yaml
    output: /scratch/indikar_root/indikar1/cstansbu/pf-test/images/test_192.processed.tiff
    jobid: 194
    reason: Input files updated by another job: /scratch/indikar_root/indikar1/cstansbu/pf-test/images/test_192.raw.tiff
    wildcards: iid=test, tid=192
    resources: tmpdir=/tmp


[Tue May  9 15:08:39 2023]
rule preprocess:
    input: /scratch/indikar_root/indikar1/cstansbu/pf-test/images/test_248.raw.tiff, /home/cstansbu/git_repositories/pip-fucci/config/config.yaml
    output: /scratch/indikar_root/indikar1/cstansbu/pf-test/images/test_248.processed.tiff
    jobid: 250
    reason: Input files updated by another job: /scratch/indikar_root/indikar1/cstansbu/pf-test/images/test_248.raw.tiff
    wildcards: iid=test, tid=248
    resources: tmpdir=/tmp


[Tue May  9 15:08:39 2023]
rule preprocess:
    input: /scratch/indikar_root/indikar1/cstansbu/pf-test/images/test_53.raw.tiff, /home/cstansbu/git_repositories/pip-fucci/config/config.yaml
    output: /scratch/indikar_root/indikar1/cstansbu/pf-test/images/test_53.processed.tiff
    jobid: 55
    reason: Input files updated by another job: /scratch/indikar_root/indikar1/cstansbu/pf-test/images/test_53.raw.tiff
    wildcards: iid=test, tid=53
    resources: tmpdir=/tmp


[Tue May  9 15:08:39 2023]
rule preprocess:
    input: /scratch/indikar_root/indikar1/cstansbu/pf-test/images/test_200.raw.tiff, /home/cstansbu/git_repositories/pip-fucci/config/config.yaml
    output: /scratch/indikar_root/indikar1/cstansbu/pf-test/images/test_200.processed.tiff
    jobid: 202
    reason: Input files updated by another job: /scratch/indikar_root/indikar1/cstansbu/pf-test/images/test_200.raw.tiff
    wildcards: iid=test, tid=200
    resources: tmpdir=/tmp


[Tue May  9 15:08:39 2023]
rule preprocess:
    input: /scratch/indikar_root/indikar1/cstansbu/pf-test/images/test_60.raw.tiff, /home/cstansbu/git_repositories/pip-fucci/config/config.yaml
    output: /scratch/indikar_root/indikar1/cstansbu/pf-test/images/test_60.processed.tiff
    jobid: 62
    reason: Input files updated by another job: /scratch/indikar_root/indikar1/cstansbu/pf-test/images/test_60.raw.tiff
    wildcards: iid=test, tid=60
    resources: tmpdir=/tmp


[Tue May  9 15:08:39 2023]
rule preprocess:
    input: /scratch/indikar_root/indikar1/cstansbu/pf-test/images/test_116.raw.tiff, /home/cstansbu/git_repositories/pip-fucci/config/config.yaml
    output: /scratch/indikar_root/indikar1/cstansbu/pf-test/images/test_116.processed.tiff
    jobid: 118
    reason: Input files updated by another job: /scratch/indikar_root/indikar1/cstansbu/pf-test/images/test_116.raw.tiff
    wildcards: iid=test, tid=116
    resources: tmpdir=/tmp


[Tue May  9 15:08:39 2023]
rule preprocess:
    input: /scratch/indikar_root/indikar1/cstansbu/pf-test/images/test_172.raw.tiff, /home/cstansbu/git_repositories/pip-fucci/config/config.yaml
    output: /scratch/indikar_root/indikar1/cstansbu/pf-test/images/test_172.processed.tiff
    jobid: 174
    reason: Input files updated by another job: /scratch/indikar_root/indikar1/cstansbu/pf-test/images/test_172.raw.tiff
    wildcards: iid=test, tid=172
    resources: tmpdir=/tmp


[Tue May  9 15:08:39 2023]
rule preprocess:
    input: /scratch/indikar_root/indikar1/cstansbu/pf-test/images/test_228.raw.tiff, /home/cstansbu/git_repositories/pip-fucci/config/config.yaml
    output: /scratch/indikar_root/indikar1/cstansbu/pf-test/images/test_228.processed.tiff
    jobid: 230
    reason: Input files updated by another job: /scratch/indikar_root/indikar1/cstansbu/pf-test/images/test_228.raw.tiff
    wildcards: iid=test, tid=228
    resources: tmpdir=/tmp


[Tue May  9 15:08:39 2023]
rule preprocess:
    input: /scratch/indikar_root/indikar1/cstansbu/pf-test/images/test_10.raw.tiff, /home/cstansbu/git_repositories/pip-fucci/config/config.yaml
    output: /scratch/indikar_root/indikar1/cstansbu/pf-test/images/test_10.processed.tiff
    jobid: 12
    reason: Input files updated by another job: /scratch/indikar_root/indikar1/cstansbu/pf-test/images/test_10.raw.tiff
    wildcards: iid=test, tid=10
    resources: tmpdir=/tmp


[Tue May  9 15:08:39 2023]
rule preprocess:
    input: /scratch/indikar_root/indikar1/cstansbu/pf-test/images/test_222.raw.tiff, /home/cstansbu/git_repositories/pip-fucci/config/config.yaml
    output: /scratch/indikar_root/indikar1/cstansbu/pf-test/images/test_222.processed.tiff
    jobid: 224
    reason: Input files updated by another job: /scratch/indikar_root/indikar1/cstansbu/pf-test/images/test_222.raw.tiff
    wildcards: iid=test, tid=222
    resources: tmpdir=/tmp


[Tue May  9 15:08:39 2023]
rule preprocess:
    input: /scratch/indikar_root/indikar1/cstansbu/pf-test/images/test_33.raw.tiff, /home/cstansbu/git_repositories/pip-fucci/config/config.yaml
    output: /scratch/indikar_root/indikar1/cstansbu/pf-test/images/test_33.processed.tiff
    jobid: 35
    reason: Input files updated by another job: /scratch/indikar_root/indikar1/cstansbu/pf-test/images/test_33.raw.tiff
    wildcards: iid=test, tid=33
    resources: tmpdir=/tmp


[Tue May  9 15:08:39 2023]
rule preprocess:
    input: /scratch/indikar_root/indikar1/cstansbu/pf-test/images/test_89.raw.tiff, /home/cstansbu/git_repositories/pip-fucci/config/config.yaml
    output: /scratch/indikar_root/indikar1/cstansbu/pf-test/images/test_89.processed.tiff
    jobid: 91
    reason: Input files updated by another job: /scratch/indikar_root/indikar1/cstansbu/pf-test/images/test_89.raw.tiff
    wildcards: iid=test, tid=89
    resources: tmpdir=/tmp


[Tue May  9 15:08:39 2023]
rule preprocess:
    input: /scratch/indikar_root/indikar1/cstansbu/pf-test/images/test_145.raw.tiff, /home/cstansbu/git_repositories/pip-fucci/config/config.yaml
    output: /scratch/indikar_root/indikar1/cstansbu/pf-test/images/test_145.processed.tiff
    jobid: 147
    reason: Input files updated by another job: /scratch/indikar_root/indikar1/cstansbu/pf-test/images/test_145.raw.tiff
    wildcards: iid=test, tid=145
    resources: tmpdir=/tmp


[Tue May  9 15:08:39 2023]
rule preprocess:
    input: /scratch/indikar_root/indikar1/cstansbu/pf-test/images/test_201.raw.tiff, /home/cstansbu/git_repositories/pip-fucci/config/config.yaml
    output: /scratch/indikar_root/indikar1/cstansbu/pf-test/images/test_201.processed.tiff
    jobid: 203
    reason: Input files updated by another job: /scratch/indikar_root/indikar1/cstansbu/pf-test/images/test_201.raw.tiff
    wildcards: iid=test, tid=201
    resources: tmpdir=/tmp


[Tue May  9 15:08:39 2023]
rule preprocess:
    input: /scratch/indikar_root/indikar1/cstansbu/pf-test/images/test_12.raw.tiff, /home/cstansbu/git_repositories/pip-fucci/config/config.yaml
    output: /scratch/indikar_root/indikar1/cstansbu/pf-test/images/test_12.processed.tiff
    jobid: 14
    reason: Input files updated by another job: /scratch/indikar_root/indikar1/cstansbu/pf-test/images/test_12.raw.tiff
    wildcards: iid=test, tid=12
    resources: tmpdir=/tmp


[Tue May  9 15:08:39 2023]
rule preprocess:
    input: /scratch/indikar_root/indikar1/cstansbu/pf-test/images/test_61.raw.tiff, /home/cstansbu/git_repositories/pip-fucci/config/config.yaml
    output: /scratch/indikar_root/indikar1/cstansbu/pf-test/images/test_61.processed.tiff
    jobid: 63
    reason: Input files updated by another job: /scratch/indikar_root/indikar1/cstansbu/pf-test/images/test_61.raw.tiff
    wildcards: iid=test, tid=61
    resources: tmpdir=/tmp


[Tue May  9 15:08:39 2023]
rule preprocess:
    input: /scratch/indikar_root/indikar1/cstansbu/pf-test/images/test_117.raw.tiff, /home/cstansbu/git_repositories/pip-fucci/config/config.yaml
    output: /scratch/indikar_root/indikar1/cstansbu/pf-test/images/test_117.processed.tiff
    jobid: 119
    reason: Input files updated by another job: /scratch/indikar_root/indikar1/cstansbu/pf-test/images/test_117.raw.tiff
    wildcards: iid=test, tid=117
    resources: tmpdir=/tmp


[Tue May  9 15:08:39 2023]
rule preprocess:
    input: /scratch/indikar_root/indikar1/cstansbu/pf-test/images/test_173.raw.tiff, /home/cstansbu/git_repositories/pip-fucci/config/config.yaml
    output: /scratch/indikar_root/indikar1/cstansbu/pf-test/images/test_173.processed.tiff
    jobid: 175
    reason: Input files updated by another job: /scratch/indikar_root/indikar1/cstansbu/pf-test/images/test_173.raw.tiff
    wildcards: iid=test, tid=173
    resources: tmpdir=/tmp


[Tue May  9 15:08:39 2023]
rule preprocess:
    input: /scratch/indikar_root/indikar1/cstansbu/pf-test/images/test_229.raw.tiff, /home/cstansbu/git_repositories/pip-fucci/config/config.yaml
    output: /scratch/indikar_root/indikar1/cstansbu/pf-test/images/test_229.processed.tiff
    jobid: 231
    reason: Input files updated by another job: /scratch/indikar_root/indikar1/cstansbu/pf-test/images/test_229.raw.tiff
    wildcards: iid=test, tid=229
    resources: tmpdir=/tmp


[Tue May  9 15:08:39 2023]
rule preprocess:
    input: /scratch/indikar_root/indikar1/cstansbu/pf-test/images/test_90.raw.tiff, /home/cstansbu/git_repositories/pip-fucci/config/config.yaml
    output: /scratch/indikar_root/indikar1/cstansbu/pf-test/images/test_90.processed.tiff
    jobid: 92
    reason: Input files updated by another job: /scratch/indikar_root/indikar1/cstansbu/pf-test/images/test_90.raw.tiff
    wildcards: iid=test, tid=90
    resources: tmpdir=/tmp


[Tue May  9 15:08:39 2023]
rule preprocess:
    input: /scratch/indikar_root/indikar1/cstansbu/pf-test/images/test_34.raw.tiff, /home/cstansbu/git_repositories/pip-fucci/config/config.yaml
    output: /scratch/indikar_root/indikar1/cstansbu/pf-test/images/test_34.processed.tiff
    jobid: 36
    reason: Input files updated by another job: /scratch/indikar_root/indikar1/cstansbu/pf-test/images/test_34.raw.tiff
    wildcards: iid=test, tid=34
    resources: tmpdir=/tmp


[Tue May  9 15:08:39 2023]
rule preprocess:
    input: /scratch/indikar_root/indikar1/cstansbu/pf-test/images/test_146.raw.tiff, /home/cstansbu/git_repositories/pip-fucci/config/config.yaml
    output: /scratch/indikar_root/indikar1/cstansbu/pf-test/images/test_146.processed.tiff
    jobid: 148
    reason: Input files updated by another job: /scratch/indikar_root/indikar1/cstansbu/pf-test/images/test_146.raw.tiff
    wildcards: iid=test, tid=146
    resources: tmpdir=/tmp


[Tue May  9 15:08:39 2023]
rule preprocess:
    input: /scratch/indikar_root/indikar1/cstansbu/pf-test/images/test_251.raw.tiff, /home/cstansbu/git_repositories/pip-fucci/config/config.yaml
    output: /scratch/indikar_root/indikar1/cstansbu/pf-test/images/test_251.processed.tiff
    jobid: 253
    reason: Input files updated by another job: /scratch/indikar_root/indikar1/cstansbu/pf-test/images/test_251.raw.tiff
    wildcards: iid=test, tid=251
    resources: tmpdir=/tmp


[Tue May  9 15:08:39 2023]
rule preprocess:
    input: /scratch/indikar_root/indikar1/cstansbu/pf-test/images/test_2.raw.tiff, /home/cstansbu/git_repositories/pip-fucci/config/config.yaml
    output: /scratch/indikar_root/indikar1/cstansbu/pf-test/images/test_2.processed.tiff
    jobid: 4
    reason: Input files updated by another job: /scratch/indikar_root/indikar1/cstansbu/pf-test/images/test_2.raw.tiff
    wildcards: iid=test, tid=2
    resources: tmpdir=/tmp


[Tue May  9 15:08:39 2023]
rule preprocess:
    input: /scratch/indikar_root/indikar1/cstansbu/pf-test/images/test_56.raw.tiff, /home/cstansbu/git_repositories/pip-fucci/config/config.yaml
    output: /scratch/indikar_root/indikar1/cstansbu/pf-test/images/test_56.processed.tiff
    jobid: 58
    reason: Input files updated by another job: /scratch/indikar_root/indikar1/cstansbu/pf-test/images/test_56.raw.tiff
    wildcards: iid=test, tid=56
    resources: tmpdir=/tmp


[Tue May  9 15:08:39 2023]
rule preprocess:
    input: /scratch/indikar_root/indikar1/cstansbu/pf-test/images/test_112.raw.tiff, /home/cstansbu/git_repositories/pip-fucci/config/config.yaml
    output: /scratch/indikar_root/indikar1/cstansbu/pf-test/images/test_112.processed.tiff
    jobid: 114
    reason: Input files updated by another job: /scratch/indikar_root/indikar1/cstansbu/pf-test/images/test_112.raw.tiff
    wildcards: iid=test, tid=112
    resources: tmpdir=/tmp


[Tue May  9 15:08:39 2023]
rule preprocess:
    input: /scratch/indikar_root/indikar1/cstansbu/pf-test/images/test_168.raw.tiff, /home/cstansbu/git_repositories/pip-fucci/config/config.yaml
    output: /scratch/indikar_root/indikar1/cstansbu/pf-test/images/test_168.processed.tiff
    jobid: 170
    reason: Input files updated by another job: /scratch/indikar_root/indikar1/cstansbu/pf-test/images/test_168.raw.tiff
    wildcards: iid=test, tid=168
    resources: tmpdir=/tmp


[Tue May  9 15:08:39 2023]
rule preprocess:
    input: /scratch/indikar_root/indikar1/cstansbu/pf-test/images/test_224.raw.tiff, /home/cstansbu/git_repositories/pip-fucci/config/config.yaml
    output: /scratch/indikar_root/indikar1/cstansbu/pf-test/images/test_224.processed.tiff
    jobid: 226
    reason: Input files updated by another job: /scratch/indikar_root/indikar1/cstansbu/pf-test/images/test_224.raw.tiff
    wildcards: iid=test, tid=224
    resources: tmpdir=/tmp


[Tue May  9 15:08:39 2023]
rule preprocess:
    input: /scratch/indikar_root/indikar1/cstansbu/pf-test/images/test_28.raw.tiff, /home/cstansbu/git_repositories/pip-fucci/config/config.yaml
    output: /scratch/indikar_root/indikar1/cstansbu/pf-test/images/test_28.processed.tiff
    jobid: 30
    reason: Input files updated by another job: /scratch/indikar_root/indikar1/cstansbu/pf-test/images/test_28.raw.tiff
    wildcards: iid=test, tid=28
    resources: tmpdir=/tmp


[Tue May  9 15:08:39 2023]
rule preprocess:
    input: /scratch/indikar_root/indikar1/cstansbu/pf-test/images/test_84.raw.tiff, /home/cstansbu/git_repositories/pip-fucci/config/config.yaml
    output: /scratch/indikar_root/indikar1/cstansbu/pf-test/images/test_84.processed.tiff
    jobid: 86
    reason: Input files updated by another job: /scratch/indikar_root/indikar1/cstansbu/pf-test/images/test_84.raw.tiff
    wildcards: iid=test, tid=84
    resources: tmpdir=/tmp


[Tue May  9 15:08:39 2023]
rule preprocess:
    input: /scratch/indikar_root/indikar1/cstansbu/pf-test/images/test_140.raw.tiff, /home/cstansbu/git_repositories/pip-fucci/config/config.yaml
    output: /scratch/indikar_root/indikar1/cstansbu/pf-test/images/test_140.processed.tiff
    jobid: 142
    reason: Input files updated by another job: /scratch/indikar_root/indikar1/cstansbu/pf-test/images/test_140.raw.tiff
    wildcards: iid=test, tid=140
    resources: tmpdir=/tmp


[Tue May  9 15:08:39 2023]
rule preprocess:
    input: /scratch/indikar_root/indikar1/cstansbu/pf-test/images/test_196.raw.tiff, /home/cstansbu/git_repositories/pip-fucci/config/config.yaml
    output: /scratch/indikar_root/indikar1/cstansbu/pf-test/images/test_196.processed.tiff
    jobid: 198
    reason: Input files updated by another job: /scratch/indikar_root/indikar1/cstansbu/pf-test/images/test_196.raw.tiff
    wildcards: iid=test, tid=196
    resources: tmpdir=/tmp


[Tue May  9 15:08:39 2023]
rule preprocess:
    input: /scratch/indikar_root/indikar1/cstansbu/pf-test/images/test_252.raw.tiff, /home/cstansbu/git_repositories/pip-fucci/config/config.yaml
    output: /scratch/indikar_root/indikar1/cstansbu/pf-test/images/test_252.processed.tiff
    jobid: 254
    reason: Input files updated by another job: /scratch/indikar_root/indikar1/cstansbu/pf-test/images/test_252.raw.tiff
    wildcards: iid=test, tid=252
    resources: tmpdir=/tmp


[Tue May  9 15:08:39 2023]
rule preprocess:
    input: /scratch/indikar_root/indikar1/cstansbu/pf-test/images/test_85.raw.tiff, /home/cstansbu/git_repositories/pip-fucci/config/config.yaml
    output: /scratch/indikar_root/indikar1/cstansbu/pf-test/images/test_85.processed.tiff
    jobid: 87
    reason: Input files updated by another job: /scratch/indikar_root/indikar1/cstansbu/pf-test/images/test_85.raw.tiff
    wildcards: iid=test, tid=85
    resources: tmpdir=/tmp

[Tue May  9 15:08:45 2023]
Finished job 202.
2 of 506 steps (0.4%) done
Select jobs to execute...

[Tue May  9 15:08:45 2023]
rule preprocess:
    input: /scratch/indikar_root/indikar1/cstansbu/pf-test/images/test_22.raw.tiff, /home/cstansbu/git_repositories/pip-fucci/config/config.yaml
    output: /scratch/indikar_root/indikar1/cstansbu/pf-test/images/test_22.processed.tiff
    jobid: 24
    reason: Input files updated by another job: /scratch/indikar_root/indikar1/cstansbu/pf-test/images/test_22.raw.tiff
    wildcards: iid=test, tid=22
    resources: tmpdir=/tmp

[Tue May  9 15:08:45 2023]
Finished job 230.
3 of 506 steps (1%) done
[Tue May  9 15:08:45 2023]
Finished job 32.
4 of 506 steps (1%) done
[Tue May  9 15:08:45 2023]
Finished job 14.
5 of 506 steps (1%) done
Select jobs to execute...

[Tue May  9 15:08:45 2023]
rule preprocess:
    input: /scratch/indikar_root/indikar1/cstansbu/pf-test/images/test_119.raw.tiff, /home/cstansbu/git_repositories/pip-fucci/config/config.yaml
    output: /scratch/indikar_root/indikar1/cstansbu/pf-test/images/test_119.processed.tiff
    jobid: 121
    reason: Input files updated by another job: /scratch/indikar_root/indikar1/cstansbu/pf-test/images/test_119.raw.tiff
    wildcards: iid=test, tid=119
    resources: tmpdir=/tmp


[Tue May  9 15:08:45 2023]
rule preprocess:
    input: /scratch/indikar_root/indikar1/cstansbu/pf-test/images/test_4.raw.tiff, /home/cstansbu/git_repositories/pip-fucci/config/config.yaml
    output: /scratch/indikar_root/indikar1/cstansbu/pf-test/images/test_4.processed.tiff
    jobid: 6
    reason: Input files updated by another job: /scratch/indikar_root/indikar1/cstansbu/pf-test/images/test_4.raw.tiff
    wildcards: iid=test, tid=4
    resources: tmpdir=/tmp


[Tue May  9 15:08:45 2023]
rule preprocess:
    input: /scratch/indikar_root/indikar1/cstansbu/pf-test/images/test_202.raw.tiff, /home/cstansbu/git_repositories/pip-fucci/config/config.yaml
    output: /scratch/indikar_root/indikar1/cstansbu/pf-test/images/test_202.processed.tiff
    jobid: 204
    reason: Input files updated by another job: /scratch/indikar_root/indikar1/cstansbu/pf-test/images/test_202.raw.tiff
    wildcards: iid=test, tid=202
    resources: tmpdir=/tmp

[Tue May  9 15:08:45 2023]
Finished job 170.
6 of 506 steps (1%) done
[Tue May  9 15:08:45 2023]
Finished job 226.
7 of 506 steps (1%) done
[Tue May  9 15:08:45 2023]
Finished job 250.
8 of 506 steps (2%) done
[Tue May  9 15:08:45 2023]
Finished job 203.
9 of 506 steps (2%) done
[Tue May  9 15:08:45 2023]
Finished job 231.
10 of 506 steps (2%) done
[Tue May  9 15:08:45 2023]
Finished job 227.
11 of 506 steps (2%) done
[Tue May  9 15:08:45 2023]
Finished job 194.
12 of 506 steps (2%) done
Select jobs to execute...

[Tue May  9 15:08:45 2023]
rule segment:
    input: /scratch/indikar_root/indikar1/cstansbu/pf-test/images/test_229.processed.tiff, /home/cstansbu/git_repositories/pip-fucci/config/config.yaml
    output: /scratch/indikar_root/indikar1/cstansbu/pf-test/segments/test_229.segmented.tiff, /scratch/indikar_root/indikar1/cstansbu/pf-test/segmentation_results/test_229.csv
    jobid: 483
    reason: Missing output files: /scratch/indikar_root/indikar1/cstansbu/pf-test/segments/test_229.segmented.tiff; Input files updated by another job: /scratch/indikar_root/indikar1/cstansbu/pf-test/images/test_229.processed.tiff
    wildcards: iid=test, tid=229
    resources: tmpdir=/tmp


[Tue May  9 15:08:45 2023]
rule segment:
    input: /scratch/indikar_root/indikar1/cstansbu/pf-test/images/test_201.processed.tiff, /home/cstansbu/git_repositories/pip-fucci/config/config.yaml
    output: /scratch/indikar_root/indikar1/cstansbu/pf-test/segments/test_201.segmented.tiff, /scratch/indikar_root/indikar1/cstansbu/pf-test/segmentation_results/test_201.csv
    jobid: 455
    reason: Missing output files: /scratch/indikar_root/indikar1/cstansbu/pf-test/segments/test_201.segmented.tiff; Input files updated by another job: /scratch/indikar_root/indikar1/cstansbu/pf-test/images/test_201.processed.tiff
    wildcards: iid=test, tid=201
    resources: tmpdir=/tmp


[Tue May  9 15:08:45 2023]
rule preprocess:
    input: /scratch/indikar_root/indikar1/cstansbu/pf-test/images/test_5.raw.tiff, /home/cstansbu/git_repositories/pip-fucci/config/config.yaml
    output: /scratch/indikar_root/indikar1/cstansbu/pf-test/images/test_5.processed.tiff
    jobid: 7
    reason: Input files updated by another job: /scratch/indikar_root/indikar1/cstansbu/pf-test/images/test_5.raw.tiff
    wildcards: iid=test, tid=5
    resources: tmpdir=/tmp


[Tue May  9 15:08:45 2023]
rule segment:
    input: /scratch/indikar_root/indikar1/cstansbu/pf-test/images/test_228.processed.tiff, /home/cstansbu/git_repositories/pip-fucci/config/config.yaml
    output: /scratch/indikar_root/indikar1/cstansbu/pf-test/segments/test_228.segmented.tiff, /scratch/indikar_root/indikar1/cstansbu/pf-test/segmentation_results/test_228.csv
    jobid: 482
    reason: Missing output files: /scratch/indikar_root/indikar1/cstansbu/pf-test/segments/test_228.segmented.tiff; Input files updated by another job: /scratch/indikar_root/indikar1/cstansbu/pf-test/images/test_228.processed.tiff
    wildcards: iid=test, tid=228
    resources: tmpdir=/tmp


[Tue May  9 15:08:45 2023]
rule segment:
    input: /scratch/indikar_root/indikar1/cstansbu/pf-test/images/test_200.processed.tiff, /home/cstansbu/git_repositories/pip-fucci/config/config.yaml
    output: /scratch/indikar_root/indikar1/cstansbu/pf-test/segments/test_200.segmented.tiff, /scratch/indikar_root/indikar1/cstansbu/pf-test/segmentation_results/test_200.csv
    jobid: 454
    reason: Missing output files: /scratch/indikar_root/indikar1/cstansbu/pf-test/segments/test_200.segmented.tiff; Input files updated by another job: /scratch/indikar_root/indikar1/cstansbu/pf-test/images/test_200.processed.tiff
    wildcards: iid=test, tid=200
    resources: tmpdir=/tmp


[Tue May  9 15:08:45 2023]
rule preprocess:
    input: /scratch/indikar_root/indikar1/cstansbu/pf-test/images/test_118.raw.tiff, /home/cstansbu/git_repositories/pip-fucci/config/config.yaml
    output: /scratch/indikar_root/indikar1/cstansbu/pf-test/images/test_118.processed.tiff
    jobid: 120
    reason: Input files updated by another job: /scratch/indikar_root/indikar1/cstansbu/pf-test/images/test_118.raw.tiff
    wildcards: iid=test, tid=118
    resources: tmpdir=/tmp


[Tue May  9 15:08:45 2023]
rule preprocess:
    input: /scratch/indikar_root/indikar1/cstansbu/pf-test/images/test_62.raw.tiff, /home/cstansbu/git_repositories/pip-fucci/config/config.yaml
    output: /scratch/indikar_root/indikar1/cstansbu/pf-test/images/test_62.processed.tiff
    jobid: 64
    reason: Input files updated by another job: /scratch/indikar_root/indikar1/cstansbu/pf-test/images/test_62.raw.tiff
    wildcards: iid=test, tid=62
    resources: tmpdir=/tmp

[Tue May  9 15:08:45 2023]
Finished job 254.
13 of 506 steps (3%) done
[Tue May  9 15:08:45 2023]
Finished job 35.
14 of 506 steps (3%) done
[Tue May  9 15:08:45 2023]
Finished job 36.
15 of 506 steps (3%) done
[Tue May  9 15:08:45 2023]
Finished job 253.
16 of 506 steps (3%) done
[Tue May  9 15:08:45 2023]
Finished job 175.
17 of 506 steps (3%) done
[Tue May  9 15:08:45 2023]
Finished job 174.
18 of 506 steps (4%) done
[Tue May  9 15:08:45 2023]
Finished job 30.
19 of 506 steps (4%) done
[Tue May  9 15:08:45 2023]
Finished job 142.
20 of 506 steps (4%) done
Select jobs to execute...

[Tue May  9 15:08:45 2023]
rule segment:
    input: /scratch/indikar_root/indikar1/cstansbu/pf-test/images/test_173.processed.tiff, /home/cstansbu/git_repositories/pip-fucci/config/config.yaml
    output: /scratch/indikar_root/indikar1/cstansbu/pf-test/segments/test_173.segmented.tiff, /scratch/indikar_root/indikar1/cstansbu/pf-test/segmentation_results/test_173.csv
    jobid: 427
    reason: Missing output files: /scratch/indikar_root/indikar1/cstansbu/pf-test/segments/test_173.segmented.tiff; Input files updated by another job: /scratch/indikar_root/indikar1/cstansbu/pf-test/images/test_173.processed.tiff
    wildcards: iid=test, tid=173
    resources: tmpdir=/tmp


[Tue May  9 15:08:45 2023]
rule preprocess:
    input: /scratch/indikar_root/indikar1/cstansbu/pf-test/images/test_230.raw.tiff, /home/cstansbu/git_repositories/pip-fucci/config/config.yaml
    output: /scratch/indikar_root/indikar1/cstansbu/pf-test/images/test_230.processed.tiff
    jobid: 232
    reason: Input files updated by another job: /scratch/indikar_root/indikar1/cstansbu/pf-test/images/test_230.raw.tiff
    wildcards: iid=test, tid=230
    resources: tmpdir=/tmp


[Tue May  9 15:08:45 2023]
rule segment:
    input: /scratch/indikar_root/indikar1/cstansbu/pf-test/images/test_33.processed.tiff, /home/cstansbu/git_repositories/pip-fucci/config/config.yaml
    output: /scratch/indikar_root/indikar1/cstansbu/pf-test/segments/test_33.segmented.tiff, /scratch/indikar_root/indikar1/cstansbu/pf-test/segmentation_results/test_33.csv
    jobid: 287
    reason: Missing output files: /scratch/indikar_root/indikar1/cstansbu/pf-test/segments/test_33.segmented.tiff; Input files updated by another job: /scratch/indikar_root/indikar1/cstansbu/pf-test/images/test_33.processed.tiff
    wildcards: iid=test, tid=33
    resources: tmpdir=/tmp


[Tue May  9 15:08:45 2023]
rule preprocess:
    input: /scratch/indikar_root/indikar1/cstansbu/pf-test/images/test_142.raw.tiff, /home/cstansbu/git_repositories/pip-fucci/config/config.yaml
    output: /scratch/indikar_root/indikar1/cstansbu/pf-test/images/test_142.processed.tiff
    jobid: 144
    reason: Input files updated by another job: /scratch/indikar_root/indikar1/cstansbu/pf-test/images/test_142.raw.tiff
    wildcards: iid=test, tid=142
    resources: tmpdir=/tmp


[Tue May  9 15:08:45 2023]
rule preprocess:
    input: /scratch/indikar_root/indikar1/cstansbu/pf-test/images/test_231.raw.tiff, /home/cstansbu/git_repositories/pip-fucci/config/config.yaml
    output: /scratch/indikar_root/indikar1/cstansbu/pf-test/images/test_231.processed.tiff
    jobid: 233
    reason: Input files updated by another job: /scratch/indikar_root/indikar1/cstansbu/pf-test/images/test_231.raw.tiff
    wildcards: iid=test, tid=231
    resources: tmpdir=/tmp


[Tue May  9 15:08:45 2023]
rule segment:
    input: /scratch/indikar_root/indikar1/cstansbu/pf-test/images/test_172.processed.tiff, /home/cstansbu/git_repositories/pip-fucci/config/config.yaml
    output: /scratch/indikar_root/indikar1/cstansbu/pf-test/segments/test_172.segmented.tiff, /scratch/indikar_root/indikar1/cstansbu/pf-test/segmentation_results/test_172.csv
    jobid: 426
    reason: Missing output files: /scratch/indikar_root/indikar1/cstansbu/pf-test/segments/test_172.segmented.tiff; Input files updated by another job: /scratch/indikar_root/indikar1/cstansbu/pf-test/images/test_172.processed.tiff
    wildcards: iid=test, tid=172
    resources: tmpdir=/tmp


[Tue May  9 15:08:45 2023]
rule preprocess:
    input: /scratch/indikar_root/indikar1/cstansbu/pf-test/images/test_174.raw.tiff, /home/cstansbu/git_repositories/pip-fucci/config/config.yaml
    output: /scratch/indikar_root/indikar1/cstansbu/pf-test/images/test_174.processed.tiff
    jobid: 176
    reason: Input files updated by another job: /scratch/indikar_root/indikar1/cstansbu/pf-test/images/test_174.raw.tiff
    wildcards: iid=test, tid=174
    resources: tmpdir=/tmp


[Tue May  9 15:08:45 2023]
rule segment:
    input: /scratch/indikar_root/indikar1/cstansbu/pf-test/images/test_34.processed.tiff, /home/cstansbu/git_repositories/pip-fucci/config/config.yaml
    output: /scratch/indikar_root/indikar1/cstansbu/pf-test/segments/test_34.segmented.tiff, /scratch/indikar_root/indikar1/cstansbu/pf-test/segmentation_results/test_34.csv
    jobid: 288
    reason: Missing output files: /scratch/indikar_root/indikar1/cstansbu/pf-test/segments/test_34.segmented.tiff; Input files updated by another job: /scratch/indikar_root/indikar1/cstansbu/pf-test/images/test_34.processed.tiff
    wildcards: iid=test, tid=34
    resources: tmpdir=/tmp

[Tue May  9 15:08:45 2023]
Finished job 55.
21 of 506 steps (4%) done
[Tue May  9 15:08:45 2023]
Finished job 86.
22 of 506 steps (4%) done
[Tue May  9 15:08:45 2023]
Finished job 12.
23 of 506 steps (5%) done
[Tue May  9 15:08:45 2023]
Finished job 148.
24 of 506 steps (5%) done
[Tue May  9 15:08:46 2023]
Finished job 4.
25 of 506 steps (5%) done
[Tue May  9 15:08:46 2023]
Finished job 224.
26 of 506 steps (5%) done
Select jobs to execute...

[Tue May  9 15:08:46 2023]
rule preprocess:
    input: /scratch/indikar_root/indikar1/cstansbu/pf-test/images/test_120.raw.tiff, /home/cstansbu/git_repositories/pip-fucci/config/config.yaml
    output: /scratch/indikar_root/indikar1/cstansbu/pf-test/images/test_120.processed.tiff
    jobid: 122
    reason: Input files updated by another job: /scratch/indikar_root/indikar1/cstansbu/pf-test/images/test_120.raw.tiff
    wildcards: iid=test, tid=120
    resources: tmpdir=/tmp


[Tue May  9 15:08:46 2023]
rule preprocess:
    input: /scratch/indikar_root/indikar1/cstansbu/pf-test/images/test_35.raw.tiff, /home/cstansbu/git_repositories/pip-fucci/config/config.yaml
    output: /scratch/indikar_root/indikar1/cstansbu/pf-test/images/test_35.processed.tiff
    jobid: 37
    reason: Input files updated by another job: /scratch/indikar_root/indikar1/cstansbu/pf-test/images/test_35.raw.tiff
    wildcards: iid=test, tid=35
    resources: tmpdir=/tmp


[Tue May  9 15:08:46 2023]
rule preprocess:
    input: /scratch/indikar_root/indikar1/cstansbu/pf-test/images/test_147.raw.tiff, /home/cstansbu/git_repositories/pip-fucci/config/config.yaml
    output: /scratch/indikar_root/indikar1/cstansbu/pf-test/images/test_147.processed.tiff
    jobid: 149
    reason: Input files updated by another job: /scratch/indikar_root/indikar1/cstansbu/pf-test/images/test_147.raw.tiff
    wildcards: iid=test, tid=147
    resources: tmpdir=/tmp


[Tue May  9 15:08:46 2023]
rule preprocess:
    input: /scratch/indikar_root/indikar1/cstansbu/pf-test/images/test_203.raw.tiff, /home/cstansbu/git_repositories/pip-fucci/config/config.yaml
    output: /scratch/indikar_root/indikar1/cstansbu/pf-test/images/test_203.processed.tiff
    jobid: 205
    reason: Input files updated by another job: /scratch/indikar_root/indikar1/cstansbu/pf-test/images/test_203.raw.tiff
    wildcards: iid=test, tid=203
    resources: tmpdir=/tmp


[Tue May  9 15:08:46 2023]
rule preprocess:
    input: /scratch/indikar_root/indikar1/cstansbu/pf-test/images/test_91.raw.tiff, /home/cstansbu/git_repositories/pip-fucci/config/config.yaml
    output: /scratch/indikar_root/indikar1/cstansbu/pf-test/images/test_91.processed.tiff
    jobid: 93
    reason: Input files updated by another job: /scratch/indikar_root/indikar1/cstansbu/pf-test/images/test_91.raw.tiff
    wildcards: iid=test, tid=91
    resources: tmpdir=/tmp


[Tue May  9 15:08:46 2023]
rule preprocess:
    input: /scratch/indikar_root/indikar1/cstansbu/pf-test/images/test_63.raw.tiff, /home/cstansbu/git_repositories/pip-fucci/config/config.yaml
    output: /scratch/indikar_root/indikar1/cstansbu/pf-test/images/test_63.processed.tiff
    jobid: 65
    reason: Input files updated by another job: /scratch/indikar_root/indikar1/cstansbu/pf-test/images/test_63.raw.tiff
    wildcards: iid=test, tid=63
    resources: tmpdir=/tmp

[Tue May  9 15:08:46 2023]
Finished job 91.
27 of 506 steps (5%) done
[Tue May  9 15:08:46 2023]
Finished job 62.
28 of 506 steps (6%) done
[Tue May  9 15:08:46 2023]
Finished job 58.
29 of 506 steps (6%) done
[Tue May  9 15:08:46 2023]
Finished job 114.
30 of 506 steps (6%) done
[Tue May  9 15:08:46 2023]
Finished job 119.
31 of 506 steps (6%) done
[Tue May  9 15:08:46 2023]
Finished job 92.
32 of 506 steps (6%) done
[Tue May  9 15:08:46 2023]
Finished job 87.
33 of 506 steps (7%) done
[Tue May  9 15:08:46 2023]
Finished job 198.
34 of 506 steps (7%) done
[Tue May  9 15:08:46 2023]
Finished job 118.
35 of 506 steps (7%) done
[Tue May  9 15:08:46 2023]
Finished job 63.
36 of 506 steps (7%) done
[Tue May  9 15:08:46 2023]
Finished job 147.
37 of 506 steps (7%) done
Select jobs to execute...

[Tue May  9 15:08:46 2023]
rule preprocess:
    input: /scratch/indikar_root/indikar1/cstansbu/pf-test/images/test_57.raw.tiff, /home/cstansbu/git_repositories/pip-fucci/config/config.yaml
    output: /scratch/indikar_root/indikar1/cstansbu/pf-test/images/test_57.processed.tiff
    jobid: 59
    reason: Input files updated by another job: /scratch/indikar_root/indikar1/cstansbu/pf-test/images/test_57.raw.tiff
    wildcards: iid=test, tid=57
    resources: tmpdir=/tmp


[Tue May  9 15:08:46 2023]
rule segment:
    input: /scratch/indikar_root/indikar1/cstansbu/pf-test/images/test_61.processed.tiff, /home/cstansbu/git_repositories/pip-fucci/config/config.yaml
    output: /scratch/indikar_root/indikar1/cstansbu/pf-test/segments/test_61.segmented.tiff, /scratch/indikar_root/indikar1/cstansbu/pf-test/segmentation_results/test_61.csv
    jobid: 315
    reason: Missing output files: /scratch/indikar_root/indikar1/cstansbu/pf-test/segments/test_61.segmented.tiff; Input files updated by another job: /scratch/indikar_root/indikar1/cstansbu/pf-test/images/test_61.processed.tiff
    wildcards: iid=test, tid=61
    resources: tmpdir=/tmp


[Tue May  9 15:08:46 2023]
rule segment:
    input: /scratch/indikar_root/indikar1/cstansbu/pf-test/images/test_117.processed.tiff, /home/cstansbu/git_repositories/pip-fucci/config/config.yaml
    output: /scratch/indikar_root/indikar1/cstansbu/pf-test/segments/test_117.segmented.tiff, /scratch/indikar_root/indikar1/cstansbu/pf-test/segmentation_results/test_117.csv
    jobid: 371
    reason: Missing output files: /scratch/indikar_root/indikar1/cstansbu/pf-test/segments/test_117.segmented.tiff; Input files updated by another job: /scratch/indikar_root/indikar1/cstansbu/pf-test/images/test_117.processed.tiff
    wildcards: iid=test, tid=117
    resources: tmpdir=/tmp


[Tue May  9 15:08:46 2023]
rule segment:
    input: /scratch/indikar_root/indikar1/cstansbu/pf-test/images/test_145.processed.tiff, /home/cstansbu/git_repositories/pip-fucci/config/config.yaml
    output: /scratch/indikar_root/indikar1/cstansbu/pf-test/segments/test_145.segmented.tiff, /scratch/indikar_root/indikar1/cstansbu/pf-test/segmentation_results/test_145.csv
    jobid: 399
    reason: Missing output files: /scratch/indikar_root/indikar1/cstansbu/pf-test/segments/test_145.segmented.tiff; Input files updated by another job: /scratch/indikar_root/indikar1/cstansbu/pf-test/images/test_145.processed.tiff
    wildcards: iid=test, tid=145
    resources: tmpdir=/tmp


[Tue May  9 15:08:46 2023]
rule segment:
    input: /scratch/indikar_root/indikar1/cstansbu/pf-test/images/test_89.processed.tiff, /home/cstansbu/git_repositories/pip-fucci/config/config.yaml
    output: /scratch/indikar_root/indikar1/cstansbu/pf-test/segments/test_89.segmented.tiff, /scratch/indikar_root/indikar1/cstansbu/pf-test/segmentation_results/test_89.csv
    jobid: 343
    reason: Missing output files: /scratch/indikar_root/indikar1/cstansbu/pf-test/segments/test_89.segmented.tiff; Input files updated by another job: /scratch/indikar_root/indikar1/cstansbu/pf-test/images/test_89.processed.tiff
    wildcards: iid=test, tid=89
    resources: tmpdir=/tmp


[Tue May  9 15:08:46 2023]
rule segment:
    input: /scratch/indikar_root/indikar1/cstansbu/pf-test/images/test_116.processed.tiff, /home/cstansbu/git_repositories/pip-fucci/config/config.yaml
    output: /scratch/indikar_root/indikar1/cstansbu/pf-test/segments/test_116.segmented.tiff, /scratch/indikar_root/indikar1/cstansbu/pf-test/segmentation_results/test_116.csv
    jobid: 370
    reason: Missing output files: /scratch/indikar_root/indikar1/cstansbu/pf-test/segments/test_116.segmented.tiff; Input files updated by another job: /scratch/indikar_root/indikar1/cstansbu/pf-test/images/test_116.processed.tiff
    wildcards: iid=test, tid=116
    resources: tmpdir=/tmp


[Tue May  9 15:08:46 2023]
rule preprocess:
    input: /scratch/indikar_root/indikar1/cstansbu/pf-test/images/test_144.raw.tiff, /home/cstansbu/git_repositories/pip-fucci/config/config.yaml
    output: /scratch/indikar_root/indikar1/cstansbu/pf-test/images/test_144.processed.tiff
    jobid: 146
    reason: Input files updated by another job: /scratch/indikar_root/indikar1/cstansbu/pf-test/images/test_144.raw.tiff
    wildcards: iid=test, tid=144
    resources: tmpdir=/tmp


[Tue May  9 15:08:46 2023]
rule segment:
    input: /scratch/indikar_root/indikar1/cstansbu/pf-test/images/test_60.processed.tiff, /home/cstansbu/git_repositories/pip-fucci/config/config.yaml
    output: /scratch/indikar_root/indikar1/cstansbu/pf-test/segments/test_60.segmented.tiff, /scratch/indikar_root/indikar1/cstansbu/pf-test/segmentation_results/test_60.csv
    jobid: 314
    reason: Missing output files: /scratch/indikar_root/indikar1/cstansbu/pf-test/segments/test_60.segmented.tiff; Input files updated by another job: /scratch/indikar_root/indikar1/cstansbu/pf-test/images/test_60.processed.tiff
    wildcards: iid=test, tid=60
    resources: tmpdir=/tmp


[Tue May  9 15:08:46 2023]
rule preprocess:
    input: /scratch/indikar_root/indikar1/cstansbu/pf-test/images/test_88.raw.tiff, /home/cstansbu/git_repositories/pip-fucci/config/config.yaml
    output: /scratch/indikar_root/indikar1/cstansbu/pf-test/images/test_88.processed.tiff
    jobid: 90
    reason: Input files updated by another job: /scratch/indikar_root/indikar1/cstansbu/pf-test/images/test_88.raw.tiff
    wildcards: iid=test, tid=88
    resources: tmpdir=/tmp


[Tue May  9 15:08:46 2023]
rule preprocess:
    input: /scratch/indikar_root/indikar1/cstansbu/pf-test/images/test_204.raw.tiff, /home/cstansbu/git_repositories/pip-fucci/config/config.yaml
    output: /scratch/indikar_root/indikar1/cstansbu/pf-test/images/test_204.processed.tiff
    jobid: 206
    reason: Input files updated by another job: /scratch/indikar_root/indikar1/cstansbu/pf-test/images/test_204.raw.tiff
    wildcards: iid=test, tid=204
    resources: tmpdir=/tmp


[Tue May  9 15:08:46 2023]
rule preprocess:
    input: /scratch/indikar_root/indikar1/cstansbu/pf-test/images/test_141.raw.tiff, /home/cstansbu/git_repositories/pip-fucci/config/config.yaml
    output: /scratch/indikar_root/indikar1/cstansbu/pf-test/images/test_141.processed.tiff
    jobid: 143
    reason: Input files updated by another job: /scratch/indikar_root/indikar1/cstansbu/pf-test/images/test_141.raw.tiff
    wildcards: iid=test, tid=141
    resources: tmpdir=/tmp

Waiting at most 5 seconds for missing files.
MissingOutputException in rule segment in file /home/cstansbu/git_repositories/pip-fucci/Snakefile, line 71:
Job 483  completed successfully, but some output files are missing. Missing files after 5 seconds. This might be due to filesystem latency. If that is the case, consider to increase the wait time with --latency-wait:
/scratch/indikar_root/indikar1/cstansbu/pf-test/segments/test_229.segmented.tiff
/scratch/indikar_root/indikar1/cstansbu/pf-test/segmentation_results/test_229.csv
Waiting at most 5 seconds for missing files.
MissingOutputException in rule segment in file /home/cstansbu/git_repositories/pip-fucci/Snakefile, line 71:
Job 455  completed successfully, but some output files are missing. Missing files after 5 seconds. This might be due to filesystem latency. If that is the case, consider to increase the wait time with --latency-wait:
/scratch/indikar_root/indikar1/cstansbu/pf-test/segments/test_201.segmented.tiff
/scratch/indikar_root/indikar1/cstansbu/pf-test/segmentation_results/test_201.csv
Waiting at most 5 seconds for missing files.
MissingOutputException in rule segment in file /home/cstansbu/git_repositories/pip-fucci/Snakefile, line 71:
Job 482  completed successfully, but some output files are missing. Missing files after 5 seconds. This might be due to filesystem latency. If that is the case, consider to increase the wait time with --latency-wait:
/scratch/indikar_root/indikar1/cstansbu/pf-test/segments/test_228.segmented.tiff
/scratch/indikar_root/indikar1/cstansbu/pf-test/segmentation_results/test_228.csv
Waiting at most 5 seconds for missing files.
MissingOutputException in rule segment in file /home/cstansbu/git_repositories/pip-fucci/Snakefile, line 71:
Job 454  completed successfully, but some output files are missing. Missing files after 5 seconds. This might be due to filesystem latency. If that is the case, consider to increase the wait time with --latency-wait:
/scratch/indikar_root/indikar1/cstansbu/pf-test/segments/test_200.segmented.tiff
/scratch/indikar_root/indikar1/cstansbu/pf-test/segmentation_results/test_200.csv
Waiting at most 5 seconds for missing files.
MissingOutputException in rule segment in file /home/cstansbu/git_repositories/pip-fucci/Snakefile, line 71:
Job 287  completed successfully, but some output files are missing. Missing files after 5 seconds. This might be due to filesystem latency. If that is the case, consider to increase the wait time with --latency-wait:
/scratch/indikar_root/indikar1/cstansbu/pf-test/segments/test_33.segmented.tiff
/scratch/indikar_root/indikar1/cstansbu/pf-test/segmentation_results/test_33.csv
Waiting at most 5 seconds for missing files.
MissingOutputException in rule segment in file /home/cstansbu/git_repositories/pip-fucci/Snakefile, line 71:
Job 288  completed successfully, but some output files are missing. Missing files after 5 seconds. This might be due to filesystem latency. If that is the case, consider to increase the wait time with --latency-wait:
/scratch/indikar_root/indikar1/cstansbu/pf-test/segments/test_34.segmented.tiff
/scratch/indikar_root/indikar1/cstansbu/pf-test/segmentation_results/test_34.csv
Waiting at most 5 seconds for missing files.
MissingOutputException in rule segment in file /home/cstansbu/git_repositories/pip-fucci/Snakefile, line 71:
Job 426  completed successfully, but some output files are missing. Missing files after 5 seconds. This might be due to filesystem latency. If that is the case, consider to increase the wait time with --latency-wait:
/scratch/indikar_root/indikar1/cstansbu/pf-test/segments/test_172.segmented.tiff
/scratch/indikar_root/indikar1/cstansbu/pf-test/segmentation_results/test_172.csv
Waiting at most 5 seconds for missing files.
MissingOutputException in rule segment in file /home/cstansbu/git_repositories/pip-fucci/Snakefile, line 71:
Job 315  completed successfully, but some output files are missing. Missing files after 5 seconds. This might be due to filesystem latency. If that is the case, consider to increase the wait time with --latency-wait:
/scratch/indikar_root/indikar1/cstansbu/pf-test/segments/test_61.segmented.tiff
/scratch/indikar_root/indikar1/cstansbu/pf-test/segmentation_results/test_61.csv
Waiting at most 5 seconds for missing files.
MissingOutputException in rule segment in file /home/cstansbu/git_repositories/pip-fucci/Snakefile, line 71:
Job 371  completed successfully, but some output files are missing. Missing files after 5 seconds. This might be due to filesystem latency. If that is the case, consider to increase the wait time with --latency-wait:
/scratch/indikar_root/indikar1/cstansbu/pf-test/segments/test_117.segmented.tiff
/scratch/indikar_root/indikar1/cstansbu/pf-test/segmentation_results/test_117.csv
Waiting at most 5 seconds for missing files.
MissingOutputException in rule segment in file /home/cstansbu/git_repositories/pip-fucci/Snakefile, line 71:
Job 370  completed successfully, but some output files are missing. Missing files after 5 seconds. This might be due to filesystem latency. If that is the case, consider to increase the wait time with --latency-wait:
/scratch/indikar_root/indikar1/cstansbu/pf-test/segments/test_116.segmented.tiff
/scratch/indikar_root/indikar1/cstansbu/pf-test/segmentation_results/test_116.csv
Waiting at most 5 seconds for missing files.
MissingOutputException in rule segment in file /home/cstansbu/git_repositories/pip-fucci/Snakefile, line 71:
Job 399  completed successfully, but some output files are missing. Missing files after 5 seconds. This might be due to filesystem latency. If that is the case, consider to increase the wait time with --latency-wait:
/scratch/indikar_root/indikar1/cstansbu/pf-test/segments/test_145.segmented.tiff
/scratch/indikar_root/indikar1/cstansbu/pf-test/segmentation_results/test_145.csv
Waiting at most 5 seconds for missing files.
MissingOutputException in rule segment in file /home/cstansbu/git_repositories/pip-fucci/Snakefile, line 71:
Job 343  completed successfully, but some output files are missing. Missing files after 5 seconds. This might be due to filesystem latency. If that is the case, consider to increase the wait time with --latency-wait:
/scratch/indikar_root/indikar1/cstansbu/pf-test/segments/test_89.segmented.tiff
/scratch/indikar_root/indikar1/cstansbu/pf-test/segmentation_results/test_89.csv
Waiting at most 5 seconds for missing files.
MissingOutputException in rule segment in file /home/cstansbu/git_repositories/pip-fucci/Snakefile, line 71:
Job 314  completed successfully, but some output files are missing. Missing files after 5 seconds. This might be due to filesystem latency. If that is the case, consider to increase the wait time with --latency-wait:
/scratch/indikar_root/indikar1/cstansbu/pf-test/segments/test_60.segmented.tiff
/scratch/indikar_root/indikar1/cstansbu/pf-test/segmentation_results/test_60.csv
[Tue May  9 15:09:51 2023]
Finished job 24.
38 of 506 steps (8%) done
[Tue May  9 15:09:51 2023]
Finished job 204.
39 of 506 steps (8%) done
[Tue May  9 15:09:51 2023]
Finished job 6.
40 of 506 steps (8%) done
[Tue May  9 15:09:51 2023]
Finished job 7.
41 of 506 steps (8%) done
[Tue May  9 15:09:51 2023]
Finished job 121.
42 of 506 steps (8%) done
[Tue May  9 15:09:51 2023]
Finished job 120.
43 of 506 steps (8%) done
[Tue May  9 15:09:51 2023]
Finished job 144.
44 of 506 steps (9%) done
[Tue May  9 15:09:51 2023]
Finished job 64.
45 of 506 steps (9%) done
[Tue May  9 15:09:51 2023]
Finished job 233.
46 of 506 steps (9%) done
[Tue May  9 15:09:51 2023]
Finished job 232.
47 of 506 steps (9%) done
[Tue May  9 15:09:51 2023]
Finished job 176.
48 of 506 steps (9%) done
[Tue May  9 15:09:51 2023]
Finished job 37.
49 of 506 steps (10%) done
[Tue May  9 15:09:51 2023]
Finished job 122.
50 of 506 steps (10%) done
[Tue May  9 15:09:51 2023]
Finished job 149.
51 of 506 steps (10%) done
[Tue May  9 15:09:51 2023]
Finished job 65.
52 of 506 steps (10%) done
[Tue May  9 15:09:51 2023]
Finished job 93.
53 of 506 steps (10%) done
[Tue May  9 15:09:51 2023]
Finished job 205.
54 of 506 steps (11%) done
[Tue May  9 15:09:51 2023]
Finished job 59.
55 of 506 steps (11%) done
[Tue May  9 15:09:51 2023]
Finished job 90.
56 of 506 steps (11%) done
[Tue May  9 15:09:51 2023]
Finished job 143.
57 of 506 steps (11%) done
[Tue May  9 15:09:51 2023]
Finished job 206.
58 of 506 steps (11%) done
[Tue May  9 15:09:51 2023]
Finished job 146.
59 of 506 steps (12%) done
Waiting at most 5 seconds for missing files.
MissingOutputException in rule segment in file /home/cstansbu/git_repositories/pip-fucci/Snakefile, line 71:
Job 427  completed successfully, but some output files are missing. Missing files after 5 seconds. This might be due to filesystem latency. If that is the case, consider to increase the wait time with --latency-wait:
/scratch/indikar_root/indikar1/cstansbu/pf-test/segments/test_173.segmented.tiff
/scratch/indikar_root/indikar1/cstansbu/pf-test/segmentation_results/test_173.csv
Shutting down, this might take some time.
Exiting because a job execution failed. Look above for error message
Complete log: .snakemake/log/2023-05-09T150548.418424.snakemake.log
