Building DAG of jobs...
Using shell: /usr/bin/bash
Provided cores: 36
Rules claiming more threads will be scaled down.
Job stats:
job               count    min threads    max threads
--------------  -------  -------------  -------------
all                   1              1              1
mergeTrackData        1              1              1
total                 2              1              1

Select jobs to execute...

[Fri May 12 13:08:00 2023]
rule mergeTrackData:
    input: /scratch/indikar_root/indikar1/cstansbu/pf-test/tracks/test.tracks.raw.csv, /scratch/indikar_root/indikar1/cstansbu/pf-test/segmentation/test.celldata.csv, /scratch/indikar_root/indikar1/cstansbu/pf-test/segmentation/test.intensity_scores.csv
    output: /scratch/indikar_root/indikar1/cstansbu/pf-test/tracks/test.tracks.full.csv
    jobid: 262
    reason: Missing output files: /scratch/indikar_root/indikar1/cstansbu/pf-test/tracks/test.tracks.full.csv
    wildcards: iid=test
    resources: tmpdir=/tmp

[Fri May 12 13:08:19 2023]
Finished job 262.
1 of 2 steps (50%) done
Select jobs to execute...

[Fri May 12 13:08:19 2023]
localrule all:
    input: /scratch/indikar_root/indikar1/cstansbu/pf-test/metadata/test.json, /scratch/indikar_root/indikar1/cstansbu/pf-test/images/test.raw.tiff, /scratch/indikar_root/indikar1/cstansbu/pf-test/images/test.segmented.tiff, /scratch/indikar_root/indikar1/cstansbu/pf-test/images/test.processed.tiff, /scratch/indikar_root/indikar1/cstansbu/pf-test/segmentation/test.intensities.csv, /scratch/indikar_root/indikar1/cstansbu/pf-test/background/test.background.csv, /scratch/indikar_root/indikar1/cstansbu/pf-test/background/test.masked.background.csv, /scratch/indikar_root/indikar1/cstansbu/pf-test/segmentation/test.intensity_scores.csv, /scratch/indikar_root/indikar1/cstansbu/pf-test/tracks/test.tracks.raw.csv, /scratch/indikar_root/indikar1/cstansbu/pf-test/tracks/test.tracks.full.csv
    jobid: 0
    reason: Input files updated by another job: /scratch/indikar_root/indikar1/cstansbu/pf-test/tracks/test.tracks.full.csv
    resources: tmpdir=/tmp

[Fri May 12 13:08:19 2023]
Finished job 0.
2 of 2 steps (100%) done
Complete log: .snakemake/log/2023-05-12T130759.017665.snakemake.log
